\BOOKMARK [1][-]{section.2}{1. Introduction}{}% 1
\BOOKMARK [2][-]{subsection.3}{1.1. Local topological field theory}{section.2}% 2
\BOOKMARK [2][-]{subsection.4}{1.2. Three-dimensional topology and three-dimensional algebra}{section.2}% 3
\BOOKMARK [2][-]{subsection.7}{1.3. Results}{section.2}% 4
\BOOKMARK [2][-]{subsection.25}{1.4. Outlook}{section.2}% 5
\BOOKMARK [2][-]{subsection.29}{1.5. Overview}{section.2}% 6
\BOOKMARK [2][-]{section*.30}{Acknowledgments}{section.2}% 7
\BOOKMARK [1][-]{section.31}{2. The algebra of 3-framed bordisms}{}% 8
\BOOKMARK [2][-]{subsection.32}{2.1. n-framed manifolds and n-framed bordisms}{section.31}% 9
\BOOKMARK [2][-]{subsection.44}{2.2. Duality in the 2-framed bordism category}{section.31}% 10
\BOOKMARK [2][-]{subsection.48}{2.3. The Serre bordism and the Serre automorphism}{section.31}% 11
\BOOKMARK [2][-]{subsection.53}{2.4. The Radford bordism and the Radford equivalence}{section.31}% 12
\BOOKMARK [1][-]{section.63}{3. Tensor categories}{}% 13
\BOOKMARK [2][-]{subsection.64}{3.1. Conventions for duality}{section.63}% 14
\BOOKMARK [2][-]{subsection.70}{3.2. Tensor categories, bimodule categories, and the Deligne tensor product}{section.63}% 15
\BOOKMARK [2][-]{subsection.99}{3.3. Exact module categories}{section.63}% 16
\BOOKMARK [2][-]{subsection.118}{3.4. Dual and functor bimodule categories}{section.63}% 17
\BOOKMARK [2][-]{subsection.139}{3.5. Separable module categories and separable tensor categories}{section.63}% 18
\BOOKMARK [2][-]{subsection.159}{3.6. Separability and global dimension}{section.63}% 19
\BOOKMARK [1][-]{section.176}{4. Dualizability}{}% 20
\BOOKMARK [2][-]{subsection.177}{4.1. Duals of tensor categories and invariants of 1-framed bordisms}{section.176}% 21
\BOOKMARK [2][-]{subsection.190}{4.2. Adjoints of bimodule categories and invariants of 2-framed bordisms}{section.176}% 22
\BOOKMARK [2][-]{subsection.203}{4.3. The Radford adjoints and the quadruple dual}{section.176}% 23
\BOOKMARK [2][-]{subsection.214}{4.4. Adjoints of bimodule functors: separable tensor categories are fully dualizable}{section.176}% 24
\BOOKMARK [2][-]{subsection.227}{4.5. Spherical structures and structured field theories}{section.176}% 25
\BOOKMARK [1][-]{appendix.244}{Appendix A. The cobordism hypothesis}{}% 26
\BOOKMARK [1][-]{section*.252}{References}{}% 27
