\BOOKMARK [1][-]{section.1}{1. Introduction}{}
\BOOKMARK [2][-]{subsection.1.1}{1.1. Background and motivation}{section.1}
\BOOKMARK [2][-]{subsection.1.2}{1.2. Results}{section.1}
\BOOKMARK [1][-]{section.2}{2. Tensor categories}{}
\BOOKMARK [2][-]{subsection.2.1}{2.1. Linear categories}{section.2}
\BOOKMARK [2][-]{subsection.2.2}{2.2. Tensor products and colimits of linear categories}{section.2}
\BOOKMARK [2][-]{subsection.2.3}{2.3. Tensor category bimodules and bimodule composition}{section.2}
\BOOKMARK [2][-]{subsection.2.4}{2.4. The 3-category of tensor categories.}{section.2}
\BOOKMARK [1][-]{section.3}{3. Dualizability and fusion categories}{}
\BOOKMARK [2][-]{subsection.3.1}{3.1. Dualizability in 3-categories}{section.3}
\BOOKMARK [2][-]{subsection.3.2}{3.2. Fusion categories}{section.3}
\BOOKMARK [2][-]{subsection.3.3}{3.3. Fusion categories are dualizable}{section.3}
\BOOKMARK [2][-]{subsection.3.4}{3.4. Dualizable tensor categories are fusion}{section.3}
\BOOKMARK [1][-]{section.4}{4. The Serre automorphism of a fusion category}{}
\BOOKMARK [2][-]{subsection.4.1}{4.1. The double dual is the Serre automorphism}{section.4}
\BOOKMARK [2][-]{subsection.4.2}{4.2. The quadruple dual is trivial}{section.4}
\BOOKMARK [1][-]{section.5}{5. Pivotality as a descent condition}{}
\BOOKMARK [2][-]{subsection.5.1}{5.1. Structure groups of 3-manifolds}{section.5}
\BOOKMARK [2][-]{subsection.5.2}{5.2. Fusion category TFTs are string}{section.5}
\BOOKMARK [2][-]{subsection.5.3}{5.3. Pivotal fusion category TFTs are orpo}{section.5}
\BOOKMARK [2][-]{subsection.5.4}{5.4. Structure groups of fusion category TFTs.}{section.5}
