This is pdfTeX, Version 3.1415926-2.4-1.40.13 (TeX Live 2012) (format=pdflatex 2012.6.30)  24 OCT 2016 19:39
entering extended mode
 \write18 enabled.
 %&-line parsing enabled.
**\def\tikzexternalrealjob{DTCI-memo}\input{DTCI-memo}
(./DTCI-memo.tex (./memo-l.cls
Document Class: memo-l 2014/05/27 v3.23 MEMO Author Class
(/usr/local/texlive/2012/texmf-dist/tex/latex/amscls/amsbook.cls
Document Class: amsbook 2009/07/02 v2.20.1
\linespacing=\dimen102
\normalparindent=\dimen103
\normaltopskip=\skip41
(/usr/local/texlive/2012/texmf-dist/tex/latex/amsmath/amsmath.sty
Package: amsmath 2000/07/18 v2.13 AMS math features
\@mathmargin=\skip42
For additional information on amsmath, use the `?' option.
(/usr/local/texlive/2012/texmf-dist/tex/latex/amsmath/amstext.sty
Package: amstext 2000/06/29 v2.01
(/usr/local/texlive/2012/texmf-dist/tex/latex/amsmath/amsgen.sty
File: amsgen.sty 1999/11/30 v2.0
\@emptytoks=\toks14
\ex@=\dimen104
)) (/usr/local/texlive/2012/texmf-dist/tex/latex/amsmath/amsbsy.sty
Package: amsbsy 1999/11/29 v1.2d
\pmbraise@=\dimen105
) (/usr/local/texlive/2012/texmf-dist/tex/latex/amsmath/amsopn.sty
Package: amsopn 1999/12/14 v2.01 operator names
)
\inf@bad=\count79
LaTeX Info: Redefining \frac on input line 211.
\uproot@=\count80
\leftroot@=\count81
LaTeX Info: Redefining \overline on input line 307.
\classnum@=\count82
\DOTSCASE@=\count83
LaTeX Info: Redefining \ldots on input line 379.
LaTeX Info: Redefining \dots on input line 382.
LaTeX Info: Redefining \cdots on input line 467.
\Mathstrutbox@=\box26
\strutbox@=\box27
\big@size=\dimen106
LaTeX Font Info:    Redeclaring font encoding OML on input line 567.
LaTeX Font Info:    Redeclaring font encoding OMS on input line 568.
\macc@depth=\count84
\c@MaxMatrixCols=\count85
\dotsspace@=\muskip10
\c@parentequation=\count86
\dspbrk@lvl=\count87
\tag@help=\toks15
\row@=\count88
\column@=\count89
\maxfields@=\count90
\andhelp@=\toks16
\eqnshift@=\dimen107
\alignsep@=\dimen108
\tagshift@=\dimen109
\tagwidth@=\dimen110
\totwidth@=\dimen111
\lineht@=\dimen112
\@envbody=\toks17
\multlinegap=\skip43
\multlinetaggap=\skip44
\mathdisplay@stack=\toks18
LaTeX Info: Redefining \[ on input line 2666.
LaTeX Info: Redefining \] on input line 2667.
)
LaTeX Font Info:    Try loading font information for U+msa on input line 367.
(/usr/local/texlive/2012/texmf-dist/tex/latex/amsfonts/umsa.fd
File: umsa.fd 2009/06/22 v3.00 AMS symbols A
) (/usr/local/texlive/2012/texmf-dist/tex/latex/amsfonts/amsfonts.sty
Package: amsfonts 2009/06/22 v3.00 Basic AMSFonts support
\symAMSa=\mathgroup4
\symAMSb=\mathgroup5
LaTeX Font Info:    Overwriting math alphabet `\mathfrak' in version `bold'
(Font)                  U/euf/m/n --> U/euf/b/n on input line 96.
)
\copyins=\insert233
\abstractbox=\box28
\listisep=\skip45
\c@part=\count91
\c@chapter=\count92
\c@section=\count93
\c@subsection=\count94
\c@subsubsection=\count95
\c@paragraph=\count96
\c@subparagraph=\count97
\c@figure=\count98
\c@table=\count99
\abovecaptionskip=\skip46
\belowcaptionskip=\skip47
\captionindent=\dimen113
\thm@style=\toks19
\thm@bodyfont=\toks20
\thm@headfont=\toks21
\thm@notefont=\toks22
\thm@headpunct=\toks23
\thm@preskip=\skip48
\thm@postskip=\skip49
\thm@headsep=\skip50
\dth@everypar=\toks24
))
\@input{DTC-Preamble.aux}
\openout2 = `DTC-Preamble.aux'.

(./DTC-Preamble.tex (/usr/local/texlive/2012/texmf-dist/tex/latex/amsfonts/amss
ymb.sty
Package: amssymb 2009/06/22 v3.00
) (/usr/local/texlive/2012/texmf-dist/tex/generic/xypic/xy.sty (/usr/local/texl
ive/2012/texmf-dist/tex/generic/xypic/xy.tex Bootstrap'ing: catcodes, docmode, 
(/usr/local/texlive/2012/texmf-dist/tex/generic/xypic/xyrecat.tex) (/usr/local/
texlive/2012/texmf-dist/tex/generic/xypic/xyidioms.tex)

 Xy-pic version 3.8.8 <2012/05/24>
 Copyright (c) 1991-2011 by Kristoffer H. Rose <krisrose@tug.org>
 Xy-pic is free software: see the User's Guide for details.

Loading kernel: messages; fonts; allocations: state,
\X@c=\dimen114
\Y@c=\dimen115
\U@c=\dimen116
\D@c=\dimen117
\L@c=\dimen118
\R@c=\dimen119
\Edge@c=\toks25
\X@p=\dimen120
\Y@p=\dimen121
\U@p=\dimen122
\D@p=\dimen123
\L@p=\dimen124
\R@p=\dimen125
\Edge@p=\toks26
\X@origin=\dimen126
\Y@origin=\dimen127
\X@xbase=\dimen128
\Y@xbase=\dimen129
\X@ybase=\dimen130
\Y@ybase=\dimen131
\X@min=\dimen132
\Y@min=\dimen133
\X@max=\dimen134
\Y@max=\dimen135
\lastobjectbox@=\box29
\zerodotbox@=\box30
\almostz@=\dimen136
direction,
\d@X=\dimen137
\d@Y=\dimen138
\K@=\count100
\KK@=\count101
\Direction=\count102
\K@dXdY=\dimen139
\K@dYdX=\dimen140
\xyread@=\read1
\xywrite@=\write3
\csp@=\count103
\quotPTK@=\dimen141
utility macros; pictures: \xy, positions,
\swaptoks@@=\toks27
\connectobjectbox@@=\box31
objects,
\styletoks@=\toks28
decorations; kernel objects: directionals, circles, text; options; algorithms: 
directions, edges, connections;  Xy-pic loaded) (/usr/local/texlive/2012/texmf-
dist/tex/generic/oberdiek/ifpdf.sty
Package: ifpdf 2011/01/30 v2.3 Provides the ifpdf switch (HO)
Package ifpdf Info: pdfTeX in PDF mode is detected.
)
Package: xy 2012/05/24 Xy-pic version 3.8.8
(/usr/local/texlive/2012/texmf-dist/tex/generic/xypic/xyall.tex  Xy-pic option:
 All features v.3.8 (/usr/local/texlive/2012/texmf-dist/tex/generic/xypic/xycur
ve.tex  Xy-pic option: Curve and Spline extension v.3.12 curve,
\crv@cnt@=\count104
\crvpts@=\toks29
\splinebox@=\box32
\splineval@=\dimen142
\splinedepth@=\dimen143
\splinetol@=\dimen144
\splinelength@=\dimen145
circles,
\L@=\dimen146
loaded) (/usr/local/texlive/2012/texmf-dist/tex/generic/xypic/xyframe.tex  Xy-p
ic option: Frame and Bracket extension v.3.14 loaded) (/usr/local/texlive/2012/
texmf-dist/tex/generic/xypic/xycmtip.tex  Xy-pic option: Computer Modern tip ex
tension v.3.7 (/usr/local/texlive/2012/texmf-dist/tex/generic/xypic/xytips.tex 
 Xy-pic option: More Tips extension v.3.9 loaded) loaded) (/usr/local/texlive/2
012/texmf-dist/tex/generic/xypic/xyline.tex  Xy-pic option: Line styles extensi
on v.3.10
\xylinethick@=\dimen147
loaded) (/usr/local/texlive/2012/texmf-dist/tex/generic/xypic/xyrotate.tex  Xy-
pic option: Rotate and Scale extension v.3.8 loaded) (/usr/local/texlive/2012/t
exmf-dist/tex/generic/xypic/xycolor.tex  Xy-pic option: Colour extension v.3.11
loaded) (/usr/local/texlive/2012/texmf-dist/tex/generic/xypic/xymatrix.tex  Xy-
pic option: Matrix feature v.3.14
\Row=\count105
\Col=\count106
\queue@=\toks30
\queue@@=\toks31
\qcount@=\count107
\qcount@@=\count108
\matrixsize@=\count109
loaded) (/usr/local/texlive/2012/texmf-dist/tex/generic/xypic/xyarrow.tex  Xy-p
ic option: Arrow and Path feature v.3.9 path, \ar, loaded) (/usr/local/texlive/
2012/texmf-dist/tex/generic/xypic/xygraph.tex  Xy-pic option: Graph feature v.3
.11 loaded) loaded) (/usr/local/texlive/2012/texmf-dist/tex/generic/xypic/xypdf
.tex  Xy-pic option: PDF driver v.1.7 Xy-pic pdf driver: `color' extension supp
ort (/usr/local/texlive/2012/texmf-dist/tex/generic/xypic/xypdf-co.tex loaded) 
Xy-pic pdf driver: `curve' extension support (/usr/local/texlive/2012/texmf-dis
t/tex/generic/xypic/xypdf-cu.tex loaded) Xy-pic pdf driver: `frame' extension s
upport (/usr/local/texlive/2012/texmf-dist/tex/generic/xypic/xypdf-fr.tex loade
d) Xy-pic pdf driver: `line' extension support (/usr/local/texlive/2012/texmf-d
ist/tex/generic/xypic/xypdf-li.tex loaded) Xy-pic pdf driver: `rotate' extensio
n support (/usr/local/texlive/2012/texmf-dist/tex/generic/xypic/xypdf-ro.tex lo
aded) loaded)) (/usr/local/texlive/2012/texmf-dist/tex/latex/tools/xspace.sty
Package: xspace 2009/10/20 v1.13 Space after command names (DPC,MH)
) (/usr/local/texlive/2012/texmf-dist/tex/latex/tools/calc.sty
Package: calc 2007/08/22 v4.3 Infix arithmetic (KKT,FJ)
\calc@Acount=\count110
\calc@Bcount=\count111
\calc@Adimen=\dimen148
\calc@Bdimen=\dimen149
\calc@Askip=\skip51
\calc@Bskip=\skip52
LaTeX Info: Redefining \setlength on input line 76.
LaTeX Info: Redefining \addtolength on input line 77.
\calc@Ccount=\count112
\calc@Cskip=\skip53
) (/usr/local/texlive/2012/texmf-dist/tex/latex/comment/comment.sty
\CommentStream=\write4
Excluding comment 'comment') (/usr/local/texlive/2012/texmf-dist/tex/latex/pgfp
lots/pgfplots.sty (/usr/local/texlive/2012/texmf-dist/tex/generic/pgfplots/pgfp
lots.revision.tex)
Package: pgfplots 2011/12/29 v1.5.1 (git show 1.5.1-4-g53e640f )
(/usr/local/texlive/2012/texmf-dist/tex/latex/pgf/frontendlayer/tikz.sty (/usr/
local/texlive/2012/texmf-dist/tex/latex/pgf/basiclayer/pgf.sty (/usr/local/texl
ive/2012/texmf-dist/tex/latex/pgf/utilities/pgfrcs.sty
(/usr/local/texlive/2012/texmf-dist/tex/generic/pgf/utilities/pgfutil-common.te
x
\pgfutil@everybye=\toks32
)
(/usr/local/texlive/2012/texmf-dist/tex/generic/pgf/utilities/pgfutil-latex.def
\pgfutil@abb=\box33
(/usr/local/texlive/2012/texmf-dist/tex/latex/ms/everyshi.sty
Package: everyshi 2001/05/15 v3.00 EveryShipout Package (MS)
)) (/usr/local/texlive/2012/texmf-dist/tex/generic/pgf/utilities/pgfrcs.code.te
x
Package: pgfrcs 2010/10/25 v2.10 (rcs-revision 1.24)
))
Package: pgf 2008/01/15 v2.10 (rcs-revision 1.12)
(/usr/local/texlive/2012/texmf-dist/tex/latex/pgf/basiclayer/pgfcore.sty (/usr/
local/texlive/2012/texmf-dist/tex/latex/graphics/graphicx.sty
Package: graphicx 1999/02/16 v1.0f Enhanced LaTeX Graphics (DPC,SPQR)
(/usr/local/texlive/2012/texmf-dist/tex/latex/graphics/keyval.sty
Package: keyval 1999/03/16 v1.13 key=value parser (DPC)
\KV@toks@=\toks33
) (/usr/local/texlive/2012/texmf-dist/tex/latex/graphics/graphics.sty
Package: graphics 2009/02/05 v1.0o Standard LaTeX Graphics (DPC,SPQR)
(/usr/local/texlive/2012/texmf-dist/tex/latex/graphics/trig.sty
Package: trig 1999/03/16 v1.09 sin cos tan (DPC)
) (/usr/local/texlive/2012/texmf-dist/tex/latex/latexconfig/graphics.cfg
File: graphics.cfg 2010/04/23 v1.9 graphics configuration of TeX Live
)
Package graphics Info: Driver file: pdftex.def on input line 91.
(/usr/local/texlive/2012/texmf-dist/tex/latex/pdftex-def/pdftex.def
File: pdftex.def 2011/05/27 v0.06d Graphics/color for pdfTeX
(/usr/local/texlive/2012/texmf-dist/tex/generic/oberdiek/infwarerr.sty
Package: infwarerr 2010/04/08 v1.3 Providing info/warning/error messages (HO)
) (/usr/local/texlive/2012/texmf-dist/tex/generic/oberdiek/ltxcmds.sty
Package: ltxcmds 2011/11/09 v1.22 LaTeX kernel commands for general use (HO)
)
\Gread@gobject=\count113
))
\Gin@req@height=\dimen150
\Gin@req@width=\dimen151
) (/usr/local/texlive/2012/texmf-dist/tex/latex/pgf/systemlayer/pgfsys.sty
(/usr/local/texlive/2012/texmf-dist/tex/generic/pgf/systemlayer/pgfsys.code.tex
Package: pgfsys 2010/06/30 v2.10 (rcs-revision 1.37)
(/usr/local/texlive/2012/texmf-dist/tex/generic/pgf/utilities/pgfkeys.code.tex
\pgfkeys@pathtoks=\toks34
\pgfkeys@temptoks=\toks35

(/usr/local/texlive/2012/texmf-dist/tex/generic/pgf/utilities/pgfkeysfiltered.c
ode.tex
\pgfkeys@tmptoks=\toks36
))
\pgf@x=\dimen152
\pgf@y=\dimen153
\pgf@xa=\dimen154
\pgf@ya=\dimen155
\pgf@xb=\dimen156
\pgf@yb=\dimen157
\pgf@xc=\dimen158
\pgf@yc=\dimen159
\w@pgf@writea=\write5
\r@pgf@reada=\read2
\c@pgf@counta=\count114
\c@pgf@countb=\count115
\c@pgf@countc=\count116
\c@pgf@countd=\count117
(/usr/local/texlive/2012/texmf-dist/tex/generic/pgf/systemlayer/pgf.cfg
File: pgf.cfg 2008/05/14  (rcs-revision 1.7)
)
Package pgfsys Info: Driver file for pgf: pgfsys-pdftex.def on input line 900.

(/usr/local/texlive/2012/texmf-dist/tex/generic/pgf/systemlayer/pgfsys-pdftex.d
ef
File: pgfsys-pdftex.def 2009/05/22  (rcs-revision 1.26)

(/usr/local/texlive/2012/texmf-dist/tex/generic/pgf/systemlayer/pgfsys-common-p
df.def
File: pgfsys-common-pdf.def 2008/05/19  (rcs-revision 1.10)
)))
(/usr/local/texlive/2012/texmf-dist/tex/generic/pgf/systemlayer/pgfsyssoftpath.
code.tex
File: pgfsyssoftpath.code.tex 2008/07/18  (rcs-revision 1.7)
\pgfsyssoftpath@smallbuffer@items=\count118
\pgfsyssoftpath@bigbuffer@items=\count119
)
(/usr/local/texlive/2012/texmf-dist/tex/generic/pgf/systemlayer/pgfsysprotocol.
code.tex
File: pgfsysprotocol.code.tex 2006/10/16  (rcs-revision 1.4)
)) (/usr/local/texlive/2012/texmf-dist/tex/latex/xcolor/xcolor.sty
Package: xcolor 2007/01/21 v2.11 LaTeX color extensions (UK)
(/usr/local/texlive/2012/texmf-dist/tex/latex/latexconfig/color.cfg
File: color.cfg 2007/01/18 v1.5 color configuration of teTeX/TeXLive
)
Package xcolor Info: Driver file: pdftex.def on input line 225.
Package xcolor Info: Model `cmy' substituted by `cmy0' on input line 1337.
Package xcolor Info: Model `hsb' substituted by `rgb' on input line 1341.
Package xcolor Info: Model `RGB' extended on input line 1353.
Package xcolor Info: Model `HTML' substituted by `rgb' on input line 1355.
Package xcolor Info: Model `Hsb' substituted by `hsb' on input line 1356.
Package xcolor Info: Model `tHsb' substituted by `hsb' on input line 1357.
Package xcolor Info: Model `HSB' substituted by `hsb' on input line 1358.
Package xcolor Info: Model `Gray' substituted by `gray' on input line 1359.
Package xcolor Info: Model `wave' substituted by `hsb' on input line 1360.
)
(/usr/local/texlive/2012/texmf-dist/tex/generic/pgf/basiclayer/pgfcore.code.tex
Package: pgfcore 2010/04/11 v2.10 (rcs-revision 1.7)
(/usr/local/texlive/2012/texmf-dist/tex/generic/pgf/math/pgfmath.code.tex (/usr
/local/texlive/2012/texmf-dist/tex/generic/pgf/math/pgfmathcalc.code.tex (/usr/
local/texlive/2012/texmf-dist/tex/generic/pgf/math/pgfmathutil.code.tex)
(/usr/local/texlive/2012/texmf-dist/tex/generic/pgf/math/pgfmathparser.code.tex
\pgfmath@dimen=\dimen160
\pgfmath@count=\count120
\pgfmath@box=\box34
\pgfmath@toks=\toks37
\pgfmath@stack@operand=\toks38
\pgfmath@stack@operation=\toks39
)
(/usr/local/texlive/2012/texmf-dist/tex/generic/pgf/math/pgfmathfunctions.code.
tex
(/usr/local/texlive/2012/texmf-dist/tex/generic/pgf/math/pgfmathfunctions.basic
.code.tex)
(/usr/local/texlive/2012/texmf-dist/tex/generic/pgf/math/pgfmathfunctions.trigo
nometric.code.tex)
(/usr/local/texlive/2012/texmf-dist/tex/generic/pgf/math/pgfmathfunctions.rando
m.code.tex)
(/usr/local/texlive/2012/texmf-dist/tex/generic/pgf/math/pgfmathfunctions.compa
rison.code.tex)
(/usr/local/texlive/2012/texmf-dist/tex/generic/pgf/math/pgfmathfunctions.base.
code.tex)
(/usr/local/texlive/2012/texmf-dist/tex/generic/pgf/math/pgfmathfunctions.round
.code.tex)
(/usr/local/texlive/2012/texmf-dist/tex/generic/pgf/math/pgfmathfunctions.misc.
code.tex))) (/usr/local/texlive/2012/texmf-dist/tex/generic/pgf/math/pgfmathflo
at.code.tex
\c@pgfmathroundto@lastzeros=\count121
))
(/usr/local/texlive/2012/texmf-dist/tex/generic/pgf/basiclayer/pgfcorepoints.co
de.tex
File: pgfcorepoints.code.tex 2010/04/09  (rcs-revision 1.20)
\pgf@picminx=\dimen161
\pgf@picmaxx=\dimen162
\pgf@picminy=\dimen163
\pgf@picmaxy=\dimen164
\pgf@pathminx=\dimen165
\pgf@pathmaxx=\dimen166
\pgf@pathminy=\dimen167
\pgf@pathmaxy=\dimen168
\pgf@xx=\dimen169
\pgf@xy=\dimen170
\pgf@yx=\dimen171
\pgf@yy=\dimen172
\pgf@zx=\dimen173
\pgf@zy=\dimen174
)
(/usr/local/texlive/2012/texmf-dist/tex/generic/pgf/basiclayer/pgfcorepathconst
ruct.code.tex
File: pgfcorepathconstruct.code.tex 2010/08/03  (rcs-revision 1.24)
\pgf@path@lastx=\dimen175
\pgf@path@lasty=\dimen176
)
(/usr/local/texlive/2012/texmf-dist/tex/generic/pgf/basiclayer/pgfcorepathusage
.code.tex
File: pgfcorepathusage.code.tex 2008/04/22  (rcs-revision 1.12)
\pgf@shorten@end@additional=\dimen177
\pgf@shorten@start@additional=\dimen178
)
(/usr/local/texlive/2012/texmf-dist/tex/generic/pgf/basiclayer/pgfcorescopes.co
de.tex
File: pgfcorescopes.code.tex 2010/09/08  (rcs-revision 1.34)
\pgfpic=\box35
\pgf@hbox=\box36
\pgf@layerbox@main=\box37
\pgf@picture@serial@count=\count122
)
(/usr/local/texlive/2012/texmf-dist/tex/generic/pgf/basiclayer/pgfcoregraphicst
ate.code.tex
File: pgfcoregraphicstate.code.tex 2008/04/22  (rcs-revision 1.9)
\pgflinewidth=\dimen179
)
(/usr/local/texlive/2012/texmf-dist/tex/generic/pgf/basiclayer/pgfcoretransform
ations.code.tex
File: pgfcoretransformations.code.tex 2009/06/10  (rcs-revision 1.11)
\pgf@pt@x=\dimen180
\pgf@pt@y=\dimen181
\pgf@pt@temp=\dimen182
)
(/usr/local/texlive/2012/texmf-dist/tex/generic/pgf/basiclayer/pgfcorequick.cod
e.tex
File: pgfcorequick.code.tex 2008/10/09  (rcs-revision 1.3)
)
(/usr/local/texlive/2012/texmf-dist/tex/generic/pgf/basiclayer/pgfcoreobjects.c
ode.tex
File: pgfcoreobjects.code.tex 2006/10/11  (rcs-revision 1.2)
)
(/usr/local/texlive/2012/texmf-dist/tex/generic/pgf/basiclayer/pgfcorepathproce
ssing.code.tex
File: pgfcorepathprocessing.code.tex 2008/10/09  (rcs-revision 1.8)
)
(/usr/local/texlive/2012/texmf-dist/tex/generic/pgf/basiclayer/pgfcorearrows.co
de.tex
File: pgfcorearrows.code.tex 2008/04/23  (rcs-revision 1.11)
)
(/usr/local/texlive/2012/texmf-dist/tex/generic/pgf/basiclayer/pgfcoreshade.cod
e.tex
File: pgfcoreshade.code.tex 2008/11/23  (rcs-revision 1.13)
\pgf@max=\dimen183
\pgf@sys@shading@range@num=\count123
)
(/usr/local/texlive/2012/texmf-dist/tex/generic/pgf/basiclayer/pgfcoreimage.cod
e.tex
File: pgfcoreimage.code.tex 2010/03/25  (rcs-revision 1.16)

(/usr/local/texlive/2012/texmf-dist/tex/generic/pgf/basiclayer/pgfcoreexternal.
code.tex
File: pgfcoreexternal.code.tex 2010/09/01  (rcs-revision 1.17)
\pgfexternal@startupbox=\box38
))
(/usr/local/texlive/2012/texmf-dist/tex/generic/pgf/basiclayer/pgfcorelayers.co
de.tex
File: pgfcorelayers.code.tex 2010/08/27  (rcs-revision 1.2)
)
(/usr/local/texlive/2012/texmf-dist/tex/generic/pgf/basiclayer/pgfcoretranspare
ncy.code.tex
File: pgfcoretransparency.code.tex 2008/01/17  (rcs-revision 1.2)
)
(/usr/local/texlive/2012/texmf-dist/tex/generic/pgf/basiclayer/pgfcorepatterns.
code.tex
File: pgfcorepatterns.code.tex 2009/07/02  (rcs-revision 1.3)
)))
(/usr/local/texlive/2012/texmf-dist/tex/generic/pgf/modules/pgfmoduleshapes.cod
e.tex
File: pgfmoduleshapes.code.tex 2010/09/09  (rcs-revision 1.13)
\pgfnodeparttextbox=\box39
)
(/usr/local/texlive/2012/texmf-dist/tex/generic/pgf/modules/pgfmoduleplot.code.
tex
File: pgfmoduleplot.code.tex 2010/10/22  (rcs-revision 1.8)
)
(/usr/local/texlive/2012/texmf-dist/tex/latex/pgf/compatibility/pgfcomp-version
-0-65.sty
Package: pgfcomp-version-0-65 2007/07/03 v2.10 (rcs-revision 1.7)
\pgf@nodesepstart=\dimen184
\pgf@nodesepend=\dimen185
)
(/usr/local/texlive/2012/texmf-dist/tex/latex/pgf/compatibility/pgfcomp-version
-1-18.sty
Package: pgfcomp-version-1-18 2007/07/23 v2.10 (rcs-revision 1.1)
)) (/usr/local/texlive/2012/texmf-dist/tex/latex/pgf/utilities/pgffor.sty (/usr
/local/texlive/2012/texmf-dist/tex/latex/pgf/utilities/pgfkeys.sty (/usr/local/
texlive/2012/texmf-dist/tex/generic/pgf/utilities/pgfkeys.code.tex)) (/usr/loca
l/texlive/2012/texmf-dist/tex/generic/pgf/utilities/pgffor.code.tex
Package: pgffor 2010/03/23 v2.10 (rcs-revision 1.18)
\pgffor@iter=\dimen186
\pgffor@skip=\dimen187
\pgffor@stack=\toks40
\pgffor@toks=\toks41
))
(/usr/local/texlive/2012/texmf-dist/tex/generic/pgf/frontendlayer/tikz/tikz.cod
e.tex
Package: tikz 2010/10/13 v2.10 (rcs-revision 1.76)

(/usr/local/texlive/2012/texmf-dist/tex/generic/pgf/libraries/pgflibraryplothan
dlers.code.tex
File: pgflibraryplothandlers.code.tex 2010/05/31 v2.10 (rcs-revision 1.15)
\pgf@plot@mark@count=\count124
\pgfplotmarksize=\dimen188
)
\tikz@lastx=\dimen189
\tikz@lasty=\dimen190
\tikz@lastxsaved=\dimen191
\tikz@lastysaved=\dimen192
\tikzleveldistance=\dimen193
\tikzsiblingdistance=\dimen194
\tikz@figbox=\box40
\tikz@tempbox=\box41
\tikztreelevel=\count125
\tikznumberofchildren=\count126
\tikznumberofcurrentchild=\count127
\tikz@fig@count=\count128

(/usr/local/texlive/2012/texmf-dist/tex/generic/pgf/modules/pgfmodulematrix.cod
e.tex
File: pgfmodulematrix.code.tex 2010/08/24  (rcs-revision 1.4)
\pgfmatrixcurrentrow=\count129
\pgfmatrixcurrentcolumn=\count130
\pgf@matrix@numberofcolumns=\count131
)
\tikz@expandcount=\count132

(/usr/local/texlive/2012/texmf-dist/tex/generic/pgf/frontendlayer/tikz/librarie
s/tikzlibrarytopaths.code.tex
File: tikzlibrarytopaths.code.tex 2008/06/17 v2.10 (rcs-revision 1.2)
))) (/usr/local/texlive/2012/texmf-dist/tex/generic/pgfplots/pgfplots.code.tex 
(/usr/local/texlive/2012/texmf-dist/tex/generic/pgfplots/pgfplotscore.code.tex
\t@pgfplots@toka=\toks42
\t@pgfplots@tokb=\toks43
\t@pgfplots@tokc=\toks44
\pgfplots@tmpa=\dimen195
\c@pgfplots@coordindex=\count133
\c@pgfplots@scanlineindex=\count134

(/usr/local/texlive/2012/texmf-dist/tex/generic/pgfplots/sys/pgfplotssysgeneric
.code.tex))
(/usr/local/texlive/2012/texmf-dist/tex/generic/pgfplots/libs/pgfplotslibrary.c
ode.tex)
(/usr/local/texlive/2012/texmf-dist/tex/generic/pgfplots/oldpgfcompatib/pgfplot
soldpgfsupp_loader.code.tex
Package pgfplots: loading complementary code for your PGF version...

(/usr/local/texlive/2012/texmf-dist/tex/generic/pgfplots/oldpgfcompatib/pgfplot
soldpgfsupp_misc.code.tex)
(/usr/local/texlive/2012/texmf-dist/tex/generic/pgfplots/oldpgfcompatib/pgfplot
soldpgfsupp_pgfkeys.code.tex
\pgfkeys@pathtoks=\toks45
\pgfkeys@temptoks=\toks46

(/usr/local/texlive/2012/texmf-dist/tex/generic/pgfplots/oldpgfcompatib/pgfplot
soldpgfsupp_pgfkeysfiltered.code.tex
\pgfkeys@tmptoks=\toks47
))
(/usr/local/texlive/2012/texmf-dist/tex/generic/pgfplots/oldpgfcompatib/pgfplot
soldpgfsupp_pgfmathfloat.code.tex
\c@pgfmathroundto@lastzeros=\count135
)
(/usr/local/texlive/2012/texmf-dist/tex/generic/pgfplots/oldpgfcompatib/pgfplot
soldpgfsupp_pgflibraryplothandlers.code.tex
File: pgflibraryplothandlers.code.tex 2011/12/28 v2.10 (rcs-revision 1.16)
\pgf@plot@mark@count=\count136
\pgfplotmarksize=\dimen196
)
(/usr/local/texlive/2012/texmf-dist/tex/generic/pgfplots/oldpgfcompatib/pgfplot
soldpgfsupp_pgflibraryfpu.code.tex))
(/usr/local/texlive/2012/texmf-dist/tex/generic/pgfplots/util/pgfplotsutil.code
.tex
(/usr/local/texlive/2012/texmf-dist/tex/generic/pgfplots/liststructure/pgfplots
liststructure.code.tex)
(/usr/local/texlive/2012/texmf-dist/tex/generic/pgfplots/liststructure/pgfplots
liststructureext.code.tex)
(/usr/local/texlive/2012/texmf-dist/tex/generic/pgfplots/liststructure/pgfplots
array.code.tex
\c@pgfplotsarray@tmp=\count137
)
(/usr/local/texlive/2012/texmf-dist/tex/generic/pgfplots/liststructure/pgfplots
matrix.code.tex)
(/usr/local/texlive/2012/texmf-dist/tex/generic/pgfplots/numtable/pgfplotstable
shared.code.tex
\c@pgfplotstable@counta=\count138
\t@pgfplotstable@a=\toks48
)
(/usr/local/texlive/2012/texmf-dist/tex/generic/pgfplots/liststructure/pgfplots
deque.code.tex)
(/usr/local/texlive/2012/texmf-dist/tex/generic/pgfplots/util/pgfplotsbinary.co
de.tex)
(/usr/local/texlive/2012/texmf-dist/tex/generic/pgfplots/util/pgfplotsutil.verb
.code.tex)
(/usr/local/texlive/2012/texmf-dist/tex/generic/pgfplots/libs/pgflibrarypgfplot
s.surfshading.code.tex
\c@pgfplotslibrarysurf@no=\count139

(/usr/local/texlive/2012/texmf-dist/tex/generic/pgfplots/sys/pgflibrarypgfplots
.surfshading.pgfsys-pdftex.def)))
(/usr/local/texlive/2012/texmf-dist/tex/generic/pgfplots/util/pgfplotscolormap.
code.tex)
(/usr/local/texlive/2012/texmf-dist/tex/generic/pgfplots/pgfplotsstackedplots.c
ode.tex)
(/usr/local/texlive/2012/texmf-dist/tex/generic/pgfplots/pgfplotsplothandlers.c
ode.tex
(/usr/local/texlive/2012/texmf-dist/tex/generic/pgfplots/pgfplotsmeshplothandle
r.code.tex))
(/usr/local/texlive/2012/texmf-dist/tex/generic/pgfplots/pgfplotscoordprocessin
g.code.tex)
(/usr/local/texlive/2012/texmf-dist/tex/generic/pgfplots/pgfplotsticks.code.tex
)
(/usr/local/texlive/2012/texmf-dist/tex/generic/pgfplots/pgfplots.paths.code.te
x)
(/usr/local/texlive/2012/texmf-dist/tex/generic/pgf/frontendlayer/tikz/librarie
s/tikzlibrarydecorations.code.tex
(/usr/local/texlive/2012/texmf-dist/tex/generic/pgf/modules/pgfmoduledecoration
s.code.tex
\pgfdecoratedcompleteddistance=\dimen197
\pgfdecoratedremainingdistance=\dimen198
\pgfdecoratedinputsegmentcompleteddistance=\dimen199
\pgfdecoratedinputsegmentremainingdistance=\dimen200
\pgf@decorate@distancetomove=\dimen201
\pgf@decorate@repeatstate=\count140
\pgfdecorationsegmentamplitude=\dimen202
\pgfdecorationsegmentlength=\dimen203
)
\tikz@lib@dec@box=\box42
)
(/usr/local/texlive/2012/texmf-dist/tex/generic/pgf/frontendlayer/tikz/librarie
s/tikzlibrarydecorations.pathmorphing.code.tex
(/usr/local/texlive/2012/texmf-dist/tex/generic/pgf/libraries/decorations/pgfli
brarydecorations.pathmorphing.code.tex))
(/usr/local/texlive/2012/texmf-dist/tex/generic/pgf/frontendlayer/tikz/librarie
s/tikzlibrarydecorations.pathreplacing.code.tex
(/usr/local/texlive/2012/texmf-dist/tex/generic/pgf/libraries/decorations/pgfli
brarydecorations.pathreplacing.code.tex))
\pgfplots@numplots=\count141
\pgfplots@xmin@reg=\dimen204
\pgfplots@xmax@reg=\dimen205
\pgfplots@ymin@reg=\dimen206
\pgfplots@ymax@reg=\dimen207
\pgfplots@zmin@reg=\dimen208
\pgfplots@zmax@reg=\dimen209
)
(/usr/local/texlive/2012/texmf-dist/tex/generic/pgf/frontendlayer/tikz/librarie
s/tikzlibraryplotmarks.code.tex
File: tikzlibraryplotmarks.code.tex 2008/01/09 v2.10 (rcs-revision 1.1)

(/usr/local/texlive/2012/texmf-dist/tex/generic/pgf/libraries/pgflibraryplotmar
ks.code.tex
File: pgflibraryplotmarks.code.tex 2010/10/15 v2.10 (rcs-revision 1.12)
)))
(/usr/local/texlive/2012/texmf-dist/tex/generic/pgf/libraries/pgflibraryfpu.cod
e.tex) (/usr/local/texlive/2012/texmf-dist/tex/latex/mh/mathtools.sty
Package: mathtools 2012/04/24 v1.12 mathematical typesetting tools
(/usr/local/texlive/2012/texmf-dist/tex/latex/mh/mhsetup.sty
Package: mhsetup 2010/01/21 v1.2a programming setup (MH)
)
\g_MT_multlinerow_int=\count142
\l_MT_multwidth_dim=\dimen210
\origjot=\skip54
\l_MT_shortvdotswithinadjustabove_dim=\dimen211
\l_MT_shortvdotswithinadjustbelow_dim=\dimen212
\l_MT_above_intertext_dim=\dimen213
\l_MT_below_intertext_dim=\dimen214
\l_MT_above_shortintertext_dim=\dimen215
\l_MT_below_shortintertext_dim=\dimen216
) (/usr/local/texlive/2012/texmf-dist/tex/latex/tools/tabularx.sty
Package: tabularx 1999/01/07 v2.07 `tabularx' package (DPC)
(/usr/local/texlive/2012/texmf-dist/tex/latex/tools/array.sty
Package: array 2008/09/09 v2.4c Tabular extension package (FMi)
\col@sep=\dimen217
\extrarowheight=\dimen218
\NC@list=\toks49
\extratabsurround=\skip55
\backup@length=\skip56
)
\TX@col@width=\dimen219
\TX@old@table=\dimen220
\TX@old@col=\dimen221
\TX@target=\dimen222
\TX@delta=\dimen223
\TX@cols=\count143
\TX@ftn=\toks50
) (/usr/local/texlive/2012/texmf-dist/tex/latex/base/ifthen.sty
Package: ifthen 2001/05/26 v1.1c Standard LaTeX ifthen package (DPC)
)
(/usr/local/texlive/2012/texmf-dist/tex/generic/pgf/frontendlayer/tikz/librarie
s/tikzlibrarymatrix.code.tex
File: tikzlibrarymatrix.code.tex 2008/06/18 v2.10 (rcs-revision 1.2)
)
(/usr/local/texlive/2012/texmf-dist/tex/generic/pgf/frontendlayer/tikz/librarie
s/tikzlibraryarrows.code.tex
File: tikzlibraryarrows.code.tex 2008/01/09 v2.10 (rcs-revision 1.1)

(/usr/local/texlive/2012/texmf-dist/tex/generic/pgf/libraries/pgflibraryarrows.
code.tex
File: pgflibraryarrows.code.tex 2008/10/27 v2.10 (rcs-revision 1.9)
\arrowsize=\dimen224
))
(/usr/local/texlive/2012/texmf-dist/tex/generic/pgf/frontendlayer/tikz/librarie
s/tikzlibrarybackgrounds.code.tex
File: tikzlibrarybackgrounds.code.tex 2010/02/08 v2.10 (rcs-revision 1.2)
\pgf@layerbox@background=\box43
\pgf@layerboxsaved@background=\box44
)
(/usr/local/texlive/2012/texmf-dist/tex/generic/pgf/frontendlayer/tikz/librarie
s/tikzlibrarypatterns.code.tex
File: tikzlibrarypatterns.code.tex 2008/01/15 v2.10 (rcs-revision 1.2)

(/usr/local/texlive/2012/texmf-dist/tex/generic/pgf/libraries/pgflibrarypattern
s.code.tex
File: pgflibrarypatterns.code.tex 2008/03/03 v2.10 (rcs-revision 1.13)
))
(/usr/local/texlive/2012/texmf-dist/tex/generic/pgf/frontendlayer/tikz/librarie
s/tikzlibraryscopes.code.tex
File: tikzlibraryscopes.code.tex 2008/06/27 v2.10 (rcs-revision 1.2)
)
(/usr/local/texlive/2012/texmf-dist/tex/latex/pgf/frontendlayer/libraries/tikzl
ibraryexternal.code.tex
(/usr/local/texlive/2012/texmf-dist/tex/generic/pgf/frontendlayer/tikz/librarie
s/tikzexternalshared.code.tex
\tikzexternal@outfile=\write6
))
No auxiliary output files.

\w@pgfexternal@auxout=\write7
\fuzzwidth=\skip57
\arrowlength=\skip58
\arrowwidth=\skip59
\pointrad=\skip60
\linewid=\skip61
\circlerad=\skip62
\smcirclerad=\skip63
\smcircleradt=\skip64
\minirad=\skip65
\linewidthin=\skip66
\linewidthick=\skip67
\c@maintheorem=\count144
\c@theorem=\count145
\c@apptheorem=\count146
\c@conv=\count147
\c@convention=\count148
\symMnSyA=\mathgroup6
LaTeX Font Info:    Overwriting symbol font `MnSyA' in version `bold'
(Font)                  U/MnSymbolA/m/n --> U/MnSymbolA/b/n on input line 449.
(/usr/local/texlive/2012/texmf-dist/tex/latex/hyperref/hyperref.sty
Package: hyperref 2012/05/13 v6.82q Hypertext links for LaTeX
(/usr/local/texlive/2012/texmf-dist/tex/generic/oberdiek/hobsub-hyperref.sty
Package: hobsub-hyperref 2012/05/28 v1.13 Bundle oberdiek, subset hyperref (HO)

(/usr/local/texlive/2012/texmf-dist/tex/generic/oberdiek/hobsub-generic.sty
Package: hobsub-generic 2012/05/28 v1.13 Bundle oberdiek, subset generic (HO)
Package: hobsub 2012/05/28 v1.13 Construct package bundles (HO)
Package hobsub Info: Skipping package `infwarerr' (already loaded).
Package hobsub Info: Skipping package `ltxcmds' (already loaded).
Package: ifluatex 2010/03/01 v1.3 Provides the ifluatex switch (HO)
Package ifluatex Info: LuaTeX not detected.
Package: ifvtex 2010/03/01 v1.5 Detect VTeX and its facilities (HO)
Package ifvtex Info: VTeX not detected.
Package: intcalc 2007/09/27 v1.1 Expandable calculations with integers (HO)
Package hobsub Info: Skipping package `ifpdf' (already loaded).
Package: etexcmds 2011/02/16 v1.5 Avoid name clashes with e-TeX commands (HO)
Package etexcmds Info: Could not find \expanded.
(etexcmds)             That can mean that you are not using pdfTeX 1.50 or
(etexcmds)             that some package has redefined \expanded.
(etexcmds)             In the latter case, load this package earlier.
Package: kvsetkeys 2012/04/25 v1.16 Key value parser (HO)
Package: kvdefinekeys 2011/04/07 v1.3 Define keys (HO)
Package: pdftexcmds 2011/11/29 v0.20 Utility functions of pdfTeX for LuaTeX (HO
)
Package pdftexcmds Info: LuaTeX not detected.
Package pdftexcmds Info: \pdf@primitive is available.
Package pdftexcmds Info: \pdf@ifprimitive is available.
Package pdftexcmds Info: \pdfdraftmode found.
Package: pdfescape 2011/11/25 v1.13 Implements pdfTeX's escape features (HO)
Package: bigintcalc 2012/04/08 v1.3 Expandable calculations on big integers (HO
)
Package: bitset 2011/01/30 v1.1 Handle bit-vector datatype (HO)
Package: uniquecounter 2011/01/30 v1.2 Provide unlimited unique counter (HO)
)
Package hobsub Info: Skipping package `hobsub' (already loaded).
Package: letltxmacro 2010/09/02 v1.4 Let assignment for LaTeX macros (HO)
Package: hopatch 2012/05/28 v1.2 Wrapper for package hooks (HO)
Package: xcolor-patch 2011/01/30 xcolor patch
Package: atveryend 2011/06/30 v1.8 Hooks at the very end of document (HO)
Package atveryend Info: \enddocument detected (standard20110627).
Package: atbegshi 2011/10/05 v1.16 At begin shipout hook (HO)
Package: refcount 2011/10/16 v3.4 Data extraction from label references (HO)
Package: hycolor 2011/01/30 v1.7 Color options for hyperref/bookmark (HO)
) (/usr/local/texlive/2012/texmf-dist/tex/generic/ifxetex/ifxetex.sty
Package: ifxetex 2010/09/12 v0.6 Provides ifxetex conditional
) (/usr/local/texlive/2012/texmf-dist/tex/latex/oberdiek/kvoptions.sty
Package: kvoptions 2011/06/30 v3.11 Key value format for package options (HO)
)
\@linkdim=\dimen225
\Hy@linkcounter=\count149
\Hy@pagecounter=\count150
(/usr/local/texlive/2012/texmf-dist/tex/latex/hyperref/pd1enc.def
File: pd1enc.def 2012/05/13 v6.82q Hyperref: PDFDocEncoding definition (HO)
)
\Hy@SavedSpaceFactor=\count151
(/usr/local/texlive/2012/texmf-dist/tex/latex/latexconfig/hyperref.cfg
File: hyperref.cfg 2002/06/06 v1.2 hyperref configuration of TeXLive
)
Package hyperref Info: Option `colorlinks' set `true' on input line 3941.
Package hyperref Info: Option `hypertexnames' set `false' on input line 3941.
Package hyperref Info: Hyper figures OFF on input line 4062.
Package hyperref Info: Link nesting OFF on input line 4067.
Package hyperref Info: Hyper index ON on input line 4070.
Package hyperref Info: Plain pages OFF on input line 4077.
Package hyperref Info: Backreferencing OFF on input line 4082.
Package hyperref Info: Implicit mode ON; LaTeX internals redefined.
Package hyperref Info: Bookmarks ON on input line 4300.
\c@Hy@tempcnt=\count152
(/usr/local/texlive/2012/texmf-dist/tex/latex/url/url.sty
\Urlmuskip=\muskip11
Package: url 2006/04/12  ver 3.3  Verb mode for urls, etc.
)
LaTeX Info: Redefining \url on input line 4653.
\Fld@menulength=\count153
\Field@Width=\dimen226
\Fld@charsize=\dimen227
Package hyperref Info: Hyper figures OFF on input line 5773.
Package hyperref Info: Link nesting OFF on input line 5778.
Package hyperref Info: Hyper index ON on input line 5781.
Package hyperref Info: backreferencing OFF on input line 5788.
Package hyperref Info: Link coloring ON on input line 5791.
Package hyperref Info: Link coloring with OCG OFF on input line 5798.
Package hyperref Info: PDF/A mode OFF on input line 5803.
LaTeX Info: Redefining \ref on input line 5843.
LaTeX Info: Redefining \pageref on input line 5847.
\Hy@abspage=\count154
\c@Item=\count155
\c@Hfootnote=\count156
)

Package hyperref Message: Driver: hpdftex.

(/usr/local/texlive/2012/texmf-dist/tex/latex/hyperref/hpdftex.def
File: hpdftex.def 2012/05/13 v6.82q Hyperref driver for pdfTeX
\Fld@listcount=\count157
\c@bookmark@seq@number=\count158
(/usr/local/texlive/2012/texmf-dist/tex/latex/oberdiek/rerunfilecheck.sty
Package: rerunfilecheck 2011/04/15 v1.7 Rerun checks for auxiliary files (HO)
Package uniquecounter Info: New unique counter `rerunfilecheck' on input line 2
82.
)
\Hy@SectionHShift=\skip68
))
No file Pictures/DTCI-memo-figure33.aux.
LaTeX Font Info:    Checking defaults for OML/cmm/m/it on input line 5.
LaTeX Font Info:    ... okay on input line 5.
LaTeX Font Info:    Checking defaults for T1/cmr/m/n on input line 5.
LaTeX Font Info:    ... okay on input line 5.
LaTeX Font Info:    Checking defaults for OT1/cmr/m/n on input line 5.
LaTeX Font Info:    ... okay on input line 5.
LaTeX Font Info:    Checking defaults for OMS/cmsy/m/n on input line 5.
LaTeX Font Info:    ... okay on input line 5.
LaTeX Font Info:    Checking defaults for OMX/cmex/m/n on input line 5.
LaTeX Font Info:    ... okay on input line 5.
LaTeX Font Info:    Checking defaults for U/cmr/m/n on input line 5.
LaTeX Font Info:    ... okay on input line 5.
LaTeX Font Info:    Checking defaults for PD1/pdf/m/n on input line 5.
LaTeX Font Info:    ... okay on input line 5.
LaTeX Font Info:    Try loading font information for U+msa on input line 5.
(/usr/local/texlive/2012/texmf-dist/tex/latex/amsfonts/umsa.fd
File: umsa.fd 2009/06/22 v3.00 AMS symbols A
)
LaTeX Font Info:    Try loading font information for U+msb on input line 5.
(/usr/local/texlive/2012/texmf-dist/tex/latex/amsfonts/umsb.fd
File: umsb.fd 2009/06/22 v3.00 AMS symbols B
)
Package xypdf Info: Line width: 0.39998pt on input line 5.
ABD: EveryShipout initializing macros (/usr/local/texlive/2012/texmf-dist/tex/c
ontext/base/supp-pdf.mkii
[Loading MPS to PDF converter (version 2006.09.02).]
\scratchcounter=\count159
\scratchdimen=\dimen228
\scratchbox=\box45
\nofMPsegments=\count160
\nofMParguments=\count161
\everyMPshowfont=\toks51
\MPscratchCnt=\count162
\MPscratchDim=\dimen229
\MPnumerator=\count163
\makeMPintoPDFobject=\count164
\everyMPtoPDFconversion=\toks52
) (/usr/local/texlive/2012/texmf-dist/tex/latex/oberdiek/epstopdf-base.sty
Package: epstopdf-base 2010/02/09 v2.5 Base part for package epstopdf
(/usr/local/texlive/2012/texmf-dist/tex/latex/oberdiek/grfext.sty
Package: grfext 2010/08/19 v1.1 Manage graphics extensions (HO)
)
Package grfext Info: Graphics extension search list:
(grfext)             [.png,.pdf,.jpg,.mps,.jpeg,.jbig2,.jb2,.PNG,.PDF,.JPG,.JPE
G,.JBIG2,.JB2,.eps]
(grfext)             \AppendGraphicsExtensions on input line 452.
(/usr/local/texlive/2012/texmf-dist/tex/latex/latexconfig/epstopdf-sys.cfg
File: epstopdf-sys.cfg 2010/07/13 v1.3 Configuration of (r)epstopdf for TeX Liv
e
))
\AtBeginShipoutBox=\box46
Package hyperref Info: Link coloring ON on input line 5.
(/usr/local/texlive/2012/texmf-dist/tex/latex/hyperref/nameref.sty
Package: nameref 2010/04/30 v2.40 Cross-referencing by name of section
(/usr/local/texlive/2012/texmf-dist/tex/generic/oberdiek/gettitlestring.sty
Package: gettitlestring 2010/12/03 v1.4 Cleanup title references (HO)
)
\c@section@level=\count165
)
LaTeX Info: Redefining \ref on input line 5.
LaTeX Info: Redefining \pageref on input line 5.
LaTeX Info: Redefining \nameref on input line 5.
Abstract
Acknowledgments

Overfull \hbox (16.4152pt too wide) in paragraph at lines 47--48
[]\OT1/cmr/m/n/10 CD was par-tially sup-ported by a Miller Re-search Fel-low-sh
ip and by EP-SRC grant EP/K015478/1,
 []

Introduction

Underfull \vbox (badness 10000) has occurred while \output is active []

A tikzpicture has been optimized away. Use '/tikz/external/optimize=false' to d
isable this.
A tikzpicture has been optimized away. Use '/tikz/external/optimize=false' to d
isable this.

LaTeX Warning: Reference `thm:TC-dualizable' on page 4 undefined on input line 
185.


LaTeX Warning: Reference `cor:septcisdualizable' on page 4 undefined on input l
ine 185.


LaTeX Warning: Reference `cor:3dtft' on page 4 undefined on input line 189.


LaTeX Warning: Reference `cor:charzerotft' on page 4 undefined on input line 18
9.


LaTeX Warning: Reference `cor:fusiontft' on page 4 undefined on input line 189.



LaTeX Warning: Reference `thm:converse' on page 4 undefined on input line 195.


LaTeX Warning: Reference `cor:maxfd' on page 4 undefined on input line 195.


LaTeX Warning: Reference `thm:TC_is_2Dualizable' on page 5 undefined on input l
ine 206.


LaTeX Warning: Reference `thm:TCisRadford' on page 5 undefined on input line 20
6.


LaTeX Warning: Reference `cor:2dualtft' on page 5 undefined on input line 210.


LaTeX Warning: Reference `cor:3fr2d' on page 5 undefined on input line 210.


LaTeX Warning: Reference `fig:serrebordism' on page 5 undefined on input line 2
15.


LaTeX Warning: Reference `thm:serreisdoubledual' on page 5 undefined on input l
ine 219.


LaTeX Warning: Reference `fig:Radford_bordism' on page 5 undefined on input lin
e 221.


LaTeX Warning: Reference `thm:quaddual' on page 5 undefined on input line 225.


LaTeX Warning: Reference `cor:ssquaddual' on page 5 undefined on input line 225
.


LaTeX Warning: Reference `fig:serrebordism' on page 6 undefined on input line 2
27.


LaTeX Warning: Reference `fig:Radford_bordism' on page 6 undefined on input lin
e 227.


LaTeX Warning: Reference `thm:Cat_Radford' on page 6 undefined on input line 23
1.


LaTeX Warning: Reference `cor:serreinvserre' on page 6 undefined on input line 
231.


LaTeX Warning: Reference `thm:DelignePrdtOverATCExists' on page 6 undefined on 
input line 242.


LaTeX Warning: Reference `thm:tcexists' on page 6 undefined on input line 242.


LaTeX Warning: Reference `thm:tensor-exactness' on page 6 undefined on input li
ne 248.


LaTeX Warning: Reference `thm:SepModCats' on page 7 undefined on input line 254
.


LaTeX Warning: Reference `cor:Sep=semisimplecenter' on page 7 undefined on inpu
t line 254.


LaTeX Warning: Reference `thm:compositeOfSep' on page 7 undefined on input line
 260.


LaTeX Warning: Reference `cor:septc' on page 7 undefined on input line 260.


LaTeX Warning: Reference `thm:NonzeroDimension' on page 7 undefined on input li
ne 266.


LaTeX Warning: Reference `cor:charzerosep' on page 7 undefined on input line 26
6.


LaTeX Warning: Reference `sec:spherical' on page 7 undefined on input line 271.



LaTeX Warning: Reference `sec:tc-lincat' on page 8 undefined on input line 295.



LaTeX Warning: Reference `sec:tc-exact' on page 8 undefined on input line 295.


LaTeX Warning: Reference `sec:notation' on page 8 undefined on input line 295.


LaTeX Warning: Reference `sec:framed-duality' on page 8 undefined on input line
 295.


LaTeX Warning: Reference `sec:df-objects' on page 8 undefined on input line 295
.


LaTeX Warning: Reference `sec:tc-separable' on page 8 undefined on input line 2
95.


LaTeX Warning: Reference `sec:tc-fusion' on page 8 undefined on input line 295.



LaTeX Warning: Reference `sec:radfordftc' on page 8 undefined on input line 295
.


LaTeX Warning: Reference `sec:tensorexact' on page 8 undefined on input line 29
5.


LaTeX Warning: Reference `sec:computeradford' on page 8 undefined on input line
 295.


LaTeX Warning: Reference `sec:Serre' on page 8 undefined on input line 295.


LaTeX Warning: Reference `sec:Radford' on page 8 undefined on input line 295.


LaTeX Warning: Reference `sec:conventions' on page 8 undefined on input line 29
5.


LaTeX Warning: Reference `sec:tc-bimodules' on page 8 undefined on input line 2
95.


LaTeX Warning: Reference `sec:df-morphisms' on page 8 undefined on input line 2
95.


LaTeX Warning: Reference `sec:separableisfd' on page 8 undefined on input line 
295.


LaTeX Warning: Reference `sec:Radford' on page 8 undefined on input line 295.


LaTeX Warning: Reference `sec:tc-bimodules' on page 8 undefined on input line 2
95.


LaTeX Warning: Reference `sec:separableisfd' on page 8 undefined on input line 
295.


LaTeX Warning: Reference `sec:lft' on page 8 undefined on input line 299.


LaTeX Warning: Reference `sec:notation' on page 8 undefined on input line 299.


LaTeX Warning: Reference `sec:framed-duality' on page 8 undefined on input line
 299.


LaTeX Warning: Reference `sec:Serre' on page 8 undefined on input line 299.


LaTeX Warning: Reference `sec:Radford' on page 8 undefined on input line 299.


LaTeX Warning: Reference `sec:tc' on page 9 undefined on input line 301.


LaTeX Warning: Reference `sec:conventions' on page 9 undefined on input line 30
1.


LaTeX Warning: Reference `sec:tc-lincat' on page 9 undefined on input line 301.



LaTeX Warning: Reference `sec:tc-exact' on page 9 undefined on input line 301.


LaTeX Warning: Reference `sec:tc-bimodules' on page 9 undefined on input line 3
01.


LaTeX Warning: Reference `sec:tc-separable' on page 9 undefined on input line 3
01.


LaTeX Warning: Reference `sec:tc-fusion' on page 9 undefined on input line 301.



LaTeX Warning: Reference `sec:dualizability' on page 9 undefined on input line 
303.


LaTeX Warning: Reference `sec:df-objects' on page 9 undefined on input line 303
.


LaTeX Warning: Reference `sec:df-morphisms' on page 9 undefined on input line 3
03.


LaTeX Warning: Reference `sec:radfordftc' on page 9 undefined on input line 303
.


LaTeX Warning: Reference `sec:separableisfd' on page 9 undefined on input line 
303.


LaTeX Warning: Reference `sec:spherical' on page 9 undefined on input line 303.



LaTeX Warning: Reference `cor2' on page 9 undefined on input line 308.


LaTeX Warning: Reference `cor5' on page 9 undefined on input line 308.


LaTeX Warning: Reference `cor2' on page 10 undefined on input line 310.


LaTeX Warning: Reference `cor5' on page 10 undefined on input line 310.


LaTeX Warning: Reference `thm1' on page 10 undefined on input line 310.


LaTeX Warning: Reference `thm3' on page 10 undefined on input line 310.


LaTeX Warning: Reference `thm4' on page 10 undefined on input line 310.


LaTeX Warning: Reference `thm6' on page 10 undefined on input line 310.


LaTeX Warning: Reference `thm8' on page 10 undefined on input line 310.


LaTeX Warning: Reference `thm9' on page 10 undefined on input line 310.


LaTeX Warning: Reference `thm10' on page 10 undefined on input line 310.


LaTeX Warning: Reference `thm11' on page 10 undefined on input line 310.


LaTeX Warning: Reference `thm12' on page 10 undefined on input line 310.


LaTeX Warning: Reference `thm13' on page 10 undefined on input line 310.


LaTeX Warning: Reference `cor7' on page 10 undefined on input line 310.


LaTeX Warning: Reference `thm1' on page 10 undefined on input line 314.


LaTeX Warning: Reference `thm3' on page 10 undefined on input line 314.


LaTeX Warning: Reference `thm4' on page 10 undefined on input line 314.


LaTeX Warning: Reference `thm9' on page 10 undefined on input line 314.


LaTeX Warning: Reference `thm11' on page 10 undefined on input line 314.


LaTeX Warning: Reference `thm12' on page 10 undefined on input line 314.


LaTeX Warning: Reference `cor2' on page 10 undefined on input line 314.


LaTeX Warning: Reference `cor5' on page 10 undefined on input line 314.


LaTeX Warning: Reference `cor7' on page 10 undefined on input line 314.


LaTeX Warning: Reference `thm6' on page 10 undefined on input line 314.


LaTeX Warning: Reference `thm4' on page 10 undefined on input line 314.


LaTeX Warning: Reference `thm13' on page 10 undefined on input line 314.


LaTeX Warning: Reference `thm13' on page 10 undefined on input line 314.


LaTeX Warning: Reference `thm8' on page 10 undefined on input line 314.


LaTeX Warning: Reference `thm10' on page 10 undefined on input line 314.


LaTeX Warning: Reference `thm9' on page 10 undefined on input line 314.


LaTeX Warning: Reference `thm11' on page 10 undefined on input line 314.


LaTeX Warning: Reference `thm12' on page 10 undefined on input line 314.


LaTeX Warning: Reference `sec:lft' on page 10 undefined on input line 316.


LaTeX Warning: Reference `sec:conventions' on page 10 undefined on input line 3
16.


LaTeX Warning: Reference `sec:tc-separable' on page 10 undefined on input line 
316.


LaTeX Warning: Reference `thm:DelignePrdtOverATCExists' on page 10 undefined on
 input line 316.


LaTeX Warning: Reference `thm:tcexists' on page 10 undefined on input line 316.



LaTeX Warning: Reference `cor:septc' on page 10 undefined on input line 316.


LaTeX Warning: Reference `def:sepcat' on page 10 undefined on input line 316.


LaTeX Warning: Reference `cor:Sep=semisimplecenter' on page 10 undefined on inp
ut line 316.


LaTeX Warning: Reference `prop:SSModuleCatsAreSep' on page 10 undefined on inpu
t line 316.


LaTeX Warning: Reference `cor:tcsepexists' on page 10 undefined on input line 3
16.


LaTeX Warning: Reference `sec:tc-fusion' on page 10 undefined on input line 316
.


LaTeX Warning: Reference `cor:charzerosep' on page 10 undefined on input line 3
16.


LaTeX Warning: Reference `cor:charzeromodulesep' on page 10 undefined on input 
line 316.


LaTeX Warning: Reference `sec:dualizability' on page 10 undefined on input line
 316.


LaTeX Warning: Reference `cor:charzerotft' on page 10 undefined on input line 3
16.


LaTeX Warning: Reference `cor:fusiontft' on page 10 undefined on input line 316
.


LaTeX Warning: Reference `sec:descconj' on page 10 undefined on input line 316.


Chapter 1

Package hyperref Warning: Token not allowed in a PDF string (PDFDocEncoding):
(hyperref)                removing `math shift' on input line 351.


Package hyperref Warning: Token not allowed in a PDF string (PDFDocEncoding):
(hyperref)                removing `math shift' on input line 351.


Package hyperref Warning: Token not allowed in a PDF string (PDFDocEncoding):
(hyperref)                removing `math shift' on input line 351.


Package hyperref Warning: Token not allowed in a PDF string (PDFDocEncoding):
(hyperref)                removing `math shift' on input line 351.


Package hyperref Warning: Token not allowed in a PDF string (PDFDocEncoding):
(hyperref)                removing `math shift' on input line 358.


Package hyperref Warning: Token not allowed in a PDF string (PDFDocEncoding):
(hyperref)                removing `math shift' on input line 358.

A tikzpicture has been optimized away. Use '/tikz/external/optimize=false' to d
isable this.

LaTeX Warning: Reference `eg:frcircles' on page 13 undefined on input line 440.



Package hyperref Warning: Token not allowed in a PDF string (PDFDocEncoding):
(hyperref)                removing `math shift' on input line 446.


Package hyperref Warning: Token not allowed in a PDF string (PDFDocEncoding):
(hyperref)                removing `math shift' on input line 446.


Package hyperref Warning: Token not allowed in a PDF string (PDFDocEncoding):
(hyperref)                removing `math shift' on input line 452.


Package hyperref Warning: Token not allowed in a PDF string (PDFDocEncoding):
(hyperref)                removing `math shift' on input line 452.

A tikzpicture has been optimized away. Use '/tikz/external/optimize=false' to d
isable this.
A tikzpicture has been optimized away. Use '/tikz/external/optimize=false' to d
isable this.

LaTeX Warning: Reference `eg-framenot0' on page 13 undefined on input line 488.


A tikzpicture has been optimized away. Use '/tikz/external/optimize=false' to d
isable this.

LaTeX Warning: Reference `eg-framenot0' on page 14 undefined on input line 501.


A tikzpicture has been optimized away. Use '/tikz/external/optimize=false' to d
isable this.
A tikzpicture has been optimized away. Use '/tikz/external/optimize=false' to d
isable this.
A tikzpicture has been optimized away. Use '/tikz/external/optimize=false' to d
isable this.
A tikzpicture has been optimized away. Use '/tikz/external/optimize=false' to d
isable this.
A tikzpicture has been optimized away. Use '/tikz/external/optimize=false' to d
isable this.
A tikzpicture has been optimized away. Use '/tikz/external/optimize=false' to d
isable this.
A tikzpicture has been optimized away. Use '/tikz/external/optimize=false' to d
isable this.
A tikzpicture has been optimized away. Use '/tikz/external/optimize=false' to d
isable this.
A tikzpicture has been optimized away. Use '/tikz/external/optimize=false' to d
isable this.

LaTeX Warning: Reference `def:adjoints_in_bicat' on page 14 undefined on input 
line 656.

A tikzpicture has been optimized away. Use '/tikz/external/optimize=false' to d
isable this.
A tikzpicture has been optimized away. Use '/tikz/external/optimize=false' to d
isable this.
A tikzpicture has been optimized away. Use '/tikz/external/optimize=false' to d
isable this.

LaTeX Warning: Reference `ex:disk_bordism_immersed' on page 15 undefined on inp
ut line 689.


LaTeX Warning: Reference `ex:saddle_bordism_immersed' on page 15 undefined on i
nput line 689.

A tikzpicture has been optimized away. Use '/tikz/external/optimize=false' to d
isable this.
A tikzpicture has been optimized away. Use '/tikz/external/optimize=false' to d
isable this.
A tikzpicture has been optimized away. Use '/tikz/external/optimize=false' to d
isable this.
A tikzpicture has been optimized away. Use '/tikz/external/optimize=false' to d
isable this.
A tikzpicture has been optimized away. Use '/tikz/external/optimize=false' to d
isable this.

LaTeX Warning: Reference `fig:adjointchains' on page 15 undefined on input line
 785.

A tikzpicture has been optimized away. Use '/tikz/external/optimize=false' to d
isable this.
A tikzpicture has been optimized away. Use '/tikz/external/optimize=false' to d
isable this.
A tikzpicture has been optimized away. Use '/tikz/external/optimize=false' to d
isable this.
A tikzpicture has been optimized away. Use '/tikz/external/optimize=false' to d
isable this.
A tikzpicture has been optimized away. Use '/tikz/external/optimize=false' to d
isable this.
A tikzpicture has been optimized away. Use '/tikz/external/optimize=false' to d
isable this.
A tikzpicture has been optimized away. Use '/tikz/external/optimize=false' to d
isable this.
A tikzpicture has been optimized away. Use '/tikz/external/optimize=false' to d
isable this.

LaTeX Warning: Reference `fig:adjointchains' on page 15 undefined on input line
 995.

A tikzpicture has been optimized away. Use '/tikz/external/optimize=false' to d
isable this.

LaTeX Warning: Reference `eg:serrefunctor' on page 15 undefined on input line 1
008.


LaTeX Warning: Reference `fig:serrebordism' on page 16 undefined on input line 
1014.

A tikzpicture has been optimized away. Use '/tikz/external/optimize=false' to d
isable this.
\openout7 = `Pictures/DTCI-memo-figure33.dpth'.

[16


{/usr/local/texlive/2012/texmf-var/fonts/map/pdftex/updmap/pdftex.map}]

LaTeX Warning: Reference `rem:hep' on page 16 undefined on input line 1080.


LaTeX Warning: Reference `eg:radford' on page 17 undefined on input line 1086.


LaTeX Warning: Reference `sec:topquaddual' on page 17 undefined on input line 1
086.


LaTeX Warning: Reference `fig:Radford_bordism' on page 17 undefined on input li
ne 1092.


LaTeX Warning: Reference `eg:evrevadj' on page 17 undefined on input line 1092.



LaTeX Warning: Reference `eg:evlevadj' on page 17 undefined on input line 1092.



LaTeX Warning: Reference `ex:saddle_bordism_immersed' on page 17 undefined on i
nput line 1092.

A tikzpicture has been optimized away. Use '/tikz/external/optimize=false' to d
isable this.

LaTeX Warning: Reference `def:radfordequiv' on page 18 undefined on input line 
1337.


LaTeX Warning: Reference `thm:Cat_Radford' on page 20 undefined on input line 1
395.


LaTeX Warning: Reference `lem-ambiadjoints' on page 20 undefined on input line 
1396.


Overfull \hbox (1.79633pt too wide) in paragraph at lines 1396--1400
[]\OT1/cmr/m/n/10 By as-sump-tion, we have ad-junc-tions $([][] \OMS/cmsy/m/n/1
0 a [][]\OML/cmm/m/it/10 ; []; []\OT1/cmr/m/n/10 )$ and $([][] \OMS/cmsy/m/n/10
 a
 []


LaTeX Warning: Reference `thm:Cat_Radford' on page 20 undefined on input line 1
406.


LaTeX Warning: Reference `cor:serreinvserre' on page 20 undefined on input line
 1406.

Chapter 2

LaTeX Warning: Reference `sec:conventions' on page 21 undefined on input line 1
413.


LaTeX Warning: Reference `sec:tc-lincat' on page 21 undefined on input line 141
3.


LaTeX Warning: Reference `sec:dualizability' on page 21 undefined on input line
 1413.


LaTeX Warning: Reference `sec:tc-exact' on page 21 undefined on input line 1413
.


LaTeX Warning: Reference `sec:tc-bimodules' on page 21 undefined on input line 
1415.


LaTeX Warning: Reference `sec:dualizability' on page 21 undefined on input line
 1415.


LaTeX Warning: Reference `sec:tc-separable' on page 21 undefined on input line 
1415.


LaTeX Warning: Reference `sec:tc-fusion' on page 21 undefined on input line 141
5.


LaTeX Warning: Reference `sec:conventions' on page 21 undefined on input line 1
417.


LaTeX Warning: Reference `sec:tc-bimodules' on page 21 undefined on input line 
1417.


LaTeX Warning: Reference `sec:dualizability' on page 21 undefined on input line
 1417.


LaTeX Warning: Reference `sec:tc-lincat' on page 21 undefined on input line 141
7.


LaTeX Warning: Reference `sec:tc-exact' on page 21 undefined on input line 1417
.


LaTeX Warning: Reference `thm:tcexists' on page 21 undefined on input line 1417
.


LaTeX Warning: Reference `thm:tensor-exactness' on page 21 undefined on input l
ine 1417.


LaTeX Warning: Reference `sec:tc-separable' on page 21 undefined on input line 
1417.


LaTeX Warning: Reference `sec:tc-fusion' on page 21 undefined on input line 141
7.


LaTeX Warning: Reference `cor:charzerosep' on page 21 undefined on input line 1
417.


LaTeX Warning: Reference `cor:charzeromodulesep' on page 21 undefined on input 
line 1417.


LaTeX Warning: Reference `thm:compositeOfSep' on page 21 undefined on input lin
e 1417.


LaTeX Warning: Reference `cor:septc' on page 21 undefined on input line 1417.


Underfull \vbox (badness 10000) has occurred while \output is active []


LaTeX Warning: Reference `def:adjoints_in_bicat' on page 22 undefined on input 
line 1438.


LaTeX Warning: Reference `thm:EGNO2.11.6' on page 24 undefined on input line 15
24.


LaTeX Warning: Reference `thm:DelignePrdtOverATCExists' on page 24 undefined on
 input line 1524.


LaTeX Warning: Reference `prop:catismod' on page 25 undefined on input line 157
0.


LaTeX Warning: Reference `thm:EGNO2.11.6' on page 25 undefined on input line 15
76.


LaTeX Warning: Reference `lma:module-adjoint' on page 28 undefined on input lin
e 1675.

A tikzpicture has been optimized away. Use '/tikz/external/optimize=false' to d
isable this.

LaTeX Warning: Reference `cor:biexact_action' on page 28 undefined on input lin
e 1703.


LaTeX Warning: Reference `thm:DelignePrdtOverATCExists' on page 29 undefined on
 input line 1732.


LaTeX Warning: Reference `prop:catismod' on page 29 undefined on input line 173
4.


LaTeX Warning: Reference `thm:DelignePrdtOverATCExists' on page 29 undefined on
 input line 1734.


LaTeX Warning: Reference `lma:Exact_checked_on_proj_gens' on page 29 undefined 
on input line 1736.


LaTeX Warning: Reference `thm:DelignePrdtOverATCExists' on page 29 undefined on
 input line 1742.


LaTeX Warning: Reference `thm:DelignePrdtOverATCExists' on page 30 undefined on
 input line 1757.


LaTeX Warning: Reference `Thm:ExactModCatOmnibus' on page 30 undefined on input
 line 1757.


LaTeX Warning: Reference `thm:EGNO2.11.6' on page 30 undefined on input line 17
59.


LaTeX Warning: Reference `thm:DelignePrdtOverATCExists' on page 30 undefined on
 input line 1759.

A tikzpicture has been optimized away. Use '/tikz/external/optimize=false' to d
isable this.

LaTeX Warning: Reference `prop:FunctorsAsATensorPdt' on page 30 undefined on in
put line 1795.


LaTeX Warning: Reference `sec:df-modules' on page 30 undefined on input line 17
95.


LaTeX Warning: Reference `sec:radfordftc' on page 30 undefined on input line 17
95.


LaTeX Warning: Reference `sec:topquaddual' on page 31 undefined on input line 1
814.

LaTeX Font Info:    Try loading font information for U+euf on input line 1847.
(/usr/local/texlive/2012/texmf-dist/tex/latex/amsfonts/ueuf.fd
File: ueuf.fd 2009/06/22 v3.00 Euler Fraktur
)

LaTeX Warning: Reference `Thm:ExactModCatOmnibus' on page 32 undefined on input
 line 1862.


LaTeX Warning: Reference `ex:exactness' on page 32 undefined on input line 1862
.


LaTeX Warning: Reference `lemma:DualTwist' on page 33 undefined on input line 1
865.


LaTeX Warning: Reference `lma:module-adjoint' on page 33 undefined on input lin
e 1883.


LaTeX Warning: Reference `ex:exactness' on page 33 undefined on input line 1897
.


Overfull \hbox (10.8842pt too wide) in paragraph at lines 1897--1898
[]\OT1/cmr/m/n/10 By the pre-vi-ous lemma, there is an equiv-a-lence be-tween $
[][](\OMS/cmsy/m/n/10 M\OML/cmm/m/it/10 ; \OMS/cmsy/m/n/10 C\OT1/cmr/m/n/10 )$ 
and $[][] [][](\OMS/cmsy/m/n/10 C\OML/cmm/m/it/10 ; \OMS/cmsy/m/n/10 M\OT1/cmr/
m/n/10 )$.
 []


LaTeX Warning: Reference `rmk:Deligne_pdt_as_mod_functor' on page 34 undefined 
on input line 1905.


LaTeX Warning: Reference `thm:EGNO2.11.6' on page 34 undefined on input line 19
20.


LaTeX Warning: Reference `thm:DelignePrdtOverATCExists' on page 34 undefined on
 input line 1920.


LaTeX Warning: Reference `prop:dual-formula-for-adjoints' on page 34 undefined 
on input line 1931.


LaTeX Warning: Reference `prop:FunctorsAsATensorPdt' on page 34 undefined on in
put line 1931.


LaTeX Warning: Reference `thm:EGNO2.11.6' on page 35 undefined on input line 19
48.


LaTeX Warning: Reference `def:Dual_bimodule_notation' on page 35 undefined on i
nput line 1970.


LaTeX Warning: Reference `sec:separableisfd' on page 36 undefined on input line
 1990.


LaTeX Warning: Reference `cor:charzerosep' on page 36 undefined on input line 1
992.


LaTeX Warning: Reference `cor:charzeromodulesep' on page 36 undefined on input 
line 1992.


LaTeX Warning: Reference `thm:compositeOfSep' on page 36 undefined on input lin
e 1992.


LaTeX Warning: Reference `cor:septc' on page 36 undefined on input line 1992.


LaTeX Warning: Reference `sec:separableisfd' on page 36 undefined on input line
 1992.


LaTeX Warning: Reference `eg:semiexact' on page 37 undefined on input line 2005
.


LaTeX Warning: Reference `thm:DelignePrdtOverATCExists' on page 37 undefined on
 input line 2017.


LaTeX Warning: Reference `cor:tensasfunct' on page 37 undefined on input line 2
017.


LaTeX Warning: Reference `cor:dualamod' on page 37 undefined on input line 2017
.


LaTeX Warning: Reference `Thm:ExactModCatOmnibus' on page 37 undefined on input
 line 2019.


Overfull \hbox (12.55002pt too wide) in paragraph at lines 2022--2023
\OT1/cmr/m/n/10 of $\U/msb/m/n/10 Z\OML/cmm/m/it/10 =p$\OT1/cmr/m/n/10 -graded 
vec-tor spaces, is not sep-a-ra-ble (be-cause the func-tor cat-e-gory $[][]([]\
OML/cmm/m/it/10 ; []\OT1/cmr/m/n/10 ) \OMS/cmsy/m/n/10 '
 []


LaTeX Warning: Reference `thm:compositeOfSep' on page 39 undefined on input lin
e 2066.


LaTeX Warning: Reference `thm:DelignePrdtOverATCExists' on page 39 undefined on
 input line 2066.


LaTeX Warning: Reference `thm:compositeOfSep' on page 39 undefined on input lin
e 2075.


LaTeX Warning: Reference `thm:SepModCats' on page 39 undefined on input line 20
75.


LaTeX Warning: Reference `prop:sepmodissemi' on page 39 undefined on input line
 2092.


LaTeX Warning: Reference `thm:SepModCats' on page 39 undefined on input line 20
92.


LaTeX Warning: Reference `eg:semiexact' on page 39 undefined on input line 2092
.


LaTeX Warning: Reference `Thm:ExactModCatOmnibus' on page 39 undefined on input
 line 2092.


LaTeX Warning: Reference `cor:Sep=semisimplecenter' on page 39 undefined on inp
ut line 2092.


LaTeX Warning: Reference `sec:separableisfd' on page 39 undefined on input line
 2095.


LaTeX Warning: Reference `cor:septc' on page 39 undefined on input line 2099.


LaTeX Warning: Reference `cor:Sep=semisimplecenter' on page 40 undefined on inp
ut line 2109.


LaTeX Warning: Reference `thm:NonzeroDimension' on page 40 undefined on input l
ine 2109.


LaTeX Warning: Reference `sec:gdim' on page 44 undefined on input line 2246.


LaTeX Warning: Reference `cor:Sep=semisimplecenter' on page 44 undefined on inp
ut line 2256.


LaTeX Warning: Reference `cor:Sep=semisimplecenter' on page 44 undefined on inp
ut line 2259.


LaTeX Warning: Reference `prop:SSModuleCatsAreSep' on page 45 undefined on inpu
t line 2264.


LaTeX Warning: Reference `thm:NonzeroDimension' on page 45 undefined on input l
ine 2271.

Chapter 3

LaTeX Warning: Reference `sec:df-objects' on page 47 undefined on input line 22
77.


LaTeX Warning: Reference `sec:df-morphisms' on page 47 undefined on input line 
2277.


LaTeX Warning: Reference `sec:radfordftc' on page 47 undefined on input line 22
79.


LaTeX Warning: Reference `sec:separableisfd' on page 47 undefined on input line
 2281.


LaTeX Warning: Reference `sec:spherical' on page 47 undefined on input line 228
3.


Underfull \vbox (badness 10000) has occurred while \output is active []


LaTeX Warning: Reference `lemma:flip' on page 49 undefined on input line 2326.


LaTeX Warning: Reference `rem:hep' on page 49 undefined on input line 2353.


LaTeX Warning: Reference `table:egdimone' on page 49 undefined on input line 23
56.


LaTeX Warning: Reference `sec:notation' on page 49 undefined on input line 2356
.

A tikzpicture has been optimized away. Use '/tikz/external/optimize=false' to d
isable this.
A tikzpicture has been optimized away. Use '/tikz/external/optimize=false' to d
isable this.
A tikzpicture has been optimized away. Use '/tikz/external/optimize=false' to d
isable this.
A tikzpicture has been optimized away. Use '/tikz/external/optimize=false' to d
isable this.
A tikzpicture has been optimized away. Use '/tikz/external/optimize=false' to d
isable this.

LaTeX Warning: `!h' float specifier changed to `!ht'.


LaTeX Warning: Reference `ex:disk_bordism_immersed' on page 50 undefined on inp
ut line 2420.


LaTeX Warning: Reference `cor:tensasfunct' on page 50 undefined on input line 2
440.


LaTeX Warning: Reference `lemma:DualTwist' on page 50 undefined on input line 2
440.


LaTeX Warning: Reference `table:egdimone' on page 50 undefined on input line 24
44.


LaTeX Warning: Reference `table:egdimone' on page 51 undefined on input line 24
48.


LaTeX Warning: Reference `prop:FunctorsAsATensorPdt' on page 51 undefined on in
put line 2472.


LaTeX Warning: Reference `prop:FunctorsAsATensorPdt' on page 52 undefined on in
put line 2492.

A tikzpicture has been optimized away. Use '/tikz/external/optimize=false' to d
isable this.

LaTeX Warning: Reference `prop:onedual' on page 52 undefined on input line 2516
.


LaTeX Warning: Reference `prop:evcoev' on page 52 undefined on input line 2516.



LaTeX Warning: Reference `ftn:exactly' on page 52 undefined on input line 2525.



LaTeX Warning: Reference `sec:framed-duality' on page 52 undefined on input lin
e 2530.

A tikzpicture has been optimized away. Use '/tikz/external/optimize=false' to d
isable this.
A tikzpicture has been optimized away. Use '/tikz/external/optimize=false' to d
isable this.
A tikzpicture has been optimized away. Use '/tikz/external/optimize=false' to d
isable this.
A tikzpicture has been optimized away. Use '/tikz/external/optimize=false' to d
isable this.

LaTeX Warning: Reference `fig:adjointchains' on page 52 undefined on input line
 2570.


LaTeX Warning: Reference `sec:framed-duality' on page 52 undefined on input lin
e 2570.


LaTeX Warning: Reference `table:intervals' on page 52 undefined on input line 2
572.


LaTeX Warning: Reference `rem:hep' on page 52 undefined on input line 2572.


LaTeX Warning: Reference `prop:dual-formula-for-adjoints' on page 52 undefined 
on input line 2572.


LaTeX Warning: Reference `prop:evcoev' on page 52 undefined on input line 2572.


A tikzpicture has been optimized away. Use '/tikz/external/optimize=false' to d
isable this.
A tikzpicture has been optimized away. Use '/tikz/external/optimize=false' to d
isable this.
A tikzpicture has been optimized away. Use '/tikz/external/optimize=false' to d
isable this.
A tikzpicture has been optimized away. Use '/tikz/external/optimize=false' to d
isable this.
A tikzpicture has been optimized away. Use '/tikz/external/optimize=false' to d
isable this.
A tikzpicture has been optimized away. Use '/tikz/external/optimize=false' to d
isable this.
A tikzpicture has been optimized away. Use '/tikz/external/optimize=false' to d
isable this.
A tikzpicture has been optimized away. Use '/tikz/external/optimize=false' to d
isable this.
A tikzpicture has been optimized away. Use '/tikz/external/optimize=false' to d
isable this.
A tikzpicture has been optimized away. Use '/tikz/external/optimize=false' to d
isable this.
A tikzpicture has been optimized away. Use '/tikz/external/optimize=false' to d
isable this.
A tikzpicture has been optimized away. Use '/tikz/external/optimize=false' to d
isable this.

LaTeX Warning: Reference `prop:serrecalc' on page 53 undefined on input line 27
42.


LaTeX Warning: Reference `table:intervals' on page 53 undefined on input line 2
747.


LaTeX Warning: Reference `lemma:flip' on page 53 undefined on input line 2754.


LaTeX Warning: Reference `prop:dual-formula-for-adjoints' on page 53 undefined 
on input line 2759.


LaTeX Warning: Reference `lemma:DualTwist' on page 53 undefined on input line 2
759.


LaTeX Warning: Reference `cor:trace' on page 53 undefined on input line 2759.


LaTeX Warning: Reference `table:intervals' on page 53 undefined on input line 2
772.


LaTeX Warning: Reference `table:circles' on page 53 undefined on input line 277
2.


LaTeX Warning: Reference `prop:FunctorsAsATensorPdt' on page 53 undefined on in
put line 2772.


LaTeX Warning: Reference `cor:tensasfunct' on page 53 undefined on input line 2
772.


LaTeX Warning: Reference `lemma:DualTwist' on page 53 undefined on input line 2
772.


LaTeX Warning: Reference `table:discs' on page 53 undefined on input line 2772.


A tikzpicture has been optimized away. Use '/tikz/external/optimize=false' to d
isable this.
A tikzpicture has been optimized away. Use '/tikz/external/optimize=false' to d
isable this.
A tikzpicture has been optimized away. Use '/tikz/external/optimize=false' to d
isable this.
A tikzpicture has been optimized away. Use '/tikz/external/optimize=false' to d
isable this.
A tikzpicture has been optimized away. Use '/tikz/external/optimize=false' to d
isable this.
A tikzpicture has been optimized away. Use '/tikz/external/optimize=false' to d
isable this.
A tikzpicture has been optimized away. Use '/tikz/external/optimize=false' to d
isable this.

LaTeX Warning: Reference `table:discs' on page 54 undefined on input line 2868.



LaTeX Warning: Reference `table:discs' on page 54 undefined on input line 2870.



LaTeX Warning: Reference `thm:Cat_Radford' on page 54 undefined on input line 2
872.


LaTeX Warning: Reference `eg:evrevadj' on page 54 undefined on input line 2880.



LaTeX Warning: Reference `def:Radford-Object' on page 54 undefined on input lin
e 2880.


LaTeX Warning: Reference `sec:finiteradford' on page 54 undefined on input line
 2880.


LaTeX Warning: Reference `sec:topquaddual' on page 55 undefined on input line 2
882.


LaTeX Warning: Reference `sec:computeradford' on page 55 undefined on input lin
e 2882.


LaTeX Warning: Reference `thm:NonzeroDimension' on page 55 undefined on input l
ine 2884.


LaTeX Warning: Reference `cor:charzerosep' on page 55 undefined on input line 2
884.


LaTeX Warning: Reference `sec:separableisfd' on page 55 undefined on input line
 2884.


LaTeX Warning: Reference `def:Radford-Object' on page 55 undefined on input lin
e 2888.


LaTeX Warning: Reference `thm:tensor-exactness' on page 55 undefined on input l
ine 2888.


LaTeX Warning: Reference `lma:module-adjoint' on page 55 undefined on input lin
e 2895.


LaTeX Warning: Reference `Thm:ExactModCatOmnibus' on page 55 undefined on input
 line 2895.


LaTeX Warning: Reference `ex:exactness' on page 55 undefined on input line 2897
.


LaTeX Warning: Reference `prop:evcoev' on page 55 undefined on input line 2897.



LaTeX Warning: Reference `prop:dual-formula-for-adjoints' on page 55 undefined 
on input line 2897.


LaTeX Warning: Reference `cor:adjoint-exactness' on page 55 undefined on input 
line 2897.


LaTeX Warning: Reference `thm:tensor-exactness' on page 55 undefined on input l
ine 2897.


LaTeX Warning: Reference `thm:chstruc' on page 56 undefined on input line 2915.



LaTeX Warning: Reference `cor:serreinvserre' on page 56 undefined on input line
 2918.


LaTeX Warning: Reference `sec:radfordftc' on page 56 undefined on input line 29
21.


LaTeX Warning: Reference `fig:Radford_bordism' on page 56 undefined on input li
ne 2925.


LaTeX Warning: Reference `sec:Serre' on page 56 undefined on input line 2925.


LaTeX Warning: Reference `thm:serreisdoubledual' on page 56 undefined on input 
line 2927.


LaTeX Warning: Reference `lem:BimoduleToFunctor' on page 56 undefined on input 
line 2927.


LaTeX Warning: Reference `lem:BimoduleToFunctor' on page 57 undefined on input 
line 2938.


LaTeX Warning: Reference `fig:Radford_bordism' on page 57 undefined on input li
ne 2944.

A tikzpicture has been optimized away. Use '/tikz/external/optimize=false' to d
isable this.
A tikzpicture has been optimized away. Use '/tikz/external/optimize=false' to d
isable this.
A tikzpicture has been optimized away. Use '/tikz/external/optimize=false' to d
isable this.

LaTeX Warning: Reference `sec:enrichedendo' on page 57 undefined on input line 
3014.


LaTeX Warning: Reference `cor:dualamod' on page 57 undefined on input line 3014
.


LaTeX Warning: Reference `lem:dualing-amod' on page 57 undefined on input line 
3014.


Overfull \hbox (3.26018pt too wide) in paragraph at lines 3014--3015
\OT1/cmr/m/n/10 is equiv-a-lent (as a bi-mod-ule) to the cat-e-gory $[](\OMS/cm
sy/m/n/10 C \U/msa/m/n/10 ^^B \OMS/cmsy/m/n/10 C[]\OT1/cmr/m/n/10 )$, where $\O
ML/cmm/m/it/10 A \OT1/cmr/m/n/10 := [][](1[]\OML/cmm/m/it/10 ; \OT1/cmr/m/n/10 
1[]) \OMS/cmsy/m/n/10 2
 []


LaTeX Warning: Reference `cor:dualamod' on page 58 undefined on input line 3031
.


LaTeX Warning: Reference `prop:dual-formula-for-adjoints' on page 58 undefined 
on input line 3031.


LaTeX Warning: Reference `prop:evcoev' on page 58 undefined on input line 3031.



Underfull \vbox (badness 10000) has occurred while \output is active []


LaTeX Warning: Reference `thm:quaddual' on page 59 undefined on input line 3083
.


LaTeX Warning: Reference `thm:quaddual' on page 59 undefined on input line 3090
.


LaTeX Warning: Reference `cor:ssquaddual' on page 59 undefined on input line 30
93.


LaTeX Warning: Reference `prop:computeradford' on page 59 undefined on input li
ne 3093.


LaTeX Warning: Reference `cor:ssquaddual' on page 59 undefined on input line 30
96.


LaTeX Warning: Reference `rem:nonsimp' on page 59 undefined on input line 3096.



LaTeX Warning: Reference `cor:charzerosep' on page 59 undefined on input line 3
104.


LaTeX Warning: Reference `cor:charzeromodulesep' on page 59 undefined on input 
line 3104.


LaTeX Warning: Reference `lma:module-adjoint' on page 60 undefined on input lin
e 3111.


LaTeX Warning: Reference `prop:onedual' on page 60 undefined on input line 3123
.


LaTeX Warning: Reference `prop:evcoev' on page 60 undefined on input line 3123.



LaTeX Warning: Reference `prop:dual-formula-for-adjoints' on page 60 undefined 
on input line 3123.


LaTeX Warning: Reference `prop:bimodfunctadjoints' on page 60 undefined on inpu
t line 3123.


LaTeX Warning: Reference `cor:tcsepexists' on page 60 undefined on input line 3
133.


LaTeX Warning: Reference `thm:compositeOfSep' on page 60 undefined on input lin
e 3133.


LaTeX Warning: Reference `thm:TC-dualizable' on page 60 undefined on input line
 3133.


LaTeX Warning: Reference `cor:Sep=semisimplecenter' on page 61 undefined on inp
ut line 3160.


LaTeX Warning: Reference `Thm:ExactModCatOmnibus' on page 61 undefined on input
 line 3160.


LaTeX Warning: Reference `ex:exactness' on page 61 undefined on input line 3160
.


LaTeX Warning: Reference `eg:semiexact' on page 61 undefined on input line 3160
.


LaTeX Warning: Reference `table:circles' on page 61 undefined on input line 316
2.


LaTeX Warning: Reference `sec:tc-separable' on page 61 undefined on input line 
3162.


LaTeX Warning: Reference `sec:sepandsemi' on page 61 undefined on input line 31
62.


LaTeX Warning: Reference `prop:evcoev' on page 61 undefined on input line 3171.



LaTeX Warning: Reference `thm:DelignePrdtOverATCExists' on page 61 undefined on
 input line 3171.


LaTeX Warning: Reference `cor:fusiontft' on page 62 undefined on input line 318
4.


LaTeX Warning: Reference `thm:TC_is_2Dualizable' on page 62 undefined on input 
line 3195.


LaTeX Warning: Reference `thm:serreisdoubledual' on page 62 undefined on input 
line 3197.


LaTeX Warning: Reference `lem:BimoduleToFunctor' on page 62 undefined on input 
line 3197.


LaTeX Warning: Reference `sec:topquaddual' on page 63 undefined on input line 3
206.


LaTeX Warning: Reference `def:spherical' on page 63 undefined on input line 322
0.


LaTeX Warning: Citation `rivano' undefined on input line 3230.

Appendix A

LaTeX Warning: Reference `def:Adjoints' on page 67 undefined on input line 3302
.

No file Pictures/DTCI-memo-figure33.bbl.
\newlabel{tocindent-1}{0pt}
\newlabel{tocindent0}{66.11127pt}
\newlabel{tocindent1}{17.77782pt}
\newlabel{tocindent2}{29.38873pt}
\newlabel{tocindent3}{0pt}
Package atveryend Info: Empty hook `BeforeClearDocument' on input line 3353.
Package atveryend Info: Empty hook `AfterLastShipout' on input line 3353.
Package atveryend Info: Executing hook `AtVeryEndDocument' on input line 3353.
Package atveryend Info: Empty hook `AtEndAfterFileList' on input line 3353.

LaTeX Warning: There were undefined references.

Package atveryend Info: Empty hook `AtVeryVeryEnd' on input line 3353.
 ) 
Here is how much of TeX's memory you used:
 26331 strings out of 493488
 545801 string characters out of 3141326
 771910 words of memory out of 3000000
 28958 multiletter control sequences out of 15000+200000
 15771 words of font info for 63 fonts, out of 3000000 for 9000
 1120 hyphenation exceptions out of 8191
 68i,21n,76p,3301b,6160s stack positions out of 5000i,500n,10000p,200000b,50000s
</usr/local/texlive/2012/texmf-dist/fonts/type1/public/amsfonts/cm/cmmi7.pfb>
</usr/local/texlive/2012/texmf-dist/fonts/type1/public/amsfonts/cm/cmr10.pfb>
Output written on Pictures/DTCI-memo-figure33.pdf (1 page, 22992 bytes).
PDF statistics:
 32 PDF objects out of 1000 (max. 8388607)
 14 compressed objects within 1 object stream
 0 named destinations out of 1000 (max. 500000)
 13 words of extra memory for PDF output out of 10000 (max. 10000000)

