This is pdfTeX, Version 3.14159265-2.6-1.40.17 (TeX Live 2016) (preloaded format=pdflatex 2016.5.22)  9 JAN 2018 14:44
entering extended mode
 \write18 enabled.
 %&-line parsing enabled.
**\def\tikzexternalrealjob{DTCI-memo}\input{DTCI-memo}
(./DTCI-memo.tex (./memo-l.cls
Document Class: memo-l 2014/05/27 v3.23 MEMO Author Class
(/usr/local/texlive/2016/texmf-dist/tex/latex/amscls/amsbook.cls
Document Class: amsbook 2015/03/04 v2.20.2
\linespacing=\dimen102
\normalparindent=\dimen103
\normaltopskip=\skip41
(/usr/local/texlive/2016/texmf-dist/tex/latex/amsmath/amsmath.sty
Package: amsmath 2016/03/10 v2.15b AMS math features
\@mathmargin=\skip42
For additional information on amsmath, use the `?' option.
(/usr/local/texlive/2016/texmf-dist/tex/latex/amsmath/amstext.sty
Package: amstext 2000/06/29 v2.01 AMS text
(/usr/local/texlive/2016/texmf-dist/tex/latex/amsmath/amsgen.sty
File: amsgen.sty 1999/11/30 v2.0 generic functions
\@emptytoks=\toks14
\ex@=\dimen104
)) (/usr/local/texlive/2016/texmf-dist/tex/latex/amsmath/amsbsy.sty
Package: amsbsy 1999/11/29 v1.2d Bold Symbols
\pmbraise@=\dimen105
) (/usr/local/texlive/2016/texmf-dist/tex/latex/amsmath/amsopn.sty
Package: amsopn 2016/03/08 v2.02 operator names
)
\inf@bad=\count79
LaTeX Info: Redefining \frac on input line 199.
\uproot@=\count80
\leftroot@=\count81
LaTeX Info: Redefining \overline on input line 297.
\classnum@=\count82
\DOTSCASE@=\count83
LaTeX Info: Redefining \ldots on input line 394.
LaTeX Info: Redefining \dots on input line 397.
LaTeX Info: Redefining \cdots on input line 518.
\Mathstrutbox@=\box26
\strutbox@=\box27
\big@size=\dimen106
LaTeX Font Info:    Redeclaring font encoding OML on input line 634.
LaTeX Font Info:    Redeclaring font encoding OMS on input line 635.
\macc@depth=\count84
\c@MaxMatrixCols=\count85
\dotsspace@=\muskip10
\c@parentequation=\count86
\dspbrk@lvl=\count87
\tag@help=\toks15
\row@=\count88
\column@=\count89
\maxfields@=\count90
\andhelp@=\toks16
\eqnshift@=\dimen107
\alignsep@=\dimen108
\tagshift@=\dimen109
\tagwidth@=\dimen110
\totwidth@=\dimen111
\lineht@=\dimen112
\@envbody=\toks17
\multlinegap=\skip43
\multlinetaggap=\skip44
\mathdisplay@stack=\toks18
LaTeX Info: Redefining \[ on input line 2739.
LaTeX Info: Redefining \] on input line 2740.
)
LaTeX Font Info:    Try loading font information for U+msa on input line 367.
(/usr/local/texlive/2016/texmf-dist/tex/latex/amsfonts/umsa.fd
File: umsa.fd 2013/01/14 v3.01 AMS symbols A
) (/usr/local/texlive/2016/texmf-dist/tex/latex/amsfonts/amsfonts.sty
Package: amsfonts 2013/01/14 v3.01 Basic AMSFonts support
\symAMSa=\mathgroup4
\symAMSb=\mathgroup5
LaTeX Font Info:    Overwriting math alphabet `\mathfrak' in version `bold'
(Font)                  U/euf/m/n --> U/euf/b/n on input line 106.
)
\copyins=\insert199
\abstractbox=\box28
\listisep=\skip45
\c@part=\count91
\c@chapter=\count92
\c@section=\count93
\c@subsection=\count94
\c@subsubsection=\count95
\c@paragraph=\count96
\c@subparagraph=\count97
\c@figure=\count98
\c@table=\count99
\abovecaptionskip=\skip46
\belowcaptionskip=\skip47
\captionindent=\dimen113
\thm@style=\toks19
\thm@bodyfont=\toks20
\thm@headfont=\toks21
\thm@notefont=\toks22
\thm@headpunct=\toks23
\thm@preskip=\skip48
\thm@postskip=\skip49
\thm@headsep=\skip50
\dth@everypar=\toks24
))
\@input{DTC-Preamble.aux}
\openout2 = `DTC-Preamble.aux'.

(./DTC-Preamble.tex (/usr/local/texlive/2016/texmf-dist/tex/latex/amsfonts/amss
ymb.sty
Package: amssymb 2013/01/14 v3.01 AMS font symbols
) (/usr/local/texlive/2016/texmf-dist/tex/generic/xypic/xy.sty (/usr/local/texl
ive/2016/texmf-dist/tex/generic/xypic/xy.tex Bootstrap'ing: catcodes, docmode, 
(/usr/local/texlive/2016/texmf-dist/tex/generic/xypic/xyrecat.tex) (/usr/local/
texlive/2016/texmf-dist/tex/generic/xypic/xyidioms.tex)

 Xy-pic version 3.8.9 <2013/10/06>
 Copyright (c) 1991-2013 by Kristoffer H. Rose <krisrose@tug.org> and others
 Xy-pic is free software: see the User's Guide for details.

Loading kernel: messages; fonts; allocations: state,
\X@c=\dimen114
\Y@c=\dimen115
\U@c=\dimen116
\D@c=\dimen117
\L@c=\dimen118
\R@c=\dimen119
\Edge@c=\toks25
\X@p=\dimen120
\Y@p=\dimen121
\U@p=\dimen122
\D@p=\dimen123
\L@p=\dimen124
\R@p=\dimen125
\Edge@p=\toks26
\X@origin=\dimen126
\Y@origin=\dimen127
\X@xbase=\dimen128
\Y@xbase=\dimen129
\X@ybase=\dimen130
\Y@ybase=\dimen131
\X@min=\dimen132
\Y@min=\dimen133
\X@max=\dimen134
\Y@max=\dimen135
\lastobjectbox@=\box29
\zerodotbox@=\box30
\almostz@=\dimen136
direction,
\d@X=\dimen137
\d@Y=\dimen138
\K@=\count100
\KK@=\count101
\Direction=\count102
\K@dXdY=\dimen139
\K@dYdX=\dimen140
\xyread@=\read1
\xywrite@=\write3
\csp@=\count103
\quotPTK@=\dimen141
utility macros; pictures: \xy, positions,
\swaptoks@@=\toks27
\connectobjectbox@@=\box31
objects,
\styletoks@=\toks28
decorations; kernel objects: directionals, circles, text; options; algorithms: 
directions, edges, connections;  Xy-pic loaded) (/usr/local/texlive/2016/texmf-
dist/tex/generic/oberdiek/ifpdf.sty
Package: ifpdf 2016/05/14 v3.1 Provides the ifpdf switch
)
Package: xy 2013/10/06 Xy-pic version 3.8.9
(/usr/local/texlive/2016/texmf-dist/tex/generic/xypic/xyall.tex  Xy-pic option:
 All features v.3.8 (/usr/local/texlive/2016/texmf-dist/tex/generic/xypic/xycur
ve.tex  Xy-pic option: Curve and Spline extension v.3.12 curve,
\crv@cnt@=\count104
\crvpts@=\toks29
\splinebox@=\box32
\splineval@=\dimen142
\splinedepth@=\dimen143
\splinetol@=\dimen144
\splinelength@=\dimen145
circles,
\L@=\dimen146
loaded) (/usr/local/texlive/2016/texmf-dist/tex/generic/xypic/xyframe.tex  Xy-p
ic option: Frame and Bracket extension v.3.14 loaded) (/usr/local/texlive/2016/
texmf-dist/tex/generic/xypic/xycmtip.tex  Xy-pic option: Computer Modern tip ex
tension v.3.7 (/usr/local/texlive/2016/texmf-dist/tex/generic/xypic/xytips.tex 
 Xy-pic option: More Tips extension v.3.11 loaded) loaded) (/usr/local/texlive/
2016/texmf-dist/tex/generic/xypic/xyline.tex  Xy-pic option: Line styles extens
ion v.3.10
\xylinethick@=\dimen147
loaded) (/usr/local/texlive/2016/texmf-dist/tex/generic/xypic/xyrotate.tex  Xy-
pic option: Rotate and Scale extension v.3.8 loaded) (/usr/local/texlive/2016/t
exmf-dist/tex/generic/xypic/xycolor.tex  Xy-pic option: Colour extension v.3.11
loaded) (/usr/local/texlive/2016/texmf-dist/tex/generic/xypic/xymatrix.tex  Xy-
pic option: Matrix feature v.3.14
\Row=\count105
\Col=\count106
\queue@=\toks30
\queue@@=\toks31
\qcount@=\count107
\qcount@@=\count108
\matrixsize@=\count109
loaded) (/usr/local/texlive/2016/texmf-dist/tex/generic/xypic/xyarrow.tex  Xy-p
ic option: Arrow and Path feature v.3.9 path, \ar, loaded) (/usr/local/texlive/
2016/texmf-dist/tex/generic/xypic/xygraph.tex  Xy-pic option: Graph feature v.3
.11 loaded) loaded) (/usr/local/texlive/2016/texmf-dist/tex/generic/xypic/xypdf
.tex  Xy-pic option: PDF driver v.1.7 Xy-pic pdf driver: `color' extension supp
ort (/usr/local/texlive/2016/texmf-dist/tex/generic/xypic/xypdf-co.tex loaded) 
Xy-pic pdf driver: `curve' extension support (/usr/local/texlive/2016/texmf-dis
t/tex/generic/xypic/xypdf-cu.tex loaded) Xy-pic pdf driver: `frame' extension s
upport (/usr/local/texlive/2016/texmf-dist/tex/generic/xypic/xypdf-fr.tex loade
d) Xy-pic pdf driver: `line' extension support (/usr/local/texlive/2016/texmf-d
ist/tex/generic/xypic/xypdf-li.tex loaded) Xy-pic pdf driver: `rotate' extensio
n support (/usr/local/texlive/2016/texmf-dist/tex/generic/xypic/xypdf-ro.tex lo
aded) loaded)) (/usr/local/texlive/2016/texmf-dist/tex/latex/tools/xspace.sty
Package: xspace 2014/10/28 v1.13 Space after command names (DPC,MH)
) (/usr/local/texlive/2016/texmf-dist/tex/latex/tools/calc.sty
Package: calc 2014/10/28 v4.3 Infix arithmetic (KKT,FJ)
\calc@Acount=\count110
\calc@Bcount=\count111
\calc@Adimen=\dimen148
\calc@Bdimen=\dimen149
\calc@Askip=\skip51
\calc@Bskip=\skip52
LaTeX Info: Redefining \setlength on input line 80.
LaTeX Info: Redefining \addtolength on input line 81.
\calc@Ccount=\count112
\calc@Cskip=\skip53
) (/usr/local/texlive/2016/texmf-dist/tex/latex/comment/comment.sty
\CommentStream=\write4
Excluding comment 'comment') (/usr/local/texlive/2016/texmf-dist/tex/latex/pgfp
lots/pgfplots.sty (/usr/local/texlive/2016/texmf-dist/tex/generic/pgfplots/pgfp
lots.revision.tex)
Package: pgfplots 2016/01/06 v1.13 Data Visualization (1.13)
(/usr/local/texlive/2016/texmf-dist/tex/latex/pgf/frontendlayer/tikz.sty (/usr/
local/texlive/2016/texmf-dist/tex/latex/pgf/basiclayer/pgf.sty (/usr/local/texl
ive/2016/texmf-dist/tex/latex/pgf/utilities/pgfrcs.sty
(/usr/local/texlive/2016/texmf-dist/tex/generic/pgf/utilities/pgfutil-common.te
x
\pgfutil@everybye=\toks32
\pgfutil@tempdima=\dimen150
\pgfutil@tempdimb=\dimen151

(/usr/local/texlive/2016/texmf-dist/tex/generic/pgf/utilities/pgfutil-common-li
sts.tex))
(/usr/local/texlive/2016/texmf-dist/tex/generic/pgf/utilities/pgfutil-latex.def
\pgfutil@abb=\box33
(/usr/local/texlive/2016/texmf-dist/tex/latex/ms/everyshi.sty
Package: everyshi 2001/05/15 v3.00 EveryShipout Package (MS)
)) (/usr/local/texlive/2016/texmf-dist/tex/generic/pgf/utilities/pgfrcs.code.te
x
Package: pgfrcs 2015/08/07 v3.0.1a (rcs-revision 1.31)
))
Package: pgf 2015/08/07 v3.0.1a (rcs-revision 1.15)
(/usr/local/texlive/2016/texmf-dist/tex/latex/pgf/basiclayer/pgfcore.sty (/usr/
local/texlive/2016/texmf-dist/tex/latex/graphics/graphicx.sty
Package: graphicx 2014/10/28 v1.0g Enhanced LaTeX Graphics (DPC,SPQR)
(/usr/local/texlive/2016/texmf-dist/tex/latex/graphics/keyval.sty
Package: keyval 2014/10/28 v1.15 key=value parser (DPC)
\KV@toks@=\toks33
) (/usr/local/texlive/2016/texmf-dist/tex/latex/graphics/graphics.sty
Package: graphics 2016/05/09 v1.0r Standard LaTeX Graphics (DPC,SPQR)
(/usr/local/texlive/2016/texmf-dist/tex/latex/graphics/trig.sty
Package: trig 2016/01/03 v1.10 sin cos tan (DPC)
) (/usr/local/texlive/2016/texmf-dist/tex/latex/graphics-cfg/graphics.cfg
File: graphics.cfg 2016/01/02 v1.10 sample graphics configuration
)
Package graphics Info: Driver file: pdftex.def on input line 96.
(/usr/local/texlive/2016/texmf-dist/tex/latex/pdftex-def/pdftex.def
File: pdftex.def 2011/05/27 v0.06d Graphics/color for pdfTeX
(/usr/local/texlive/2016/texmf-dist/tex/generic/oberdiek/infwarerr.sty
Package: infwarerr 2016/05/16 v1.4 Providing info/warning/error messages (HO)
) (/usr/local/texlive/2016/texmf-dist/tex/generic/oberdiek/ltxcmds.sty
Package: ltxcmds 2016/05/16 v1.23 LaTeX kernel commands for general use (HO)
)
\Gread@gobject=\count113
))
\Gin@req@height=\dimen152
\Gin@req@width=\dimen153
) (/usr/local/texlive/2016/texmf-dist/tex/latex/pgf/systemlayer/pgfsys.sty
(/usr/local/texlive/2016/texmf-dist/tex/generic/pgf/systemlayer/pgfsys.code.tex
Package: pgfsys 2014/07/09 v3.0.1a (rcs-revision 1.48)
(/usr/local/texlive/2016/texmf-dist/tex/generic/pgf/utilities/pgfkeys.code.tex
\pgfkeys@pathtoks=\toks34
\pgfkeys@temptoks=\toks35

(/usr/local/texlive/2016/texmf-dist/tex/generic/pgf/utilities/pgfkeysfiltered.c
ode.tex
\pgfkeys@tmptoks=\toks36
))
\pgf@x=\dimen154
\pgf@y=\dimen155
\pgf@xa=\dimen156
\pgf@ya=\dimen157
\pgf@xb=\dimen158
\pgf@yb=\dimen159
\pgf@xc=\dimen160
\pgf@yc=\dimen161
\w@pgf@writea=\write5
\r@pgf@reada=\read2
\c@pgf@counta=\count114
\c@pgf@countb=\count115
\c@pgf@countc=\count116
\c@pgf@countd=\count117
\t@pgf@toka=\toks37
\t@pgf@tokb=\toks38
\t@pgf@tokc=\toks39
(/usr/local/texlive/2016/texmf-dist/tex/generic/pgf/systemlayer/pgf.cfg
File: pgf.cfg 2008/05/14  (rcs-revision 1.7)
)
Driver file for pgf: pgfsys-pdftex.def

(/usr/local/texlive/2016/texmf-dist/tex/generic/pgf/systemlayer/pgfsys-pdftex.d
ef
File: pgfsys-pdftex.def 2014/10/11  (rcs-revision 1.35)

(/usr/local/texlive/2016/texmf-dist/tex/generic/pgf/systemlayer/pgfsys-common-p
df.def
File: pgfsys-common-pdf.def 2013/10/10  (rcs-revision 1.13)
)))
(/usr/local/texlive/2016/texmf-dist/tex/generic/pgf/systemlayer/pgfsyssoftpath.
code.tex
File: pgfsyssoftpath.code.tex 2013/09/09  (rcs-revision 1.9)
\pgfsyssoftpath@smallbuffer@items=\count118
\pgfsyssoftpath@bigbuffer@items=\count119
)
(/usr/local/texlive/2016/texmf-dist/tex/generic/pgf/systemlayer/pgfsysprotocol.
code.tex
File: pgfsysprotocol.code.tex 2006/10/16  (rcs-revision 1.4)
)) (/usr/local/texlive/2016/texmf-dist/tex/latex/xcolor/xcolor.sty
Package: xcolor 2016/05/11 v2.12 LaTeX color extensions (UK)
(/usr/local/texlive/2016/texmf-dist/tex/latex/graphics-cfg/color.cfg
File: color.cfg 2016/01/02 v1.6 sample color configuration
)
Package xcolor Info: Driver file: pdftex.def on input line 225.
Package xcolor Info: Model `cmy' substituted by `cmy0' on input line 1348.
Package xcolor Info: Model `hsb' substituted by `rgb' on input line 1352.
Package xcolor Info: Model `RGB' extended on input line 1364.
Package xcolor Info: Model `HTML' substituted by `rgb' on input line 1366.
Package xcolor Info: Model `Hsb' substituted by `hsb' on input line 1367.
Package xcolor Info: Model `tHsb' substituted by `hsb' on input line 1368.
Package xcolor Info: Model `HSB' substituted by `hsb' on input line 1369.
Package xcolor Info: Model `Gray' substituted by `gray' on input line 1370.
Package xcolor Info: Model `wave' substituted by `hsb' on input line 1371.
)
(/usr/local/texlive/2016/texmf-dist/tex/generic/pgf/basiclayer/pgfcore.code.tex
Package: pgfcore 2010/04/11 v3.0.1a (rcs-revision 1.7)
(/usr/local/texlive/2016/texmf-dist/tex/generic/pgf/math/pgfmath.code.tex (/usr
/local/texlive/2016/texmf-dist/tex/generic/pgf/math/pgfmathcalc.code.tex (/usr/
local/texlive/2016/texmf-dist/tex/generic/pgf/math/pgfmathutil.code.tex)
(/usr/local/texlive/2016/texmf-dist/tex/generic/pgf/math/pgfmathparser.code.tex
\pgfmath@dimen=\dimen162
\pgfmath@count=\count120
\pgfmath@box=\box34
\pgfmath@toks=\toks40
\pgfmath@stack@operand=\toks41
\pgfmath@stack@operation=\toks42
)
(/usr/local/texlive/2016/texmf-dist/tex/generic/pgf/math/pgfmathfunctions.code.
tex
(/usr/local/texlive/2016/texmf-dist/tex/generic/pgf/math/pgfmathfunctions.basic
.code.tex)
(/usr/local/texlive/2016/texmf-dist/tex/generic/pgf/math/pgfmathfunctions.trigo
nometric.code.tex)
(/usr/local/texlive/2016/texmf-dist/tex/generic/pgf/math/pgfmathfunctions.rando
m.code.tex)
(/usr/local/texlive/2016/texmf-dist/tex/generic/pgf/math/pgfmathfunctions.compa
rison.code.tex)
(/usr/local/texlive/2016/texmf-dist/tex/generic/pgf/math/pgfmathfunctions.base.
code.tex)
(/usr/local/texlive/2016/texmf-dist/tex/generic/pgf/math/pgfmathfunctions.round
.code.tex)
(/usr/local/texlive/2016/texmf-dist/tex/generic/pgf/math/pgfmathfunctions.misc.
code.tex)
(/usr/local/texlive/2016/texmf-dist/tex/generic/pgf/math/pgfmathfunctions.integ
erarithmetics.code.tex))) (/usr/local/texlive/2016/texmf-dist/tex/generic/pgf/m
ath/pgfmathfloat.code.tex
\c@pgfmathroundto@lastzeros=\count121
))
(/usr/local/texlive/2016/texmf-dist/tex/generic/pgf/basiclayer/pgfcorepoints.co
de.tex
File: pgfcorepoints.code.tex 2013/10/07  (rcs-revision 1.27)
\pgf@picminx=\dimen163
\pgf@picmaxx=\dimen164
\pgf@picminy=\dimen165
\pgf@picmaxy=\dimen166
\pgf@pathminx=\dimen167
\pgf@pathmaxx=\dimen168
\pgf@pathminy=\dimen169
\pgf@pathmaxy=\dimen170
\pgf@xx=\dimen171
\pgf@xy=\dimen172
\pgf@yx=\dimen173
\pgf@yy=\dimen174
\pgf@zx=\dimen175
\pgf@zy=\dimen176
)
(/usr/local/texlive/2016/texmf-dist/tex/generic/pgf/basiclayer/pgfcorepathconst
ruct.code.tex
File: pgfcorepathconstruct.code.tex 2013/10/07  (rcs-revision 1.29)
\pgf@path@lastx=\dimen177
\pgf@path@lasty=\dimen178
)
(/usr/local/texlive/2016/texmf-dist/tex/generic/pgf/basiclayer/pgfcorepathusage
.code.tex
File: pgfcorepathusage.code.tex 2014/11/02  (rcs-revision 1.24)
\pgf@shorten@end@additional=\dimen179
\pgf@shorten@start@additional=\dimen180
)
(/usr/local/texlive/2016/texmf-dist/tex/generic/pgf/basiclayer/pgfcorescopes.co
de.tex
File: pgfcorescopes.code.tex 2015/05/08  (rcs-revision 1.46)
\pgfpic=\box35
\pgf@hbox=\box36
\pgf@layerbox@main=\box37
\pgf@picture@serial@count=\count122
)
(/usr/local/texlive/2016/texmf-dist/tex/generic/pgf/basiclayer/pgfcoregraphicst
ate.code.tex
File: pgfcoregraphicstate.code.tex 2014/11/02  (rcs-revision 1.12)
\pgflinewidth=\dimen181
)
(/usr/local/texlive/2016/texmf-dist/tex/generic/pgf/basiclayer/pgfcoretransform
ations.code.tex
File: pgfcoretransformations.code.tex 2015/08/07  (rcs-revision 1.20)
\pgf@pt@x=\dimen182
\pgf@pt@y=\dimen183
\pgf@pt@temp=\dimen184
)
(/usr/local/texlive/2016/texmf-dist/tex/generic/pgf/basiclayer/pgfcorequick.cod
e.tex
File: pgfcorequick.code.tex 2008/10/09  (rcs-revision 1.3)
)
(/usr/local/texlive/2016/texmf-dist/tex/generic/pgf/basiclayer/pgfcoreobjects.c
ode.tex
File: pgfcoreobjects.code.tex 2006/10/11  (rcs-revision 1.2)
)
(/usr/local/texlive/2016/texmf-dist/tex/generic/pgf/basiclayer/pgfcorepathproce
ssing.code.tex
File: pgfcorepathprocessing.code.tex 2013/09/09  (rcs-revision 1.9)
)
(/usr/local/texlive/2016/texmf-dist/tex/generic/pgf/basiclayer/pgfcorearrows.co
de.tex
File: pgfcorearrows.code.tex 2015/05/14  (rcs-revision 1.43)
\pgfarrowsep=\dimen185
)
(/usr/local/texlive/2016/texmf-dist/tex/generic/pgf/basiclayer/pgfcoreshade.cod
e.tex
File: pgfcoreshade.code.tex 2013/07/15  (rcs-revision 1.15)
\pgf@max=\dimen186
\pgf@sys@shading@range@num=\count123
)
(/usr/local/texlive/2016/texmf-dist/tex/generic/pgf/basiclayer/pgfcoreimage.cod
e.tex
File: pgfcoreimage.code.tex 2013/07/15  (rcs-revision 1.18)

(/usr/local/texlive/2016/texmf-dist/tex/generic/pgf/basiclayer/pgfcoreexternal.
code.tex
File: pgfcoreexternal.code.tex 2014/07/09  (rcs-revision 1.21)
\pgfexternal@startupbox=\box38
))
(/usr/local/texlive/2016/texmf-dist/tex/generic/pgf/basiclayer/pgfcorelayers.co
de.tex
File: pgfcorelayers.code.tex 2013/07/18  (rcs-revision 1.7)
)
(/usr/local/texlive/2016/texmf-dist/tex/generic/pgf/basiclayer/pgfcoretranspare
ncy.code.tex
File: pgfcoretransparency.code.tex 2013/09/30  (rcs-revision 1.5)
)
(/usr/local/texlive/2016/texmf-dist/tex/generic/pgf/basiclayer/pgfcorepatterns.
code.tex
File: pgfcorepatterns.code.tex 2013/11/07  (rcs-revision 1.5)
)))
(/usr/local/texlive/2016/texmf-dist/tex/generic/pgf/modules/pgfmoduleshapes.cod
e.tex
File: pgfmoduleshapes.code.tex 2014/03/21  (rcs-revision 1.35)
\pgfnodeparttextbox=\box39
)
(/usr/local/texlive/2016/texmf-dist/tex/generic/pgf/modules/pgfmoduleplot.code.
tex
File: pgfmoduleplot.code.tex 2015/08/03  (rcs-revision 1.13)
)
(/usr/local/texlive/2016/texmf-dist/tex/latex/pgf/compatibility/pgfcomp-version
-0-65.sty
Package: pgfcomp-version-0-65 2007/07/03 v3.0.1a (rcs-revision 1.7)
\pgf@nodesepstart=\dimen187
\pgf@nodesepend=\dimen188
)
(/usr/local/texlive/2016/texmf-dist/tex/latex/pgf/compatibility/pgfcomp-version
-1-18.sty
Package: pgfcomp-version-1-18 2007/07/23 v3.0.1a (rcs-revision 1.1)
)) (/usr/local/texlive/2016/texmf-dist/tex/latex/pgf/utilities/pgffor.sty (/usr
/local/texlive/2016/texmf-dist/tex/latex/pgf/utilities/pgfkeys.sty (/usr/local/
texlive/2016/texmf-dist/tex/generic/pgf/utilities/pgfkeys.code.tex)) (/usr/loca
l/texlive/2016/texmf-dist/tex/latex/pgf/math/pgfmath.sty (/usr/local/texlive/20
16/texmf-dist/tex/generic/pgf/math/pgfmath.code.tex)) (/usr/local/texlive/2016/
texmf-dist/tex/generic/pgf/utilities/pgffor.code.tex
Package: pgffor 2013/12/13 v3.0.1a (rcs-revision 1.25)
(/usr/local/texlive/2016/texmf-dist/tex/generic/pgf/math/pgfmath.code.tex)
\pgffor@iter=\dimen189
\pgffor@skip=\dimen190
\pgffor@stack=\toks43
\pgffor@toks=\toks44
))
(/usr/local/texlive/2016/texmf-dist/tex/generic/pgf/frontendlayer/tikz/tikz.cod
e.tex
Package: tikz 2015/08/07 v3.0.1a (rcs-revision 1.151)

(/usr/local/texlive/2016/texmf-dist/tex/generic/pgf/libraries/pgflibraryplothan
dlers.code.tex
File: pgflibraryplothandlers.code.tex 2013/08/31 v3.0.1a (rcs-revision 1.20)
\pgf@plot@mark@count=\count124
\pgfplotmarksize=\dimen191
)
\tikz@lastx=\dimen192
\tikz@lasty=\dimen193
\tikz@lastxsaved=\dimen194
\tikz@lastysaved=\dimen195
\tikzleveldistance=\dimen196
\tikzsiblingdistance=\dimen197
\tikz@figbox=\box40
\tikz@figbox@bg=\box41
\tikz@tempbox=\box42
\tikz@tempbox@bg=\box43
\tikztreelevel=\count125
\tikznumberofchildren=\count126
\tikznumberofcurrentchild=\count127
\tikz@fig@count=\count128

(/usr/local/texlive/2016/texmf-dist/tex/generic/pgf/modules/pgfmodulematrix.cod
e.tex
File: pgfmodulematrix.code.tex 2013/09/17  (rcs-revision 1.8)
\pgfmatrixcurrentrow=\count129
\pgfmatrixcurrentcolumn=\count130
\pgf@matrix@numberofcolumns=\count131
)
\tikz@expandcount=\count132

(/usr/local/texlive/2016/texmf-dist/tex/generic/pgf/frontendlayer/tikz/librarie
s/tikzlibrarytopaths.code.tex
File: tikzlibrarytopaths.code.tex 2008/06/17 v3.0.1a (rcs-revision 1.2)
))) (/usr/local/texlive/2016/texmf-dist/tex/generic/pgfplots/pgfplots.code.tex 
(/usr/local/texlive/2016/texmf-dist/tex/generic/pgfplots/pgfplotscore.code.tex
\t@pgfplots@toka=\toks45
\t@pgfplots@tokb=\toks46
\t@pgfplots@tokc=\toks47
\pgfplots@tmpa=\dimen198
\c@pgfplots@coordindex=\count133
\c@pgfplots@scanlineindex=\count134

(/usr/local/texlive/2016/texmf-dist/tex/generic/pgfplots/sys/pgfplotssysgeneric
.code.tex))
(/usr/local/texlive/2016/texmf-dist/tex/generic/pgfplots/libs/pgfplotslibrary.c
ode.tex)
(/usr/local/texlive/2016/texmf-dist/tex/generic/pgfplots/oldpgfcompatib/pgfplot
soldpgfsupp_loader.code.tex
(/usr/local/texlive/2016/texmf-dist/tex/generic/pgf/libraries/pgflibraryfpu.cod
e.tex)
Package pgfplots: loading complementary arithmetics for your pgf version...

(/usr/local/texlive/2016/texmf-dist/tex/generic/pgfplots/oldpgfcompatib/pgfplot
soldpgfsupp_pgflibraryfpu.code.tex)
(/usr/local/texlive/2016/texmf-dist/tex/generic/pgfplots/oldpgfcompatib/pgfplot
soldpgfsupp_pgfmathfloat.code.tex
\c@pgfmathroundto@lastzeros=\count135
))
(/usr/local/texlive/2016/texmf-dist/tex/generic/pgfplots/util/pgfplotsutil.code
.tex
(/usr/local/texlive/2016/texmf-dist/tex/generic/pgfplots/liststructure/pgfplots
liststructure.code.tex)
(/usr/local/texlive/2016/texmf-dist/tex/generic/pgfplots/liststructure/pgfplots
liststructureext.code.tex)
(/usr/local/texlive/2016/texmf-dist/tex/generic/pgfplots/liststructure/pgfplots
array.code.tex
\c@pgfplotsarray@tmp=\count136
)
(/usr/local/texlive/2016/texmf-dist/tex/generic/pgfplots/liststructure/pgfplots
matrix.code.tex)
(/usr/local/texlive/2016/texmf-dist/tex/generic/pgfplots/numtable/pgfplotstable
shared.code.tex
\c@pgfplotstable@counta=\count137
\t@pgfplotstable@a=\toks48
)
(/usr/local/texlive/2016/texmf-dist/tex/generic/pgfplots/liststructure/pgfplots
deque.code.tex)
(/usr/local/texlive/2016/texmf-dist/tex/generic/pgfplots/util/pgfplotsbinary.co
de.tex
(/usr/local/texlive/2016/texmf-dist/tex/generic/pgfplots/util/pgfplotsbinary.da
ta.code.tex))
(/usr/local/texlive/2016/texmf-dist/tex/generic/pgfplots/util/pgfplotsutil.verb
.code.tex)
(/usr/local/texlive/2016/texmf-dist/tex/generic/pgfplots/libs/pgflibrarypgfplot
s.surfshading.code.tex
\c@pgfplotslibrarysurf@no=\count138

(/usr/local/texlive/2016/texmf-dist/tex/generic/pgfplots/sys/pgflibrarypgfplots
.surfshading.pgfsys-pdftex.def)))
(/usr/local/texlive/2016/texmf-dist/tex/generic/pgfplots/util/pgfplotscolormap.
code.tex
(/usr/local/texlive/2016/texmf-dist/tex/generic/pgfplots/util/pgfplotscolor.cod
e.tex))
(/usr/local/texlive/2016/texmf-dist/tex/generic/pgfplots/pgfplotsstackedplots.c
ode.tex)
(/usr/local/texlive/2016/texmf-dist/tex/generic/pgfplots/pgfplotsplothandlers.c
ode.tex
(/usr/local/texlive/2016/texmf-dist/tex/generic/pgfplots/pgfplotsmeshplothandle
r.code.tex
(/usr/local/texlive/2016/texmf-dist/tex/generic/pgfplots/pgfplotsmeshplotimage.
code.tex)))
(/usr/local/texlive/2016/texmf-dist/tex/generic/pgfplots/pgfplots.scaling.code.
tex)
(/usr/local/texlive/2016/texmf-dist/tex/generic/pgfplots/pgfplotscoordprocessin
g.code.tex)
(/usr/local/texlive/2016/texmf-dist/tex/generic/pgfplots/pgfplots.errorbars.cod
e.tex)
(/usr/local/texlive/2016/texmf-dist/tex/generic/pgfplots/pgfplots.markers.code.
tex)
(/usr/local/texlive/2016/texmf-dist/tex/generic/pgfplots/pgfplotsticks.code.tex
)
(/usr/local/texlive/2016/texmf-dist/tex/generic/pgfplots/pgfplots.paths.code.te
x)
(/usr/local/texlive/2016/texmf-dist/tex/generic/pgf/frontendlayer/tikz/librarie
s/tikzlibrarydecorations.code.tex
(/usr/local/texlive/2016/texmf-dist/tex/generic/pgf/modules/pgfmoduledecoration
s.code.tex
\pgfdecoratedcompleteddistance=\dimen256
\pgfdecoratedremainingdistance=\dimen257
\pgfdecoratedinputsegmentcompleteddistance=\dimen258
\pgfdecoratedinputsegmentremainingdistance=\dimen259
\pgf@decorate@distancetomove=\dimen260
\pgf@decorate@repeatstate=\count139
\pgfdecorationsegmentamplitude=\dimen261
\pgfdecorationsegmentlength=\dimen262
)
\tikz@lib@dec@box=\box44
)
(/usr/local/texlive/2016/texmf-dist/tex/generic/pgf/frontendlayer/tikz/librarie
s/tikzlibrarydecorations.pathmorphing.code.tex
(/usr/local/texlive/2016/texmf-dist/tex/generic/pgf/libraries/decorations/pgfli
brarydecorations.pathmorphing.code.tex))
(/usr/local/texlive/2016/texmf-dist/tex/generic/pgf/frontendlayer/tikz/librarie
s/tikzlibrarydecorations.pathreplacing.code.tex
(/usr/local/texlive/2016/texmf-dist/tex/generic/pgf/libraries/decorations/pgfli
brarydecorations.pathreplacing.code.tex))
\pgfplots@numplots=\count140
\pgfplots@xmin@reg=\dimen263
\pgfplots@xmax@reg=\dimen264
\pgfplots@ymin@reg=\dimen265
\pgfplots@ymax@reg=\dimen266
\pgfplots@zmin@reg=\dimen267
\pgfplots@zmax@reg=\dimen268
)
(/usr/local/texlive/2016/texmf-dist/tex/generic/pgf/frontendlayer/tikz/librarie
s/tikzlibraryplotmarks.code.tex
File: tikzlibraryplotmarks.code.tex 2008/01/09 v3.0.1a (rcs-revision 1.1)

(/usr/local/texlive/2016/texmf-dist/tex/generic/pgf/libraries/pgflibraryplotmar
ks.code.tex
File: pgflibraryplotmarks.code.tex 2015/08/03 v3.0.1a (rcs-revision 1.14)
))) (/usr/local/texlive/2016/texmf-dist/tex/latex/mathtools/mathtools.sty
Package: mathtools 2015/11/12 v1.18 mathematical typesetting tools
(/usr/local/texlive/2016/texmf-dist/tex/latex/mathtools/mhsetup.sty
Package: mhsetup 2010/01/21 v1.2a programming setup (MH)
)
LaTeX Info: Thecontrolsequence`\('isalreadyrobust on input line 129.
LaTeX Info: Thecontrolsequence`\)'isalreadyrobust on input line 129.
LaTeX Info: Thecontrolsequence`\['isalreadyrobust on input line 129.
LaTeX Info: Thecontrolsequence`\]'isalreadyrobust on input line 129.
\g_MT_multlinerow_int=\count141
\l_MT_multwidth_dim=\dimen269
\origjot=\skip54
\l_MT_shortvdotswithinadjustabove_dim=\dimen270
\l_MT_shortvdotswithinadjustbelow_dim=\dimen271
\l_MT_above_intertext_sep=\dimen272
\l_MT_below_intertext_sep=\dimen273
\l_MT_above_shortintertext_sep=\dimen274
\l_MT_below_shortintertext_sep=\dimen275
) (/usr/local/texlive/2016/texmf-dist/tex/latex/tools/tabularx.sty
Package: tabularx 2016/02/03 v2.11 `tabularx' package (DPC)
(/usr/local/texlive/2016/texmf-dist/tex/latex/tools/array.sty
Package: array 2014/10/28 v2.4c Tabular extension package (FMi)
\col@sep=\dimen276
\extrarowheight=\dimen277
\NC@list=\toks49
\extratabsurround=\skip55
\backup@length=\skip56
)
\TX@col@width=\dimen278
\TX@old@table=\dimen279
\TX@old@col=\dimen280
\TX@target=\dimen281
\TX@delta=\dimen282
\TX@cols=\count142
\TX@ftn=\toks50
) (/usr/local/texlive/2016/texmf-dist/tex/latex/base/ifthen.sty
Package: ifthen 2014/09/29 v1.1c Standard LaTeX ifthen package (DPC)
) (/usr/local/texlive/2016/texmf-dist/tex/latex/chngcntr/chngcntr.sty
Package: chngcntr 2009/09/02 v1.0a change counter resetting
)
(/usr/local/texlive/2016/texmf-dist/tex/generic/pgf/frontendlayer/tikz/librarie
s/tikzlibrarymatrix.code.tex
File: tikzlibrarymatrix.code.tex 2013/07/12 v3.0.1a (rcs-revision 1.4)
)
(/usr/local/texlive/2016/texmf-dist/tex/generic/pgf/frontendlayer/tikz/librarie
s/tikzlibraryarrows.code.tex
File: tikzlibraryarrows.code.tex 2008/01/09 v3.0.1a (rcs-revision 1.1)

(/usr/local/texlive/2016/texmf-dist/tex/generic/pgf/libraries/pgflibraryarrows.
code.tex
File: pgflibraryarrows.code.tex 2013/09/23 v3.0.1a (rcs-revision 1.16)
\arrowsize=\dimen283
))
(/usr/local/texlive/2016/texmf-dist/tex/generic/pgf/frontendlayer/tikz/librarie
s/tikzlibrarybackgrounds.code.tex
File: tikzlibrarybackgrounds.code.tex 2013/07/18 v3.0.1a (rcs-revision 1.3)
\pgf@layerbox@background=\box45
\pgf@layerboxsaved@background=\box46
)
(/usr/local/texlive/2016/texmf-dist/tex/generic/pgf/frontendlayer/tikz/librarie
s/tikzlibrarypatterns.code.tex
File: tikzlibrarypatterns.code.tex 2008/01/15 v3.0.1a (rcs-revision 1.2)

(/usr/local/texlive/2016/texmf-dist/tex/generic/pgf/libraries/pgflibrarypattern
s.code.tex
File: pgflibrarypatterns.code.tex 2008/03/03 v3.0.1a (rcs-revision 1.13)
))
(/usr/local/texlive/2016/texmf-dist/tex/generic/pgf/frontendlayer/tikz/librarie
s/tikzlibraryscopes.code.tex
File: tikzlibraryscopes.code.tex 2008/06/27 v3.0.1a (rcs-revision 1.2)
)
(/usr/local/texlive/2016/texmf-dist/tex/latex/pgf/frontendlayer/libraries/tikzl
ibraryexternal.code.tex (/usr/local/texlive/2016/texmf-dist/tex/generic/oberdie
k/pdftexcmds.sty
Package: pdftexcmds 2016/05/10 v0.21 Utility functions of pdfTeX for LuaTeX (HO
)
(/usr/local/texlive/2016/texmf-dist/tex/generic/oberdiek/ifluatex.sty
Package: ifluatex 2016/05/16 v1.4 Provides the ifluatex switch (HO)
Package ifluatex Info: LuaTeX not detected.
)
Package pdftexcmds Info: LuaTeX not detected.
Package pdftexcmds Info: \pdf@primitive is available.
Package pdftexcmds Info: \pdf@ifprimitive is available.
Package pdftexcmds Info: \pdfdraftmode found.
)
(/usr/local/texlive/2016/texmf-dist/tex/generic/pgf/frontendlayer/tikz/librarie
s/tikzexternalshared.code.tex))
No auxiliary output files.

\w@pgfexternal@auxout=\write6
\fuzzwidth=\skip57
\arrowlength=\skip58
\arrowwidth=\skip59
\pointrad=\skip60
\linewid=\skip61
\circlerad=\skip62
\smcirclerad=\skip63
\smcircleradt=\skip64
\minirad=\skip65
\linewidthin=\skip66
\linewidthick=\skip67
\c@maintheorem=\count143
\c@theorem=\count144
\c@apptheorem=\count145
\c@conv=\count146
\c@convention=\count147
\symMnSyA=\mathgroup6
LaTeX Font Info:    Overwriting symbol font `MnSyA' in version `bold'
(Font)                  U/MnSymbolA/m/n --> U/MnSymbolA/b/n on input line 445.
(/usr/local/texlive/2016/texmf-dist/tex/latex/hyperref/hyperref.sty
Package: hyperref 2016/05/05 v6.83n Hypertext links for LaTeX
(/usr/local/texlive/2016/texmf-dist/tex/generic/oberdiek/hobsub-hyperref.sty
Package: hobsub-hyperref 2016/05/16 v1.14 Bundle oberdiek, subset hyperref (HO)

(/usr/local/texlive/2016/texmf-dist/tex/generic/oberdiek/hobsub-generic.sty
Package: hobsub-generic 2016/05/16 v1.14 Bundle oberdiek, subset generic (HO)
Package: hobsub 2016/05/16 v1.14 Construct package bundles (HO)
Package hobsub Info: Skipping package `infwarerr' (already loaded).
Package hobsub Info: Skipping package `ltxcmds' (already loaded).
Package hobsub Info: Skipping package `ifluatex' (already loaded).
Package: ifvtex 2016/05/16 v1.6 Detect VTeX and its facilities (HO)
Package ifvtex Info: VTeX not detected.
Package: intcalc 2016/05/16 v1.2 Expandable calculations with integers (HO)
Package hobsub Info: Skipping package `ifpdf' (already loaded).
Package: etexcmds 2016/05/16 v1.6 Avoid name clashes with e-TeX commands (HO)
Package etexcmds Info: Could not find \expanded.
(etexcmds)             That can mean that you are not using pdfTeX 1.50 or
(etexcmds)             that some package has redefined \expanded.
(etexcmds)             In the latter case, load this package earlier.
Package: kvsetkeys 2016/05/16 v1.17 Key value parser (HO)
Package: kvdefinekeys 2016/05/16 v1.4 Define keys (HO)
Package hobsub Info: Skipping package `pdftexcmds' (already loaded).
Package: pdfescape 2016/05/16 v1.14 Implements pdfTeX's escape features (HO)
Package: bigintcalc 2016/05/16 v1.4 Expandable calculations on big integers (HO
)
Package: bitset 2016/05/16 v1.2 Handle bit-vector datatype (HO)
Package: uniquecounter 2016/05/16 v1.3 Provide unlimited unique counter (HO)
)
Package hobsub Info: Skipping package `hobsub' (already loaded).
Package: letltxmacro 2016/05/16 v1.5 Let assignment for LaTeX macros (HO)
Package: hopatch 2016/05/16 v1.3 Wrapper for package hooks (HO)
Package: xcolor-patch 2016/05/16 xcolor patch
Package: atveryend 2016/05/16 v1.9 Hooks at the very end of document (HO)
Package atveryend Info: \enddocument detected (standard20110627).
Package: atbegshi 2016/05/16 v1.17 At begin shipout hook (HO)
Package: refcount 2016/05/16 v3.5 Data extraction from label references (HO)
Package: hycolor 2016/05/16 v1.8 Color options for hyperref/bookmark (HO)
) (/usr/local/texlive/2016/texmf-dist/tex/generic/ifxetex/ifxetex.sty
Package: ifxetex 2010/09/12 v0.6 Provides ifxetex conditional
) (/usr/local/texlive/2016/texmf-dist/tex/latex/oberdiek/auxhook.sty
Package: auxhook 2016/05/16 v1.4 Hooks for auxiliary files (HO)
) (/usr/local/texlive/2016/texmf-dist/tex/latex/oberdiek/kvoptions.sty
Package: kvoptions 2016/05/16 v3.12 Key value format for package options (HO)
)
\@linkdim=\dimen284
\Hy@linkcounter=\count148
\Hy@pagecounter=\count149
(/usr/local/texlive/2016/texmf-dist/tex/latex/hyperref/pd1enc.def
File: pd1enc.def 2016/05/05 v6.83n Hyperref: PDFDocEncoding definition (HO)
)
\Hy@SavedSpaceFactor=\count150
(/usr/local/texlive/2016/texmf-dist/tex/latex/latexconfig/hyperref.cfg
File: hyperref.cfg 2002/06/06 v1.2 hyperref configuration of TeXLive
)
Package hyperref Info: Option `colorlinks' set `true' on input line 4322.
Package hyperref Info: Option `hypertexnames' set `false' on input line 4322.
Package hyperref Info: Hyper figures OFF on input line 4446.
Package hyperref Info: Link nesting OFF on input line 4451.
Package hyperref Info: Hyper index ON on input line 4454.
Package hyperref Info: Plain pages OFF on input line 4461.
Package hyperref Info: Backreferencing OFF on input line 4466.
Package hyperref Info: Implicit mode ON; LaTeX internals redefined.
Package hyperref Info: Bookmarks ON on input line 4691.
\c@Hy@tempcnt=\count151
(/usr/local/texlive/2016/texmf-dist/tex/latex/url/url.sty
\Urlmuskip=\muskip11
Package: url 2013/09/16  ver 3.4  Verb mode for urls, etc.
)
LaTeX Info: Redefining \url on input line 5044.
\XeTeXLinkMargin=\dimen285
\Fld@menulength=\count152
\Field@Width=\dimen286
\Fld@charsize=\dimen287
Package hyperref Info: Hyper figures OFF on input line 6298.
Package hyperref Info: Link nesting OFF on input line 6303.
Package hyperref Info: Hyper index ON on input line 6306.
Package hyperref Info: backreferencing OFF on input line 6313.
Package hyperref Info: Link coloring ON on input line 6316.
Package hyperref Info: Link coloring with OCG OFF on input line 6323.
Package hyperref Info: PDF/A mode OFF on input line 6328.
LaTeX Info: Redefining \ref on input line 6368.
LaTeX Info: Redefining \pageref on input line 6372.
\Hy@abspage=\count153
\c@Item=\count154
\c@Hfootnote=\count155
)

Package hyperref Message: Driver: hpdftex.

(/usr/local/texlive/2016/texmf-dist/tex/latex/hyperref/hpdftex.def
File: hpdftex.def 2016/05/05 v6.83n Hyperref driver for pdfTeX
\Fld@listcount=\count156
\c@bookmark@seq@number=\count157
(/usr/local/texlive/2016/texmf-dist/tex/latex/oberdiek/rerunfilecheck.sty
Package: rerunfilecheck 2016/05/16 v1.8 Rerun checks for auxiliary files (HO)
Package uniquecounter Info: New unique counter `rerunfilecheck' on input line 2
82.
)
\Hy@SectionHShift=\skip68
))
No file Pictures/DTCI-memo-figure63.aux.
LaTeX Font Info:    Checking defaults for OML/cmm/m/it on input line 5.
LaTeX Font Info:    ... okay on input line 5.
LaTeX Font Info:    Checking defaults for T1/cmr/m/n on input line 5.
LaTeX Font Info:    ... okay on input line 5.
LaTeX Font Info:    Checking defaults for OT1/cmr/m/n on input line 5.
LaTeX Font Info:    ... okay on input line 5.
LaTeX Font Info:    Checking defaults for OMS/cmsy/m/n on input line 5.
LaTeX Font Info:    ... okay on input line 5.
LaTeX Font Info:    Checking defaults for OMX/cmex/m/n on input line 5.
LaTeX Font Info:    ... okay on input line 5.
LaTeX Font Info:    Checking defaults for U/cmr/m/n on input line 5.
LaTeX Font Info:    ... okay on input line 5.
LaTeX Font Info:    Checking defaults for PD1/pdf/m/n on input line 5.
LaTeX Font Info:    ... okay on input line 5.
LaTeX Font Info:    Try loading font information for U+msa on input line 5.
(/usr/local/texlive/2016/texmf-dist/tex/latex/amsfonts/umsa.fd
File: umsa.fd 2013/01/14 v3.01 AMS symbols A
)
LaTeX Font Info:    Try loading font information for U+msb on input line 5.
(/usr/local/texlive/2016/texmf-dist/tex/latex/amsfonts/umsb.fd
File: umsb.fd 2013/01/14 v3.01 AMS symbols B
)
Package xypdf Info: Line width: 0.39998pt on input line 5.
ABD: EveryShipout initializing macros (/usr/local/texlive/2016/texmf-dist/tex/c
ontext/base/mkii/supp-pdf.mkii
[Loading MPS to PDF converter (version 2006.09.02).]
\scratchcounter=\count158
\scratchdimen=\dimen288
\scratchbox=\box47
\nofMPsegments=\count159
\nofMParguments=\count160
\everyMPshowfont=\toks51
\MPscratchCnt=\count161
\MPscratchDim=\dimen289
\MPnumerator=\count162
\makeMPintoPDFobject=\count163
\everyMPtoPDFconversion=\toks52
) (/usr/local/texlive/2016/texmf-dist/tex/latex/oberdiek/epstopdf-base.sty
Package: epstopdf-base 2016/05/15 v2.6 Base part for package epstopdf
(/usr/local/texlive/2016/texmf-dist/tex/latex/oberdiek/grfext.sty
Package: grfext 2016/05/16 v1.2 Manage graphics extensions (HO)
)
Package grfext Info: Graphics extension search list:
(grfext)             [.png,.pdf,.jpg,.mps,.jpeg,.jbig2,.jb2,.PNG,.PDF,.JPG,.JPE
G,.JBIG2,.JB2,.eps]
(grfext)             \AppendGraphicsExtensions on input line 456.
(/usr/local/texlive/2016/texmf-dist/tex/latex/latexconfig/epstopdf-sys.cfg
File: epstopdf-sys.cfg 2010/07/13 v1.3 Configuration of (r)epstopdf for TeX Liv
e
))

Package pgfplots Warning: running in backwards compatibility mode (unsuitable t
ick labels; missing features). Consider writing \pgfplotsset{compat=1.13} into 
your preamble.
 on input line 5.

\AtBeginShipoutBox=\box48
Package hyperref Info: Link coloring ON on input line 5.
(/usr/local/texlive/2016/texmf-dist/tex/latex/hyperref/nameref.sty
Package: nameref 2012/10/27 v2.43 Cross-referencing by name of section
(/usr/local/texlive/2016/texmf-dist/tex/generic/oberdiek/gettitlestring.sty
Package: gettitlestring 2016/05/16 v1.5 Cleanup title references (HO)
)
\c@section@level=\count164
)
LaTeX Info: Redefining \ref on input line 5.
LaTeX Info: Redefining \pageref on input line 5.
LaTeX Info: Redefining \nameref on input line 5.
Abstract
Acknowledgments
Introduction

Underfull \vbox (badness 10000) has occurred while \output is active []

A tikzpicture has been optimized away. Use '/tikz/external/optimize=false' to d
isable this.
A tikzpicture has been optimized away. Use '/tikz/external/optimize=false' to d
isable this.

LaTeX Warning: Reference `thm:TC-dualizable' on page 4 undefined on input line 
189.


LaTeX Warning: Reference `cor:septcisdualizable' on page 4 undefined on input l
ine 189.


LaTeX Warning: Reference `cor:3dtft' on page 4 undefined on input line 193.


LaTeX Warning: Reference `cor:charzerotft' on page 4 undefined on input line 19
3.


LaTeX Warning: Reference `cor:fusiontft' on page 4 undefined on input line 193.



LaTeX Warning: Reference `thm:converse' on page 5 undefined on input line 199.


LaTeX Warning: Reference `cor:maxfd' on page 5 undefined on input line 199.


Overfull \hbox (1.1266pt too wide) in paragraph at lines 204--205
 \OT1/cmr/bx/n/10 I.3.2.On cat-e-gori-fied 2-dimensional field the-o-ries.[] \O
T1/cmr/m/n/10 The sep-a-ra-bil-ity con-
 []


LaTeX Warning: Reference `thm:TC_is_2Dualizable' on page 5 undefined on input l
ine 210.


LaTeX Warning: Reference `thm:TCisRadford' on page 5 undefined on input line 21
0.


LaTeX Warning: Reference `cor:2dualtft' on page 5 undefined on input line 214.


LaTeX Warning: Reference `cor:3fr2d' on page 5 undefined on input line 214.


LaTeX Warning: Reference `fig:serrebordism' on page 6 undefined on input line 2
19.


LaTeX Warning: Reference `thm:serreisdoubledual' on page 6 undefined on input l
ine 223.


LaTeX Warning: Reference `fig:Radford_bordism' on page 6 undefined on input lin
e 225.


LaTeX Warning: Reference `thm:quaddual' on page 6 undefined on input line 229.


LaTeX Warning: Reference `cor:ssquaddual' on page 6 undefined on input line 229
.


LaTeX Warning: Reference `fig:serrebordism' on page 7 undefined on input line 2
31.


LaTeX Warning: Reference `fig:Radford_bordism' on page 7 undefined on input lin
e 231.


LaTeX Warning: Reference `thm:Cat_Radford' on page 7 undefined on input line 23
5.


LaTeX Warning: Reference `cor:serreinvserre' on page 7 undefined on input line 
235.


LaTeX Warning: Reference `thm:DelignePrdtOverATCExists' on page 7 undefined on 
input line 246.


LaTeX Warning: Reference `thm:tcexists' on page 7 undefined on input line 246.


LaTeX Warning: Reference `thm:tensor-exactness' on page 8 undefined on input li
ne 252.


LaTeX Warning: Reference `thm:SepModCats' on page 8 undefined on input line 258
.


LaTeX Warning: Reference `cor:Sep=semisimplecenter' on page 8 undefined on inpu
t line 258.


LaTeX Warning: Reference `thm:compositeOfSep' on page 8 undefined on input line
 264.


LaTeX Warning: Reference `cor:septc' on page 8 undefined on input line 264.


LaTeX Warning: Reference `thm:NonzeroDimension' on page 8 undefined on input li
ne 270.


LaTeX Warning: Reference `cor:charzerosep' on page 8 undefined on input line 27
0.


LaTeX Warning: Reference `sec:spherical' on page 8 undefined on input line 275.



Underfull \vbox (badness 10000) has occurred while \output is active []


LaTeX Warning: Reference `sec:tc-lincat' on page 10 undefined on input line 299
.


LaTeX Warning: Reference `sec:tc-exact' on page 10 undefined on input line 299.



LaTeX Warning: Reference `sec:notation' on page 10 undefined on input line 299.



LaTeX Warning: Reference `sec:framed-duality' on page 10 undefined on input lin
e 299.


LaTeX Warning: Reference `sec:df-objects' on page 10 undefined on input line 29
9.


LaTeX Warning: Reference `sec:tc-separable' on page 10 undefined on input line 
299.


LaTeX Warning: Reference `sec:tc-fusion' on page 10 undefined on input line 299
.


LaTeX Warning: Reference `sec:radfordftc' on page 10 undefined on input line 29
9.


LaTeX Warning: Reference `sec:tensorexact' on page 10 undefined on input line 2
99.


LaTeX Warning: Reference `sec:computeradford' on page 10 undefined on input lin
e 299.


LaTeX Warning: Reference `sec:Serre' on page 10 undefined on input line 299.


LaTeX Warning: Reference `sec:Radford' on page 10 undefined on input line 299.


LaTeX Warning: Reference `sec:conventions' on page 10 undefined on input line 2
99.


LaTeX Warning: Reference `sec:tc-bimodules' on page 10 undefined on input line 
299.


LaTeX Warning: Reference `sec:df-morphisms' on page 10 undefined on input line 
299.


LaTeX Warning: Reference `sec:separableisfd' on page 10 undefined on input line
 299.


LaTeX Warning: Reference `sec:Radford' on page 10 undefined on input line 299.


LaTeX Warning: Reference `sec:tc-bimodules' on page 10 undefined on input line 
299.


LaTeX Warning: Reference `sec:separableisfd' on page 10 undefined on input line
 299.


LaTeX Warning: Reference `sec:lft' on page 10 undefined on input line 303.


LaTeX Warning: Reference `sec:notation' on page 10 undefined on input line 303.



LaTeX Warning: Reference `sec:framed-duality' on page 10 undefined on input lin
e 303.


LaTeX Warning: Reference `sec:Serre' on page 10 undefined on input line 303.


LaTeX Warning: Reference `sec:Radford' on page 10 undefined on input line 303.


LaTeX Warning: Reference `sec:tc' on page 10 undefined on input line 305.


LaTeX Warning: Reference `sec:conventions' on page 10 undefined on input line 3
05.


LaTeX Warning: Reference `sec:tc-lincat' on page 10 undefined on input line 305
.


LaTeX Warning: Reference `sec:tc-exact' on page 10 undefined on input line 305.



LaTeX Warning: Reference `sec:tc-bimodules' on page 10 undefined on input line 
305.


LaTeX Warning: Reference `sec:tc-separable' on page 10 undefined on input line 
305.


LaTeX Warning: Reference `sec:tc-fusion' on page 10 undefined on input line 305
.


LaTeX Warning: Reference `sec:dualizability' on page 11 undefined on input line
 307.


LaTeX Warning: Reference `sec:df-objects' on page 11 undefined on input line 30
7.


LaTeX Warning: Reference `sec:df-morphisms' on page 11 undefined on input line 
307.


LaTeX Warning: Reference `sec:radfordftc' on page 11 undefined on input line 30
7.


LaTeX Warning: Reference `sec:separableisfd' on page 11 undefined on input line
 307.


LaTeX Warning: Reference `sec:spherical' on page 11 undefined on input line 307
.


LaTeX Warning: Reference `cor2' on page 11 undefined on input line 312.


LaTeX Warning: Reference `cor5' on page 11 undefined on input line 312.


LaTeX Warning: Reference `cor2' on page 11 undefined on input line 314.


LaTeX Warning: Reference `cor5' on page 11 undefined on input line 314.


LaTeX Warning: Reference `thm1' on page 11 undefined on input line 314.


LaTeX Warning: Reference `thm3' on page 11 undefined on input line 314.


LaTeX Warning: Reference `thm4' on page 11 undefined on input line 314.


LaTeX Warning: Reference `thm6' on page 11 undefined on input line 314.


LaTeX Warning: Reference `thm8' on page 11 undefined on input line 314.


LaTeX Warning: Reference `thm9' on page 11 undefined on input line 314.


LaTeX Warning: Reference `thm10' on page 11 undefined on input line 314.


LaTeX Warning: Reference `thm11' on page 11 undefined on input line 314.


LaTeX Warning: Reference `thm12' on page 11 undefined on input line 314.


LaTeX Warning: Reference `thm13' on page 11 undefined on input line 314.


LaTeX Warning: Reference `cor7' on page 11 undefined on input line 314.


LaTeX Warning: Reference `thm1' on page 11 undefined on input line 318.


LaTeX Warning: Reference `thm3' on page 11 undefined on input line 318.


LaTeX Warning: Reference `thm4' on page 11 undefined on input line 318.


LaTeX Warning: Reference `thm9' on page 11 undefined on input line 318.


LaTeX Warning: Reference `thm11' on page 11 undefined on input line 318.


LaTeX Warning: Reference `thm12' on page 11 undefined on input line 318.


LaTeX Warning: Reference `cor2' on page 11 undefined on input line 318.


LaTeX Warning: Reference `cor5' on page 11 undefined on input line 318.


LaTeX Warning: Reference `cor7' on page 11 undefined on input line 318.


LaTeX Warning: Reference `thm6' on page 11 undefined on input line 318.


LaTeX Warning: Reference `thm4' on page 11 undefined on input line 318.


LaTeX Warning: Reference `thm13' on page 11 undefined on input line 318.


LaTeX Warning: Reference `thm13' on page 11 undefined on input line 318.


LaTeX Warning: Reference `thm8' on page 11 undefined on input line 318.


LaTeX Warning: Reference `thm10' on page 11 undefined on input line 318.


LaTeX Warning: Reference `thm9' on page 11 undefined on input line 318.


LaTeX Warning: Reference `thm11' on page 11 undefined on input line 318.


LaTeX Warning: Reference `thm12' on page 11 undefined on input line 318.


LaTeX Warning: Reference `sec:lft' on page 12 undefined on input line 320.


LaTeX Warning: Reference `sec:conventions' on page 12 undefined on input line 3
20.


LaTeX Warning: Reference `sec:tc-separable' on page 12 undefined on input line 
320.


LaTeX Warning: Reference `thm:DelignePrdtOverATCExists' on page 12 undefined on
 input line 320.


LaTeX Warning: Reference `thm:tcexists' on page 12 undefined on input line 320.



LaTeX Warning: Reference `cor:septc' on page 12 undefined on input line 320.


LaTeX Warning: Reference `def:sepcat' on page 12 undefined on input line 320.


LaTeX Warning: Reference `cor:Sep=semisimplecenter' on page 12 undefined on inp
ut line 320.


LaTeX Warning: Reference `prop:SSModuleCatsAreSep' on page 12 undefined on inpu
t line 320.


LaTeX Warning: Reference `cor:tcsepexists' on page 12 undefined on input line 3
20.


LaTeX Warning: Reference `sec:tc-fusion' on page 12 undefined on input line 320
.


LaTeX Warning: Reference `cor:charzerosep' on page 12 undefined on input line 3
20.


LaTeX Warning: Reference `cor:charzeromodulesep' on page 12 undefined on input 
line 320.


LaTeX Warning: Reference `sec:dualizability' on page 12 undefined on input line
 320.


LaTeX Warning: Reference `cor:charzerotft' on page 12 undefined on input line 3
20.


LaTeX Warning: Reference `cor:fusiontft' on page 12 undefined on input line 320
.


LaTeX Warning: Reference `sec:descconj' on page 12 undefined on input line 320.


Chapter 1

Package hyperref Warning: Token not allowed in a PDF string (PDFDocEncoding):
(hyperref)                removing `math shift' on input line 356.


Package hyperref Warning: Token not allowed in a PDF string (PDFDocEncoding):
(hyperref)                removing `math shift' on input line 356.


Package hyperref Warning: Token not allowed in a PDF string (PDFDocEncoding):
(hyperref)                removing `math shift' on input line 356.


Package hyperref Warning: Token not allowed in a PDF string (PDFDocEncoding):
(hyperref)                removing `math shift' on input line 356.


Package hyperref Warning: Token not allowed in a PDF string (PDFDocEncoding):
(hyperref)                removing `math shift' on input line 363.


Package hyperref Warning: Token not allowed in a PDF string (PDFDocEncoding):
(hyperref)                removing `math shift' on input line 363.

A tikzpicture has been optimized away. Use '/tikz/external/optimize=false' to d
isable this.

Overfull \hbox (102.4976pt too wide) detected at line 434
[]  []  []
 []


LaTeX Warning: Reference `eg:frcircles' on page 15 undefined on input line 445.



Package hyperref Warning: Token not allowed in a PDF string (PDFDocEncoding):
(hyperref)                removing `math shift' on input line 451.


Package hyperref Warning: Token not allowed in a PDF string (PDFDocEncoding):
(hyperref)                removing `math shift' on input line 451.


Package hyperref Warning: Token not allowed in a PDF string (PDFDocEncoding):
(hyperref)                removing `math shift' on input line 457.


Package hyperref Warning: Token not allowed in a PDF string (PDFDocEncoding):
(hyperref)                removing `math shift' on input line 457.

A tikzpicture has been optimized away. Use '/tikz/external/optimize=false' to d
isable this.

Overfull \hbox (42.49779pt too wide) detected at line 477
\OT1/cmr/m/n/10 [[]]
 []

A tikzpicture has been optimized away. Use '/tikz/external/optimize=false' to d
isable this.

Overfull \hbox (42.49779pt too wide) detected at line 492
\OT1/cmr/m/n/10 [[]]
 []


LaTeX Warning: Reference `eg-framenot0' on page 16 undefined on input line 493.


A tikzpicture has been optimized away. Use '/tikz/external/optimize=false' to d
isable this.

Overfull \hbox (42.49779pt too wide) detected at line 505
\OT1/cmr/m/n/10 [[]]
 []


LaTeX Warning: Reference `eg-framenot0' on page 16 undefined on input line 506.


A tikzpicture has been optimized away. Use '/tikz/external/optimize=false' to d
isable this.
A tikzpicture has been optimized away. Use '/tikz/external/optimize=false' to d
isable this.

Overfull \hbox (566.87263pt too wide) detected at line 529
\OML/cmm/m/it/10 u[] \OT1/cmr/m/n/10 := []  :  []  \OMS/cmsy/m/n/10 !  []
 []

A tikzpicture has been optimized away. Use '/tikz/external/optimize=false' to d
isable this.
A tikzpicture has been optimized away. Use '/tikz/external/optimize=false' to d
isable this.
A tikzpicture has been optimized away. Use '/tikz/external/optimize=false' to d
isable this.

Overfull \hbox (976.82637pt too wide) detected at line 583
\OML/cmm/m/it/10 v[] \OT1/cmr/m/n/10 := []  :  []  \OMS/cmsy/m/n/10 !  []
 []

A tikzpicture has been optimized away. Use '/tikz/external/optimize=false' to d
isable this.

Overfull \hbox (55.8311pt too wide) detected at line 599
[]
 []

A tikzpicture has been optimized away. Use '/tikz/external/optimize=false' to d
isable this.
A tikzpicture has been optimized away. Use '/tikz/external/optimize=false' to d
isable this.
A tikzpicture has been optimized away. Use '/tikz/external/optimize=false' to d
isable this.

Overfull \hbox (55.8311pt too wide) in paragraph at lines 639--660
 [] 
 []


Overfull \hbox (55.8311pt too wide) in paragraph at lines 639--660
 [] 
 []


LaTeX Warning: Reference `def:adjoints_in_bicat' on page 17 undefined on input 
line 661.

A tikzpicture has been optimized away. Use '/tikz/external/optimize=false' to d
isable this.
A tikzpicture has been optimized away. Use '/tikz/external/optimize=false' to d
isable this.

Overfull \hbox (79.02551pt too wide) in paragraph at lines 663--677
 [] \OT1/cmr/m/n/10 :=$[] 
 []


Overfull \hbox (52.49777pt too wide) in paragraph at lines 663--677
 [] 
 []

A tikzpicture has been optimized away. Use '/tikz/external/optimize=false' to d
isable this.

Overfull \hbox (55.8311pt too wide) in paragraph at lines 685--693
 [] 
 []


LaTeX Warning: Reference `ex:disk_bordism_immersed' on page 17 undefined on inp
ut line 694.


LaTeX Warning: Reference `ex:saddle_bordism_immersed' on page 17 undefined on i
nput line 694.

A tikzpicture has been optimized away. Use '/tikz/external/optimize=false' to d
isable this.
A tikzpicture has been optimized away. Use '/tikz/external/optimize=false' to d
isable this.
A tikzpicture has been optimized away. Use '/tikz/external/optimize=false' to d
isable this.

Overfull \hbox (82.80782pt too wide) in paragraph at lines 700--745
 [][] \OT1/cmr/m/n/10 =$[] 
 []


Overfull \hbox (79.3751pt too wide) in paragraph at lines 700--745
 \OML/cmm/m/it/10 u[] \OT1/cmr/m/n/10 :=$[] 
 []


Overfull \hbox (78.49776pt too wide) in paragraph at lines 700--745
 \OML/cmm/m/it/10 v[] \OT1/cmr/m/n/10 :=$[] 
 []

A tikzpicture has been optimized away. Use '/tikz/external/optimize=false' to d
isable this.
A tikzpicture has been optimized away. Use '/tikz/external/optimize=false' to d
isable this.

Overfull \hbox (117.41663pt too wide) detected at line 787
[] \OMS/cmsy/m/n/10 ' []
 []


LaTeX Warning: Reference `fig:adjointchains' on page 18 undefined on input line
 790.

A tikzpicture has been optimized away. Use '/tikz/external/optimize=false' to d
isable this.
A tikzpicture has been optimized away. Use '/tikz/external/optimize=false' to d
isable this.
A tikzpicture has been optimized away. Use '/tikz/external/optimize=false' to d
isable this.
A tikzpicture has been optimized away. Use '/tikz/external/optimize=false' to d
isable this.

Overfull \hbox (715.27316pt too wide) detected at line 882
[]  \OMS/cmsy/m/n/10 a  []  a  []  a  []  a  []  a  []
 []

A tikzpicture has been optimized away. Use '/tikz/external/optimize=false' to d
isable this.
A tikzpicture has been optimized away. Use '/tikz/external/optimize=false' to d
isable this.
A tikzpicture has been optimized away. Use '/tikz/external/optimize=false' to d
isable this.
A tikzpicture has been optimized away. Use '/tikz/external/optimize=false' to d
isable this.

Overfull \hbox (709.58315pt too wide) detected at line 984
[]  \OMS/cmsy/m/n/10 a  []  a  []  a  []  a  []  a  []
 []


LaTeX Warning: Reference `fig:adjointchains' on page 18 undefined on input line
 1000.

A tikzpicture has been optimized away. Use '/tikz/external/optimize=false' to d
isable this.

LaTeX Warning: Reference `eg:serrefunctor' on page 18 undefined on input line 1
013.


LaTeX Warning: Reference `fig:serrebordism' on page 19 undefined on input line 
1019.

A tikzpicture has been optimized away. Use '/tikz/external/optimize=false' to d
isable this.
A tikzpicture has been optimized away. Use '/tikz/external/optimize=false' to d
isable this.

Overfull \hbox (55.8311pt too wide) in paragraph at lines 1022--1061
 [] 
 []


LaTeX Warning: Reference `rem:hep' on page 19 undefined on input line 1085.


LaTeX Warning: Reference `eg:radford' on page 20 undefined on input line 1091.


LaTeX Warning: Reference `sec:topquaddual' on page 20 undefined on input line 1
091.

A tikzpicture has been optimized away. Use '/tikz/external/optimize=false' to d
isable this.

LaTeX Warning: Reference `fig:Radford_bordism' on page 20 undefined on input li
ne 1315.


LaTeX Warning: Reference `eg:evrevadj' on page 20 undefined on input line 1315.



LaTeX Warning: Reference `eg:evlevadj' on page 20 undefined on input line 1315.



LaTeX Warning: Reference `ex:saddle_bordism_immersed' on page 20 undefined on i
nput line 1315.


LaTeX Warning: Reference `def:radfordequiv' on page 21 undefined on input line 
1345.


LaTeX Warning: Reference `thm:Cat_Radford' on page 23 undefined on input line 1
403.


LaTeX Warning: Reference `lem-ambiadjoints' on page 23 undefined on input line 
1404.


LaTeX Warning: Reference `thm:Cat_Radford' on page 23 undefined on input line 1
414.


LaTeX Warning: Reference `cor:serreinvserre' on page 23 undefined on input line
 1414.

Chapter 2

LaTeX Warning: Reference `sec:conventions' on page 25 undefined on input line 1
421.


LaTeX Warning: Reference `sec:tc-lincat' on page 25 undefined on input line 142
1.


LaTeX Warning: Reference `sec:dualizability' on page 25 undefined on input line
 1421.


LaTeX Warning: Reference `sec:tc-exact' on page 25 undefined on input line 1421
.


LaTeX Warning: Reference `sec:tc-bimodules' on page 25 undefined on input line 
1423.


LaTeX Warning: Reference `sec:dualizability' on page 25 undefined on input line
 1423.


LaTeX Warning: Reference `sec:tc-separable' on page 25 undefined on input line 
1423.


LaTeX Warning: Reference `sec:tc-fusion' on page 25 undefined on input line 142
3.


LaTeX Warning: Reference `sec:conventions' on page 25 undefined on input line 1
425.


LaTeX Warning: Reference `sec:tc-bimodules' on page 25 undefined on input line 
1425.


LaTeX Warning: Reference `sec:dualizability' on page 25 undefined on input line
 1425.


LaTeX Warning: Reference `sec:tc-lincat' on page 25 undefined on input line 142
5.


LaTeX Warning: Reference `sec:tc-exact' on page 25 undefined on input line 1425
.


LaTeX Warning: Reference `thm:tcexists' on page 25 undefined on input line 1425
.


LaTeX Warning: Reference `thm:tensor-exactness' on page 25 undefined on input l
ine 1425.


LaTeX Warning: Reference `sec:tc-separable' on page 25 undefined on input line 
1425.


LaTeX Warning: Reference `sec:tc-fusion' on page 25 undefined on input line 142
5.


LaTeX Warning: Reference `cor:charzerosep' on page 25 undefined on input line 1
425.


LaTeX Warning: Reference `cor:charzeromodulesep' on page 25 undefined on input 
line 1425.


LaTeX Warning: Reference `thm:compositeOfSep' on page 25 undefined on input lin
e 1425.


LaTeX Warning: Reference `cor:septc' on page 25 undefined on input line 1425.


Underfull \vbox (badness 10000) has occurred while \output is active []


LaTeX Warning: Reference `def:adjoints_in_bicat' on page 26 undefined on input 
line 1446.


LaTeX Warning: Reference `thm:EGNO2.11.6' on page 29 undefined on input line 15
32.


LaTeX Warning: Reference `thm:DelignePrdtOverATCExists' on page 29 undefined on
 input line 1532.


LaTeX Warning: Reference `prop:catismod' on page 30 undefined on input line 157
8.


LaTeX Warning: Reference `thm:EGNO2.11.6' on page 30 undefined on input line 15
84.


Overfull \hbox (1.8593pt too wide) in paragraph at lines 1677--1678
[]\OT1/cmr/m/it/10 The com-po-si-tion func-tor $[][]\OT1/cmr/m/n/10 (\OMS/cmsy/
m/n/10 M\OML/cmm/m/it/10 ; \OMS/cmsy/m/n/10 M[]\OT1/cmr/m/n/10 ) \OMS/cmsy/m/n/
10 ^^B [][]\OT1/cmr/m/n/10 (\OMS/cmsy/m/n/10 M[]\OML/cmm/m/it/10 ; \OMS/cmsy/m/
n/10 M[]\OT1/cmr/m/n/10 ) \OMS/cmsy/m/n/10 ! [][]\OT1/cmr/m/n/10 (\OMS/cmsy/m/n
/10 M\OML/cmm/m/it/10 ; \OMS/cmsy/m/n/10 M[]\OT1/cmr/m/n/10 )$
 []


LaTeX Warning: Reference `lma:module-adjoint' on page 34 undefined on input lin
e 1683.

A tikzpicture has been optimized away. Use '/tikz/external/optimize=false' to d
isable this.

LaTeX Warning: Reference `cor:biexact_action' on page 34 undefined on input lin
e 1711.


LaTeX Warning: Reference `thm:DelignePrdtOverATCExists' on page 35 undefined on
 input line 1740.


LaTeX Warning: Reference `prop:catismod' on page 35 undefined on input line 174
2.


LaTeX Warning: Reference `thm:DelignePrdtOverATCExists' on page 35 undefined on
 input line 1742.


LaTeX Warning: Reference `lma:Exact_checked_on_proj_gens' on page 35 undefined 
on input line 1744.


LaTeX Warning: Reference `thm:DelignePrdtOverATCExists' on page 35 undefined on
 input line 1750.


LaTeX Warning: Reference `thm:DelignePrdtOverATCExists' on page 35 undefined on
 input line 1765.


LaTeX Warning: Reference `Thm:ExactModCatOmnibus' on page 35 undefined on input
 line 1765.


LaTeX Warning: Reference `thm:EGNO2.11.6' on page 36 undefined on input line 17
67.


LaTeX Warning: Reference `thm:DelignePrdtOverATCExists' on page 36 undefined on
 input line 1767.

A tikzpicture has been optimized away. Use '/tikz/external/optimize=false' to d
isable this.

Overfull \hbox (42.49779pt too wide) detected at line 1793
\OT1/cmr/m/n/10 [[]]
 []


LaTeX Warning: Reference `prop:FunctorsAsATensorPdt' on page 36 undefined on in
put line 1803.


LaTeX Warning: Reference `sec:df-modules' on page 36 undefined on input line 18
03.


LaTeX Warning: Reference `sec:radfordftc' on page 36 undefined on input line 18
03.


LaTeX Warning: Reference `sec:topquaddual' on page 37 undefined on input line 1
822.

LaTeX Font Info:    Try loading font information for U+euf on input line 1855.
(/usr/local/texlive/2016/texmf-dist/tex/latex/amsfonts/ueuf.fd
File: ueuf.fd 2013/01/14 v3.01 Euler Fraktur
)

LaTeX Warning: Reference `Thm:ExactModCatOmnibus' on page 38 undefined on input
 line 1870.


LaTeX Warning: Reference `ex:exactness' on page 38 undefined on input line 1870
.


LaTeX Warning: Reference `lemma:DualTwist' on page 38 undefined on input line 1
873.


LaTeX Warning: Reference `lma:module-adjoint' on page 39 undefined on input lin
e 1891.


LaTeX Warning: Reference `ex:exactness' on page 40 undefined on input line 1905
.


LaTeX Warning: Reference `rmk:Deligne_pdt_as_mod_functor' on page 40 undefined 
on input line 1913.


LaTeX Warning: Reference `thm:EGNO2.11.6' on page 40 undefined on input line 19
28.


LaTeX Warning: Reference `thm:DelignePrdtOverATCExists' on page 40 undefined on
 input line 1928.


LaTeX Warning: Reference `prop:dual-formula-for-adjoints' on page 41 undefined 
on input line 1939.


LaTeX Warning: Reference `prop:FunctorsAsATensorPdt' on page 41 undefined on in
put line 1939.


LaTeX Warning: Reference `thm:EGNO2.11.6' on page 41 undefined on input line 19
56.


LaTeX Warning: Reference `def:Dual_bimodule_notation' on page 42 undefined on i
nput line 1978.


LaTeX Warning: Reference `sec:separableisfd' on page 42 undefined on input line
 1998.


LaTeX Warning: Reference `cor:charzerosep' on page 42 undefined on input line 2
000.


LaTeX Warning: Reference `cor:charzeromodulesep' on page 42 undefined on input 
line 2000.


LaTeX Warning: Reference `thm:compositeOfSep' on page 42 undefined on input lin
e 2000.


LaTeX Warning: Reference `cor:septc' on page 42 undefined on input line 2000.


LaTeX Warning: Reference `sec:separableisfd' on page 42 undefined on input line
 2000.


LaTeX Warning: Reference `eg:semiexact' on page 43 undefined on input line 2013
.


LaTeX Warning: Reference `thm:DelignePrdtOverATCExists' on page 44 undefined on
 input line 2025.


LaTeX Warning: Reference `cor:tensasfunct' on page 44 undefined on input line 2
025.


LaTeX Warning: Reference `cor:dualamod' on page 44 undefined on input line 2025
.


LaTeX Warning: Reference `Thm:ExactModCatOmnibus' on page 44 undefined on input
 line 2027.


LaTeX Warning: Reference `thm:compositeOfSep' on page 46 undefined on input lin
e 2074.


LaTeX Warning: Reference `thm:DelignePrdtOverATCExists' on page 46 undefined on
 input line 2074.


LaTeX Warning: Reference `thm:compositeOfSep' on page 46 undefined on input lin
e 2083.


LaTeX Warning: Reference `thm:SepModCats' on page 46 undefined on input line 20
83.


LaTeX Warning: Reference `prop:sepmodissemi' on page 46 undefined on input line
 2100.


LaTeX Warning: Reference `thm:SepModCats' on page 46 undefined on input line 21
00.


LaTeX Warning: Reference `eg:semiexact' on page 46 undefined on input line 2100
.


LaTeX Warning: Reference `Thm:ExactModCatOmnibus' on page 46 undefined on input
 line 2100.


LaTeX Warning: Reference `cor:Sep=semisimplecenter' on page 46 undefined on inp
ut line 2100.


Overfull \hbox (10.77386pt too wide) in paragraph at lines 2100--2101
\OT1/cmr/m/n/10 rem [], the mod-ule cat-e-gory $\OMS/cmsy/m/n/10 M$ \OT1/cmr/m/
n/10 is sep-a-ra-ble pro-vided the lin-ear cat-e-gory $[][](\OMS/cmsy/m/n/10 M\
OML/cmm/m/it/10 ; \OMS/cmsy/m/n/10 M\OT1/cmr/m/n/10 )$
 []


LaTeX Warning: Reference `sec:separableisfd' on page 46 undefined on input line
 2103.


LaTeX Warning: Reference `cor:septc' on page 47 undefined on input line 2107.


LaTeX Warning: Reference `cor:Sep=semisimplecenter' on page 47 undefined on inp
ut line 2117.


LaTeX Warning: Reference `thm:NonzeroDimension' on page 47 undefined on input l
ine 2117.


LaTeX Warning: Reference `sec:gdim' on page 52 undefined on input line 2254.


LaTeX Warning: Reference `cor:Sep=semisimplecenter' on page 52 undefined on inp
ut line 2264.


LaTeX Warning: Reference `cor:Sep=semisimplecenter' on page 52 undefined on inp
ut line 2267.


LaTeX Warning: Reference `prop:SSModuleCatsAreSep' on page 52 undefined on inpu
t line 2272.


LaTeX Warning: Reference `thm:NonzeroDimension' on page 53 undefined on input l
ine 2279.

Chapter 3

LaTeX Warning: Reference `sec:df-objects' on page 55 undefined on input line 22
85.


LaTeX Warning: Reference `sec:df-morphisms' on page 55 undefined on input line 
2285.


LaTeX Warning: Reference `sec:radfordftc' on page 55 undefined on input line 22
87.


LaTeX Warning: Reference `sec:separableisfd' on page 55 undefined on input line
 2289.


LaTeX Warning: Reference `sec:spherical' on page 55 undefined on input line 229
1.


Underfull \vbox (badness 10000) has occurred while \output is active []


Overfull \hbox (1.70276pt too wide) in paragraph at lines 2315--2317
\OT1/cmr/m/it/10 Here the left fac-tor is $\OT1/cmr/m/n/10 ([][]\OMS/cmsy/m/n/1
0 M[]\OT1/cmr/m/n/10 ) \U/msa/m/n/10 ^^B \OT1/cmr/m/n/10 ([][][][])$ \OT1/cmr/m
/it/10 and the right fac-tor is $\OT1/cmr/m/n/10 ([][]\OMS/cmsy/m/n/10 D[]\OT1/
cmr/m/n/10 )
 []


LaTeX Warning: Reference `lemma:flip' on page 57 undefined on input line 2334.


LaTeX Warning: Reference `rem:hep' on page 58 undefined on input line 2361.


LaTeX Warning: Reference `table:egdimone' on page 58 undefined on input line 23
64.


LaTeX Warning: Reference `sec:notation' on page 58 undefined on input line 2364
.

A tikzpicture has been optimized away. Use '/tikz/external/optimize=false' to d
isable this.
A tikzpicture has been optimized away. Use '/tikz/external/optimize=false' to d
isable this.
A tikzpicture has been optimized away. Use '/tikz/external/optimize=false' to d
isable this.
A tikzpicture has been optimized away. Use '/tikz/external/optimize=false' to d
isable this.
A tikzpicture has been optimized away. Use '/tikz/external/optimize=false' to d
isable this.

Overfull \hbox (126.01859pt too wide) in paragraph at lines 2367--2417
 [][] 
 []


LaTeX Warning: Reference `ex:disk_bordism_immersed' on page 58 undefined on inp
ut line 2428.


LaTeX Warning: Reference `cor:tensasfunct' on page 59 undefined on input line 2
448.


LaTeX Warning: Reference `lemma:DualTwist' on page 59 undefined on input line 2
448.


LaTeX Warning: Reference `table:egdimone' on page 59 undefined on input line 24
52.


LaTeX Warning: Reference `table:egdimone' on page 59 undefined on input line 24
56.


LaTeX Warning: Reference `prop:FunctorsAsATensorPdt' on page 60 undefined on in
put line 2480.


LaTeX Warning: Reference `prop:FunctorsAsATensorPdt' on page 60 undefined on in
put line 2500.

A tikzpicture has been optimized away. Use '/tikz/external/optimize=false' to d
isable this.

LaTeX Warning: Reference `prop:onedual' on page 61 undefined on input line 2524
.


LaTeX Warning: Reference `prop:evcoev' on page 61 undefined on input line 2524.



LaTeX Warning: Reference `ftn:exactly' on page 61 undefined on input line 2533.



LaTeX Warning: Reference `sec:framed-duality' on page 61 undefined on input lin
e 2538.

A tikzpicture has been optimized away. Use '/tikz/external/optimize=false' to d
isable this.
A tikzpicture has been optimized away. Use '/tikz/external/optimize=false' to d
isable this.
A tikzpicture has been optimized away. Use '/tikz/external/optimize=false' to d
isable this.
A tikzpicture has been optimized away. Use '/tikz/external/optimize=false' to d
isable this.

Overfull \hbox (1316.65764pt too wide) detected at line 2576
[]\OML/cmm/m/it/10 ; []; []; []
 []


LaTeX Warning: Reference `fig:adjointchains' on page 61 undefined on input line
 2578.


LaTeX Warning: Reference `sec:framed-duality' on page 61 undefined on input lin
e 2578.


LaTeX Warning: Reference `table:intervals' on page 61 undefined on input line 2
580.


LaTeX Warning: Reference `rem:hep' on page 61 undefined on input line 2580.


LaTeX Warning: Reference `prop:dual-formula-for-adjoints' on page 61 undefined 
on input line 2580.


LaTeX Warning: Reference `prop:evcoev' on page 61 undefined on input line 2580.


A tikzpicture has been optimized away. Use '/tikz/external/optimize=false' to d
isable this.
A tikzpicture has been optimized away. Use '/tikz/external/optimize=false' to d
isable this.
A tikzpicture has been optimized away. Use '/tikz/external/optimize=false' to d
isable this.
A tikzpicture has been optimized away. Use '/tikz/external/optimize=false' to d
isable this.
A tikzpicture has been optimized away. Use '/tikz/external/optimize=false' to d
isable this.
A tikzpicture has been optimized away. Use '/tikz/external/optimize=false' to d
isable this.
A tikzpicture has been optimized away. Use '/tikz/external/optimize=false' to d
isable this.
A tikzpicture has been optimized away. Use '/tikz/external/optimize=false' to d
isable this.

Overfull \hbox (331.46382pt too wide) in paragraph at lines 2583--2708
 [][] 
 []

A tikzpicture has been optimized away. Use '/tikz/external/optimize=false' to d
isable this.
A tikzpicture has been optimized away. Use '/tikz/external/optimize=false' to d
isable this.
A tikzpicture has been optimized away. Use '/tikz/external/optimize=false' to d
isable this.
A tikzpicture has been optimized away. Use '/tikz/external/optimize=false' to d
isable this.

Overfull \hbox (124.63634pt too wide) in paragraph at lines 2747--2747
[] 
 []


LaTeX Warning: Reference `prop:serrecalc' on page 62 undefined on input line 27
50.


LaTeX Warning: Reference `table:intervals' on page 62 undefined on input line 2
755.


LaTeX Warning: Reference `lemma:flip' on page 62 undefined on input line 2762.


LaTeX Warning: Reference `prop:dual-formula-for-adjoints' on page 62 undefined 
on input line 2767.


LaTeX Warning: Reference `lemma:DualTwist' on page 62 undefined on input line 2
767.


LaTeX Warning: Reference `cor:trace' on page 62 undefined on input line 2767.


LaTeX Warning: Reference `table:intervals' on page 63 undefined on input line 2
780.


LaTeX Warning: Reference `table:circles' on page 63 undefined on input line 278
0.


LaTeX Warning: Reference `prop:FunctorsAsATensorPdt' on page 63 undefined on in
put line 2780.


LaTeX Warning: Reference `cor:tensasfunct' on page 63 undefined on input line 2
780.


LaTeX Warning: Reference `lemma:DualTwist' on page 63 undefined on input line 2
780.


LaTeX Warning: Reference `table:discs' on page 63 undefined on input line 2780.


A tikzpicture has been optimized away. Use '/tikz/external/optimize=false' to d
isable this.
A tikzpicture has been optimized away. Use '/tikz/external/optimize=false' to d
isable this.
A tikzpicture has been optimized away. Use '/tikz/external/optimize=false' to d
isable this.

Overfull \hbox (377.5991pt too wide) in paragraph at lines 2782--2813
 [][] 
 []

A tikzpicture has been optimized away. Use '/tikz/external/optimize=false' to d
isable this.
\openout6 = `Pictures/DTCI-memo-figure63.dpth'.

[63


]
A tikzpicture has been optimized away. Use '/tikz/external/optimize=false' to d
isable this.
A tikzpicture has been optimized away. Use '/tikz/external/optimize=false' to d
isable this.

Overfull \hbox (269.24495pt too wide) in paragraph at lines 2818--2871
 [][] 
 []


LaTeX Warning: Reference `table:discs' on page 63 undefined on input line 2876.



LaTeX Warning: Reference `table:discs' on page 63 undefined on input line 2878.



LaTeX Warning: Reference `thm:Cat_Radford' on page 63 undefined on input line 2
880.


LaTeX Warning: Reference `eg:evrevadj' on page 64 undefined on input line 2888.



LaTeX Warning: Reference `def:Radford-Object' on page 64 undefined on input lin
e 2888.


LaTeX Warning: Reference `sec:finiteradford' on page 64 undefined on input line
 2888.


LaTeX Warning: Reference `sec:topquaddual' on page 64 undefined on input line 2
890.


LaTeX Warning: Reference `sec:computeradford' on page 64 undefined on input lin
e 2890.


LaTeX Warning: Reference `thm:NonzeroDimension' on page 64 undefined on input l
ine 2892.


LaTeX Warning: Reference `cor:charzerosep' on page 64 undefined on input line 2
892.


LaTeX Warning: Reference `sec:separableisfd' on page 64 undefined on input line
 2892.


LaTeX Warning: Reference `def:Radford-Object' on page 64 undefined on input lin
e 2896.


LaTeX Warning: Reference `thm:tensor-exactness' on page 64 undefined on input l
ine 2896.


LaTeX Warning: Reference `lma:module-adjoint' on page 65 undefined on input lin
e 2903.


LaTeX Warning: Reference `Thm:ExactModCatOmnibus' on page 65 undefined on input
 line 2903.


LaTeX Warning: Reference `ex:exactness' on page 65 undefined on input line 2905
.


LaTeX Warning: Reference `prop:evcoev' on page 65 undefined on input line 2905.



LaTeX Warning: Reference `prop:dual-formula-for-adjoints' on page 65 undefined 
on input line 2905.


LaTeX Warning: Reference `cor:adjoint-exactness' on page 65 undefined on input 
line 2905.


LaTeX Warning: Reference `thm:tensor-exactness' on page 65 undefined on input l
ine 2905.


LaTeX Warning: Reference `thm:chstruc' on page 65 undefined on input line 2923.



LaTeX Warning: Reference `cor:serreinvserre' on page 65 undefined on input line
 2926.


LaTeX Warning: Reference `sec:radfordftc' on page 66 undefined on input line 29
29.


LaTeX Warning: Reference `fig:Radford_bordism' on page 66 undefined on input li
ne 2933.


LaTeX Warning: Reference `sec:Serre' on page 66 undefined on input line 2933.


LaTeX Warning: Reference `thm:serreisdoubledual' on page 66 undefined on input 
line 2935.


LaTeX Warning: Reference `lem:BimoduleToFunctor' on page 66 undefined on input 
line 2935.


LaTeX Warning: Reference `lem:BimoduleToFunctor' on page 66 undefined on input 
line 2946.


LaTeX Warning: Reference `fig:Radford_bordism' on page 66 undefined on input li
ne 2952.

A tikzpicture has been optimized away. Use '/tikz/external/optimize=false' to d
isable this.
A tikzpicture has been optimized away. Use '/tikz/external/optimize=false' to d
isable this.
A tikzpicture has been optimized away. Use '/tikz/external/optimize=false' to d
isable this.

Overfull \hbox (292.52428pt too wide) detected at line 3018
[]  []  []  []  []
 []


LaTeX Warning: Reference `sec:enrichedendo' on page 67 undefined on input line 
3022.


LaTeX Warning: Reference `cor:dualamod' on page 67 undefined on input line 3022
.


LaTeX Warning: Reference `lem:dualing-amod' on page 67 undefined on input line 
3022.


Underfull \hbox (badness 1496) in paragraph at lines 3024--3025
[][][]\OT1/cmr/m/sc/10 Proposition \OT1/cmr/m/n/10 3.3.5\OT1/cmr/m/sc/10 . []\O
T1/cmr/m/it/10 Let $\OMS/cmsy/m/n/10 C$ \OT1/cmr/m/it/10 be a fi-nite ten-sor c
at-e-gory, and let $\OML/cmm/m/it/10 A \OT1/cmr/m/n/10 :=
 []


LaTeX Warning: Reference `cor:dualamod' on page 67 undefined on input line 3039
.


LaTeX Warning: Reference `prop:dual-formula-for-adjoints' on page 67 undefined 
on input line 3039.


LaTeX Warning: Reference `prop:evcoev' on page 67 undefined on input line 3039.



Overfull \hbox (51.25328pt too wide) detected at line 3048
[]
 []


Underfull \vbox (badness 10000) has occurred while \output is active []


Overfull \hbox (59.94774pt too wide) detected at line 3077
[]
 []


LaTeX Warning: Reference `thm:quaddual' on page 69 undefined on input line 3100
.


LaTeX Warning: Reference `thm:quaddual' on page 69 undefined on input line 3107
.


LaTeX Warning: Reference `cor:ssquaddual' on page 69 undefined on input line 31
10.


LaTeX Warning: Reference `prop:computeradford' on page 69 undefined on input li
ne 3110.


LaTeX Warning: Reference `cor:ssquaddual' on page 69 undefined on input line 31
13.


LaTeX Warning: Reference `rem:nonsimp' on page 69 undefined on input line 3113.



LaTeX Warning: Reference `cor:charzerosep' on page 69 undefined on input line 3
121.


LaTeX Warning: Reference `cor:charzeromodulesep' on page 69 undefined on input 
line 3121.


LaTeX Warning: Reference `lma:module-adjoint' on page 70 undefined on input lin
e 3128.


LaTeX Warning: Reference `prop:onedual' on page 70 undefined on input line 3140
.


LaTeX Warning: Reference `prop:evcoev' on page 70 undefined on input line 3140.



LaTeX Warning: Reference `prop:dual-formula-for-adjoints' on page 70 undefined 
on input line 3140.


LaTeX Warning: Reference `prop:bimodfunctadjoints' on page 70 undefined on inpu
t line 3140.


LaTeX Warning: Reference `cor:tcsepexists' on page 70 undefined on input line 3
150.


LaTeX Warning: Reference `thm:compositeOfSep' on page 70 undefined on input lin
e 3150.


LaTeX Warning: Reference `thm:TC-dualizable' on page 70 undefined on input line
 3150.


LaTeX Warning: Reference `cor:Sep=semisimplecenter' on page 71 undefined on inp
ut line 3177.


LaTeX Warning: Reference `Thm:ExactModCatOmnibus' on page 71 undefined on input
 line 3177.


LaTeX Warning: Reference `ex:exactness' on page 71 undefined on input line 3177
.


LaTeX Warning: Reference `eg:semiexact' on page 71 undefined on input line 3177
.


LaTeX Warning: Reference `table:circles' on page 71 undefined on input line 317
9.


LaTeX Warning: Reference `sec:tc-separable' on page 71 undefined on input line 
3179.


LaTeX Warning: Reference `sec:sepandsemi' on page 71 undefined on input line 31
79.


LaTeX Warning: Reference `prop:evcoev' on page 72 undefined on input line 3188.



LaTeX Warning: Reference `thm:DelignePrdtOverATCExists' on page 72 undefined on
 input line 3188.


Overfull \hbox (6.94315pt too wide) in paragraph at lines 3188--3189
\OT1/cmr/m/n/10 junc-tion is the (right ex-act) eval-u-a-tion $\OMS/cmsy/m/n/10
 C$\OT1/cmr/m/n/10 --$\OMS/cmsy/m/n/10 C$\OT1/cmr/m/n/10 -bimodule func-tor $\O
ML/cmm/m/it/10 " \OT1/cmr/m/n/10 : \OMS/cmsy/m/n/10 M \U/msa/m/n/10 ^^B[] [][]\
OT1/cmr/m/n/10 (\OMS/cmsy/m/n/10 M\OML/cmm/m/it/10 ; \OMS/cmsy/m/n/10 C\OT1/cmr
/m/n/10 ) \OMS/cmsy/m/n/10 !
 []


LaTeX Warning: Reference `cor:fusiontft' on page 72 undefined on input line 320
1.


LaTeX Warning: Reference `thm:TC_is_2Dualizable' on page 73 undefined on input 
line 3212.


Overfull \hbox (3.11969pt too wide) in paragraph at lines 3212--3213
\OT1/cmr/bx/n/10 phism.[] \OT1/cmr/m/n/10 By The-o-rem [], the 3-category $[]$ 
of fi-nite ten-sor cat-e-gories is 2-dualizable;
 []


LaTeX Warning: Reference `thm:serreisdoubledual' on page 73 undefined on input 
line 3214.


LaTeX Warning: Reference `lem:BimoduleToFunctor' on page 73 undefined on input 
line 3214.


LaTeX Warning: Reference `sec:topquaddual' on page 73 undefined on input line 3
223.


LaTeX Warning: Reference `def:spherical' on page 74 undefined on input line 323
7.


LaTeX Warning: Citation `rivano' undefined on input line 3247.

Appendix A

LaTeX Warning: Reference `def:Adjoints' on page 79 undefined on input line 3319
.

No file Pictures/DTCI-memo-figure63.bbl.
\newlabel{tocindent-1}{0pt}
\newlabel{tocindent0}{66.11127pt}
\newlabel{tocindent1}{25.55562pt}
\newlabel{tocindent2}{38.33313pt}
\newlabel{tocindent3}{0pt}
Package atveryend Info: Empty hook `BeforeClearDocument' on input line 3370.
Package atveryend Info: Empty hook `AfterLastShipout' on input line 3370.
Package atveryend Info: Executing hook `AtVeryEndDocument' on input line 3370.
Package atveryend Info: Empty hook `AtEndAfterFileList' on input line 3370.

LaTeX Warning: There were undefined references.

Package atveryend Info: Empty hook `AtVeryVeryEnd' on input line 3370.
 ) 
Here is how much of TeX's memory you used:
 30852 strings out of 493014
 708518 string characters out of 6133351
 910937 words of memory out of 5000000
 33682 multiletter control sequences out of 15000+600000
 16397 words of font info for 65 fonts, out of 8000000 for 9000
 1304 hyphenation exceptions out of 8191
 67i,21n,79p,3301b,2051s stack positions out of 5000i,500n,10000p,200000b,80000s

Output written on Pictures/DTCI-memo-figure63.pdf (1 page, 3092 bytes).
PDF statistics:
 24 PDF objects out of 1000 (max. 8388607)
 8 compressed objects within 1 object stream
 0 named destinations out of 1000 (max. 500000)
 13 words of extra memory for PDF output out of 10000 (max. 10000000)

