This is pdfTeX, Version 3.1415926-2.4-1.40.13 (TeX Live 2012) (format=pdflatex 2012.6.30)  28 SEP 2017 17:02
entering extended mode
 \write18 enabled.
 %&-line parsing enabled.
**\def\tikzexternalrealjob{DTCI-memo}\input{DTCI-memo}
(./DTCI-memo.tex (./memo-l.cls
Document Class: memo-l 2014/05/27 v3.23 MEMO Author Class
(/usr/local/texlive/2012/texmf-dist/tex/latex/amscls/amsbook.cls
Document Class: amsbook 2009/07/02 v2.20.1
\linespacing=\dimen102
\normalparindent=\dimen103
\normaltopskip=\skip41
(/usr/local/texlive/2012/texmf-dist/tex/latex/amsmath/amsmath.sty
Package: amsmath 2000/07/18 v2.13 AMS math features
\@mathmargin=\skip42
For additional information on amsmath, use the `?' option.
(/usr/local/texlive/2012/texmf-dist/tex/latex/amsmath/amstext.sty
Package: amstext 2000/06/29 v2.01
(/usr/local/texlive/2012/texmf-dist/tex/latex/amsmath/amsgen.sty
File: amsgen.sty 1999/11/30 v2.0
\@emptytoks=\toks14
\ex@=\dimen104
)) (/usr/local/texlive/2012/texmf-dist/tex/latex/amsmath/amsbsy.sty
Package: amsbsy 1999/11/29 v1.2d
\pmbraise@=\dimen105
) (/usr/local/texlive/2012/texmf-dist/tex/latex/amsmath/amsopn.sty
Package: amsopn 1999/12/14 v2.01 operator names
)
\inf@bad=\count79
LaTeX Info: Redefining \frac on input line 211.
\uproot@=\count80
\leftroot@=\count81
LaTeX Info: Redefining \overline on input line 307.
\classnum@=\count82
\DOTSCASE@=\count83
LaTeX Info: Redefining \ldots on input line 379.
LaTeX Info: Redefining \dots on input line 382.
LaTeX Info: Redefining \cdots on input line 467.
\Mathstrutbox@=\box26
\strutbox@=\box27
\big@size=\dimen106
LaTeX Font Info:    Redeclaring font encoding OML on input line 567.
LaTeX Font Info:    Redeclaring font encoding OMS on input line 568.
\macc@depth=\count84
\c@MaxMatrixCols=\count85
\dotsspace@=\muskip10
\c@parentequation=\count86
\dspbrk@lvl=\count87
\tag@help=\toks15
\row@=\count88
\column@=\count89
\maxfields@=\count90
\andhelp@=\toks16
\eqnshift@=\dimen107
\alignsep@=\dimen108
\tagshift@=\dimen109
\tagwidth@=\dimen110
\totwidth@=\dimen111
\lineht@=\dimen112
\@envbody=\toks17
\multlinegap=\skip43
\multlinetaggap=\skip44
\mathdisplay@stack=\toks18
LaTeX Info: Redefining \[ on input line 2666.
LaTeX Info: Redefining \] on input line 2667.
)
LaTeX Font Info:    Try loading font information for U+msa on input line 367.
(/usr/local/texlive/2012/texmf-dist/tex/latex/amsfonts/umsa.fd
File: umsa.fd 2009/06/22 v3.00 AMS symbols A
) (/usr/local/texlive/2012/texmf-dist/tex/latex/amsfonts/amsfonts.sty
Package: amsfonts 2009/06/22 v3.00 Basic AMSFonts support
\symAMSa=\mathgroup4
\symAMSb=\mathgroup5
LaTeX Font Info:    Overwriting math alphabet `\mathfrak' in version `bold'
(Font)                  U/euf/m/n --> U/euf/b/n on input line 96.
)
\copyins=\insert233
\abstractbox=\box28
\listisep=\skip45
\c@part=\count91
\c@chapter=\count92
\c@section=\count93
\c@subsection=\count94
\c@subsubsection=\count95
\c@paragraph=\count96
\c@subparagraph=\count97
\c@figure=\count98
\c@table=\count99
\abovecaptionskip=\skip46
\belowcaptionskip=\skip47
\captionindent=\dimen113
\thm@style=\toks19
\thm@bodyfont=\toks20
\thm@headfont=\toks21
\thm@notefont=\toks22
\thm@headpunct=\toks23
\thm@preskip=\skip48
\thm@postskip=\skip49
\thm@headsep=\skip50
\dth@everypar=\toks24
))
\@input{DTC-Preamble.aux}
\openout2 = `DTC-Preamble.aux'.

(./DTC-Preamble.tex (/usr/local/texlive/2012/texmf-dist/tex/latex/amsfonts/amss
ymb.sty
Package: amssymb 2009/06/22 v3.00
) (/usr/local/texlive/2012/texmf-dist/tex/generic/xypic/xy.sty (/usr/local/texl
ive/2012/texmf-dist/tex/generic/xypic/xy.tex Bootstrap'ing: catcodes, docmode, 
(/usr/local/texlive/2012/texmf-dist/tex/generic/xypic/xyrecat.tex) (/usr/local/
texlive/2012/texmf-dist/tex/generic/xypic/xyidioms.tex)

 Xy-pic version 3.8.8 <2012/05/24>
 Copyright (c) 1991-2011 by Kristoffer H. Rose <krisrose@tug.org>
 Xy-pic is free software: see the User's Guide for details.

Loading kernel: messages; fonts; allocations: state,
\X@c=\dimen114
\Y@c=\dimen115
\U@c=\dimen116
\D@c=\dimen117
\L@c=\dimen118
\R@c=\dimen119
\Edge@c=\toks25
\X@p=\dimen120
\Y@p=\dimen121
\U@p=\dimen122
\D@p=\dimen123
\L@p=\dimen124
\R@p=\dimen125
\Edge@p=\toks26
\X@origin=\dimen126
\Y@origin=\dimen127
\X@xbase=\dimen128
\Y@xbase=\dimen129
\X@ybase=\dimen130
\Y@ybase=\dimen131
\X@min=\dimen132
\Y@min=\dimen133
\X@max=\dimen134
\Y@max=\dimen135
\lastobjectbox@=\box29
\zerodotbox@=\box30
\almostz@=\dimen136
direction,
\d@X=\dimen137
\d@Y=\dimen138
\K@=\count100
\KK@=\count101
\Direction=\count102
\K@dXdY=\dimen139
\K@dYdX=\dimen140
\xyread@=\read1
\xywrite@=\write3
\csp@=\count103
\quotPTK@=\dimen141
utility macros; pictures: \xy, positions,
\swaptoks@@=\toks27
\connectobjectbox@@=\box31
objects,
\styletoks@=\toks28
decorations; kernel objects: directionals, circles, text; options; algorithms: 
directions, edges, connections;  Xy-pic loaded) (/usr/local/texlive/2012/texmf-
dist/tex/generic/oberdiek/ifpdf.sty
Package: ifpdf 2011/01/30 v2.3 Provides the ifpdf switch (HO)
Package ifpdf Info: pdfTeX in PDF mode is detected.
)
Package: xy 2012/05/24 Xy-pic version 3.8.8
(/usr/local/texlive/2012/texmf-dist/tex/generic/xypic/xyall.tex  Xy-pic option:
 All features v.3.8 (/usr/local/texlive/2012/texmf-dist/tex/generic/xypic/xycur
ve.tex  Xy-pic option: Curve and Spline extension v.3.12 curve,
\crv@cnt@=\count104
\crvpts@=\toks29
\splinebox@=\box32
\splineval@=\dimen142
\splinedepth@=\dimen143
\splinetol@=\dimen144
\splinelength@=\dimen145
circles,
\L@=\dimen146
loaded) (/usr/local/texlive/2012/texmf-dist/tex/generic/xypic/xyframe.tex  Xy-p
ic option: Frame and Bracket extension v.3.14 loaded) (/usr/local/texlive/2012/
texmf-dist/tex/generic/xypic/xycmtip.tex  Xy-pic option: Computer Modern tip ex
tension v.3.7 (/usr/local/texlive/2012/texmf-dist/tex/generic/xypic/xytips.tex 
 Xy-pic option: More Tips extension v.3.9 loaded) loaded) (/usr/local/texlive/2
012/texmf-dist/tex/generic/xypic/xyline.tex  Xy-pic option: Line styles extensi
on v.3.10
\xylinethick@=\dimen147
loaded) (/usr/local/texlive/2012/texmf-dist/tex/generic/xypic/xyrotate.tex  Xy-
pic option: Rotate and Scale extension v.3.8 loaded) (/usr/local/texlive/2012/t
exmf-dist/tex/generic/xypic/xycolor.tex  Xy-pic option: Colour extension v.3.11
loaded) (/usr/local/texlive/2012/texmf-dist/tex/generic/xypic/xymatrix.tex  Xy-
pic option: Matrix feature v.3.14
\Row=\count105
\Col=\count106
\queue@=\toks30
\queue@@=\toks31
\qcount@=\count107
\qcount@@=\count108
\matrixsize@=\count109
loaded) (/usr/local/texlive/2012/texmf-dist/tex/generic/xypic/xyarrow.tex  Xy-p
ic option: Arrow and Path feature v.3.9 path, \ar, loaded) (/usr/local/texlive/
2012/texmf-dist/tex/generic/xypic/xygraph.tex  Xy-pic option: Graph feature v.3
.11 loaded) loaded) (/usr/local/texlive/2012/texmf-dist/tex/generic/xypic/xypdf
.tex  Xy-pic option: PDF driver v.1.7 Xy-pic pdf driver: `color' extension supp
ort (/usr/local/texlive/2012/texmf-dist/tex/generic/xypic/xypdf-co.tex loaded) 
Xy-pic pdf driver: `curve' extension support (/usr/local/texlive/2012/texmf-dis
t/tex/generic/xypic/xypdf-cu.tex loaded) Xy-pic pdf driver: `frame' extension s
upport (/usr/local/texlive/2012/texmf-dist/tex/generic/xypic/xypdf-fr.tex loade
d) Xy-pic pdf driver: `line' extension support (/usr/local/texlive/2012/texmf-d
ist/tex/generic/xypic/xypdf-li.tex loaded) Xy-pic pdf driver: `rotate' extensio
n support (/usr/local/texlive/2012/texmf-dist/tex/generic/xypic/xypdf-ro.tex lo
aded) loaded)) (/usr/local/texlive/2012/texmf-dist/tex/latex/tools/xspace.sty
Package: xspace 2009/10/20 v1.13 Space after command names (DPC,MH)
) (/usr/local/texlive/2012/texmf-dist/tex/latex/tools/calc.sty
Package: calc 2007/08/22 v4.3 Infix arithmetic (KKT,FJ)
\calc@Acount=\count110
\calc@Bcount=\count111
\calc@Adimen=\dimen148
\calc@Bdimen=\dimen149
\calc@Askip=\skip51
\calc@Bskip=\skip52
LaTeX Info: Redefining \setlength on input line 76.
LaTeX Info: Redefining \addtolength on input line 77.
\calc@Ccount=\count112
\calc@Cskip=\skip53
) (/usr/local/texlive/2012/texmf-dist/tex/latex/comment/comment.sty
\CommentStream=\write4
Excluding comment 'comment') (/usr/local/texlive/2012/texmf-dist/tex/latex/pgfp
lots/pgfplots.sty (/usr/local/texlive/2012/texmf-dist/tex/generic/pgfplots/pgfp
lots.revision.tex)
Package: pgfplots 2011/12/29 v1.5.1 (git show 1.5.1-4-g53e640f )
(/usr/local/texlive/2012/texmf-dist/tex/latex/pgf/frontendlayer/tikz.sty (/usr/
local/texlive/2012/texmf-dist/tex/latex/pgf/basiclayer/pgf.sty (/usr/local/texl
ive/2012/texmf-dist/tex/latex/pgf/utilities/pgfrcs.sty
(/usr/local/texlive/2012/texmf-dist/tex/generic/pgf/utilities/pgfutil-common.te
x
\pgfutil@everybye=\toks32
)
(/usr/local/texlive/2012/texmf-dist/tex/generic/pgf/utilities/pgfutil-latex.def
\pgfutil@abb=\box33
(/usr/local/texlive/2012/texmf-dist/tex/latex/ms/everyshi.sty
Package: everyshi 2001/05/15 v3.00 EveryShipout Package (MS)
)) (/usr/local/texlive/2012/texmf-dist/tex/generic/pgf/utilities/pgfrcs.code.te
x
Package: pgfrcs 2010/10/25 v2.10 (rcs-revision 1.24)
))
Package: pgf 2008/01/15 v2.10 (rcs-revision 1.12)
(/usr/local/texlive/2012/texmf-dist/tex/latex/pgf/basiclayer/pgfcore.sty (/usr/
local/texlive/2012/texmf-dist/tex/latex/graphics/graphicx.sty
Package: graphicx 1999/02/16 v1.0f Enhanced LaTeX Graphics (DPC,SPQR)
(/usr/local/texlive/2012/texmf-dist/tex/latex/graphics/keyval.sty
Package: keyval 1999/03/16 v1.13 key=value parser (DPC)
\KV@toks@=\toks33
) (/usr/local/texlive/2012/texmf-dist/tex/latex/graphics/graphics.sty
Package: graphics 2009/02/05 v1.0o Standard LaTeX Graphics (DPC,SPQR)
(/usr/local/texlive/2012/texmf-dist/tex/latex/graphics/trig.sty
Package: trig 1999/03/16 v1.09 sin cos tan (DPC)
) (/usr/local/texlive/2012/texmf-dist/tex/latex/latexconfig/graphics.cfg
File: graphics.cfg 2010/04/23 v1.9 graphics configuration of TeX Live
)
Package graphics Info: Driver file: pdftex.def on input line 91.
(/usr/local/texlive/2012/texmf-dist/tex/latex/pdftex-def/pdftex.def
File: pdftex.def 2011/05/27 v0.06d Graphics/color for pdfTeX
(/usr/local/texlive/2012/texmf-dist/tex/generic/oberdiek/infwarerr.sty
Package: infwarerr 2010/04/08 v1.3 Providing info/warning/error messages (HO)
) (/usr/local/texlive/2012/texmf-dist/tex/generic/oberdiek/ltxcmds.sty
Package: ltxcmds 2011/11/09 v1.22 LaTeX kernel commands for general use (HO)
)
\Gread@gobject=\count113
))
\Gin@req@height=\dimen150
\Gin@req@width=\dimen151
) (/usr/local/texlive/2012/texmf-dist/tex/latex/pgf/systemlayer/pgfsys.sty
(/usr/local/texlive/2012/texmf-dist/tex/generic/pgf/systemlayer/pgfsys.code.tex
Package: pgfsys 2010/06/30 v2.10 (rcs-revision 1.37)
(/usr/local/texlive/2012/texmf-dist/tex/generic/pgf/utilities/pgfkeys.code.tex
\pgfkeys@pathtoks=\toks34
\pgfkeys@temptoks=\toks35

(/usr/local/texlive/2012/texmf-dist/tex/generic/pgf/utilities/pgfkeysfiltered.c
ode.tex
\pgfkeys@tmptoks=\toks36
))
\pgf@x=\dimen152
\pgf@y=\dimen153
\pgf@xa=\dimen154
\pgf@ya=\dimen155
\pgf@xb=\dimen156
\pgf@yb=\dimen157
\pgf@xc=\dimen158
\pgf@yc=\dimen159
\w@pgf@writea=\write5
\r@pgf@reada=\read2
\c@pgf@counta=\count114
\c@pgf@countb=\count115
\c@pgf@countc=\count116
\c@pgf@countd=\count117
(/usr/local/texlive/2012/texmf-dist/tex/generic/pgf/systemlayer/pgf.cfg
File: pgf.cfg 2008/05/14  (rcs-revision 1.7)
)
Package pgfsys Info: Driver file for pgf: pgfsys-pdftex.def on input line 900.

(/usr/local/texlive/2012/texmf-dist/tex/generic/pgf/systemlayer/pgfsys-pdftex.d
ef
File: pgfsys-pdftex.def 2009/05/22  (rcs-revision 1.26)

(/usr/local/texlive/2012/texmf-dist/tex/generic/pgf/systemlayer/pgfsys-common-p
df.def
File: pgfsys-common-pdf.def 2008/05/19  (rcs-revision 1.10)
)))
(/usr/local/texlive/2012/texmf-dist/tex/generic/pgf/systemlayer/pgfsyssoftpath.
code.tex
File: pgfsyssoftpath.code.tex 2008/07/18  (rcs-revision 1.7)
\pgfsyssoftpath@smallbuffer@items=\count118
\pgfsyssoftpath@bigbuffer@items=\count119
)
(/usr/local/texlive/2012/texmf-dist/tex/generic/pgf/systemlayer/pgfsysprotocol.
code.tex
File: pgfsysprotocol.code.tex 2006/10/16  (rcs-revision 1.4)
)) (/usr/local/texlive/2012/texmf-dist/tex/latex/xcolor/xcolor.sty
Package: xcolor 2007/01/21 v2.11 LaTeX color extensions (UK)
(/usr/local/texlive/2012/texmf-dist/tex/latex/latexconfig/color.cfg
File: color.cfg 2007/01/18 v1.5 color configuration of teTeX/TeXLive
)
Package xcolor Info: Driver file: pdftex.def on input line 225.
Package xcolor Info: Model `cmy' substituted by `cmy0' on input line 1337.
Package xcolor Info: Model `hsb' substituted by `rgb' on input line 1341.
Package xcolor Info: Model `RGB' extended on input line 1353.
Package xcolor Info: Model `HTML' substituted by `rgb' on input line 1355.
Package xcolor Info: Model `Hsb' substituted by `hsb' on input line 1356.
Package xcolor Info: Model `tHsb' substituted by `hsb' on input line 1357.
Package xcolor Info: Model `HSB' substituted by `hsb' on input line 1358.
Package xcolor Info: Model `Gray' substituted by `gray' on input line 1359.
Package xcolor Info: Model `wave' substituted by `hsb' on input line 1360.
)
(/usr/local/texlive/2012/texmf-dist/tex/generic/pgf/basiclayer/pgfcore.code.tex
Package: pgfcore 2010/04/11 v2.10 (rcs-revision 1.7)
(/usr/local/texlive/2012/texmf-dist/tex/generic/pgf/math/pgfmath.code.tex (/usr
/local/texlive/2012/texmf-dist/tex/generic/pgf/math/pgfmathcalc.code.tex (/usr/
local/texlive/2012/texmf-dist/tex/generic/pgf/math/pgfmathutil.code.tex)
(/usr/local/texlive/2012/texmf-dist/tex/generic/pgf/math/pgfmathparser.code.tex
\pgfmath@dimen=\dimen160
\pgfmath@count=\count120
\pgfmath@box=\box34
\pgfmath@toks=\toks37
\pgfmath@stack@operand=\toks38
\pgfmath@stack@operation=\toks39
)
(/usr/local/texlive/2012/texmf-dist/tex/generic/pgf/math/pgfmathfunctions.code.
tex
(/usr/local/texlive/2012/texmf-dist/tex/generic/pgf/math/pgfmathfunctions.basic
.code.tex)
(/usr/local/texlive/2012/texmf-dist/tex/generic/pgf/math/pgfmathfunctions.trigo
nometric.code.tex)
(/usr/local/texlive/2012/texmf-dist/tex/generic/pgf/math/pgfmathfunctions.rando
m.code.tex)
(/usr/local/texlive/2012/texmf-dist/tex/generic/pgf/math/pgfmathfunctions.compa
rison.code.tex)
(/usr/local/texlive/2012/texmf-dist/tex/generic/pgf/math/pgfmathfunctions.base.
code.tex)
(/usr/local/texlive/2012/texmf-dist/tex/generic/pgf/math/pgfmathfunctions.round
.code.tex)
(/usr/local/texlive/2012/texmf-dist/tex/generic/pgf/math/pgfmathfunctions.misc.
code.tex))) (/usr/local/texlive/2012/texmf-dist/tex/generic/pgf/math/pgfmathflo
at.code.tex
\c@pgfmathroundto@lastzeros=\count121
))
(/usr/local/texlive/2012/texmf-dist/tex/generic/pgf/basiclayer/pgfcorepoints.co
de.tex
File: pgfcorepoints.code.tex 2010/04/09  (rcs-revision 1.20)
\pgf@picminx=\dimen161
\pgf@picmaxx=\dimen162
\pgf@picminy=\dimen163
\pgf@picmaxy=\dimen164
\pgf@pathminx=\dimen165
\pgf@pathmaxx=\dimen166
\pgf@pathminy=\dimen167
\pgf@pathmaxy=\dimen168
\pgf@xx=\dimen169
\pgf@xy=\dimen170
\pgf@yx=\dimen171
\pgf@yy=\dimen172
\pgf@zx=\dimen173
\pgf@zy=\dimen174
)
(/usr/local/texlive/2012/texmf-dist/tex/generic/pgf/basiclayer/pgfcorepathconst
ruct.code.tex
File: pgfcorepathconstruct.code.tex 2010/08/03  (rcs-revision 1.24)
\pgf@path@lastx=\dimen175
\pgf@path@lasty=\dimen176
)
(/usr/local/texlive/2012/texmf-dist/tex/generic/pgf/basiclayer/pgfcorepathusage
.code.tex
File: pgfcorepathusage.code.tex 2008/04/22  (rcs-revision 1.12)
\pgf@shorten@end@additional=\dimen177
\pgf@shorten@start@additional=\dimen178
)
(/usr/local/texlive/2012/texmf-dist/tex/generic/pgf/basiclayer/pgfcorescopes.co
de.tex
File: pgfcorescopes.code.tex 2010/09/08  (rcs-revision 1.34)
\pgfpic=\box35
\pgf@hbox=\box36
\pgf@layerbox@main=\box37
\pgf@picture@serial@count=\count122
)
(/usr/local/texlive/2012/texmf-dist/tex/generic/pgf/basiclayer/pgfcoregraphicst
ate.code.tex
File: pgfcoregraphicstate.code.tex 2008/04/22  (rcs-revision 1.9)
\pgflinewidth=\dimen179
)
(/usr/local/texlive/2012/texmf-dist/tex/generic/pgf/basiclayer/pgfcoretransform
ations.code.tex
File: pgfcoretransformations.code.tex 2009/06/10  (rcs-revision 1.11)
\pgf@pt@x=\dimen180
\pgf@pt@y=\dimen181
\pgf@pt@temp=\dimen182
)
(/usr/local/texlive/2012/texmf-dist/tex/generic/pgf/basiclayer/pgfcorequick.cod
e.tex
File: pgfcorequick.code.tex 2008/10/09  (rcs-revision 1.3)
)
(/usr/local/texlive/2012/texmf-dist/tex/generic/pgf/basiclayer/pgfcoreobjects.c
ode.tex
File: pgfcoreobjects.code.tex 2006/10/11  (rcs-revision 1.2)
)
(/usr/local/texlive/2012/texmf-dist/tex/generic/pgf/basiclayer/pgfcorepathproce
ssing.code.tex
File: pgfcorepathprocessing.code.tex 2008/10/09  (rcs-revision 1.8)
)
(/usr/local/texlive/2012/texmf-dist/tex/generic/pgf/basiclayer/pgfcorearrows.co
de.tex
File: pgfcorearrows.code.tex 2008/04/23  (rcs-revision 1.11)
)
(/usr/local/texlive/2012/texmf-dist/tex/generic/pgf/basiclayer/pgfcoreshade.cod
e.tex
File: pgfcoreshade.code.tex 2008/11/23  (rcs-revision 1.13)
\pgf@max=\dimen183
\pgf@sys@shading@range@num=\count123
)
(/usr/local/texlive/2012/texmf-dist/tex/generic/pgf/basiclayer/pgfcoreimage.cod
e.tex
File: pgfcoreimage.code.tex 2010/03/25  (rcs-revision 1.16)

(/usr/local/texlive/2012/texmf-dist/tex/generic/pgf/basiclayer/pgfcoreexternal.
code.tex
File: pgfcoreexternal.code.tex 2010/09/01  (rcs-revision 1.17)
\pgfexternal@startupbox=\box38
))
(/usr/local/texlive/2012/texmf-dist/tex/generic/pgf/basiclayer/pgfcorelayers.co
de.tex
File: pgfcorelayers.code.tex 2010/08/27  (rcs-revision 1.2)
)
(/usr/local/texlive/2012/texmf-dist/tex/generic/pgf/basiclayer/pgfcoretranspare
ncy.code.tex
File: pgfcoretransparency.code.tex 2008/01/17  (rcs-revision 1.2)
)
(/usr/local/texlive/2012/texmf-dist/tex/generic/pgf/basiclayer/pgfcorepatterns.
code.tex
File: pgfcorepatterns.code.tex 2009/07/02  (rcs-revision 1.3)
)))
(/usr/local/texlive/2012/texmf-dist/tex/generic/pgf/modules/pgfmoduleshapes.cod
e.tex
File: pgfmoduleshapes.code.tex 2010/09/09  (rcs-revision 1.13)
\pgfnodeparttextbox=\box39
)
(/usr/local/texlive/2012/texmf-dist/tex/generic/pgf/modules/pgfmoduleplot.code.
tex
File: pgfmoduleplot.code.tex 2010/10/22  (rcs-revision 1.8)
)
(/usr/local/texlive/2012/texmf-dist/tex/latex/pgf/compatibility/pgfcomp-version
-0-65.sty
Package: pgfcomp-version-0-65 2007/07/03 v2.10 (rcs-revision 1.7)
\pgf@nodesepstart=\dimen184
\pgf@nodesepend=\dimen185
)
(/usr/local/texlive/2012/texmf-dist/tex/latex/pgf/compatibility/pgfcomp-version
-1-18.sty
Package: pgfcomp-version-1-18 2007/07/23 v2.10 (rcs-revision 1.1)
)) (/usr/local/texlive/2012/texmf-dist/tex/latex/pgf/utilities/pgffor.sty (/usr
/local/texlive/2012/texmf-dist/tex/latex/pgf/utilities/pgfkeys.sty (/usr/local/
texlive/2012/texmf-dist/tex/generic/pgf/utilities/pgfkeys.code.tex)) (/usr/loca
l/texlive/2012/texmf-dist/tex/generic/pgf/utilities/pgffor.code.tex
Package: pgffor 2010/03/23 v2.10 (rcs-revision 1.18)
\pgffor@iter=\dimen186
\pgffor@skip=\dimen187
\pgffor@stack=\toks40
\pgffor@toks=\toks41
))
(/usr/local/texlive/2012/texmf-dist/tex/generic/pgf/frontendlayer/tikz/tikz.cod
e.tex
Package: tikz 2010/10/13 v2.10 (rcs-revision 1.76)

(/usr/local/texlive/2012/texmf-dist/tex/generic/pgf/libraries/pgflibraryplothan
dlers.code.tex
File: pgflibraryplothandlers.code.tex 2010/05/31 v2.10 (rcs-revision 1.15)
\pgf@plot@mark@count=\count124
\pgfplotmarksize=\dimen188
)
\tikz@lastx=\dimen189
\tikz@lasty=\dimen190
\tikz@lastxsaved=\dimen191
\tikz@lastysaved=\dimen192
\tikzleveldistance=\dimen193
\tikzsiblingdistance=\dimen194
\tikz@figbox=\box40
\tikz@tempbox=\box41
\tikztreelevel=\count125
\tikznumberofchildren=\count126
\tikznumberofcurrentchild=\count127
\tikz@fig@count=\count128

(/usr/local/texlive/2012/texmf-dist/tex/generic/pgf/modules/pgfmodulematrix.cod
e.tex
File: pgfmodulematrix.code.tex 2010/08/24  (rcs-revision 1.4)
\pgfmatrixcurrentrow=\count129
\pgfmatrixcurrentcolumn=\count130
\pgf@matrix@numberofcolumns=\count131
)
\tikz@expandcount=\count132

(/usr/local/texlive/2012/texmf-dist/tex/generic/pgf/frontendlayer/tikz/librarie
s/tikzlibrarytopaths.code.tex
File: tikzlibrarytopaths.code.tex 2008/06/17 v2.10 (rcs-revision 1.2)
))) (/usr/local/texlive/2012/texmf-dist/tex/generic/pgfplots/pgfplots.code.tex 
(/usr/local/texlive/2012/texmf-dist/tex/generic/pgfplots/pgfplotscore.code.tex
\t@pgfplots@toka=\toks42
\t@pgfplots@tokb=\toks43
\t@pgfplots@tokc=\toks44
\pgfplots@tmpa=\dimen195
\c@pgfplots@coordindex=\count133
\c@pgfplots@scanlineindex=\count134

(/usr/local/texlive/2012/texmf-dist/tex/generic/pgfplots/sys/pgfplotssysgeneric
.code.tex))
(/usr/local/texlive/2012/texmf-dist/tex/generic/pgfplots/libs/pgfplotslibrary.c
ode.tex)
(/usr/local/texlive/2012/texmf-dist/tex/generic/pgfplots/oldpgfcompatib/pgfplot
soldpgfsupp_loader.code.tex
Package pgfplots: loading complementary code for your PGF version...

(/usr/local/texlive/2012/texmf-dist/tex/generic/pgfplots/oldpgfcompatib/pgfplot
soldpgfsupp_misc.code.tex)
(/usr/local/texlive/2012/texmf-dist/tex/generic/pgfplots/oldpgfcompatib/pgfplot
soldpgfsupp_pgfkeys.code.tex
\pgfkeys@pathtoks=\toks45
\pgfkeys@temptoks=\toks46

(/usr/local/texlive/2012/texmf-dist/tex/generic/pgfplots/oldpgfcompatib/pgfplot
soldpgfsupp_pgfkeysfiltered.code.tex
\pgfkeys@tmptoks=\toks47
))
(/usr/local/texlive/2012/texmf-dist/tex/generic/pgfplots/oldpgfcompatib/pgfplot
soldpgfsupp_pgfmathfloat.code.tex
\c@pgfmathroundto@lastzeros=\count135
)
(/usr/local/texlive/2012/texmf-dist/tex/generic/pgfplots/oldpgfcompatib/pgfplot
soldpgfsupp_pgflibraryplothandlers.code.tex
File: pgflibraryplothandlers.code.tex 2011/12/28 v2.10 (rcs-revision 1.16)
\pgf@plot@mark@count=\count136
\pgfplotmarksize=\dimen196
)
(/usr/local/texlive/2012/texmf-dist/tex/generic/pgfplots/oldpgfcompatib/pgfplot
soldpgfsupp_pgflibraryfpu.code.tex))
(/usr/local/texlive/2012/texmf-dist/tex/generic/pgfplots/util/pgfplotsutil.code
.tex
(/usr/local/texlive/2012/texmf-dist/tex/generic/pgfplots/liststructure/pgfplots
liststructure.code.tex)
(/usr/local/texlive/2012/texmf-dist/tex/generic/pgfplots/liststructure/pgfplots
liststructureext.code.tex)
(/usr/local/texlive/2012/texmf-dist/tex/generic/pgfplots/liststructure/pgfplots
array.code.tex
\c@pgfplotsarray@tmp=\count137
)
(/usr/local/texlive/2012/texmf-dist/tex/generic/pgfplots/liststructure/pgfplots
matrix.code.tex)
(/usr/local/texlive/2012/texmf-dist/tex/generic/pgfplots/numtable/pgfplotstable
shared.code.tex
\c@pgfplotstable@counta=\count138
\t@pgfplotstable@a=\toks48
)
(/usr/local/texlive/2012/texmf-dist/tex/generic/pgfplots/liststructure/pgfplots
deque.code.tex)
(/usr/local/texlive/2012/texmf-dist/tex/generic/pgfplots/util/pgfplotsbinary.co
de.tex)
(/usr/local/texlive/2012/texmf-dist/tex/generic/pgfplots/util/pgfplotsutil.verb
.code.tex)
(/usr/local/texlive/2012/texmf-dist/tex/generic/pgfplots/libs/pgflibrarypgfplot
s.surfshading.code.tex
\c@pgfplotslibrarysurf@no=\count139

(/usr/local/texlive/2012/texmf-dist/tex/generic/pgfplots/sys/pgflibrarypgfplots
.surfshading.pgfsys-pdftex.def)))
(/usr/local/texlive/2012/texmf-dist/tex/generic/pgfplots/util/pgfplotscolormap.
code.tex)
(/usr/local/texlive/2012/texmf-dist/tex/generic/pgfplots/pgfplotsstackedplots.c
ode.tex)
(/usr/local/texlive/2012/texmf-dist/tex/generic/pgfplots/pgfplotsplothandlers.c
ode.tex
(/usr/local/texlive/2012/texmf-dist/tex/generic/pgfplots/pgfplotsmeshplothandle
r.code.tex))
(/usr/local/texlive/2012/texmf-dist/tex/generic/pgfplots/pgfplotscoordprocessin
g.code.tex)
(/usr/local/texlive/2012/texmf-dist/tex/generic/pgfplots/pgfplotsticks.code.tex
)
(/usr/local/texlive/2012/texmf-dist/tex/generic/pgfplots/pgfplots.paths.code.te
x)
(/usr/local/texlive/2012/texmf-dist/tex/generic/pgf/frontendlayer/tikz/librarie
s/tikzlibrarydecorations.code.tex
(/usr/local/texlive/2012/texmf-dist/tex/generic/pgf/modules/pgfmoduledecoration
s.code.tex
\pgfdecoratedcompleteddistance=\dimen197
\pgfdecoratedremainingdistance=\dimen198
\pgfdecoratedinputsegmentcompleteddistance=\dimen199
\pgfdecoratedinputsegmentremainingdistance=\dimen200
\pgf@decorate@distancetomove=\dimen201
\pgf@decorate@repeatstate=\count140
\pgfdecorationsegmentamplitude=\dimen202
\pgfdecorationsegmentlength=\dimen203
)
\tikz@lib@dec@box=\box42
)
(/usr/local/texlive/2012/texmf-dist/tex/generic/pgf/frontendlayer/tikz/librarie
s/tikzlibrarydecorations.pathmorphing.code.tex
(/usr/local/texlive/2012/texmf-dist/tex/generic/pgf/libraries/decorations/pgfli
brarydecorations.pathmorphing.code.tex))
(/usr/local/texlive/2012/texmf-dist/tex/generic/pgf/frontendlayer/tikz/librarie
s/tikzlibrarydecorations.pathreplacing.code.tex
(/usr/local/texlive/2012/texmf-dist/tex/generic/pgf/libraries/decorations/pgfli
brarydecorations.pathreplacing.code.tex))
\pgfplots@numplots=\count141
\pgfplots@xmin@reg=\dimen204
\pgfplots@xmax@reg=\dimen205
\pgfplots@ymin@reg=\dimen206
\pgfplots@ymax@reg=\dimen207
\pgfplots@zmin@reg=\dimen208
\pgfplots@zmax@reg=\dimen209
)
(/usr/local/texlive/2012/texmf-dist/tex/generic/pgf/frontendlayer/tikz/librarie
s/tikzlibraryplotmarks.code.tex
File: tikzlibraryplotmarks.code.tex 2008/01/09 v2.10 (rcs-revision 1.1)

(/usr/local/texlive/2012/texmf-dist/tex/generic/pgf/libraries/pgflibraryplotmar
ks.code.tex
File: pgflibraryplotmarks.code.tex 2010/10/15 v2.10 (rcs-revision 1.12)
)))
(/usr/local/texlive/2012/texmf-dist/tex/generic/pgf/libraries/pgflibraryfpu.cod
e.tex) (/usr/local/texlive/2012/texmf-dist/tex/latex/mh/mathtools.sty
Package: mathtools 2012/04/24 v1.12 mathematical typesetting tools
(/usr/local/texlive/2012/texmf-dist/tex/latex/mh/mhsetup.sty
Package: mhsetup 2010/01/21 v1.2a programming setup (MH)
)
\g_MT_multlinerow_int=\count142
\l_MT_multwidth_dim=\dimen210
\origjot=\skip54
\l_MT_shortvdotswithinadjustabove_dim=\dimen211
\l_MT_shortvdotswithinadjustbelow_dim=\dimen212
\l_MT_above_intertext_dim=\dimen213
\l_MT_below_intertext_dim=\dimen214
\l_MT_above_shortintertext_dim=\dimen215
\l_MT_below_shortintertext_dim=\dimen216
) (/usr/local/texlive/2012/texmf-dist/tex/latex/tools/tabularx.sty
Package: tabularx 1999/01/07 v2.07 `tabularx' package (DPC)
(/usr/local/texlive/2012/texmf-dist/tex/latex/tools/array.sty
Package: array 2008/09/09 v2.4c Tabular extension package (FMi)
\col@sep=\dimen217
\extrarowheight=\dimen218
\NC@list=\toks49
\extratabsurround=\skip55
\backup@length=\skip56
)
\TX@col@width=\dimen219
\TX@old@table=\dimen220
\TX@old@col=\dimen221
\TX@target=\dimen222
\TX@delta=\dimen223
\TX@cols=\count143
\TX@ftn=\toks50
) (/usr/local/texlive/2012/texmf-dist/tex/latex/base/ifthen.sty
Package: ifthen 2001/05/26 v1.1c Standard LaTeX ifthen package (DPC)
) (/usr/local/texlive/2012/texmf-dist/tex/latex/chngcntr/chngcntr.sty
Package: chngcntr 2009/09/02 v1.0a change counter resetting
)
(/usr/local/texlive/2012/texmf-dist/tex/generic/pgf/frontendlayer/tikz/librarie
s/tikzlibrarymatrix.code.tex
File: tikzlibrarymatrix.code.tex 2008/06/18 v2.10 (rcs-revision 1.2)
)
(/usr/local/texlive/2012/texmf-dist/tex/generic/pgf/frontendlayer/tikz/librarie
s/tikzlibraryarrows.code.tex
File: tikzlibraryarrows.code.tex 2008/01/09 v2.10 (rcs-revision 1.1)

(/usr/local/texlive/2012/texmf-dist/tex/generic/pgf/libraries/pgflibraryarrows.
code.tex
File: pgflibraryarrows.code.tex 2008/10/27 v2.10 (rcs-revision 1.9)
\arrowsize=\dimen224
))
(/usr/local/texlive/2012/texmf-dist/tex/generic/pgf/frontendlayer/tikz/librarie
s/tikzlibrarybackgrounds.code.tex
File: tikzlibrarybackgrounds.code.tex 2010/02/08 v2.10 (rcs-revision 1.2)
\pgf@layerbox@background=\box43
\pgf@layerboxsaved@background=\box44
)
(/usr/local/texlive/2012/texmf-dist/tex/generic/pgf/frontendlayer/tikz/librarie
s/tikzlibrarypatterns.code.tex
File: tikzlibrarypatterns.code.tex 2008/01/15 v2.10 (rcs-revision 1.2)

(/usr/local/texlive/2012/texmf-dist/tex/generic/pgf/libraries/pgflibrarypattern
s.code.tex
File: pgflibrarypatterns.code.tex 2008/03/03 v2.10 (rcs-revision 1.13)
))
(/usr/local/texlive/2012/texmf-dist/tex/generic/pgf/frontendlayer/tikz/librarie
s/tikzlibraryscopes.code.tex
File: tikzlibraryscopes.code.tex 2008/06/27 v2.10 (rcs-revision 1.2)
)
(/usr/local/texlive/2012/texmf-dist/tex/latex/pgf/frontendlayer/libraries/tikzl
ibraryexternal.code.tex
(/usr/local/texlive/2012/texmf-dist/tex/generic/pgf/frontendlayer/tikz/librarie
s/tikzexternalshared.code.tex
\tikzexternal@outfile=\write6
))
No auxiliary output files.

\w@pgfexternal@auxout=\write7
\fuzzwidth=\skip57
\arrowlength=\skip58
\arrowwidth=\skip59
\pointrad=\skip60
\linewid=\skip61
\circlerad=\skip62
\smcirclerad=\skip63
\smcircleradt=\skip64
\minirad=\skip65
\linewidthin=\skip66
\linewidthick=\skip67
\c@maintheorem=\count144
\c@theorem=\count145
\c@apptheorem=\count146
\c@conv=\count147
\c@convention=\count148
\symMnSyA=\mathgroup6
LaTeX Font Info:    Overwriting symbol font `MnSyA' in version `bold'
(Font)                  U/MnSymbolA/m/n --> U/MnSymbolA/b/n on input line 445.
(/usr/local/texlive/2012/texmf-dist/tex/latex/hyperref/hyperref.sty
Package: hyperref 2012/05/13 v6.82q Hypertext links for LaTeX
(/usr/local/texlive/2012/texmf-dist/tex/generic/oberdiek/hobsub-hyperref.sty
Package: hobsub-hyperref 2012/05/28 v1.13 Bundle oberdiek, subset hyperref (HO)

(/usr/local/texlive/2012/texmf-dist/tex/generic/oberdiek/hobsub-generic.sty
Package: hobsub-generic 2012/05/28 v1.13 Bundle oberdiek, subset generic (HO)
Package: hobsub 2012/05/28 v1.13 Construct package bundles (HO)
Package hobsub Info: Skipping package `infwarerr' (already loaded).
Package hobsub Info: Skipping package `ltxcmds' (already loaded).
Package: ifluatex 2010/03/01 v1.3 Provides the ifluatex switch (HO)
Package ifluatex Info: LuaTeX not detected.
Package: ifvtex 2010/03/01 v1.5 Detect VTeX and its facilities (HO)
Package ifvtex Info: VTeX not detected.
Package: intcalc 2007/09/27 v1.1 Expandable calculations with integers (HO)
Package hobsub Info: Skipping package `ifpdf' (already loaded).
Package: etexcmds 2011/02/16 v1.5 Avoid name clashes with e-TeX commands (HO)
Package etexcmds Info: Could not find \expanded.
(etexcmds)             That can mean that you are not using pdfTeX 1.50 or
(etexcmds)             that some package has redefined \expanded.
(etexcmds)             In the latter case, load this package earlier.
Package: kvsetkeys 2012/04/25 v1.16 Key value parser (HO)
Package: kvdefinekeys 2011/04/07 v1.3 Define keys (HO)
Package: pdftexcmds 2011/11/29 v0.20 Utility functions of pdfTeX for LuaTeX (HO
)
Package pdftexcmds Info: LuaTeX not detected.
Package pdftexcmds Info: \pdf@primitive is available.
Package pdftexcmds Info: \pdf@ifprimitive is available.
Package pdftexcmds Info: \pdfdraftmode found.
Package: pdfescape 2011/11/25 v1.13 Implements pdfTeX's escape features (HO)
Package: bigintcalc 2012/04/08 v1.3 Expandable calculations on big integers (HO
)
Package: bitset 2011/01/30 v1.1 Handle bit-vector datatype (HO)
Package: uniquecounter 2011/01/30 v1.2 Provide unlimited unique counter (HO)
)
Package hobsub Info: Skipping package `hobsub' (already loaded).
Package: letltxmacro 2010/09/02 v1.4 Let assignment for LaTeX macros (HO)
Package: hopatch 2012/05/28 v1.2 Wrapper for package hooks (HO)
Package: xcolor-patch 2011/01/30 xcolor patch
Package: atveryend 2011/06/30 v1.8 Hooks at the very end of document (HO)
Package atveryend Info: \enddocument detected (standard20110627).
Package: atbegshi 2011/10/05 v1.16 At begin shipout hook (HO)
Package: refcount 2011/10/16 v3.4 Data extraction from label references (HO)
Package: hycolor 2011/01/30 v1.7 Color options for hyperref/bookmark (HO)
) (/usr/local/texlive/2012/texmf-dist/tex/generic/ifxetex/ifxetex.sty
Package: ifxetex 2010/09/12 v0.6 Provides ifxetex conditional
) (/usr/local/texlive/2012/texmf-dist/tex/latex/oberdiek/kvoptions.sty
Package: kvoptions 2011/06/30 v3.11 Key value format for package options (HO)
)
\@linkdim=\dimen225
\Hy@linkcounter=\count149
\Hy@pagecounter=\count150
(/usr/local/texlive/2012/texmf-dist/tex/latex/hyperref/pd1enc.def
File: pd1enc.def 2012/05/13 v6.82q Hyperref: PDFDocEncoding definition (HO)
)
\Hy@SavedSpaceFactor=\count151
(/usr/local/texlive/2012/texmf-dist/tex/latex/latexconfig/hyperref.cfg
File: hyperref.cfg 2002/06/06 v1.2 hyperref configuration of TeXLive
)
Package hyperref Info: Option `colorlinks' set `true' on input line 3941.
Package hyperref Info: Option `hypertexnames' set `false' on input line 3941.
Package hyperref Info: Hyper figures OFF on input line 4062.
Package hyperref Info: Link nesting OFF on input line 4067.
Package hyperref Info: Hyper index ON on input line 4070.
Package hyperref Info: Plain pages OFF on input line 4077.
Package hyperref Info: Backreferencing OFF on input line 4082.
Package hyperref Info: Implicit mode ON; LaTeX internals redefined.
Package hyperref Info: Bookmarks ON on input line 4300.
\c@Hy@tempcnt=\count152
(/usr/local/texlive/2012/texmf-dist/tex/latex/url/url.sty
\Urlmuskip=\muskip11
Package: url 2006/04/12  ver 3.3  Verb mode for urls, etc.
)
LaTeX Info: Redefining \url on input line 4653.
\Fld@menulength=\count153
\Field@Width=\dimen226
\Fld@charsize=\dimen227
Package hyperref Info: Hyper figures OFF on input line 5773.
Package hyperref Info: Link nesting OFF on input line 5778.
Package hyperref Info: Hyper index ON on input line 5781.
Package hyperref Info: backreferencing OFF on input line 5788.
Package hyperref Info: Link coloring ON on input line 5791.
Package hyperref Info: Link coloring with OCG OFF on input line 5798.
Package hyperref Info: PDF/A mode OFF on input line 5803.
LaTeX Info: Redefining \ref on input line 5843.
LaTeX Info: Redefining \pageref on input line 5847.
\Hy@abspage=\count154
\c@Item=\count155
\c@Hfootnote=\count156
)

Package hyperref Message: Driver: hpdftex.

(/usr/local/texlive/2012/texmf-dist/tex/latex/hyperref/hpdftex.def
File: hpdftex.def 2012/05/13 v6.82q Hyperref driver for pdfTeX
\Fld@listcount=\count157
\c@bookmark@seq@number=\count158
(/usr/local/texlive/2012/texmf-dist/tex/latex/oberdiek/rerunfilecheck.sty
Package: rerunfilecheck 2011/04/15 v1.7 Rerun checks for auxiliary files (HO)
Package uniquecounter Info: New unique counter `rerunfilecheck' on input line 2
82.
)
\Hy@SectionHShift=\skip68
))
No file Pictures/DTCI-memo-figure65.aux.
LaTeX Font Info:    Checking defaults for OML/cmm/m/it on input line 5.
LaTeX Font Info:    ... okay on input line 5.
LaTeX Font Info:    Checking defaults for T1/cmr/m/n on input line 5.
LaTeX Font Info:    ... okay on input line 5.
LaTeX Font Info:    Checking defaults for OT1/cmr/m/n on input line 5.
LaTeX Font Info:    ... okay on input line 5.
LaTeX Font Info:    Checking defaults for OMS/cmsy/m/n on input line 5.
LaTeX Font Info:    ... okay on input line 5.
LaTeX Font Info:    Checking defaults for OMX/cmex/m/n on input line 5.
LaTeX Font Info:    ... okay on input line 5.
LaTeX Font Info:    Checking defaults for U/cmr/m/n on input line 5.
LaTeX Font Info:    ... okay on input line 5.
LaTeX Font Info:    Checking defaults for PD1/pdf/m/n on input line 5.
LaTeX Font Info:    ... okay on input line 5.
LaTeX Font Info:    Try loading font information for U+msa on input line 5.
(/usr/local/texlive/2012/texmf-dist/tex/latex/amsfonts/umsa.fd
File: umsa.fd 2009/06/22 v3.00 AMS symbols A
)
LaTeX Font Info:    Try loading font information for U+msb on input line 5.
(/usr/local/texlive/2012/texmf-dist/tex/latex/amsfonts/umsb.fd
File: umsb.fd 2009/06/22 v3.00 AMS symbols B
)
Package xypdf Info: Line width: 0.39998pt on input line 5.
ABD: EveryShipout initializing macros (/usr/local/texlive/2012/texmf-dist/tex/c
ontext/base/supp-pdf.mkii
[Loading MPS to PDF converter (version 2006.09.02).]
\scratchcounter=\count159
\scratchdimen=\dimen228
\scratchbox=\box45
\nofMPsegments=\count160
\nofMParguments=\count161
\everyMPshowfont=\toks51
\MPscratchCnt=\count162
\MPscratchDim=\dimen229
\MPnumerator=\count163
\makeMPintoPDFobject=\count164
\everyMPtoPDFconversion=\toks52
) (/usr/local/texlive/2012/texmf-dist/tex/latex/oberdiek/epstopdf-base.sty
Package: epstopdf-base 2010/02/09 v2.5 Base part for package epstopdf
(/usr/local/texlive/2012/texmf-dist/tex/latex/oberdiek/grfext.sty
Package: grfext 2010/08/19 v1.1 Manage graphics extensions (HO)
)
Package grfext Info: Graphics extension search list:
(grfext)             [.png,.pdf,.jpg,.mps,.jpeg,.jbig2,.jb2,.PNG,.PDF,.JPG,.JPE
G,.JBIG2,.JB2,.eps]
(grfext)             \AppendGraphicsExtensions on input line 452.
(/usr/local/texlive/2012/texmf-dist/tex/latex/latexconfig/epstopdf-sys.cfg
File: epstopdf-sys.cfg 2010/07/13 v1.3 Configuration of (r)epstopdf for TeX Liv
e
))
\AtBeginShipoutBox=\box46
Package hyperref Info: Link coloring ON on input line 5.
(/usr/local/texlive/2012/texmf-dist/tex/latex/hyperref/nameref.sty
Package: nameref 2010/04/30 v2.40 Cross-referencing by name of section
(/usr/local/texlive/2012/texmf-dist/tex/generic/oberdiek/gettitlestring.sty
Package: gettitlestring 2010/12/03 v1.4 Cleanup title references (HO)
)
\c@section@level=\count165
)
LaTeX Info: Redefining \ref on input line 5.
LaTeX Info: Redefining \pageref on input line 5.
LaTeX Info: Redefining \nameref on input line 5.
Abstract
Acknowledgments
Introduction

Underfull \vbox (badness 10000) has occurred while \output is active []

A tikzpicture has been optimized away. Use '/tikz/external/optimize=false' to d
isable this.
A tikzpicture has been optimized away. Use '/tikz/external/optimize=false' to d
isable this.

LaTeX Warning: Reference `thm:TC-dualizable' on page 4 undefined on input line 
189.


LaTeX Warning: Reference `cor:septcisdualizable' on page 4 undefined on input l
ine 189.


LaTeX Warning: Reference `cor:3dtft' on page 4 undefined on input line 193.


LaTeX Warning: Reference `cor:charzerotft' on page 4 undefined on input line 19
3.


LaTeX Warning: Reference `cor:fusiontft' on page 4 undefined on input line 193.



LaTeX Warning: Reference `thm:converse' on page 5 undefined on input line 199.


LaTeX Warning: Reference `cor:maxfd' on page 5 undefined on input line 199.


Overfull \hbox (1.1266pt too wide) in paragraph at lines 204--205
 \OT1/cmr/bx/n/10 I.3.2.On cat-e-gori-fied 2-dimensional field the-o-ries.[] \O
T1/cmr/m/n/10 The sep-a-ra-bil-ity con-
 []


LaTeX Warning: Reference `thm:TC_is_2Dualizable' on page 5 undefined on input l
ine 210.


LaTeX Warning: Reference `thm:TCisRadford' on page 5 undefined on input line 21
0.


LaTeX Warning: Reference `cor:2dualtft' on page 5 undefined on input line 214.


LaTeX Warning: Reference `cor:3fr2d' on page 5 undefined on input line 214.


LaTeX Warning: Reference `fig:serrebordism' on page 6 undefined on input line 2
19.


LaTeX Warning: Reference `sec:Serre' on page 6 undefined on input line 219.


LaTeX Warning: Reference `thm:serreisdoubledual' on page 6 undefined on input l
ine 223.


LaTeX Warning: Reference `fig:Radford_bordism' on page 6 undefined on input lin
e 225.


LaTeX Warning: Reference `thm:quaddual' on page 6 undefined on input line 229.


LaTeX Warning: Reference `cor:ssquaddual' on page 6 undefined on input line 229
.


LaTeX Warning: Reference `fig:serrebordism' on page 7 undefined on input line 2
31.


LaTeX Warning: Reference `fig:Radford_bordism' on page 7 undefined on input lin
e 231.


LaTeX Warning: Reference `thm:Cat_Radford' on page 7 undefined on input line 23
5.


LaTeX Warning: Reference `cor:serreinvserre' on page 7 undefined on input line 
235.


LaTeX Warning: Reference `thm:DelignePrdtOverATCExists' on page 7 undefined on 
input line 246.


LaTeX Warning: Reference `thm:tcexists' on page 7 undefined on input line 246.


LaTeX Warning: Reference `thm:tensor-exactness' on page 7 undefined on input li
ne 252.


LaTeX Warning: Reference `thm:SepModCats' on page 8 undefined on input line 258
.


LaTeX Warning: Reference `cor:Sep=semisimplecenter' on page 8 undefined on inpu
t line 258.


LaTeX Warning: Reference `thm:compositeOfSep' on page 8 undefined on input line
 264.


LaTeX Warning: Reference `cor:septc' on page 8 undefined on input line 264.


LaTeX Warning: Reference `thm:NonzeroDimension' on page 8 undefined on input li
ne 270.


LaTeX Warning: Reference `cor:charzerosep' on page 8 undefined on input line 27
0.


LaTeX Warning: Reference `sec:spherical' on page 8 undefined on input line 275.



Underfull \vbox (badness 5878) has occurred while \output is active []


LaTeX Warning: Reference `sec:tc-lincat' on page 10 undefined on input line 300
.


LaTeX Warning: Reference `sec:tc-exact' on page 10 undefined on input line 300.



LaTeX Warning: Reference `sec:notation' on page 10 undefined on input line 300.



LaTeX Warning: Reference `sec:framed-duality' on page 10 undefined on input lin
e 300.


LaTeX Warning: Reference `sec:df-objects' on page 10 undefined on input line 30
0.


LaTeX Warning: Reference `sec:tc-separable' on page 10 undefined on input line 
300.


LaTeX Warning: Reference `sec:tc-fusion' on page 10 undefined on input line 300
.


LaTeX Warning: Reference `sec:radfordftc' on page 10 undefined on input line 30
0.


LaTeX Warning: Reference `sec:tensorexact' on page 10 undefined on input line 3
00.


LaTeX Warning: Reference `sec:computeradford' on page 10 undefined on input lin
e 300.


LaTeX Warning: Reference `sec:Serre' on page 10 undefined on input line 300.


LaTeX Warning: Reference `sec:Radford' on page 10 undefined on input line 300.


LaTeX Warning: Reference `sec:conventions' on page 10 undefined on input line 3
00.


LaTeX Warning: Reference `sec:tc-bimodules' on page 10 undefined on input line 
300.


LaTeX Warning: Reference `sec:df-morphisms' on page 10 undefined on input line 
300.


LaTeX Warning: Reference `sec:separableisfd' on page 10 undefined on input line
 300.


LaTeX Warning: Reference `sec:Radford' on page 10 undefined on input line 300.


LaTeX Warning: Reference `sec:tc-bimodules' on page 10 undefined on input line 
300.


LaTeX Warning: Reference `sec:separableisfd' on page 10 undefined on input line
 300.


LaTeX Warning: Reference `sec:lft' on page 10 undefined on input line 304.


LaTeX Warning: Reference `sec:notation' on page 10 undefined on input line 304.



LaTeX Warning: Reference `sec:framed-duality' on page 10 undefined on input lin
e 304.


LaTeX Warning: Reference `sec:Serre' on page 10 undefined on input line 304.


LaTeX Warning: Reference `sec:Radford' on page 10 undefined on input line 304.


LaTeX Warning: Reference `sec:tc' on page 10 undefined on input line 306.


LaTeX Warning: Reference `sec:conventions' on page 10 undefined on input line 3
06.


LaTeX Warning: Reference `sec:tc-lincat' on page 10 undefined on input line 306
.


LaTeX Warning: Reference `sec:tc-exact' on page 10 undefined on input line 306.



LaTeX Warning: Reference `sec:tc-bimodules' on page 10 undefined on input line 
306.


LaTeX Warning: Reference `sec:tc-separable' on page 10 undefined on input line 
306.


LaTeX Warning: Reference `sec:tc-fusion' on page 10 undefined on input line 306
.


LaTeX Warning: Reference `sec:dualizability' on page 11 undefined on input line
 308.


LaTeX Warning: Reference `sec:df-objects' on page 11 undefined on input line 30
8.


LaTeX Warning: Reference `sec:df-morphisms' on page 11 undefined on input line 
308.


LaTeX Warning: Reference `sec:radfordftc' on page 11 undefined on input line 30
8.


LaTeX Warning: Reference `sec:separableisfd' on page 11 undefined on input line
 308.


LaTeX Warning: Reference `sec:spherical' on page 11 undefined on input line 308
.


LaTeX Warning: Reference `cor2' on page 11 undefined on input line 313.


LaTeX Warning: Reference `cor5' on page 11 undefined on input line 313.


LaTeX Warning: Reference `cor2' on page 11 undefined on input line 315.


LaTeX Warning: Reference `cor5' on page 11 undefined on input line 315.


LaTeX Warning: Reference `thm1' on page 11 undefined on input line 315.


LaTeX Warning: Reference `thm3' on page 11 undefined on input line 315.


LaTeX Warning: Reference `thm4' on page 11 undefined on input line 315.


LaTeX Warning: Reference `thm6' on page 11 undefined on input line 315.


LaTeX Warning: Reference `thm8' on page 11 undefined on input line 315.


LaTeX Warning: Reference `thm9' on page 11 undefined on input line 315.


LaTeX Warning: Reference `thm10' on page 11 undefined on input line 315.


LaTeX Warning: Reference `thm11' on page 11 undefined on input line 315.


LaTeX Warning: Reference `thm12' on page 11 undefined on input line 315.


LaTeX Warning: Reference `thm13' on page 11 undefined on input line 315.


LaTeX Warning: Reference `cor7' on page 11 undefined on input line 315.


LaTeX Warning: Reference `thm1' on page 11 undefined on input line 319.


LaTeX Warning: Reference `thm3' on page 11 undefined on input line 319.


LaTeX Warning: Reference `thm4' on page 11 undefined on input line 319.


LaTeX Warning: Reference `thm9' on page 11 undefined on input line 319.


LaTeX Warning: Reference `thm11' on page 11 undefined on input line 319.


LaTeX Warning: Reference `thm12' on page 11 undefined on input line 319.


LaTeX Warning: Reference `cor2' on page 11 undefined on input line 319.


LaTeX Warning: Reference `cor5' on page 11 undefined on input line 319.


LaTeX Warning: Reference `cor7' on page 11 undefined on input line 319.


LaTeX Warning: Reference `thm6' on page 11 undefined on input line 319.


LaTeX Warning: Reference `thm4' on page 11 undefined on input line 319.


LaTeX Warning: Reference `thm13' on page 11 undefined on input line 319.


LaTeX Warning: Reference `thm13' on page 11 undefined on input line 319.


LaTeX Warning: Reference `thm8' on page 11 undefined on input line 319.


LaTeX Warning: Reference `thm10' on page 11 undefined on input line 319.


LaTeX Warning: Reference `thm9' on page 11 undefined on input line 319.


LaTeX Warning: Reference `thm11' on page 11 undefined on input line 319.


LaTeX Warning: Reference `thm12' on page 11 undefined on input line 319.


LaTeX Warning: Reference `sec:lft' on page 12 undefined on input line 321.


LaTeX Warning: Reference `sec:conventions' on page 12 undefined on input line 3
21.


LaTeX Warning: Reference `sec:tc-separable' on page 12 undefined on input line 
321.


LaTeX Warning: Reference `thm:DelignePrdtOverATCExists' on page 12 undefined on
 input line 321.


LaTeX Warning: Reference `thm:tcexists' on page 12 undefined on input line 321.



LaTeX Warning: Reference `cor:septc' on page 12 undefined on input line 321.


LaTeX Warning: Reference `def:sepcat' on page 12 undefined on input line 321.


LaTeX Warning: Reference `cor:Sep=semisimplecenter' on page 12 undefined on inp
ut line 321.


LaTeX Warning: Reference `prop:SSModuleCatsAreSep' on page 12 undefined on inpu
t line 321.


LaTeX Warning: Reference `cor:tcsepexists' on page 12 undefined on input line 3
21.


LaTeX Warning: Reference `sec:tc-fusion' on page 12 undefined on input line 321
.


LaTeX Warning: Reference `cor:charzerosep' on page 12 undefined on input line 3
21.


LaTeX Warning: Reference `cor:charzeromodulesep' on page 12 undefined on input 
line 321.


LaTeX Warning: Reference `sec:dualizability' on page 12 undefined on input line
 321.


LaTeX Warning: Reference `cor:charzerotft' on page 12 undefined on input line 3
21.


LaTeX Warning: Reference `cor:fusiontft' on page 12 undefined on input line 321
.


LaTeX Warning: Reference `sec:descconj' on page 12 undefined on input line 321.


Chapter 1

Package hyperref Warning: Token not allowed in a PDF string (PDFDocEncoding):
(hyperref)                removing `math shift' on input line 357.


Package hyperref Warning: Token not allowed in a PDF string (PDFDocEncoding):
(hyperref)                removing `math shift' on input line 357.


Package hyperref Warning: Token not allowed in a PDF string (PDFDocEncoding):
(hyperref)                removing `math shift' on input line 357.


Package hyperref Warning: Token not allowed in a PDF string (PDFDocEncoding):
(hyperref)                removing `math shift' on input line 357.


Package hyperref Warning: Token not allowed in a PDF string (PDFDocEncoding):
(hyperref)                removing `math shift' on input line 364.


Package hyperref Warning: Token not allowed in a PDF string (PDFDocEncoding):
(hyperref)                removing `math shift' on input line 364.

A tikzpicture has been optimized away. Use '/tikz/external/optimize=false' to d
isable this.

LaTeX Warning: Reference `eg:frcircles' on page 15 undefined on input line 446.



Package hyperref Warning: Token not allowed in a PDF string (PDFDocEncoding):
(hyperref)                removing `math shift' on input line 452.


Package hyperref Warning: Token not allowed in a PDF string (PDFDocEncoding):
(hyperref)                removing `math shift' on input line 452.


Package hyperref Warning: Token not allowed in a PDF string (PDFDocEncoding):
(hyperref)                removing `math shift' on input line 458.


Package hyperref Warning: Token not allowed in a PDF string (PDFDocEncoding):
(hyperref)                removing `math shift' on input line 458.

A tikzpicture has been optimized away. Use '/tikz/external/optimize=false' to d
isable this.
A tikzpicture has been optimized away. Use '/tikz/external/optimize=false' to d
isable this.

LaTeX Warning: Reference `eg-framenot0' on page 16 undefined on input line 494.


A tikzpicture has been optimized away. Use '/tikz/external/optimize=false' to d
isable this.

LaTeX Warning: Reference `eg-framenot0' on page 16 undefined on input line 507.


A tikzpicture has been optimized away. Use '/tikz/external/optimize=false' to d
isable this.
A tikzpicture has been optimized away. Use '/tikz/external/optimize=false' to d
isable this.
A tikzpicture has been optimized away. Use '/tikz/external/optimize=false' to d
isable this.
A tikzpicture has been optimized away. Use '/tikz/external/optimize=false' to d
isable this.
A tikzpicture has been optimized away. Use '/tikz/external/optimize=false' to d
isable this.
A tikzpicture has been optimized away. Use '/tikz/external/optimize=false' to d
isable this.
A tikzpicture has been optimized away. Use '/tikz/external/optimize=false' to d
isable this.
A tikzpicture has been optimized away. Use '/tikz/external/optimize=false' to d
isable this.
A tikzpicture has been optimized away. Use '/tikz/external/optimize=false' to d
isable this.

LaTeX Warning: Reference `def:adjoints_in_bicat' on page 17 undefined on input 
line 662.

A tikzpicture has been optimized away. Use '/tikz/external/optimize=false' to d
isable this.
A tikzpicture has been optimized away. Use '/tikz/external/optimize=false' to d
isable this.
A tikzpicture has been optimized away. Use '/tikz/external/optimize=false' to d
isable this.

LaTeX Warning: Reference `ex:disk_bordism_immersed' on page 17 undefined on inp
ut line 695.


LaTeX Warning: Reference `ex:saddle_bordism_immersed' on page 17 undefined on i
nput line 695.

A tikzpicture has been optimized away. Use '/tikz/external/optimize=false' to d
isable this.
A tikzpicture has been optimized away. Use '/tikz/external/optimize=false' to d
isable this.
A tikzpicture has been optimized away. Use '/tikz/external/optimize=false' to d
isable this.
A tikzpicture has been optimized away. Use '/tikz/external/optimize=false' to d
isable this.
A tikzpicture has been optimized away. Use '/tikz/external/optimize=false' to d
isable this.

LaTeX Warning: Reference `fig:adjointchains' on page 17 undefined on input line
 791.

A tikzpicture has been optimized away. Use '/tikz/external/optimize=false' to d
isable this.
A tikzpicture has been optimized away. Use '/tikz/external/optimize=false' to d
isable this.
A tikzpicture has been optimized away. Use '/tikz/external/optimize=false' to d
isable this.
A tikzpicture has been optimized away. Use '/tikz/external/optimize=false' to d
isable this.
A tikzpicture has been optimized away. Use '/tikz/external/optimize=false' to d
isable this.
A tikzpicture has been optimized away. Use '/tikz/external/optimize=false' to d
isable this.
A tikzpicture has been optimized away. Use '/tikz/external/optimize=false' to d
isable this.
A tikzpicture has been optimized away. Use '/tikz/external/optimize=false' to d
isable this.

LaTeX Warning: Reference `fig:adjointchains' on page 18 undefined on input line
 1001.

A tikzpicture has been optimized away. Use '/tikz/external/optimize=false' to d
isable this.

LaTeX Warning: Reference `eg:serrefunctor' on page 18 undefined on input line 1
014.


LaTeX Warning: Reference `fig:serrebordism' on page 18 undefined on input line 
1020.

A tikzpicture has been optimized away. Use '/tikz/external/optimize=false' to d
isable this.
A tikzpicture has been optimized away. Use '/tikz/external/optimize=false' to d
isable this.

LaTeX Warning: Reference `rem:hep' on page 19 undefined on input line 1086.


LaTeX Warning: Reference `eg:radford' on page 19 undefined on input line 1092.


LaTeX Warning: Reference `sec:topquaddual' on page 19 undefined on input line 1
092.

A tikzpicture has been optimized away. Use '/tikz/external/optimize=false' to d
isable this.

LaTeX Warning: Reference `fig:Radford_bordism' on page 20 undefined on input li
ne 1316.


LaTeX Warning: Reference `eg:evrevadj' on page 20 undefined on input line 1316.



LaTeX Warning: Reference `eg:evlevadj' on page 20 undefined on input line 1316.



LaTeX Warning: Reference `ex:saddle_bordism_immersed' on page 20 undefined on i
nput line 1316.


LaTeX Warning: Reference `def:radfordequiv' on page 21 undefined on input line 
1346.


Underfull \vbox (badness 3281) has occurred while \output is active []


LaTeX Warning: Reference `thm:Cat_Radford' on page 23 undefined on input line 1
404.


LaTeX Warning: Reference `lem-ambiadjoints' on page 23 undefined on input line 
1405.


LaTeX Warning: Reference `thm:Cat_Radford' on page 23 undefined on input line 1
415.


LaTeX Warning: Reference `cor:serreinvserre' on page 23 undefined on input line
 1415.

Chapter 2

LaTeX Warning: Reference `sec:conventions' on page 25 undefined on input line 1
422.


LaTeX Warning: Reference `sec:tc-lincat' on page 25 undefined on input line 142
2.


LaTeX Warning: Reference `sec:dualizability' on page 25 undefined on input line
 1422.


LaTeX Warning: Reference `sec:tc-exact' on page 25 undefined on input line 1422
.


LaTeX Warning: Reference `sec:tc-bimodules' on page 25 undefined on input line 
1424.


LaTeX Warning: Reference `sec:dualizability' on page 25 undefined on input line
 1424.


LaTeX Warning: Reference `sec:tc-separable' on page 25 undefined on input line 
1424.


LaTeX Warning: Reference `sec:tc-fusion' on page 25 undefined on input line 142
4.


LaTeX Warning: Reference `sec:conventions' on page 25 undefined on input line 1
426.


LaTeX Warning: Reference `sec:tc-bimodules' on page 25 undefined on input line 
1426.


LaTeX Warning: Reference `sec:dualizability' on page 25 undefined on input line
 1426.


LaTeX Warning: Reference `sec:tc-lincat' on page 25 undefined on input line 142
6.


LaTeX Warning: Reference `sec:tc-exact' on page 25 undefined on input line 1426
.


LaTeX Warning: Reference `thm:tcexists' on page 25 undefined on input line 1426
.


LaTeX Warning: Reference `thm:tensor-exactness' on page 25 undefined on input l
ine 1426.


LaTeX Warning: Reference `sec:tc-separable' on page 25 undefined on input line 
1426.


LaTeX Warning: Reference `sec:tc-fusion' on page 25 undefined on input line 142
6.


LaTeX Warning: Reference `cor:charzerosep' on page 25 undefined on input line 1
426.


LaTeX Warning: Reference `cor:charzeromodulesep' on page 25 undefined on input 
line 1426.


LaTeX Warning: Reference `thm:compositeOfSep' on page 25 undefined on input lin
e 1426.


LaTeX Warning: Reference `cor:septc' on page 25 undefined on input line 1426.


Underfull \vbox (badness 10000) has occurred while \output is active []


LaTeX Warning: Reference `def:adjoints_in_bicat' on page 26 undefined on input 
line 1447.


LaTeX Warning: Reference `thm:EGNO2.11.6' on page 29 undefined on input line 15
33.


LaTeX Warning: Reference `thm:DelignePrdtOverATCExists' on page 29 undefined on
 input line 1533.


LaTeX Warning: Reference `prop:catismod' on page 30 undefined on input line 157
9.


LaTeX Warning: Reference `thm:EGNO2.11.6' on page 30 undefined on input line 15
85.


Overfull \hbox (1.8593pt too wide) in paragraph at lines 1678--1679
[]\OT1/cmr/m/it/10 The com-po-si-tion func-tor $[][]\OT1/cmr/m/n/10 (\OMS/cmsy/
m/n/10 M\OML/cmm/m/it/10 ; \OMS/cmsy/m/n/10 M[]\OT1/cmr/m/n/10 ) \OMS/cmsy/m/n/
10 ^^B [][]\OT1/cmr/m/n/10 (\OMS/cmsy/m/n/10 M[]\OML/cmm/m/it/10 ; \OMS/cmsy/m/
n/10 M[]\OT1/cmr/m/n/10 ) \OMS/cmsy/m/n/10 ! [][]\OT1/cmr/m/n/10 (\OMS/cmsy/m/n
/10 M\OML/cmm/m/it/10 ; \OMS/cmsy/m/n/10 M[]\OT1/cmr/m/n/10 )$
 []


LaTeX Warning: Reference `lma:module-adjoint' on page 34 undefined on input lin
e 1684.

A tikzpicture has been optimized away. Use '/tikz/external/optimize=false' to d
isable this.

LaTeX Warning: Reference `cor:biexact_action' on page 34 undefined on input lin
e 1712.


LaTeX Warning: Reference `thm:DelignePrdtOverATCExists' on page 35 undefined on
 input line 1741.


LaTeX Warning: Reference `prop:catismod' on page 35 undefined on input line 174
3.


LaTeX Warning: Reference `thm:DelignePrdtOverATCExists' on page 35 undefined on
 input line 1743.


LaTeX Warning: Reference `lma:Exact_checked_on_proj_gens' on page 35 undefined 
on input line 1745.


LaTeX Warning: Reference `thm:DelignePrdtOverATCExists' on page 35 undefined on
 input line 1751.


LaTeX Warning: Reference `thm:DelignePrdtOverATCExists' on page 35 undefined on
 input line 1766.


LaTeX Warning: Reference `Thm:ExactModCatOmnibus' on page 35 undefined on input
 line 1766.


LaTeX Warning: Reference `thm:EGNO2.11.6' on page 36 undefined on input line 17
68.


LaTeX Warning: Reference `thm:DelignePrdtOverATCExists' on page 36 undefined on
 input line 1768.

A tikzpicture has been optimized away. Use '/tikz/external/optimize=false' to d
isable this.

LaTeX Warning: Reference `prop:FunctorsAsATensorPdt' on page 36 undefined on in
put line 1804.


LaTeX Warning: Reference `sec:df-modules' on page 36 undefined on input line 18
04.


LaTeX Warning: Reference `sec:radfordftc' on page 36 undefined on input line 18
04.


LaTeX Warning: Reference `sec:topquaddual' on page 37 undefined on input line 1
823.

LaTeX Font Info:    Try loading font information for U+euf on input line 1856.
(/usr/local/texlive/2012/texmf-dist/tex/latex/amsfonts/ueuf.fd
File: ueuf.fd 2009/06/22 v3.00 Euler Fraktur
)

LaTeX Warning: Reference `Thm:ExactModCatOmnibus' on page 38 undefined on input
 line 1871.


LaTeX Warning: Reference `ex:exactness' on page 38 undefined on input line 1871
.


LaTeX Warning: Reference `lemma:DualTwist' on page 38 undefined on input line 1
874.


LaTeX Warning: Reference `lma:module-adjoint' on page 39 undefined on input lin
e 1892.


LaTeX Warning: Reference `ex:exactness' on page 40 undefined on input line 1906
.


LaTeX Warning: Reference `rmk:Deligne_pdt_as_mod_functor' on page 40 undefined 
on input line 1914.


LaTeX Warning: Reference `thm:EGNO2.11.6' on page 40 undefined on input line 19
29.


LaTeX Warning: Reference `thm:DelignePrdtOverATCExists' on page 40 undefined on
 input line 1929.


LaTeX Warning: Reference `prop:dual-formula-for-adjoints' on page 41 undefined 
on input line 1940.


LaTeX Warning: Reference `prop:FunctorsAsATensorPdt' on page 41 undefined on in
put line 1940.


LaTeX Warning: Reference `thm:EGNO2.11.6' on page 41 undefined on input line 19
57.


LaTeX Warning: Reference `def:Dual_bimodule_notation' on page 42 undefined on i
nput line 1979.


LaTeX Warning: Reference `sec:separableisfd' on page 42 undefined on input line
 1999.


LaTeX Warning: Reference `cor:charzerosep' on page 42 undefined on input line 2
001.


LaTeX Warning: Reference `cor:charzeromodulesep' on page 42 undefined on input 
line 2001.


LaTeX Warning: Reference `thm:compositeOfSep' on page 42 undefined on input lin
e 2001.


LaTeX Warning: Reference `cor:septc' on page 42 undefined on input line 2001.


LaTeX Warning: Reference `sec:separableisfd' on page 42 undefined on input line
 2001.


LaTeX Warning: Reference `eg:semiexact' on page 43 undefined on input line 2014
.


LaTeX Warning: Reference `thm:DelignePrdtOverATCExists' on page 44 undefined on
 input line 2026.


LaTeX Warning: Reference `cor:tensasfunct' on page 44 undefined on input line 2
026.


LaTeX Warning: Reference `cor:dualamod' on page 44 undefined on input line 2026
.


LaTeX Warning: Reference `Thm:ExactModCatOmnibus' on page 44 undefined on input
 line 2028.


LaTeX Warning: Reference `thm:compositeOfSep' on page 46 undefined on input lin
e 2075.


LaTeX Warning: Reference `thm:DelignePrdtOverATCExists' on page 46 undefined on
 input line 2075.


LaTeX Warning: Reference `thm:compositeOfSep' on page 46 undefined on input lin
e 2084.


LaTeX Warning: Reference `thm:SepModCats' on page 46 undefined on input line 20
84.


LaTeX Warning: Reference `prop:sepmodissemi' on page 46 undefined on input line
 2101.


LaTeX Warning: Reference `thm:SepModCats' on page 46 undefined on input line 21
01.


LaTeX Warning: Reference `eg:semiexact' on page 46 undefined on input line 2101
.


LaTeX Warning: Reference `Thm:ExactModCatOmnibus' on page 46 undefined on input
 line 2101.


LaTeX Warning: Reference `cor:Sep=semisimplecenter' on page 46 undefined on inp
ut line 2101.


Overfull \hbox (10.77386pt too wide) in paragraph at lines 2101--2102
\OT1/cmr/m/n/10 rem [], the mod-ule cat-e-gory $\OMS/cmsy/m/n/10 M$ \OT1/cmr/m/
n/10 is sep-a-ra-ble pro-vided the lin-ear cat-e-gory $[][](\OMS/cmsy/m/n/10 M\
OML/cmm/m/it/10 ; \OMS/cmsy/m/n/10 M\OT1/cmr/m/n/10 )$
 []


LaTeX Warning: Reference `sec:separableisfd' on page 46 undefined on input line
 2104.


LaTeX Warning: Reference `cor:septc' on page 47 undefined on input line 2108.


LaTeX Warning: Reference `cor:Sep=semisimplecenter' on page 47 undefined on inp
ut line 2118.


LaTeX Warning: Reference `thm:NonzeroDimension' on page 47 undefined on input l
ine 2118.


LaTeX Warning: Reference `sec:gdim' on page 52 undefined on input line 2255.


LaTeX Warning: Reference `cor:Sep=semisimplecenter' on page 52 undefined on inp
ut line 2265.


LaTeX Warning: Reference `cor:Sep=semisimplecenter' on page 52 undefined on inp
ut line 2268.


LaTeX Warning: Reference `prop:SSModuleCatsAreSep' on page 52 undefined on inpu
t line 2273.


LaTeX Warning: Reference `thm:NonzeroDimension' on page 53 undefined on input l
ine 2280.

Chapter 3

LaTeX Warning: Reference `sec:df-objects' on page 55 undefined on input line 22
86.


LaTeX Warning: Reference `sec:df-morphisms' on page 55 undefined on input line 
2286.


LaTeX Warning: Reference `sec:radfordftc' on page 55 undefined on input line 22
88.


LaTeX Warning: Reference `sec:separableisfd' on page 55 undefined on input line
 2290.


LaTeX Warning: Reference `sec:spherical' on page 55 undefined on input line 229
2.


Underfull \vbox (badness 10000) has occurred while \output is active []


Overfull \hbox (1.70276pt too wide) in paragraph at lines 2316--2318
\OT1/cmr/m/it/10 Here the left fac-tor is $\OT1/cmr/m/n/10 ([][]\OMS/cmsy/m/n/1
0 M[]\OT1/cmr/m/n/10 ) \U/msa/m/n/10 ^^B \OT1/cmr/m/n/10 ([][][][])$ \OT1/cmr/m
/it/10 and the right fac-tor is $\OT1/cmr/m/n/10 ([][]\OMS/cmsy/m/n/10 D[]\OT1/
cmr/m/n/10 )
 []


LaTeX Warning: Reference `lemma:flip' on page 57 undefined on input line 2335.


LaTeX Warning: Reference `rem:hep' on page 58 undefined on input line 2362.


LaTeX Warning: Reference `table:egdimone' on page 58 undefined on input line 23
65.


LaTeX Warning: Reference `sec:notation' on page 58 undefined on input line 2365
.

A tikzpicture has been optimized away. Use '/tikz/external/optimize=false' to d
isable this.
A tikzpicture has been optimized away. Use '/tikz/external/optimize=false' to d
isable this.
A tikzpicture has been optimized away. Use '/tikz/external/optimize=false' to d
isable this.
A tikzpicture has been optimized away. Use '/tikz/external/optimize=false' to d
isable this.
A tikzpicture has been optimized away. Use '/tikz/external/optimize=false' to d
isable this.

LaTeX Warning: Reference `ex:disk_bordism_immersed' on page 58 undefined on inp
ut line 2429.


LaTeX Warning: Reference `cor:tensasfunct' on page 59 undefined on input line 2
449.


LaTeX Warning: Reference `lemma:DualTwist' on page 59 undefined on input line 2
449.


LaTeX Warning: Reference `table:egdimone' on page 59 undefined on input line 24
53.


LaTeX Warning: Reference `table:egdimone' on page 59 undefined on input line 24
57.


LaTeX Warning: Reference `prop:FunctorsAsATensorPdt' on page 60 undefined on in
put line 2481.


LaTeX Warning: Reference `prop:FunctorsAsATensorPdt' on page 60 undefined on in
put line 2501.

A tikzpicture has been optimized away. Use '/tikz/external/optimize=false' to d
isable this.

LaTeX Warning: Reference `prop:onedual' on page 61 undefined on input line 2525
.


LaTeX Warning: Reference `prop:evcoev' on page 61 undefined on input line 2525.



LaTeX Warning: Reference `ftn:exactly' on page 61 undefined on input line 2534.



LaTeX Warning: Reference `sec:framed-duality' on page 61 undefined on input lin
e 2539.

A tikzpicture has been optimized away. Use '/tikz/external/optimize=false' to d
isable this.
A tikzpicture has been optimized away. Use '/tikz/external/optimize=false' to d
isable this.
A tikzpicture has been optimized away. Use '/tikz/external/optimize=false' to d
isable this.
A tikzpicture has been optimized away. Use '/tikz/external/optimize=false' to d
isable this.

LaTeX Warning: Reference `fig:adjointchains' on page 61 undefined on input line
 2579.


LaTeX Warning: Reference `sec:framed-duality' on page 61 undefined on input lin
e 2579.


LaTeX Warning: Reference `table:intervals' on page 61 undefined on input line 2
581.


LaTeX Warning: Reference `rem:hep' on page 61 undefined on input line 2581.


LaTeX Warning: Reference `prop:dual-formula-for-adjoints' on page 61 undefined 
on input line 2581.


LaTeX Warning: Reference `prop:evcoev' on page 61 undefined on input line 2581.


A tikzpicture has been optimized away. Use '/tikz/external/optimize=false' to d
isable this.
A tikzpicture has been optimized away. Use '/tikz/external/optimize=false' to d
isable this.
A tikzpicture has been optimized away. Use '/tikz/external/optimize=false' to d
isable this.
A tikzpicture has been optimized away. Use '/tikz/external/optimize=false' to d
isable this.
A tikzpicture has been optimized away. Use '/tikz/external/optimize=false' to d
isable this.
A tikzpicture has been optimized away. Use '/tikz/external/optimize=false' to d
isable this.
A tikzpicture has been optimized away. Use '/tikz/external/optimize=false' to d
isable this.
A tikzpicture has been optimized away. Use '/tikz/external/optimize=false' to d
isable this.
A tikzpicture has been optimized away. Use '/tikz/external/optimize=false' to d
isable this.
A tikzpicture has been optimized away. Use '/tikz/external/optimize=false' to d
isable this.
A tikzpicture has been optimized away. Use '/tikz/external/optimize=false' to d
isable this.
A tikzpicture has been optimized away. Use '/tikz/external/optimize=false' to d
isable this.

LaTeX Warning: Reference `prop:serrecalc' on page 62 undefined on input line 27
51.


LaTeX Warning: Reference `table:intervals' on page 62 undefined on input line 2
756.


LaTeX Warning: Reference `lemma:flip' on page 62 undefined on input line 2763.


LaTeX Warning: Reference `prop:dual-formula-for-adjoints' on page 62 undefined 
on input line 2768.


LaTeX Warning: Reference `lemma:DualTwist' on page 62 undefined on input line 2
768.


LaTeX Warning: Reference `cor:trace' on page 62 undefined on input line 2768.


LaTeX Warning: Reference `table:intervals' on page 62 undefined on input line 2
781.


LaTeX Warning: Reference `table:circles' on page 62 undefined on input line 278
1.


LaTeX Warning: Reference `prop:FunctorsAsATensorPdt' on page 62 undefined on in
put line 2781.


LaTeX Warning: Reference `cor:tensasfunct' on page 62 undefined on input line 2
781.


LaTeX Warning: Reference `lemma:DualTwist' on page 62 undefined on input line 2
781.


LaTeX Warning: Reference `table:discs' on page 62 undefined on input line 2781.


A tikzpicture has been optimized away. Use '/tikz/external/optimize=false' to d
isable this.
A tikzpicture has been optimized away. Use '/tikz/external/optimize=false' to d
isable this.
A tikzpicture has been optimized away. Use '/tikz/external/optimize=false' to d
isable this.
A tikzpicture has been optimized away. Use '/tikz/external/optimize=false' to d
isable this.
A tikzpicture has been optimized away. Use '/tikz/external/optimize=false' to d
isable this.
A tikzpicture has been optimized away. Use '/tikz/external/optimize=false' to d
isable this.
\openout7 = `Pictures/DTCI-memo-figure65.dpth'.

[63


]

LaTeX Warning: Reference `table:discs' on page 63 undefined on input line 2877.



LaTeX Warning: Reference `table:circles' on page 63 undefined on input line 287
9.


LaTeX Warning: Reference `table:discs' on page 63 undefined on input line 2879.



LaTeX Warning: Reference `thm:Cat_Radford' on page 63 undefined on input line 2
881.


LaTeX Warning: Reference `eg:evrevadj' on page 64 undefined on input line 2889.



LaTeX Warning: Reference `def:Radford-Object' on page 64 undefined on input lin
e 2889.


LaTeX Warning: Reference `sec:finiteradford' on page 64 undefined on input line
 2889.


LaTeX Warning: Reference `sec:topquaddual' on page 64 undefined on input line 2
891.


LaTeX Warning: Reference `sec:computeradford' on page 64 undefined on input lin
e 2891.


LaTeX Warning: Reference `thm:NonzeroDimension' on page 64 undefined on input l
ine 2893.


LaTeX Warning: Reference `cor:charzerosep' on page 64 undefined on input line 2
893.


LaTeX Warning: Reference `sec:separableisfd' on page 64 undefined on input line
 2893.


LaTeX Warning: Reference `def:Radford-Object' on page 64 undefined on input lin
e 2897.


LaTeX Warning: Reference `thm:tensor-exactness' on page 64 undefined on input l
ine 2897.


LaTeX Warning: Reference `lma:module-adjoint' on page 65 undefined on input lin
e 2904.


LaTeX Warning: Reference `Thm:ExactModCatOmnibus' on page 65 undefined on input
 line 2904.


LaTeX Warning: Reference `ex:exactness' on page 65 undefined on input line 2906
.


LaTeX Warning: Reference `prop:evcoev' on page 65 undefined on input line 2906.



LaTeX Warning: Reference `prop:dual-formula-for-adjoints' on page 65 undefined 
on input line 2906.


LaTeX Warning: Reference `cor:adjoint-exactness' on page 65 undefined on input 
line 2906.


LaTeX Warning: Reference `thm:tensor-exactness' on page 65 undefined on input l
ine 2906.


LaTeX Warning: Reference `thm:chstruc' on page 65 undefined on input line 2924.



LaTeX Warning: Reference `cor:serreinvserre' on page 65 undefined on input line
 2927.


LaTeX Warning: Reference `sec:radfordftc' on page 65 undefined on input line 29
30.


LaTeX Warning: Reference `fig:Radford_bordism' on page 66 undefined on input li
ne 2934.


LaTeX Warning: Reference `sec:Serre' on page 66 undefined on input line 2934.


LaTeX Warning: Reference `thm:serreisdoubledual' on page 66 undefined on input 
line 2936.


LaTeX Warning: Reference `lem:BimoduleToFunctor' on page 66 undefined on input 
line 2936.


LaTeX Warning: Reference `lem:BimoduleToFunctor' on page 66 undefined on input 
line 2947.


LaTeX Warning: Reference `fig:Radford_bordism' on page 66 undefined on input li
ne 2953.

A tikzpicture has been optimized away. Use '/tikz/external/optimize=false' to d
isable this.
A tikzpicture has been optimized away. Use '/tikz/external/optimize=false' to d
isable this.
A tikzpicture has been optimized away. Use '/tikz/external/optimize=false' to d
isable this.

LaTeX Warning: Reference `sec:enrichedendo' on page 66 undefined on input line 
3023.


LaTeX Warning: Reference `cor:dualamod' on page 66 undefined on input line 3023
.


LaTeX Warning: Reference `lem:dualing-amod' on page 66 undefined on input line 
3023.


Underfull \hbox (badness 1496) in paragraph at lines 3025--3026
[][][]\OT1/cmr/m/sc/10 Proposition \OT1/cmr/m/n/10 3.3.5\OT1/cmr/m/sc/10 . []\O
T1/cmr/m/it/10 Let $\OMS/cmsy/m/n/10 C$ \OT1/cmr/m/it/10 be a fi-nite ten-sor c
at-e-gory, and let $\OML/cmm/m/it/10 A \OT1/cmr/m/n/10 :=
 []


LaTeX Warning: Reference `cor:dualamod' on page 67 undefined on input line 3040
.


LaTeX Warning: Reference `prop:dual-formula-for-adjoints' on page 67 undefined 
on input line 3040.


LaTeX Warning: Reference `prop:evcoev' on page 67 undefined on input line 3040.



Overfull \hbox (51.25328pt too wide) detected at line 3049
[]
 []


Underfull \vbox (badness 10000) has occurred while \output is active []


Overfull \hbox (59.94774pt too wide) detected at line 3078
[]
 []


LaTeX Warning: Reference `thm:quaddual' on page 69 undefined on input line 3101
.


LaTeX Warning: Reference `thm:quaddual' on page 69 undefined on input line 3108
.


LaTeX Warning: Reference `cor:ssquaddual' on page 69 undefined on input line 31
11.


LaTeX Warning: Reference `prop:computeradford' on page 69 undefined on input li
ne 3111.


LaTeX Warning: Reference `cor:ssquaddual' on page 69 undefined on input line 31
14.


LaTeX Warning: Reference `rem:nonsimp' on page 69 undefined on input line 3114.



LaTeX Warning: Reference `cor:charzerosep' on page 69 undefined on input line 3
122.


LaTeX Warning: Reference `cor:charzeromodulesep' on page 69 undefined on input 
line 3122.


LaTeX Warning: Reference `lma:module-adjoint' on page 70 undefined on input lin
e 3129.


LaTeX Warning: Reference `prop:onedual' on page 70 undefined on input line 3141
.


LaTeX Warning: Reference `prop:evcoev' on page 70 undefined on input line 3141.



LaTeX Warning: Reference `prop:dual-formula-for-adjoints' on page 70 undefined 
on input line 3141.


LaTeX Warning: Reference `prop:bimodfunctadjoints' on page 70 undefined on inpu
t line 3141.


LaTeX Warning: Reference `cor:tcsepexists' on page 70 undefined on input line 3
151.


LaTeX Warning: Reference `thm:compositeOfSep' on page 70 undefined on input lin
e 3151.


LaTeX Warning: Reference `thm:TC-dualizable' on page 70 undefined on input line
 3151.


LaTeX Warning: Reference `cor:Sep=semisimplecenter' on page 71 undefined on inp
ut line 3178.


LaTeX Warning: Reference `Thm:ExactModCatOmnibus' on page 71 undefined on input
 line 3178.


LaTeX Warning: Reference `ex:exactness' on page 71 undefined on input line 3178
.


LaTeX Warning: Reference `eg:semiexact' on page 71 undefined on input line 3178
.


LaTeX Warning: Reference `table:circles' on page 71 undefined on input line 318
0.


LaTeX Warning: Reference `sec:tc-separable' on page 71 undefined on input line 
3180.


LaTeX Warning: Reference `sec:sepandsemi' on page 71 undefined on input line 31
80.


LaTeX Warning: Reference `prop:evcoev' on page 72 undefined on input line 3189.



LaTeX Warning: Reference `thm:DelignePrdtOverATCExists' on page 72 undefined on
 input line 3189.


Overfull \hbox (6.94315pt too wide) in paragraph at lines 3189--3190
\OT1/cmr/m/n/10 junc-tion is the (right ex-act) eval-u-a-tion $\OMS/cmsy/m/n/10
 C$\OT1/cmr/m/n/10 --$\OMS/cmsy/m/n/10 C$\OT1/cmr/m/n/10 -bimodule func-tor $\O
ML/cmm/m/it/10 " \OT1/cmr/m/n/10 : \OMS/cmsy/m/n/10 M \U/msa/m/n/10 ^^B[] [][]\
OT1/cmr/m/n/10 (\OMS/cmsy/m/n/10 M\OML/cmm/m/it/10 ; \OMS/cmsy/m/n/10 C\OT1/cmr
/m/n/10 ) \OMS/cmsy/m/n/10 !
 []


LaTeX Warning: Reference `cor:fusiontft' on page 72 undefined on input line 320
2.


LaTeX Warning: Reference `thm:TC_is_2Dualizable' on page 73 undefined on input 
line 3213.


Overfull \hbox (3.11969pt too wide) in paragraph at lines 3213--3214
\OT1/cmr/bx/n/10 phism.[] \OT1/cmr/m/n/10 By The-o-rem [], the 3-category $[]$ 
of fi-nite ten-sor cat-e-gories is 2-dualizable;
 []


LaTeX Warning: Reference `thm:serreisdoubledual' on page 73 undefined on input 
line 3215.


LaTeX Warning: Reference `lem:BimoduleToFunctor' on page 73 undefined on input 
line 3215.


LaTeX Warning: Reference `sec:topquaddual' on page 73 undefined on input line 3
224.


LaTeX Warning: Reference `def:spherical' on page 74 undefined on input line 323
8.


LaTeX Warning: Citation `rivano' undefined on input line 3248.

Appendix A

LaTeX Warning: Reference `def:Adjoints' on page 79 undefined on input line 3320
.

No file Pictures/DTCI-memo-figure65.bbl.
\newlabel{tocindent-1}{0pt}
\newlabel{tocindent0}{66.11127pt}
\newlabel{tocindent1}{25.55562pt}
\newlabel{tocindent2}{38.33313pt}
\newlabel{tocindent3}{0pt}
Package atveryend Info: Empty hook `BeforeClearDocument' on input line 3371.
Package atveryend Info: Empty hook `AfterLastShipout' on input line 3371.
Package atveryend Info: Executing hook `AtVeryEndDocument' on input line 3371.
Package atveryend Info: Empty hook `AtEndAfterFileList' on input line 3371.

LaTeX Warning: There were undefined references.

Package atveryend Info: Empty hook `AtVeryVeryEnd' on input line 3371.
 ) 
Here is how much of TeX's memory you used:
 25411 strings out of 493488
 526571 string characters out of 3141326
 713873 words of memory out of 3000000
 28035 multiletter control sequences out of 15000+200000
 15771 words of font info for 63 fonts, out of 3000000 for 9000
 1120 hyphenation exceptions out of 8191
 68i,21n,76p,3301b,609s stack positions out of 5000i,500n,10000p,200000b,50000s

Output written on Pictures/DTCI-memo-figure65.pdf (1 page, 1274 bytes).
PDF statistics:
 24 PDF objects out of 1000 (max. 8388607)
 8 compressed objects within 1 object stream
 0 named destinations out of 1000 (max. 500000)
 13 words of extra memory for PDF output out of 10000 (max. 10000000)

