This is pdfTeX, Version 3.1415926-2.4-1.40.13 (TeX Live 2012) (format=pdflatex 2012.6.30)  15 AUG 2013 15:32
entering extended mode
 \write18 enabled.
 %&-line parsing enabled.
**\def\tikzexternalrealjob{DTCI}\input{DTCI}
(./DTCI.tex (/usr/local/texlive/2012/texmf-dist/tex/latex/amscls/amsart.cls
Document Class: amsart 2009/07/02 v2.20.1
\linespacing=\dimen102
\normalparindent=\dimen103
\normaltopskip=\skip41
(/usr/local/texlive/2012/texmf-dist/tex/latex/amsmath/amsmath.sty
Package: amsmath 2000/07/18 v2.13 AMS math features
\@mathmargin=\skip42
For additional information on amsmath, use the `?' option.
(/usr/local/texlive/2012/texmf-dist/tex/latex/amsmath/amstext.sty
Package: amstext 2000/06/29 v2.01
(/usr/local/texlive/2012/texmf-dist/tex/latex/amsmath/amsgen.sty
File: amsgen.sty 1999/11/30 v2.0
\@emptytoks=\toks14
\ex@=\dimen104
)) (/usr/local/texlive/2012/texmf-dist/tex/latex/amsmath/amsbsy.sty
Package: amsbsy 1999/11/29 v1.2d
\pmbraise@=\dimen105
) (/usr/local/texlive/2012/texmf-dist/tex/latex/amsmath/amsopn.sty
Package: amsopn 1999/12/14 v2.01 operator names
)
\inf@bad=\count79
LaTeX Info: Redefining \frac on input line 211.
\uproot@=\count80
\leftroot@=\count81
LaTeX Info: Redefining \overline on input line 307.
\classnum@=\count82
\DOTSCASE@=\count83
LaTeX Info: Redefining \ldots on input line 379.
LaTeX Info: Redefining \dots on input line 382.
LaTeX Info: Redefining \cdots on input line 467.
\Mathstrutbox@=\box26
\strutbox@=\box27
\big@size=\dimen106
LaTeX Font Info:    Redeclaring font encoding OML on input line 567.
LaTeX Font Info:    Redeclaring font encoding OMS on input line 568.
\macc@depth=\count84
\c@MaxMatrixCols=\count85
\dotsspace@=\muskip10
\c@parentequation=\count86
\dspbrk@lvl=\count87
\tag@help=\toks15
\row@=\count88
\column@=\count89
\maxfields@=\count90
\andhelp@=\toks16
\eqnshift@=\dimen107
\alignsep@=\dimen108
\tagshift@=\dimen109
\tagwidth@=\dimen110
\totwidth@=\dimen111
\lineht@=\dimen112
\@envbody=\toks17
\multlinegap=\skip43
\multlinetaggap=\skip44
\mathdisplay@stack=\toks18
LaTeX Info: Redefining \[ on input line 2666.
LaTeX Info: Redefining \] on input line 2667.
)
LaTeX Font Info:    Try loading font information for U+msa on input line 388.
(/usr/local/texlive/2012/texmf-dist/tex/latex/amsfonts/umsa.fd
File: umsa.fd 2009/06/22 v3.00 AMS symbols A
) (/usr/local/texlive/2012/texmf-dist/tex/latex/amsfonts/amsfonts.sty
Package: amsfonts 2009/06/22 v3.00 Basic AMSFonts support
\symAMSa=\mathgroup4
\symAMSb=\mathgroup5
LaTeX Font Info:    Overwriting math alphabet `\mathfrak' in version `bold'
(Font)                  U/euf/m/n --> U/euf/b/n on input line 96.
)
\copyins=\insert233
\abstractbox=\box28
\listisep=\skip45
\c@part=\count91
\c@section=\count92
\c@subsection=\count93
\c@subsubsection=\count94
\c@paragraph=\count95
\c@subparagraph=\count96
\c@figure=\count97
\c@table=\count98
\abovecaptionskip=\skip46
\belowcaptionskip=\skip47
\captionindent=\dimen113
\thm@style=\toks19
\thm@bodyfont=\toks20
\thm@headfont=\toks21
\thm@notefont=\toks22
\thm@headpunct=\toks23
\thm@preskip=\skip48
\thm@postskip=\skip49
\thm@headsep=\skip50
\dth@everypar=\toks24
)
\@input{DTC-Preamble.aux}
\openout2 = `DTC-Preamble.aux'.

(./DTC-Preamble.tex (/usr/local/texlive/2012/texmf-dist/tex/latex/amsfonts/amss
ymb.sty
Package: amssymb 2009/06/22 v3.00
) (/usr/local/texlive/2012/texmf-dist/tex/generic/xypic/xy.sty (/usr/local/texl
ive/2012/texmf-dist/tex/generic/xypic/xy.tex Bootstrap'ing: catcodes, docmode, 
(/usr/local/texlive/2012/texmf-dist/tex/generic/xypic/xyrecat.tex) (/usr/local/
texlive/2012/texmf-dist/tex/generic/xypic/xyidioms.tex)

 Xy-pic version 3.8.8 <2012/05/24>
 Copyright (c) 1991-2011 by Kristoffer H. Rose <krisrose@tug.org>
 Xy-pic is free software: see the User's Guide for details.

Loading kernel: messages; fonts; allocations: state,
\X@c=\dimen114
\Y@c=\dimen115
\U@c=\dimen116
\D@c=\dimen117
\L@c=\dimen118
\R@c=\dimen119
\Edge@c=\toks25
\X@p=\dimen120
\Y@p=\dimen121
\U@p=\dimen122
\D@p=\dimen123
\L@p=\dimen124
\R@p=\dimen125
\Edge@p=\toks26
\X@origin=\dimen126
\Y@origin=\dimen127
\X@xbase=\dimen128
\Y@xbase=\dimen129
\X@ybase=\dimen130
\Y@ybase=\dimen131
\X@min=\dimen132
\Y@min=\dimen133
\X@max=\dimen134
\Y@max=\dimen135
\lastobjectbox@=\box29
\zerodotbox@=\box30
\almostz@=\dimen136
direction,
\d@X=\dimen137
\d@Y=\dimen138
\K@=\count99
\KK@=\count100
\Direction=\count101
\K@dXdY=\dimen139
\K@dYdX=\dimen140
\xyread@=\read1
\xywrite@=\write3
\csp@=\count102
\quotPTK@=\dimen141
utility macros; pictures: \xy, positions,
\swaptoks@@=\toks27
\connectobjectbox@@=\box31
objects,
\styletoks@=\toks28
decorations; kernel objects: directionals, circles, text; options; algorithms: 
directions, edges, connections;  Xy-pic loaded) (/usr/local/texlive/2012/texmf-
dist/tex/generic/oberdiek/ifpdf.sty
Package: ifpdf 2011/01/30 v2.3 Provides the ifpdf switch (HO)
Package ifpdf Info: pdfTeX in PDF mode is detected.
)
Package: xy 2012/05/24 Xy-pic version 3.8.8
(/usr/local/texlive/2012/texmf-dist/tex/generic/xypic/xyall.tex  Xy-pic option:
 All features v.3.8 (/usr/local/texlive/2012/texmf-dist/tex/generic/xypic/xycur
ve.tex  Xy-pic option: Curve and Spline extension v.3.12 curve,
\crv@cnt@=\count103
\crvpts@=\toks29
\splinebox@=\box32
\splineval@=\dimen142
\splinedepth@=\dimen143
\splinetol@=\dimen144
\splinelength@=\dimen145
circles,
\L@=\dimen146
loaded) (/usr/local/texlive/2012/texmf-dist/tex/generic/xypic/xyframe.tex  Xy-p
ic option: Frame and Bracket extension v.3.14 loaded) (/usr/local/texlive/2012/
texmf-dist/tex/generic/xypic/xycmtip.tex  Xy-pic option: Computer Modern tip ex
tension v.3.7 (/usr/local/texlive/2012/texmf-dist/tex/generic/xypic/xytips.tex 
 Xy-pic option: More Tips extension v.3.9 loaded) loaded) (/usr/local/texlive/2
012/texmf-dist/tex/generic/xypic/xyline.tex  Xy-pic option: Line styles extensi
on v.3.10
\xylinethick@=\dimen147
loaded) (/usr/local/texlive/2012/texmf-dist/tex/generic/xypic/xyrotate.tex  Xy-
pic option: Rotate and Scale extension v.3.8 loaded) (/usr/local/texlive/2012/t
exmf-dist/tex/generic/xypic/xycolor.tex  Xy-pic option: Colour extension v.3.11
loaded) (/usr/local/texlive/2012/texmf-dist/tex/generic/xypic/xymatrix.tex  Xy-
pic option: Matrix feature v.3.14
\Row=\count104
\Col=\count105
\queue@=\toks30
\queue@@=\toks31
\qcount@=\count106
\qcount@@=\count107
\matrixsize@=\count108
loaded) (/usr/local/texlive/2012/texmf-dist/tex/generic/xypic/xyarrow.tex  Xy-p
ic option: Arrow and Path feature v.3.9 path, \ar, loaded) (/usr/local/texlive/
2012/texmf-dist/tex/generic/xypic/xygraph.tex  Xy-pic option: Graph feature v.3
.11 loaded) loaded) (/usr/local/texlive/2012/texmf-dist/tex/generic/xypic/xypdf
.tex  Xy-pic option: PDF driver v.1.7 Xy-pic pdf driver: `color' extension supp
ort (/usr/local/texlive/2012/texmf-dist/tex/generic/xypic/xypdf-co.tex loaded) 
Xy-pic pdf driver: `curve' extension support (/usr/local/texlive/2012/texmf-dis
t/tex/generic/xypic/xypdf-cu.tex loaded) Xy-pic pdf driver: `frame' extension s
upport (/usr/local/texlive/2012/texmf-dist/tex/generic/xypic/xypdf-fr.tex loade
d) Xy-pic pdf driver: `line' extension support (/usr/local/texlive/2012/texmf-d
ist/tex/generic/xypic/xypdf-li.tex loaded) Xy-pic pdf driver: `rotate' extensio
n support (/usr/local/texlive/2012/texmf-dist/tex/generic/xypic/xypdf-ro.tex lo
aded) loaded)) (/usr/local/texlive/2012/texmf-dist/tex/latex/tools/xspace.sty
Package: xspace 2009/10/20 v1.13 Space after command names (DPC,MH)
) (/usr/local/texlive/2012/texmf-dist/tex/latex/tools/calc.sty
Package: calc 2007/08/22 v4.3 Infix arithmetic (KKT,FJ)
\calc@Acount=\count109
\calc@Bcount=\count110
\calc@Adimen=\dimen148
\calc@Bdimen=\dimen149
\calc@Askip=\skip51
\calc@Bskip=\skip52
LaTeX Info: Redefining \setlength on input line 76.
LaTeX Info: Redefining \addtolength on input line 77.
\calc@Ccount=\count111
\calc@Cskip=\skip53
) (/usr/local/texlive/2012/texmf-dist/tex/latex/comment/comment.sty
\CommentStream=\write4
Excluding comment 'comment') (/usr/local/texlive/2012/texmf-dist/tex/latex/pgfp
lots/pgfplots.sty (/usr/local/texlive/2012/texmf-dist/tex/generic/pgfplots/pgfp
lots.revision.tex)
Package: pgfplots 2011/12/29 v1.5.1 (git show 1.5.1-4-g53e640f )
(/usr/local/texlive/2012/texmf-dist/tex/latex/pgf/frontendlayer/tikz.sty (/usr/
local/texlive/2012/texmf-dist/tex/latex/pgf/basiclayer/pgf.sty (/usr/local/texl
ive/2012/texmf-dist/tex/latex/pgf/utilities/pgfrcs.sty
(/usr/local/texlive/2012/texmf-dist/tex/generic/pgf/utilities/pgfutil-common.te
x
\pgfutil@everybye=\toks32
)
(/usr/local/texlive/2012/texmf-dist/tex/generic/pgf/utilities/pgfutil-latex.def
\pgfutil@abb=\box33
(/usr/local/texlive/2012/texmf-dist/tex/latex/ms/everyshi.sty
Package: everyshi 2001/05/15 v3.00 EveryShipout Package (MS)
)) (/usr/local/texlive/2012/texmf-dist/tex/generic/pgf/utilities/pgfrcs.code.te
x
Package: pgfrcs 2010/10/25 v2.10 (rcs-revision 1.24)
))
Package: pgf 2008/01/15 v2.10 (rcs-revision 1.12)
(/usr/local/texlive/2012/texmf-dist/tex/latex/pgf/basiclayer/pgfcore.sty (/usr/
local/texlive/2012/texmf-dist/tex/latex/graphics/graphicx.sty
Package: graphicx 1999/02/16 v1.0f Enhanced LaTeX Graphics (DPC,SPQR)
(/usr/local/texlive/2012/texmf-dist/tex/latex/graphics/keyval.sty
Package: keyval 1999/03/16 v1.13 key=value parser (DPC)
\KV@toks@=\toks33
) (/usr/local/texlive/2012/texmf-dist/tex/latex/graphics/graphics.sty
Package: graphics 2009/02/05 v1.0o Standard LaTeX Graphics (DPC,SPQR)
(/usr/local/texlive/2012/texmf-dist/tex/latex/graphics/trig.sty
Package: trig 1999/03/16 v1.09 sin cos tan (DPC)
) (/usr/local/texlive/2012/texmf-dist/tex/latex/latexconfig/graphics.cfg
File: graphics.cfg 2010/04/23 v1.9 graphics configuration of TeX Live
)
Package graphics Info: Driver file: pdftex.def on input line 91.
(/usr/local/texlive/2012/texmf-dist/tex/latex/pdftex-def/pdftex.def
File: pdftex.def 2011/05/27 v0.06d Graphics/color for pdfTeX
(/usr/local/texlive/2012/texmf-dist/tex/generic/oberdiek/infwarerr.sty
Package: infwarerr 2010/04/08 v1.3 Providing info/warning/error messages (HO)
) (/usr/local/texlive/2012/texmf-dist/tex/generic/oberdiek/ltxcmds.sty
Package: ltxcmds 2011/11/09 v1.22 LaTeX kernel commands for general use (HO)
)
\Gread@gobject=\count112
))
\Gin@req@height=\dimen150
\Gin@req@width=\dimen151
) (/usr/local/texlive/2012/texmf-dist/tex/latex/pgf/systemlayer/pgfsys.sty
(/usr/local/texlive/2012/texmf-dist/tex/generic/pgf/systemlayer/pgfsys.code.tex
Package: pgfsys 2010/06/30 v2.10 (rcs-revision 1.37)
(/usr/local/texlive/2012/texmf-dist/tex/generic/pgf/utilities/pgfkeys.code.tex
\pgfkeys@pathtoks=\toks34
\pgfkeys@temptoks=\toks35

(/usr/local/texlive/2012/texmf-dist/tex/generic/pgf/utilities/pgfkeysfiltered.c
ode.tex
\pgfkeys@tmptoks=\toks36
))
\pgf@x=\dimen152
\pgf@y=\dimen153
\pgf@xa=\dimen154
\pgf@ya=\dimen155
\pgf@xb=\dimen156
\pgf@yb=\dimen157
\pgf@xc=\dimen158
\pgf@yc=\dimen159
\w@pgf@writea=\write5
\r@pgf@reada=\read2
\c@pgf@counta=\count113
\c@pgf@countb=\count114
\c@pgf@countc=\count115
\c@pgf@countd=\count116
(/usr/local/texlive/2012/texmf-dist/tex/generic/pgf/systemlayer/pgf.cfg
File: pgf.cfg 2008/05/14  (rcs-revision 1.7)
)
Package pgfsys Info: Driver file for pgf: pgfsys-pdftex.def on input line 900.

(/usr/local/texlive/2012/texmf-dist/tex/generic/pgf/systemlayer/pgfsys-pdftex.d
ef
File: pgfsys-pdftex.def 2009/05/22  (rcs-revision 1.26)

(/usr/local/texlive/2012/texmf-dist/tex/generic/pgf/systemlayer/pgfsys-common-p
df.def
File: pgfsys-common-pdf.def 2008/05/19  (rcs-revision 1.10)
)))
(/usr/local/texlive/2012/texmf-dist/tex/generic/pgf/systemlayer/pgfsyssoftpath.
code.tex
File: pgfsyssoftpath.code.tex 2008/07/18  (rcs-revision 1.7)
\pgfsyssoftpath@smallbuffer@items=\count117
\pgfsyssoftpath@bigbuffer@items=\count118
)
(/usr/local/texlive/2012/texmf-dist/tex/generic/pgf/systemlayer/pgfsysprotocol.
code.tex
File: pgfsysprotocol.code.tex 2006/10/16  (rcs-revision 1.4)
)) (/usr/local/texlive/2012/texmf-dist/tex/latex/xcolor/xcolor.sty
Package: xcolor 2007/01/21 v2.11 LaTeX color extensions (UK)
(/usr/local/texlive/2012/texmf-dist/tex/latex/latexconfig/color.cfg
File: color.cfg 2007/01/18 v1.5 color configuration of teTeX/TeXLive
)
Package xcolor Info: Driver file: pdftex.def on input line 225.
Package xcolor Info: Model `cmy' substituted by `cmy0' on input line 1337.
Package xcolor Info: Model `hsb' substituted by `rgb' on input line 1341.
Package xcolor Info: Model `RGB' extended on input line 1353.
Package xcolor Info: Model `HTML' substituted by `rgb' on input line 1355.
Package xcolor Info: Model `Hsb' substituted by `hsb' on input line 1356.
Package xcolor Info: Model `tHsb' substituted by `hsb' on input line 1357.
Package xcolor Info: Model `HSB' substituted by `hsb' on input line 1358.
Package xcolor Info: Model `Gray' substituted by `gray' on input line 1359.
Package xcolor Info: Model `wave' substituted by `hsb' on input line 1360.
)
(/usr/local/texlive/2012/texmf-dist/tex/generic/pgf/basiclayer/pgfcore.code.tex
Package: pgfcore 2010/04/11 v2.10 (rcs-revision 1.7)
(/usr/local/texlive/2012/texmf-dist/tex/generic/pgf/math/pgfmath.code.tex (/usr
/local/texlive/2012/texmf-dist/tex/generic/pgf/math/pgfmathcalc.code.tex (/usr/
local/texlive/2012/texmf-dist/tex/generic/pgf/math/pgfmathutil.code.tex)
(/usr/local/texlive/2012/texmf-dist/tex/generic/pgf/math/pgfmathparser.code.tex
\pgfmath@dimen=\dimen160
\pgfmath@count=\count119
\pgfmath@box=\box34
\pgfmath@toks=\toks37
\pgfmath@stack@operand=\toks38
\pgfmath@stack@operation=\toks39
)
(/usr/local/texlive/2012/texmf-dist/tex/generic/pgf/math/pgfmathfunctions.code.
tex
(/usr/local/texlive/2012/texmf-dist/tex/generic/pgf/math/pgfmathfunctions.basic
.code.tex)
(/usr/local/texlive/2012/texmf-dist/tex/generic/pgf/math/pgfmathfunctions.trigo
nometric.code.tex)
(/usr/local/texlive/2012/texmf-dist/tex/generic/pgf/math/pgfmathfunctions.rando
m.code.tex)
(/usr/local/texlive/2012/texmf-dist/tex/generic/pgf/math/pgfmathfunctions.compa
rison.code.tex)
(/usr/local/texlive/2012/texmf-dist/tex/generic/pgf/math/pgfmathfunctions.base.
code.tex)
(/usr/local/texlive/2012/texmf-dist/tex/generic/pgf/math/pgfmathfunctions.round
.code.tex)
(/usr/local/texlive/2012/texmf-dist/tex/generic/pgf/math/pgfmathfunctions.misc.
code.tex))) (/usr/local/texlive/2012/texmf-dist/tex/generic/pgf/math/pgfmathflo
at.code.tex
\c@pgfmathroundto@lastzeros=\count120
))
(/usr/local/texlive/2012/texmf-dist/tex/generic/pgf/basiclayer/pgfcorepoints.co
de.tex
File: pgfcorepoints.code.tex 2010/04/09  (rcs-revision 1.20)
\pgf@picminx=\dimen161
\pgf@picmaxx=\dimen162
\pgf@picminy=\dimen163
\pgf@picmaxy=\dimen164
\pgf@pathminx=\dimen165
\pgf@pathmaxx=\dimen166
\pgf@pathminy=\dimen167
\pgf@pathmaxy=\dimen168
\pgf@xx=\dimen169
\pgf@xy=\dimen170
\pgf@yx=\dimen171
\pgf@yy=\dimen172
\pgf@zx=\dimen173
\pgf@zy=\dimen174
)
(/usr/local/texlive/2012/texmf-dist/tex/generic/pgf/basiclayer/pgfcorepathconst
ruct.code.tex
File: pgfcorepathconstruct.code.tex 2010/08/03  (rcs-revision 1.24)
\pgf@path@lastx=\dimen175
\pgf@path@lasty=\dimen176
)
(/usr/local/texlive/2012/texmf-dist/tex/generic/pgf/basiclayer/pgfcorepathusage
.code.tex
File: pgfcorepathusage.code.tex 2008/04/22  (rcs-revision 1.12)
\pgf@shorten@end@additional=\dimen177
\pgf@shorten@start@additional=\dimen178
)
(/usr/local/texlive/2012/texmf-dist/tex/generic/pgf/basiclayer/pgfcorescopes.co
de.tex
File: pgfcorescopes.code.tex 2010/09/08  (rcs-revision 1.34)
\pgfpic=\box35
\pgf@hbox=\box36
\pgf@layerbox@main=\box37
\pgf@picture@serial@count=\count121
)
(/usr/local/texlive/2012/texmf-dist/tex/generic/pgf/basiclayer/pgfcoregraphicst
ate.code.tex
File: pgfcoregraphicstate.code.tex 2008/04/22  (rcs-revision 1.9)
\pgflinewidth=\dimen179
)
(/usr/local/texlive/2012/texmf-dist/tex/generic/pgf/basiclayer/pgfcoretransform
ations.code.tex
File: pgfcoretransformations.code.tex 2009/06/10  (rcs-revision 1.11)
\pgf@pt@x=\dimen180
\pgf@pt@y=\dimen181
\pgf@pt@temp=\dimen182
)
(/usr/local/texlive/2012/texmf-dist/tex/generic/pgf/basiclayer/pgfcorequick.cod
e.tex
File: pgfcorequick.code.tex 2008/10/09  (rcs-revision 1.3)
)
(/usr/local/texlive/2012/texmf-dist/tex/generic/pgf/basiclayer/pgfcoreobjects.c
ode.tex
File: pgfcoreobjects.code.tex 2006/10/11  (rcs-revision 1.2)
)
(/usr/local/texlive/2012/texmf-dist/tex/generic/pgf/basiclayer/pgfcorepathproce
ssing.code.tex
File: pgfcorepathprocessing.code.tex 2008/10/09  (rcs-revision 1.8)
)
(/usr/local/texlive/2012/texmf-dist/tex/generic/pgf/basiclayer/pgfcorearrows.co
de.tex
File: pgfcorearrows.code.tex 2008/04/23  (rcs-revision 1.11)
)
(/usr/local/texlive/2012/texmf-dist/tex/generic/pgf/basiclayer/pgfcoreshade.cod
e.tex
File: pgfcoreshade.code.tex 2008/11/23  (rcs-revision 1.13)
\pgf@max=\dimen183
\pgf@sys@shading@range@num=\count122
)
(/usr/local/texlive/2012/texmf-dist/tex/generic/pgf/basiclayer/pgfcoreimage.cod
e.tex
File: pgfcoreimage.code.tex 2010/03/25  (rcs-revision 1.16)

(/usr/local/texlive/2012/texmf-dist/tex/generic/pgf/basiclayer/pgfcoreexternal.
code.tex
File: pgfcoreexternal.code.tex 2010/09/01  (rcs-revision 1.17)
\pgfexternal@startupbox=\box38
))
(/usr/local/texlive/2012/texmf-dist/tex/generic/pgf/basiclayer/pgfcorelayers.co
de.tex
File: pgfcorelayers.code.tex 2010/08/27  (rcs-revision 1.2)
)
(/usr/local/texlive/2012/texmf-dist/tex/generic/pgf/basiclayer/pgfcoretranspare
ncy.code.tex
File: pgfcoretransparency.code.tex 2008/01/17  (rcs-revision 1.2)
)
(/usr/local/texlive/2012/texmf-dist/tex/generic/pgf/basiclayer/pgfcorepatterns.
code.tex
File: pgfcorepatterns.code.tex 2009/07/02  (rcs-revision 1.3)
)))
(/usr/local/texlive/2012/texmf-dist/tex/generic/pgf/modules/pgfmoduleshapes.cod
e.tex
File: pgfmoduleshapes.code.tex 2010/09/09  (rcs-revision 1.13)
\pgfnodeparttextbox=\box39
)
(/usr/local/texlive/2012/texmf-dist/tex/generic/pgf/modules/pgfmoduleplot.code.
tex
File: pgfmoduleplot.code.tex 2010/10/22  (rcs-revision 1.8)
)
(/usr/local/texlive/2012/texmf-dist/tex/latex/pgf/compatibility/pgfcomp-version
-0-65.sty
Package: pgfcomp-version-0-65 2007/07/03 v2.10 (rcs-revision 1.7)
\pgf@nodesepstart=\dimen184
\pgf@nodesepend=\dimen185
)
(/usr/local/texlive/2012/texmf-dist/tex/latex/pgf/compatibility/pgfcomp-version
-1-18.sty
Package: pgfcomp-version-1-18 2007/07/23 v2.10 (rcs-revision 1.1)
)) (/usr/local/texlive/2012/texmf-dist/tex/latex/pgf/utilities/pgffor.sty (/usr
/local/texlive/2012/texmf-dist/tex/latex/pgf/utilities/pgfkeys.sty (/usr/local/
texlive/2012/texmf-dist/tex/generic/pgf/utilities/pgfkeys.code.tex)) (/usr/loca
l/texlive/2012/texmf-dist/tex/generic/pgf/utilities/pgffor.code.tex
Package: pgffor 2010/03/23 v2.10 (rcs-revision 1.18)
\pgffor@iter=\dimen186
\pgffor@skip=\dimen187
\pgffor@stack=\toks40
\pgffor@toks=\toks41
))
(/usr/local/texlive/2012/texmf-dist/tex/generic/pgf/frontendlayer/tikz/tikz.cod
e.tex
Package: tikz 2010/10/13 v2.10 (rcs-revision 1.76)

(/usr/local/texlive/2012/texmf-dist/tex/generic/pgf/libraries/pgflibraryplothan
dlers.code.tex
File: pgflibraryplothandlers.code.tex 2010/05/31 v2.10 (rcs-revision 1.15)
\pgf@plot@mark@count=\count123
\pgfplotmarksize=\dimen188
)
\tikz@lastx=\dimen189
\tikz@lasty=\dimen190
\tikz@lastxsaved=\dimen191
\tikz@lastysaved=\dimen192
\tikzleveldistance=\dimen193
\tikzsiblingdistance=\dimen194
\tikz@figbox=\box40
\tikz@tempbox=\box41
\tikztreelevel=\count124
\tikznumberofchildren=\count125
\tikznumberofcurrentchild=\count126
\tikz@fig@count=\count127

(/usr/local/texlive/2012/texmf-dist/tex/generic/pgf/modules/pgfmodulematrix.cod
e.tex
File: pgfmodulematrix.code.tex 2010/08/24  (rcs-revision 1.4)
\pgfmatrixcurrentrow=\count128
\pgfmatrixcurrentcolumn=\count129
\pgf@matrix@numberofcolumns=\count130
)
\tikz@expandcount=\count131

(/usr/local/texlive/2012/texmf-dist/tex/generic/pgf/frontendlayer/tikz/librarie
s/tikzlibrarytopaths.code.tex
File: tikzlibrarytopaths.code.tex 2008/06/17 v2.10 (rcs-revision 1.2)
))) (/usr/local/texlive/2012/texmf-dist/tex/generic/pgfplots/pgfplots.code.tex 
(/usr/local/texlive/2012/texmf-dist/tex/generic/pgfplots/pgfplotscore.code.tex
\t@pgfplots@toka=\toks42
\t@pgfplots@tokb=\toks43
\t@pgfplots@tokc=\toks44
\pgfplots@tmpa=\dimen195
\c@pgfplots@coordindex=\count132
\c@pgfplots@scanlineindex=\count133

(/usr/local/texlive/2012/texmf-dist/tex/generic/pgfplots/sys/pgfplotssysgeneric
.code.tex))
(/usr/local/texlive/2012/texmf-dist/tex/generic/pgfplots/libs/pgfplotslibrary.c
ode.tex)
(/usr/local/texlive/2012/texmf-dist/tex/generic/pgfplots/oldpgfcompatib/pgfplot
soldpgfsupp_loader.code.tex
Package pgfplots: loading complementary code for your PGF version...

(/usr/local/texlive/2012/texmf-dist/tex/generic/pgfplots/oldpgfcompatib/pgfplot
soldpgfsupp_misc.code.tex)
(/usr/local/texlive/2012/texmf-dist/tex/generic/pgfplots/oldpgfcompatib/pgfplot
soldpgfsupp_pgfkeys.code.tex
\pgfkeys@pathtoks=\toks45
\pgfkeys@temptoks=\toks46

(/usr/local/texlive/2012/texmf-dist/tex/generic/pgfplots/oldpgfcompatib/pgfplot
soldpgfsupp_pgfkeysfiltered.code.tex
\pgfkeys@tmptoks=\toks47
))
(/usr/local/texlive/2012/texmf-dist/tex/generic/pgfplots/oldpgfcompatib/pgfplot
soldpgfsupp_pgfmathfloat.code.tex
\c@pgfmathroundto@lastzeros=\count134
)
(/usr/local/texlive/2012/texmf-dist/tex/generic/pgfplots/oldpgfcompatib/pgfplot
soldpgfsupp_pgflibraryplothandlers.code.tex
File: pgflibraryplothandlers.code.tex 2011/12/28 v2.10 (rcs-revision 1.16)
\pgf@plot@mark@count=\count135
\pgfplotmarksize=\dimen196
)
(/usr/local/texlive/2012/texmf-dist/tex/generic/pgfplots/oldpgfcompatib/pgfplot
soldpgfsupp_pgflibraryfpu.code.tex))
(/usr/local/texlive/2012/texmf-dist/tex/generic/pgfplots/util/pgfplotsutil.code
.tex
(/usr/local/texlive/2012/texmf-dist/tex/generic/pgfplots/liststructure/pgfplots
liststructure.code.tex)
(/usr/local/texlive/2012/texmf-dist/tex/generic/pgfplots/liststructure/pgfplots
liststructureext.code.tex)
(/usr/local/texlive/2012/texmf-dist/tex/generic/pgfplots/liststructure/pgfplots
array.code.tex
\c@pgfplotsarray@tmp=\count136
)
(/usr/local/texlive/2012/texmf-dist/tex/generic/pgfplots/liststructure/pgfplots
matrix.code.tex)
(/usr/local/texlive/2012/texmf-dist/tex/generic/pgfplots/numtable/pgfplotstable
shared.code.tex
\c@pgfplotstable@counta=\count137
\t@pgfplotstable@a=\toks48
)
(/usr/local/texlive/2012/texmf-dist/tex/generic/pgfplots/liststructure/pgfplots
deque.code.tex)
(/usr/local/texlive/2012/texmf-dist/tex/generic/pgfplots/util/pgfplotsbinary.co
de.tex)
(/usr/local/texlive/2012/texmf-dist/tex/generic/pgfplots/util/pgfplotsutil.verb
.code.tex)
(/usr/local/texlive/2012/texmf-dist/tex/generic/pgfplots/libs/pgflibrarypgfplot
s.surfshading.code.tex
\c@pgfplotslibrarysurf@no=\count138

(/usr/local/texlive/2012/texmf-dist/tex/generic/pgfplots/sys/pgflibrarypgfplots
.surfshading.pgfsys-pdftex.def)))
(/usr/local/texlive/2012/texmf-dist/tex/generic/pgfplots/util/pgfplotscolormap.
code.tex)
(/usr/local/texlive/2012/texmf-dist/tex/generic/pgfplots/pgfplotsstackedplots.c
ode.tex)
(/usr/local/texlive/2012/texmf-dist/tex/generic/pgfplots/pgfplotsplothandlers.c
ode.tex
(/usr/local/texlive/2012/texmf-dist/tex/generic/pgfplots/pgfplotsmeshplothandle
r.code.tex))
(/usr/local/texlive/2012/texmf-dist/tex/generic/pgfplots/pgfplotscoordprocessin
g.code.tex)
(/usr/local/texlive/2012/texmf-dist/tex/generic/pgfplots/pgfplotsticks.code.tex
)
(/usr/local/texlive/2012/texmf-dist/tex/generic/pgfplots/pgfplots.paths.code.te
x)
(/usr/local/texlive/2012/texmf-dist/tex/generic/pgf/frontendlayer/tikz/librarie
s/tikzlibrarydecorations.code.tex
(/usr/local/texlive/2012/texmf-dist/tex/generic/pgf/modules/pgfmoduledecoration
s.code.tex
\pgfdecoratedcompleteddistance=\dimen197
\pgfdecoratedremainingdistance=\dimen198
\pgfdecoratedinputsegmentcompleteddistance=\dimen199
\pgfdecoratedinputsegmentremainingdistance=\dimen200
\pgf@decorate@distancetomove=\dimen201
\pgf@decorate@repeatstate=\count139
\pgfdecorationsegmentamplitude=\dimen202
\pgfdecorationsegmentlength=\dimen203
)
\tikz@lib@dec@box=\box42
)
(/usr/local/texlive/2012/texmf-dist/tex/generic/pgf/frontendlayer/tikz/librarie
s/tikzlibrarydecorations.pathmorphing.code.tex
(/usr/local/texlive/2012/texmf-dist/tex/generic/pgf/libraries/decorations/pgfli
brarydecorations.pathmorphing.code.tex))
(/usr/local/texlive/2012/texmf-dist/tex/generic/pgf/frontendlayer/tikz/librarie
s/tikzlibrarydecorations.pathreplacing.code.tex
(/usr/local/texlive/2012/texmf-dist/tex/generic/pgf/libraries/decorations/pgfli
brarydecorations.pathreplacing.code.tex))
\pgfplots@numplots=\count140
\pgfplots@xmin@reg=\dimen204
\pgfplots@xmax@reg=\dimen205
\pgfplots@ymin@reg=\dimen206
\pgfplots@ymax@reg=\dimen207
\pgfplots@zmin@reg=\dimen208
\pgfplots@zmax@reg=\dimen209
)
(/usr/local/texlive/2012/texmf-dist/tex/generic/pgf/frontendlayer/tikz/librarie
s/tikzlibraryplotmarks.code.tex
File: tikzlibraryplotmarks.code.tex 2008/01/09 v2.10 (rcs-revision 1.1)

(/usr/local/texlive/2012/texmf-dist/tex/generic/pgf/libraries/pgflibraryplotmar
ks.code.tex
File: pgflibraryplotmarks.code.tex 2010/10/15 v2.10 (rcs-revision 1.12)
)))
(/usr/local/texlive/2012/texmf-dist/tex/generic/pgf/libraries/pgflibraryfpu.cod
e.tex) (/usr/local/texlive/2012/texmf-dist/tex/latex/base/ifthen.sty
Package: ifthen 2001/05/26 v1.1c Standard LaTeX ifthen package (DPC)
)
(/usr/local/texlive/2012/texmf-dist/tex/generic/pgf/frontendlayer/tikz/librarie
s/tikzlibrarymatrix.code.tex
File: tikzlibrarymatrix.code.tex 2008/06/18 v2.10 (rcs-revision 1.2)
)
(/usr/local/texlive/2012/texmf-dist/tex/generic/pgf/frontendlayer/tikz/librarie
s/tikzlibraryarrows.code.tex
File: tikzlibraryarrows.code.tex 2008/01/09 v2.10 (rcs-revision 1.1)

(/usr/local/texlive/2012/texmf-dist/tex/generic/pgf/libraries/pgflibraryarrows.
code.tex
File: pgflibraryarrows.code.tex 2008/10/27 v2.10 (rcs-revision 1.9)
\arrowsize=\dimen210
))
(/usr/local/texlive/2012/texmf-dist/tex/generic/pgf/frontendlayer/tikz/librarie
s/tikzlibrarybackgrounds.code.tex
File: tikzlibrarybackgrounds.code.tex 2010/02/08 v2.10 (rcs-revision 1.2)
\pgf@layerbox@background=\box43
\pgf@layerboxsaved@background=\box44
)
(/usr/local/texlive/2012/texmf-dist/tex/generic/pgf/frontendlayer/tikz/librarie
s/tikzlibrarypatterns.code.tex
File: tikzlibrarypatterns.code.tex 2008/01/15 v2.10 (rcs-revision 1.2)

(/usr/local/texlive/2012/texmf-dist/tex/generic/pgf/libraries/pgflibrarypattern
s.code.tex
File: pgflibrarypatterns.code.tex 2008/03/03 v2.10 (rcs-revision 1.13)
))
(/usr/local/texlive/2012/texmf-dist/tex/generic/pgf/frontendlayer/tikz/librarie
s/tikzlibraryscopes.code.tex
File: tikzlibraryscopes.code.tex 2008/06/27 v2.10 (rcs-revision 1.2)
)
(/usr/local/texlive/2012/texmf-dist/tex/latex/pgf/frontendlayer/libraries/tikzl
ibraryexternal.code.tex
(/usr/local/texlive/2012/texmf-dist/tex/generic/pgf/frontendlayer/tikz/librarie
s/tikzexternalshared.code.tex
\tikzexternal@outfile=\write6
))
No auxiliary output files.

\w@pgfexternal@auxout=\write7
\fuzzwidth=\skip54
\arrowlength=\skip55
\arrowwidth=\skip56
\pointrad=\skip57
\linewid=\skip58
\circlerad=\skip59
\smcirclerad=\skip60
\linewidthin=\skip61
\linewidthick=\skip62
\c@maintheorem=\count141
\c@theorem=\count142
\c@conv=\count143
\c@convention=\count144
(/usr/local/texlive/2012/texmf-dist/tex/latex/hyperref/hyperref.sty
Package: hyperref 2012/05/13 v6.82q Hypertext links for LaTeX
(/usr/local/texlive/2012/texmf-dist/tex/generic/oberdiek/hobsub-hyperref.sty
Package: hobsub-hyperref 2012/05/28 v1.13 Bundle oberdiek, subset hyperref (HO)

(/usr/local/texlive/2012/texmf-dist/tex/generic/oberdiek/hobsub-generic.sty
Package: hobsub-generic 2012/05/28 v1.13 Bundle oberdiek, subset generic (HO)
Package: hobsub 2012/05/28 v1.13 Construct package bundles (HO)
Package hobsub Info: Skipping package `infwarerr' (already loaded).
Package hobsub Info: Skipping package `ltxcmds' (already loaded).
Package: ifluatex 2010/03/01 v1.3 Provides the ifluatex switch (HO)
Package ifluatex Info: LuaTeX not detected.
Package: ifvtex 2010/03/01 v1.5 Detect VTeX and its facilities (HO)
Package ifvtex Info: VTeX not detected.
Package: intcalc 2007/09/27 v1.1 Expandable calculations with integers (HO)
Package hobsub Info: Skipping package `ifpdf' (already loaded).
Package: etexcmds 2011/02/16 v1.5 Avoid name clashes with e-TeX commands (HO)
Package etexcmds Info: Could not find \expanded.
(etexcmds)             That can mean that you are not using pdfTeX 1.50 or
(etexcmds)             that some package has redefined \expanded.
(etexcmds)             In the latter case, load this package earlier.
Package: kvsetkeys 2012/04/25 v1.16 Key value parser (HO)
Package: kvdefinekeys 2011/04/07 v1.3 Define keys (HO)
Package: pdftexcmds 2011/11/29 v0.20 Utility functions of pdfTeX for LuaTeX (HO
)
Package pdftexcmds Info: LuaTeX not detected.
Package pdftexcmds Info: \pdf@primitive is available.
Package pdftexcmds Info: \pdf@ifprimitive is available.
Package pdftexcmds Info: \pdfdraftmode found.
Package: pdfescape 2011/11/25 v1.13 Implements pdfTeX's escape features (HO)
Package: bigintcalc 2012/04/08 v1.3 Expandable calculations on big integers (HO
)
Package: bitset 2011/01/30 v1.1 Handle bit-vector datatype (HO)
Package: uniquecounter 2011/01/30 v1.2 Provide unlimited unique counter (HO)
)
Package hobsub Info: Skipping package `hobsub' (already loaded).
Package: letltxmacro 2010/09/02 v1.4 Let assignment for LaTeX macros (HO)
Package: hopatch 2012/05/28 v1.2 Wrapper for package hooks (HO)
Package: xcolor-patch 2011/01/30 xcolor patch
Package: atveryend 2011/06/30 v1.8 Hooks at the very end of document (HO)
Package atveryend Info: \enddocument detected (standard20110627).
Package: atbegshi 2011/10/05 v1.16 At begin shipout hook (HO)
Package: refcount 2011/10/16 v3.4 Data extraction from label references (HO)
Package: hycolor 2011/01/30 v1.7 Color options for hyperref/bookmark (HO)
) (/usr/local/texlive/2012/texmf-dist/tex/generic/ifxetex/ifxetex.sty
Package: ifxetex 2010/09/12 v0.6 Provides ifxetex conditional
) (/usr/local/texlive/2012/texmf-dist/tex/latex/oberdiek/kvoptions.sty
Package: kvoptions 2011/06/30 v3.11 Key value format for package options (HO)
)
\@linkdim=\dimen211
\Hy@linkcounter=\count145
\Hy@pagecounter=\count146
(/usr/local/texlive/2012/texmf-dist/tex/latex/hyperref/pd1enc.def
File: pd1enc.def 2012/05/13 v6.82q Hyperref: PDFDocEncoding definition (HO)
)
\Hy@SavedSpaceFactor=\count147
(/usr/local/texlive/2012/texmf-dist/tex/latex/latexconfig/hyperref.cfg
File: hyperref.cfg 2002/06/06 v1.2 hyperref configuration of TeXLive
)
Package hyperref Info: Option `colorlinks' set `true' on input line 3941.
Package hyperref Info: Hyper figures OFF on input line 4062.
Package hyperref Info: Link nesting OFF on input line 4067.
Package hyperref Info: Hyper index ON on input line 4070.
Package hyperref Info: Plain pages OFF on input line 4077.
Package hyperref Info: Backreferencing OFF on input line 4082.
Package hyperref Info: Implicit mode ON; LaTeX internals redefined.
Package hyperref Info: Bookmarks ON on input line 4300.
\c@Hy@tempcnt=\count148
(/usr/local/texlive/2012/texmf-dist/tex/latex/url/url.sty
\Urlmuskip=\muskip11
Package: url 2006/04/12  ver 3.3  Verb mode for urls, etc.
)
LaTeX Info: Redefining \url on input line 4653.
\Fld@menulength=\count149
\Field@Width=\dimen212
\Fld@charsize=\dimen213
Package hyperref Info: Hyper figures OFF on input line 5773.
Package hyperref Info: Link nesting OFF on input line 5778.
Package hyperref Info: Hyper index ON on input line 5781.
Package hyperref Info: backreferencing OFF on input line 5788.
Package hyperref Info: Link coloring ON on input line 5791.
Package hyperref Info: Link coloring with OCG OFF on input line 5798.
Package hyperref Info: PDF/A mode OFF on input line 5803.
LaTeX Info: Redefining \ref on input line 5843.
LaTeX Info: Redefining \pageref on input line 5847.
\Hy@abspage=\count150
\c@Item=\count151
\c@Hfootnote=\count152
)

Package hyperref Message: Driver: hpdftex.

(/usr/local/texlive/2012/texmf-dist/tex/latex/hyperref/hpdftex.def
File: hpdftex.def 2012/05/13 v6.82q Hyperref driver for pdfTeX
\Fld@listcount=\count153
\c@bookmark@seq@number=\count154
(/usr/local/texlive/2012/texmf-dist/tex/latex/oberdiek/rerunfilecheck.sty
Package: rerunfilecheck 2011/04/15 v1.7 Rerun checks for auxiliary files (HO)
Package uniquecounter Info: New unique counter `rerunfilecheck' on input line 2
82.
)
\Hy@SectionHShift=\skip63
))
No file Pictures/DTCI-figure56.aux.
LaTeX Font Info:    Checking defaults for OML/cmm/m/it on input line 8.
LaTeX Font Info:    ... okay on input line 8.
LaTeX Font Info:    Checking defaults for T1/cmr/m/n on input line 8.
LaTeX Font Info:    ... okay on input line 8.
LaTeX Font Info:    Checking defaults for OT1/cmr/m/n on input line 8.
LaTeX Font Info:    ... okay on input line 8.
LaTeX Font Info:    Checking defaults for OMS/cmsy/m/n on input line 8.
LaTeX Font Info:    ... okay on input line 8.
LaTeX Font Info:    Checking defaults for OMX/cmex/m/n on input line 8.
LaTeX Font Info:    ... okay on input line 8.
LaTeX Font Info:    Checking defaults for U/cmr/m/n on input line 8.
LaTeX Font Info:    ... okay on input line 8.
LaTeX Font Info:    Checking defaults for PD1/pdf/m/n on input line 8.
LaTeX Font Info:    ... okay on input line 8.
LaTeX Font Info:    Try loading font information for U+msa on input line 8.
(/usr/local/texlive/2012/texmf-dist/tex/latex/amsfonts/umsa.fd
File: umsa.fd 2009/06/22 v3.00 AMS symbols A
)
LaTeX Font Info:    Try loading font information for U+msb on input line 8.
(/usr/local/texlive/2012/texmf-dist/tex/latex/amsfonts/umsb.fd
File: umsb.fd 2009/06/22 v3.00 AMS symbols B
)
Package xypdf Info: Line width: 0.39998pt on input line 8.
ABD: EveryShipout initializing macros (/usr/local/texlive/2012/texmf-dist/tex/c
ontext/base/supp-pdf.mkii
[Loading MPS to PDF converter (version 2006.09.02).]
\scratchcounter=\count155
\scratchdimen=\dimen214
\scratchbox=\box45
\nofMPsegments=\count156
\nofMParguments=\count157
\everyMPshowfont=\toks49
\MPscratchCnt=\count158
\MPscratchDim=\dimen215
\MPnumerator=\count159
\makeMPintoPDFobject=\count160
\everyMPtoPDFconversion=\toks50
) (/usr/local/texlive/2012/texmf-dist/tex/latex/oberdiek/epstopdf-base.sty
Package: epstopdf-base 2010/02/09 v2.5 Base part for package epstopdf
(/usr/local/texlive/2012/texmf-dist/tex/latex/oberdiek/grfext.sty
Package: grfext 2010/08/19 v1.1 Manage graphics extensions (HO)
)
Package grfext Info: Graphics extension search list:
(grfext)             [.png,.pdf,.jpg,.mps,.jpeg,.jbig2,.jb2,.PNG,.PDF,.JPG,.JPE
G,.JBIG2,.JB2,.eps]
(grfext)             \AppendGraphicsExtensions on input line 452.
(/usr/local/texlive/2012/texmf-dist/tex/latex/latexconfig/epstopdf-sys.cfg
File: epstopdf-sys.cfg 2010/07/13 v1.3 Configuration of (r)epstopdf for TeX Liv
e
))
\AtBeginShipoutBox=\box46
Package hyperref Info: Link coloring ON on input line 8.
(/usr/local/texlive/2012/texmf-dist/tex/latex/hyperref/nameref.sty
Package: nameref 2010/04/30 v2.40 Cross-referencing by name of section
(/usr/local/texlive/2012/texmf-dist/tex/generic/oberdiek/gettitlestring.sty
Package: gettitlestring 2010/12/03 v1.4 Cleanup title references (HO)
)
\c@section@level=\count161
)
LaTeX Info: Redefining \ref on input line 8.
LaTeX Info: Redefining \pageref on input line 8.
LaTeX Info: Redefining \nameref on input line 8.

Underfull \hbox (badness 1895) in paragraph at lines 16--16
[]\OT1/cmr/m/n/6 I think the ab-
 []


Underfull \hbox (badness 6157) in paragraph at lines 16--16
\OT1/cmr/m/n/6 stract needs to
 []


Underfull \hbox (badness 3590) in paragraph at lines 16--16
\OT1/cmr/m/n/6 state more pre-
 []


Overfull \hbox (4.15488pt too wide) in paragraph at lines 67--67
[]\OT1/cmr/m/n/6 Rewrite/reconsider
 []


Underfull \hbox (badness 10000) in paragraph at lines 70--70
[]\OT1/cmr/m/n/6 Should all the
 []


Underfull \hbox (badness 10000) in paragraph at lines 70--70
\OT1/cmr/m/n/6 TFTs in this
 []


Underfull \hbox (badness 10000) in paragraph at lines 70--70
\OT1/cmr/m/n/6 para-graph be
 []


LaTeX Warning: Reference `sec:tc-separable' on page 1 undefined on input line 7
3.


Underfull \hbox (badness 5548) in paragraph at lines 81--81
\OT1/cmr/m/n/6 are ex-actly the
 []


Underfull \hbox (badness 10000) in paragraph at lines 81--81
\OT1/cmr/m/n/6 fully-dualizable
 []


Underfull \hbox (badness 1337) in paragraph at lines 87--87
[]\OT1/cmr/m/n/6 Is it too strong
 []


Underfull \hbox (badness 1412) in paragraph at lines 87--87
\OT1/cmr/m/n/6 to say this fact
 []


Underfull \hbox (badness 2229) in paragraph at lines 87--87
\OT1/cmr/m/n/6 from the cobor-
 []


Underfull \hbox (badness 1184) in paragraph at lines 87--87
\OT1/cmr/m/n/6 okay, but would
 []


Underfull \hbox (badness 3407) in paragraph at lines 87--87
\OT1/cmr/m/n/6 like other opin-
 []

The command '\includegraphics [width=60mm]{cobordism.png}' has been optimized a
way. Use '/tikz/external/optimize=false' to disable this.

Underfull \hbox (badness 6094) in paragraph at lines 108--108
[]\OT1/cmr/m/n/6 This should be
 []


Underfull \hbox (badness 3019) in paragraph at lines 109--109
\OT1/cmr/m/n/6 dism to in-stead
 []


Underfull \hbox (badness 10000) in paragraph at lines 109--109
\OT1/cmr/m/n/6 start with a
 []


Underfull \hbox (badness 6252) in paragraph at lines 109--109
\OT1/cmr/m/n/6 sheet, cre-ate a
 []


Underfull \hbox (badness 4096) in paragraph at lines 109--109
\OT1/cmr/m/n/6 cir-cle, pass the
 []


Underfull \hbox (badness 10000) in paragraph at lines 109--109
\OT1/cmr/m/n/6 cir-cle through
 []


Underfull \hbox (badness 3068) in paragraph at lines 109--109
\OT1/cmr/m/n/6 sad-dle with the
 []


Underfull \hbox (badness 10000) in paragraph at lines 109--109
\OT1/cmr/m/n/6 sheet. This
 []


Underfull \hbox (badness 2865) in paragraph at lines 109--109
\OT1/cmr/m/n/6 dif-fers from the
 []


Underfull \hbox (badness 10000) in paragraph at lines 109--109
\OT1/cmr/m/n/6 ex-ist-ing pic-ture
 []


Underfull \hbox (badness 10000) in paragraph at lines 109--109
\OT1/cmr/m/n/6 by pass-ing the
 []


Underfull \hbox (badness 10000) in paragraph at lines 109--109
\OT1/cmr/m/n/6 sad-dle through
 []


LaTeX Warning: Marginpar on page 2 moved.


Underfull \vbox (badness 2828) has occurred while \output is active []


LaTeX Warning: Reference `sec:tc' on page 3 undefined on input line 120.


LaTeX Warning: Reference `sec:lft' on page 3 undefined on input line 122.


LaTeX Warning: Reference `sec:dualfusion' on page 3 undefined on input line 125
.


LaTeX Warning: Reference `???' on page 3 undefined on input line 125.


Underfull \hbox (badness 10000) in paragraph at lines 127--127
[]\OT1/cmr/m/n/6 Change the
 []


Underfull \hbox (badness 10000) in paragraph at lines 127--127
\OT1/cmr/m/n/6 num-ber-ing of
 []


Underfull \hbox (badness 10000) in paragraph at lines 152--152
[]\OT1/cmr/m/n/6 Maybe men-
 []


Underfull \hbox (badness 10000) in paragraph at lines 152--152
\OT1/cmr/m/n/6 tion some-thing
 []


Underfull \hbox (badness 10000) in paragraph at lines 152--152
\OT1/cmr/m/n/6 about the fact
 []


Underfull \hbox (badness 10000) in paragraph at lines 152--152
\OT1/cmr/m/n/6 that we only
 []


Underfull \hbox (badness 10000) in paragraph at lines 152--152
\OT1/cmr/m/n/6 know that the
 []


Underfull \hbox (badness 10000) in paragraph at lines 152--152
\OT1/cmr/m/n/6 rel-a-tive Deligne
 []


Underfull \hbox (badness 10000) in paragraph at lines 152--152
\OT1/cmr/m/n/6 ten-sor prod-uct
 []


Underfull \hbox (badness 1205) in paragraph at lines 152--152
\OT1/cmr/m/n/6 ex-ists un-der the
 []


Underfull \hbox (badness 10000) in paragraph at lines 152--152
\OT1/cmr/m/n/6 as-sump-tion of
 []


Underfull \hbox (badness 4096) in paragraph at lines 172--172
[]\OT1/cmr/m/n/6 Define `cat-e-gori-
 []


Underfull \hbox (badness 3108) in paragraph at lines 172--172
\OT1/cmr/m/n/6 fore stat-ing the
 []


LaTeX Warning: Reference `sec:serre' on page 3 undefined on input line 178.


Underfull \hbox (badness 10000) in paragraph at lines 191--191
[]\OT1/cmr/m/n/6 During rewrite,
 []


Underfull \hbox (badness 10000) in paragraph at lines 191--191
\OT1/cmr/m/n/6 prob-a-bly we'll
 []


Underfull \hbox (badness 10000) in paragraph at lines 191--191
\OT1/cmr/m/n/6 use the term
 []


Underfull \hbox (badness 10000) in paragraph at lines 202--202
[]\OT1/cmr/m/n/6 Somewhere in
 []


Underfull \hbox (badness 10000) in paragraph at lines 202--202
\OT1/cmr/m/n/6 in-tro, ex-plain
 []


Underfull \hbox (badness 1400) in paragraph at lines 202--202
\OT1/cmr/m/n/6 that we iden-tify
 []


Underfull \hbox (badness 10000) in paragraph at lines 202--202
\OT1/cmr/m/n/6 the $
^^F\U/msb/m/n/6 R\OT1/cmr/m/n/6 P[]$
 []


Underfull \hbox (badness 5548) in paragraph at lines 202--202
\OT1/cmr/m/n/6 ac-tion and will
 []


Underfull \hbox (badness 10000) in paragraph at lines 202--202
\OT1/cmr/m/n/6 do the $\OML/cmm/m/it/6 SO\OT1/cmr/m/n/6 (3)$
 []


Underfull \hbox (badness 3428) in paragraph at lines 209--209
[]\OT1/cmr/m/n/6 Does this para-
 []


Underfull \hbox (badness 10000) in paragraph at lines 234--234
[]\OT1/cmr/m/n/6 Anyone else
 []


Underfull \hbox (badness 10000) in paragraph at lines 234--234
\OT1/cmr/m/n/6 want to add
 []


Underfull \hbox (badness 10000) in paragraph at lines 234--234
\OT1/cmr/m/n/6 of non-special
 []


Underfull \hbox (badness 1953) in paragraph at lines 234--234
\OT1/cmr/m/n/6 thanks? I feel
 []


Underfull \hbox (badness 5475) in paragraph at lines 234--234
\OT1/cmr/m/n/6 like one should
 []


Underfull \hbox (badness 10000) in paragraph at lines 234--234
\OT1/cmr/m/n/6 men-tion-ing too
 []


LaTeX Warning: Reference `sec:tc-separable' on page 5 undefined on input line 2
36.


Underfull \hbox (badness 10000) in paragraph at lines 238--238
[]\OT1/cmr/m/n/6 Most of the
 []


Underfull \hbox (badness 10000) in paragraph at lines 238--238
\OT1/cmr/m/n/6 ac-knowl-edg-ments
 []


Underfull \hbox (badness 10000) in paragraph at lines 238--238
\OT1/cmr/m/n/6 now con-cern
 []


Underfull \hbox (badness 10000) in paragraph at lines 238--238
\OT1/cmr/m/n/6 con-tent in the
 []


Underfull \hbox (badness 10000) in paragraph at lines 238--238
\OT1/cmr/m/n/6 other pa-pers.
 []


Underfull \hbox (badness 10000) in paragraph at lines 238--238
\OT1/cmr/m/n/6 Per-haps they
 []


Underfull \hbox (badness 10000) in paragraph at lines 238--238
\OT1/cmr/m/n/6 should shorten
 []


Underfull \hbox (badness 5681) in paragraph at lines 238--238
\OT1/cmr/m/n/6 here / be less
 []


Underfull \hbox (badness 10000) in paragraph at lines 238--238
\OT1/cmr/m/n/6 spe-cific, and
 []


Underfull \hbox (badness 10000) in paragraph at lines 238--238
\OT1/cmr/m/n/6 move to the
 []


LaTeX Warning: Reference `app:ch' on page 6 undefined on input line 253.


Package hyperref Warning: Token not allowed in a PDF string (PDFDocEncoding):
(hyperref)                removing `math shift' on input line 257.


Package hyperref Warning: Token not allowed in a PDF string (PDFDocEncoding):
(hyperref)                removing `math shift' on input line 257.

A tikzpicture has been optimized away. Use '/tikz/external/optimize=false' to d
isable this.
A tikzpicture has been optimized away. Use '/tikz/external/optimize=false' to d
isable this.
A tikzpicture has been optimized away. Use '/tikz/external/optimize=false' to d
isable this.

LaTeX Warning: Reference `eg-framenot0' on page 7 undefined on input line 386.

A tikzpicture has been optimized away. Use '/tikz/external/optimize=false' to d
isable this.

LaTeX Warning: Reference `eg-framenot0' on page 7 undefined on input line 397.

A tikzpicture has been optimized away. Use '/tikz/external/optimize=false' to d
isable this.
A tikzpicture has been optimized away. Use '/tikz/external/optimize=false' to d
isable this.
A tikzpicture has been optimized away. Use '/tikz/external/optimize=false' to d
isable this.
A tikzpicture has been optimized away. Use '/tikz/external/optimize=false' to d
isable this.
A tikzpicture has been optimized away. Use '/tikz/external/optimize=false' to d
isable this.

LaTeX Warning: Reference `fig:beltbord' on page 8 undefined on input line 482.

A tikzpicture has been optimized away. Use '/tikz/external/optimize=false' to d
isable this.
A tikzpicture has been optimized away. Use '/tikz/external/optimize=false' to d
isable this.
A tikzpicture has been optimized away. Use '/tikz/external/optimize=false' to d
isable this.
A tikzpicture has been optimized away. Use '/tikz/external/optimize=false' to d
isable this.

LaTeX Warning: Reference `def:adjoints_in_bicat' on page 8 undefined on input l
ine 535.

A tikzpicture has been optimized away. Use '/tikz/external/optimize=false' to d
isable this.
A tikzpicture has been optimized away. Use '/tikz/external/optimize=false' to d
isable this.
A tikzpicture has been optimized away. Use '/tikz/external/optimize=false' to d
isable this.

LaTeX Warning: Reference `ex:disk_bordism_immerssed' on page 9 undefined on inp
ut line 575.


LaTeX Warning: Reference `ex:saddle_bordism_immerssed' on page 9 undefined on i
nput line 575.

A tikzpicture has been optimized away. Use '/tikz/external/optimize=false' to d
isable this.
A tikzpicture has been optimized away. Use '/tikz/external/optimize=false' to d
isable this.
A tikzpicture has been optimized away. Use '/tikz/external/optimize=false' to d
isable this.
A tikzpicture has been optimized away. Use '/tikz/external/optimize=false' to d
isable this.
A tikzpicture has been optimized away. Use '/tikz/external/optimize=false' to d
isable this.

Underfull \hbox (badness 1259) in paragraph at lines 654--654
\OT1/cmr/m/n/6 ond tikz pic-ture
 []

A tikzpicture has been optimized away. Use '/tikz/external/optimize=false' to d
isable this.
A tikzpicture has been optimized away. Use '/tikz/external/optimize=false' to d
isable this.

LaTeX Warning: Marginpar on page 9 moved.

A tikzpicture has been optimized away. Use '/tikz/external/optimize=false' to d
isable this.

LaTeX Warning: Reference `eg:serrefunctor' on page 9 undefined on input line 78
5.

A tikzpicture has been optimized away. Use '/tikz/external/optimize=false' to d
isable this.
A tikzpicture has been optimized away. Use '/tikz/external/optimize=false' to d
isable this.

LaTeX Warning: Reference `fig:loopinvloopbord' on page 10 undefined on input li
ne 847.


Underfull \hbox (badness 10000) in paragraph at lines 848--848
[]\OT1/cmr/m/n/6 Draw fig-ure 2,
 []


Underfull \hbox (badness 10000) in paragraph at lines 848--848
\OT1/cmr/m/n/6 any ex-pla-na-
 []


Underfull \hbox (badness 10000) in paragraph at lines 848--848
\OT1/cmr/m/n/6 tion needed in
 []

The command '\includegraphics [width=60mm]{cobordism.png}' has been optimized a
way. Use '/tikz/external/optimize=false' to disable this.

Underfull \hbox (badness 3375) in paragraph at lines 854--854
\OT1/cmr/m/n/6 are drawn, add
 []


Underfull \hbox (badness 10000) in paragraph at lines 854--854
\OT1/cmr/m/n/6 back in the
 []


Underfull \hbox (badness 10000) in paragraph at lines 854--854
\OT1/cmr/m/n/6 con-tent of the
 []


Underfull \hbox (badness 10000) in paragraph at lines 854--854
\OT1/cmr/m/n/6 para-graph NS
 []


LaTeX Warning: Marginpar on page 10 moved.


Underfull \hbox (badness 10000) in paragraph at lines 860--860
[]\OT1/cmr/m/n/6 This di-a-gram
 []


Underfull \hbox (badness 4739) in paragraph at lines 860--860
\OT1/cmr/m/n/6 goes the wrong
 []


Underfull \hbox (badness 10000) in paragraph at lines 860--860
\OT1/cmr/m/n/6 more thor-ough
 []


Underfull \hbox (badness 6125) in paragraph at lines 860--860
\OT1/cmr/m/n/6 di-a-gram any-way
 []


Underfull \hbox (badness 10000) in paragraph at lines 860--860
\OT1/cmr/m/n/6 giv-ing the the
 []


Underfull \hbox (badness 10000) in paragraph at lines 860--860
\OT1/cmr/m/n/6 Rad-ford as a
 []


LaTeX Warning: Marginpar on page 10 moved.

A tikzpicture has been optimized away. Use '/tikz/external/optimize=false' to d
isable this.

LaTeX Warning: Reference `sec:framed-duality' on page 10 undefined on input lin
e 881.


LaTeX Warning: Reference `fig:loopinvloopbord' on page 10 undefined on input li
ne 890.


LaTeX Warning: Reference `fig:radfordbord' on page 10 undefined on input line 8
90.


LaTeX Warning: Reference `sec:radiso' on page 10 undefined on input line 890.


Underfull \hbox (badness 2884) in paragraph at lines 898--898
[]\OT1/cmr/m/n/6 Do we re-fer to
 []


Underfull \hbox (badness 4060) in paragraph at lines 898--898
\OT1/cmr/m/n/6 this prop? If
 []


Underfull \hbox (badness 10000) in paragraph at lines 899--899
[]\OT1/cmr/m/n/6 The pre-ced-
 []


Underfull \hbox (badness 10000) in paragraph at lines 899--899
\OT1/cmr/m/n/6 ing sec-tion is
 []


Underfull \hbox (badness 10000) in paragraph at lines 899--899
\OT1/cmr/m/n/6 awk-ward at
 []


Underfull \hbox (badness 10000) in paragraph at lines 899--899
\OT1/cmr/m/n/6 present, needs
 []


Underfull \hbox (badness 5847) in paragraph at lines 899--899
\OT1/cmr/m/n/6 to be re-con-sid-
 []


LaTeX Warning: Marginpar on page 10 moved.


LaTeX Warning: Reference `lem-ambiadjoints' on page 11 undefined on input line 
914.


Underfull \vbox (badness 3323) has occurred while \output is active []


LaTeX Warning: Reference `lem-ambiadjoints' on page 12 undefined on input line 
987.


LaTeX Warning: Reference `sec:SerreRadford' on page 12 undefined on input line 
990.


LaTeX Warning: Reference `prop-Cat_Radford' on page 12 undefined on input line 
997.


LaTeX Warning: Reference `cor:3dualizable-Radford' on page 12 undefined on inpu
t line 997.


Underfull \hbox (badness 10000) in paragraph at lines 1002--1002
[]\OT1/cmr/m/n/6 Rewrite this
 []


Underfull \hbox (badness 10000) in paragraph at lines 1002--1002
\OT1/cmr/m/n/6 para-graph af-ter
 []


LaTeX Warning: Reference `sec:tc-lincat' on page 13 undefined on input line 100
3.


LaTeX Warning: Reference `sec:tc-bimod' on page 13 undefined on input line 1003
.


LaTeX Warning: Reference `sec:tc-exact' on page 13 undefined on input line 1003
.


LaTeX Warning: Reference `sec:tc-deligne' on page 13 undefined on input line 10
03.


LaTeX Warning: Reference `thm:DelignePrdtOverATCExists' on page 13 undefined on
 input line 1003.


LaTeX Warning: Reference `Lma:FunctorsAsATensorPdt' on page 13 undefined on inp
ut line 1005.


LaTeX Warning: Reference `rmk:Deligne_pdt_as_mod_functor' on page 13 undefined 
on input line 1005.


Underfull \hbox (badness 10000) in paragraph at lines 1005--1005
[]\OT1/cmr/m/n/6 Does this lan-
 []


Underfull \hbox (badness 10000) in paragraph at lines 1005--1005
\OT1/cmr/m/n/6 guage seem
 []


Underfull \hbox (badness 6268) in paragraph at lines 1005--1005
\OT1/cmr/m/n/6 rea-son-able? I
 []


Underfull \hbox (badness 10000) in paragraph at lines 1005--1005
\OT1/cmr/m/n/6 Gree-nough's
 []


Underfull \hbox (badness 5847) in paragraph at lines 1005--1005
\OT1/cmr/m/n/6 if only be-cause
 []


Underfull \hbox (badness 1701) in paragraph at lines 1005--1005
\OT1/cmr/m/n/6 the ref-er-ees will
 []


Underfull \hbox (badness 10000) in paragraph at lines 1005--1005
\OT1/cmr/m/n/6 be con-fused
 []


LaTeX Warning: Reference `sec:tc-separable' on page 13 undefined on input line 
1006.


LaTeX Warning: Reference `sec:tc-fusion' on page 13 undefined on input line 100
6.


Underfull \hbox (badness 1418) in paragraph at lines 1110--1110
\OT1/cmr/m/n/6 def-i-ni-tion of en-
 []


LaTeX Warning: Reference `def-tensorcomp' on page 15 undefined on input line 11
44.


Underfull \hbox (badness 10000) in paragraph at lines 1181--1181
[]\OT1/cmr/m/n/6 This lemma is
 []


Underfull \hbox (badness 10000) in paragraph at lines 1181--1181
\OT1/cmr/m/n/6 Cor 4.2.6 in
 []


Underfull \hbox (badness 10000) in paragraph at lines 1181--1181
\OT1/cmr/m/n/6 TC3, and has
 []


Underfull \hbox (badness 10000) in paragraph at lines 1181--1181
\OT1/cmr/m/n/6 a proof there,
 []


Underfull \hbox (badness 10000) in paragraph at lines 1181--1181
\OT1/cmr/m/n/6 as a corol-lary
 []


Underfull \hbox (badness 10000) in paragraph at lines 1181--1181
\OT1/cmr/m/n/6 of the ad-joint
 []


Underfull \hbox (badness 1874) in paragraph at lines 1181--1181
\OT1/cmr/m/n/6 func-tor the-o-rem.
 []


Underfull \hbox (badness 10000) in paragraph at lines 1181--1181
\OT1/cmr/m/n/6 not sure) that
 []


Underfull \hbox (badness 10000) in paragraph at lines 1181--1181
\OT1/cmr/m/n/6 that the-o-rem
 []


Underfull \hbox (badness 10000) in paragraph at lines 1181--1181
\OT1/cmr/m/n/6 and its proof
 []


Underfull \hbox (badness 4120) in paragraph at lines 1181--1181
\OT1/cmr/m/n/6 should move to
 []


Underfull \hbox (badness 5504) in paragraph at lines 1181--1181
\OT1/cmr/m/n/6 an ap-pen-dix of
 []


Underfull \hbox (badness 3375) in paragraph at lines 1182--1182
[]\OT1/cmr/m/n/6 Also, add com-
 []


Underfull \hbox (badness 10000) in paragraph at lines 1182--1182
\OT1/cmr/m/n/6 ment that this
 []


Underfull \hbox (badness 10000) in paragraph at lines 1182--1182
\OT1/cmr/m/n/6 lemma is well
 []


LaTeX Warning: Marginpar on page 15 moved.


LaTeX Warning: Reference `def:rigid' on page 16 undefined on input line 1201.


LaTeX Warning: Reference `thm:EGNO2.11.6' on page 16 undefined on input line 12
01.


LaTeX Warning: Reference `sec:tc-bimod' on page 16 undefined on input line 1201
.


LaTeX Warning: Reference `sec:tc-bimod' on page 16 undefined on input line 1201
.


LaTeX Warning: Reference `sec:tc-deligne' on page 16 undefined on input line 12
01.


LaTeX Warning: Reference `sec:tc-exact' on page 16 undefined on input line 1201
.


LaTeX Warning: Reference `sec:tc-separable' on page 16 undefined on input line 
1201.


Underfull \hbox (badness 10000) in paragraph at lines 1288--1288
[]\OT1/cmr/m/n/6 2-category v
 []


Underfull \hbox (badness 10000) in paragraph at lines 1288--1288
\OT1/cmr/m/n/6 bi-cat-e-gory
 []


LaTeX Warning: Reference `lem:laxisstrong' on page 17 undefined on input line 1
343.


Underfull \hbox (badness 3281) in paragraph at lines 1358--1358
\OT1/cmr/m/n/6 and some other
 []


Underfull \hbox (badness 2635) in paragraph at lines 1358--1358
\OT1/cmr/m/n/6 stuff into pa-per
 []


Underfull \hbox (badness 6691) in paragraph at lines 1358--1358
\OT1/cmr/m/n/6 ini-tially post a
 []


Underfull \hbox (badness 6236) in paragraph at lines 1358--1358
\OT1/cmr/m/n/6 long ver-sion to
 []


Underfull \hbox (badness 8189) in paragraph at lines 1358--1358
\OT1/cmr/m/n/6 the arxiv, and
 []


LaTeX Warning: Reference `ex:ModulesAreModules' on page 18 undefined on input l
ine 1359.


LaTeX Warning: Reference `lma:left_exact=linear' on page 18 undefined on input 
line 1382.


LaTeX Warning: Reference `lma:RigidIsExact' on page 18 undefined on input line 
1399.


LaTeX Warning: Reference `sec:tc-exact' on page 19 undefined on input line 1407
.


LaTeX Warning: Reference `thm:C-module-Embedding' on page 19 undefined on input
 line 1409.


LaTeX Warning: Reference `thm:EGNO2.11.6' on page 19 undefined on input line 14
09.


LaTeX Warning: Reference `Lma:FunctorsAsATensorPdt' on page 19 undefined on inp
ut line 1427.

A tikzpicture has been optimized away. Use '/tikz/external/optimize=false' to d
isable this.

LaTeX Warning: Reference `thm:EGNO2.11.6' on page 20 undefined on input line 14
76.


LaTeX Warning: Reference `lma:RigidIsExact' on page 20 undefined on input line 
1476.


LaTeX Warning: Reference `fig:RelDelingePdtDiagram' on page 21 undefined on inp
ut line 1505.

A tikzpicture has been optimized away. Use '/tikz/external/optimize=false' to d
isable this.

Underfull \hbox (badness 10000) in paragraph at lines 1563--1563
[]\OT1/cmr/m/n/6 Add com-ment
 []


Underfull \hbox (badness 10000) in paragraph at lines 1563--1563
\OT1/cmr/m/n/6 on im-por-
 []


Overfull \hbox (4.16594pt too wide) in paragraph at lines 1563--1563
\OT1/cmr/m/n/6 tance/essentialness
 []


Underfull \hbox (badness 10000) in paragraph at lines 1569--1569
[]\OT1/cmr/m/n/6 Get the-o-rem
 []


LaTeX Warning: Marginpar on page 21 moved.


LaTeX Warning: Reference `sec:tc-bimod' on page 22 undefined on input line 1588
.


LaTeX Warning: Reference `ex:rigid_all_C-proj' on page 22 undefined on input li
ne 1589.


LaTeX Warning: Reference `lma:module-adjoint' on page 22 undefined on input lin
e 1589.


LaTeX Warning: Reference `thm:C-module-Embedding' on page 22 undefined on input
 line 1589.


Underfull \hbox (badness 3428) in paragraph at lines 1599--1599
[]\OT1/cmr/m/n/6 do we want to
 []


LaTeX Warning: Reference `app:exact' on page 23 undefined on input line 1633.


LaTeX Warning: Reference `lma:module-adjoint' on page 23 undefined on input lin
e 1659.


LaTeX Warning: Reference `lma:RigidIsExact' on page 23 undefined on input line 
1659.


LaTeX Warning: Reference `lma:RigidIsExact' on page 23 undefined on input line 
1666.


LaTeX Warning: Reference `rmk:Deligne_pdt_as_mod_functor' on page 23 undefined 
on input line 1670.


Underfull \hbox (badness 10000) in paragraph at lines 1671--1671
[]\OT1/cmr/m/n/6 How do these
 []


Underfull \hbox (badness 10000) in paragraph at lines 1671--1671
\OT1/cmr/m/n/6 com-ments read?
 []


LaTeX Warning: Reference `rmk:Deligne_pdt_as_mod_functor' on page 23 undefined 
on input line 1672.


Underfull \hbox (badness 10000) in paragraph at lines 1672--1672
\OT1/cmr/m/n/6 this para-graph
 []


LaTeX Warning: Marginpar on page 23 moved.


LaTeX Warning: Reference `thm:EGNO2.11.6' on page 24 undefined on input line 16
84.


LaTeX Warning: Reference `thm:DelignePrdtOverATCExists' on page 24 undefined on
 input line 1688.


LaTeX Warning: Reference `lem:dual-formula-for-adjoints' on page 24 undefined o
n input line 1709.


LaTeX Warning: Reference `Lma:FunctorsAsATensorPdt' on page 24 undefined on inp
ut line 1709.


LaTeX Warning: Reference `remark-tensorasfunctors' on page 24 undefined on inpu
t line 1709.


LaTeX Warning: Reference `def:Dual_bimodule_notation' on page 24 undefined on i
nput line 1723.


LaTeX Warning: Reference `def:Adjoints' on page 24 undefined on input line 1723
.


LaTeX Warning: Reference `def:rigid' on page 24 undefined on input line 1723.


LaTeX Warning: Reference `sec:conventions' on page 24 undefined on input line 1
723.

LaTeX Font Info:    Try loading font information for U+euf on input line 1727.
(/usr/local/texlive/2012/texmf-dist/tex/latex/amsfonts/ueuf.fd
File: ueuf.fd 2009/06/22 v3.00 Euler Fraktur
)

LaTeX Warning: Reference `thm:EGNO2.11.6' on page 24 undefined on input line 17
30.


LaTeX Warning: Reference `ex:ModulesAreModules' on page 24 undefined on input l
ine 1730.

LaTeX Font Info:    Try loading font information for OMS+cmr on input line 1730
.
(/usr/local/texlive/2012/texmf-dist/tex/latex/base/omscmr.fd
File: omscmr.fd 1999/05/25 v2.5h Standard LaTeX font definitions
)
LaTeX Font Info:    Font shape `OMS/cmr/m/n' in size <10> not available
(Font)              Font shape `OMS/cmsy/m/n' tried instead on input line 1730.


LaTeX Warning: Reference `def:Dual_bimodule_notation' on page 25 undefined on i
nput line 1757.


LaTeX Warning: Reference `Lma:FunctorsAsATensorPdt' on page 26 undefined on inp
ut line 1798.


LaTeX Warning: Reference `thm:SepModCats' on page 26 undefined on input line 18
17.


LaTeX Warning: Reference `thm:SepModCats' on page 27 undefined on input line 18
60.


LaTeX Warning: Reference `thm:SepModCats' on page 28 undefined on input line 18
85.


Underfull \hbox (badness 10000) in paragraph at lines 1896--1896
[]\OT1/cmr/m/n/6 `squared norm'
 []


Underfull \hbox (badness 10000) in paragraph at lines 1896--1896
\OT1/cmr/m/n/6 is what ENO
 []


Underfull \hbox (badness 10000) in paragraph at lines 1896--1896
\OT1/cmr/m/n/6 use, `di-men-sion
 []


Underfull \hbox (badness 2027) in paragraph at lines 1896--1896
\OT1/cmr/m/n/6 M^^?uger uses. I
 []


Underfull \hbox (badness 1281) in paragraph at lines 1896--1896
\OT1/cmr/m/n/6 don't like ei-ther
 []


Underfull \hbox (badness 10000) in paragraph at lines 1896--1896
\OT1/cmr/m/n/6 be-cause it is
 []


Underfull \hbox (badness 10000) in paragraph at lines 1896--1896
\OT1/cmr/m/n/6 not the square
 []


Underfull \hbox (badness 10000) in paragraph at lines 1896--1896
\OT1/cmr/m/n/6 of some-thing
 []


Underfull \hbox (badness 2884) in paragraph at lines 1896--1896
\OT1/cmr/m/n/6 in gen-eral. Is
 []


Underfull \hbox (badness 10000) in paragraph at lines 1896--1896
\OT1/cmr/m/n/6 it un-rea-son-able
 []


Underfull \hbox (badness 10000) in paragraph at lines 1896--1896
\OT1/cmr/m/n/6 to re-name this
 []


Underfull \hbox (badness 10000) in paragraph at lines 1896--1896
\OT1/cmr/m/n/6 some-thing like
 []


LaTeX Warning: Reference `ex:rigid_all_C-proj' on page 28 undefined on input li
ne 1913.


LaTeX Warning: Reference `thm:C-module-Embedding' on page 28 undefined on input
 line 1913.


LaTeX Warning: Reference `Ex:Hopf_bimod' on page 28 undefined on input line 191
7.


LaTeX Warning: Reference `cor:Sep=semisimplecenter' on page 30 undefined on inp
ut line 2075.


LaTeX Warning: Reference `Lma:FunctorsAsATensorPdt' on page 30 undefined on inp
ut line 2091.


LaTeX Warning: Reference `def:Radford-Object' on page 30 undefined on input lin
e 2095.


LaTeX Warning: Reference `???' on page 30 undefined on input line 2095.


LaTeX Warning: Reference `lemma-actionswitch' on page 31 undefined on input lin
e 2132.


LaTeX Warning: Reference `lemma-actionpartialswitch' on page 31 undefined on in
put line 2132.

A tikzpicture has been optimized away. Use '/tikz/external/optimize=false' to d
isable this.
A tikzpicture has been optimized away. Use '/tikz/external/optimize=false' to d
isable this.
A tikzpicture has been optimized away. Use '/tikz/external/optimize=false' to d
isable this.
A tikzpicture has been optimized away. Use '/tikz/external/optimize=false' to d
isable this.
A tikzpicture has been optimized away. Use '/tikz/external/optimize=false' to d
isable this.

Underfull \hbox (badness 10000) in paragraph at lines 2199--2199
[]\OT1/cmr/m/n/6 Do we need
 []


Underfull \hbox (badness 10000) in paragraph at lines 2199--2199
\OT1/cmr/m/n/6 the first two
 []


Underfull \hbox (badness 3907) in paragraph at lines 2199--2199
\OT1/cmr/m/n/6 sen-tences? Or
 []


Underfull \hbox (badness 10000) in paragraph at lines 2199--2199
\OT1/cmr/m/n/6 would it be
 []


Underfull \hbox (badness 10000) in paragraph at lines 2199--2199
\OT1/cmr/m/n/6 bet-ter to just
 []


Underfull \hbox (badness 5119) in paragraph at lines 2199--2199
\OT1/cmr/m/n/6 four we spec-ify
 []


Underfull \hbox (badness 10000) in paragraph at lines 2199--2199
\OT1/cmr/m/n/6 the fram-ing as
 []


LaTeX Warning: Reference `Lma:FunctorsAsATensorPdt' on page 31 undefined on inp
ut line 2202.


LaTeX Warning: Reference `sec:examples_of_bimods' on page 32 undefined on input
 line 2213.


LaTeX Warning: Reference `Lma:FunctorsAsATensorPdt' on page 32 undefined on inp
ut line 2215.


LaTeX Warning: Reference `Lma:FunctorsAsATensorPdt' on page 32 undefined on inp
ut line 2222.


Underfull \hbox (badness 10000) in paragraph at lines 2240--2240
[]\OT1/cmr/m/n/6 Maybe this
 []


Underfull \hbox (badness 10000) in paragraph at lines 2240--2240
\OT1/cmr/m/n/6 should be a
 []

A tikzpicture has been optimized away. Use '/tikz/external/optimize=false' to d
isable this.

LaTeX Warning: Reference `thm:TC_is_2Dualizable' on page 33 undefined on input 
line 2273.


LaTeX Warning: Reference `sec:Hom_ext_field_thy' on page 33 undefined on input 
line 2276.


LaTeX Warning: Reference `sec:framed-duality' on page 33 undefined on input lin
e 2280.

A tikzpicture has been optimized away. Use '/tikz/external/optimize=false' to d
isable this.
A tikzpicture has been optimized away. Use '/tikz/external/optimize=false' to d
isable this.
A tikzpicture has been optimized away. Use '/tikz/external/optimize=false' to d
isable this.
A tikzpicture has been optimized away. Use '/tikz/external/optimize=false' to d
isable this.

LaTeX Warning: Reference `thm:HEP' on page 33 undefined on input line 2319.


LaTeX Warning: Reference `sec:df-objects' on page 33 undefined on input line 23
19.


LaTeX Warning: Reference `sec:framed-duality' on page 33 undefined on input lin
e 2319.


LaTeX Warning: Reference `thm:HEP' on page 33 undefined on input line 2319.


LaTeX Warning: Reference `sec:df-modules' on page 33 undefined on input line 23
19.


LaTeX Warning: Reference `???' on page 33 undefined on input line 2322.


LaTeX Warning: Reference `???' on page 33 undefined on input line 2322.

A tikzpicture has been optimized away. Use '/tikz/external/optimize=false' to d
isable this.
A tikzpicture has been optimized away. Use '/tikz/external/optimize=false' to d
isable this.
A tikzpicture has been optimized away. Use '/tikz/external/optimize=false' to d
isable this.
A tikzpicture has been optimized away. Use '/tikz/external/optimize=false' to d
isable this.
A tikzpicture has been optimized away. Use '/tikz/external/optimize=false' to d
isable this.
A tikzpicture has been optimized away. Use '/tikz/external/optimize=false' to d
isable this.

LaTeX Warning: Reference `???' on page 33 undefined on input line 2406.


LaTeX Warning: Reference `???' on page 33 undefined on input line 2408.

A tikzpicture has been optimized away. Use '/tikz/external/optimize=false' to d
isable this.
A tikzpicture has been optimized away. Use '/tikz/external/optimize=false' to d
isable this.
A tikzpicture has been optimized away. Use '/tikz/external/optimize=false' to d
isable this.

LaTeX Warning: Reference `???' on page 33 undefined on input line 2444.

A tikzpicture has been optimized away. Use '/tikz/external/optimize=false' to d
isable this.
A tikzpicture has been optimized away. Use '/tikz/external/optimize=false' to d
isable this.
A tikzpicture has been optimized away. Use '/tikz/external/optimize=false' to d
isable this.
A tikzpicture has been optimized away. Use '/tikz/external/optimize=false' to d
isable this.

LaTeX Warning: Reference `lma:module-adjoint' on page 34 undefined on input lin
e 2513.


LaTeX Warning: Reference `prop:AFT' on page 34 undefined on input line 2519.


Underfull \hbox (badness 10000) in paragraph at lines 2521--2521
\OT1/cmr/m/n/6 this for-mula is
 []


Underfull \hbox (badness 10000) in paragraph at lines 2521--2521
\OT1/cmr/m/n/6 of func-tors
 []


Underfull \hbox (badness 10000) in paragraph at lines 2521--2521
\OT1/cmr/m/n/6 of semisim-ple
 []


LaTeX Warning: Reference `thm:objduals' on page 34 undefined on input line 2528
.


LaTeX Warning: Reference `thm:evcoev' on page 34 undefined on input line 2528.


LaTeX Warning: Reference `thm:adjoints-fusion' on page 34 undefined on input li
ne 2528.


LaTeX Warning: Reference `def:Radford-Object' on page 35 undefined on input lin
e 2552.


LaTeX Warning: Reference `Thm:ExactModCatOmnibus' on page 35 undefined on input
 line 2563.


LaTeX Warning: Reference `lma:module-adjoint' on page 35 undefined on input lin
e 2563.


LaTeX Warning: Reference `lma:module-adjoint' on page 35 undefined on input lin
e 2565.


LaTeX Warning: Reference `ex:exactness' on page 35 undefined on input line 2576
.


LaTeX Warning: Reference `cor:adjoint-exactness' on page 35 undefined on input 
line 2576.


LaTeX Warning: Reference `thm:tensor-exactness' on page 35 undefined on input l
ine 2576.


LaTeX Warning: Reference `sec:SerreRadford' on page 36 undefined on input line 
2590.


LaTeX Warning: Reference `thm:TCisRadford' on page 36 undefined on input line 2
590.


LaTeX Warning: Reference `???' on page 36 undefined on input line 2590.


LaTeX Warning: Reference `lem:BimoduleToFunctor' on page 36 undefined on input 
line 2590.


LaTeX Warning: Reference `???' on page 36 undefined on input line 2598.


LaTeX Warning: Reference `???' on page 36 undefined on input line 2599.


Overfull \hbox (56.49762pt too wide) detected at line 2616
[]\OML/cmm/m/it/10 A \U/msa/m/n/10 ^^B \OML/cmm/m/it/10 A[] \OMS/cmsy/m/n/10 ! 
[]\OML/cmm/m/it/10 A \U/msa/m/n/10 ^^B [][]\OT1/cmr/m/n/10 ([]\OML/cmm/m/it/10 
A\OT1/cmr/m/n/10 ) \OMS/cmsy/m/n/10 ! []\OML/cmm/m/it/10 A \U/msa/m/n/10 ^^B []
[]\OT1/cmr/m/n/10 (\OMS/cmsy/m/n/10 C\OML/cmm/m/it/10 ; []A\OT1/cmr/m/n/10 ) \O
MS/cmsy/m/n/10 ! []\OML/cmm/m/it/10 A \U/msa/m/n/10 ^^B [][] [][]\OT1/cmr/m/n/1
0 ([]\OML/cmm/m/it/10 A; \OMS/cmsy/m/n/10 C\OT1/cmr/m/n/10 ) \OMS/cmsy/m/n/10 !
 C\OML/cmm/m/it/10 :
 []


Overfull \hbox (57.9455pt too wide) detected at line 2644
[][]\OMS/cmsy/m/n/10 C[] ! [][][][]\OT1/cmr/m/n/10 ([][]\OMS/cmsy/m/n/10 C\OT1/
cmr/m/n/10 )[] \OMS/cmsy/m/n/10 ! [][][][]\OT1/cmr/m/n/10 ([]\OML/cmm/m/it/10 A
\OT1/cmr/m/n/10 )[] \OMS/cmsy/m/n/10 ! [][]\OT1/cmr/m/n/10 (\OML/cmm/m/it/10 A[
]\OT1/cmr/m/n/10 )[] \OMS/cmsy/m/n/10 ! [][]\OT1/cmr/m/n/10 (\OML/cmm/m/it/10 A
[][]\OT1/cmr/m/n/10 )[] \OMS/cmsy/m/n/10 ! [][]\OT1/cmr/m/n/10 ([]\OML/cmm/m/it
/10 A\OT1/cmr/m/n/10 )[] \OMS/cmsy/m/n/10 ! [][]\OT1/cmr/m/n/10 ([][]\OMS/cmsy/
m/n/10 C\OT1/cmr/m/n/10 )[] \OMS/cmsy/m/n/10 ! [][]C[]\OML/cmm/m/it/10 :
 []


Package hyperref Warning: Token not allowed in a PDF string (PDFDocEncoding):
(hyperref)                removing `math shift' on input line 2668.


Package hyperref Warning: Token not allowed in a PDF string (PDFDocEncoding):
(hyperref)                removing `math shift' on input line 2668.


LaTeX Warning: Reference `???' on page 38 undefined on input line 2688.

A tikzpicture has been optimized away. Use '/tikz/external/optimize=false' to d
isable this.

Underfull \hbox (badness 4181) in paragraph at lines 2781--2781
[]\OT1/cmr/m/n/6 We must ver-ify
 []


Underfull \hbox (badness 1509) in paragraph at lines 2828--2828
[]\OT1/cmr/m/n/6 Why phrased in
 []


Underfull \hbox (badness 10000) in paragraph at lines 2828--2828
\OT1/cmr/m/n/6 terms of $\OML/cmm/m/it/6 ^^T[]\OMS/cmsy/m/n/6 C$
 []


Underfull \hbox (badness 1231) in paragraph at lines 2828--2828
\OT1/cmr/m/n/6 rather than just
 []


Underfull \hbox (badness 2591) in paragraph at lines 2828--2828
\OT1/cmr/m/n/6 has ad-joints for
 []


Underfull \hbox (badness 6592) in paragraph at lines 2856--2856
\OT1/cmr/m/n/6 at the mo-ment
 []


Underfull \hbox (badness 2134) in paragraph at lines 2856--2856
\OT1/cmr/m/n/6 is for. Clar-ify
 []


LaTeX Warning: Reference `sec:SerreRadford' on page 43 undefined on input line 
2863.

A tikzpicture has been optimized away. Use '/tikz/external/optimize=false' to d
isable this.

LaTeX Warning: Reference `thm:HEP' on page 44 undefined on input line 2913.


LaTeX Warning: Reference `lma:Enough_C-projs' on page 44 undefined on input lin
e 2993.


LaTeX Warning: Reference `lma:module-adjoint' on page 44 undefined on input lin
e 2993.


LaTeX Warning: Reference `thm:EGNO2.11.6' on page 44 undefined on input line 29
93.


LaTeX Warning: Reference `thm:EGNO2.11.6' on page 45 undefined on input line 29
95.


LaTeX Warning: Reference `thm:enrichment-of-mod-cats' on page 45 undefined on i
nput line 3013.

A tikzpicture has been optimized away. Use '/tikz/external/optimize=false' to d
isable this.

Underfull \hbox (badness 4144) in paragraph at lines 3043--3043
[]\OT1/cmr/m/n/6 shrink this pic-
 []

A tikzpicture has been optimized away. Use '/tikz/external/optimize=false' to d
isable this.
\openout7 = `Pictures/DTCI-figure56.dpth'.

[45


{/usr/local/texlive/2012/texmf-var/fonts/map/pdftex/updmap/pdftex.map}]
A tikzpicture has been optimized away. Use '/tikz/external/optimize=false' to d
isable this.

Underfull \hbox (badness 3049) in paragraph at lines 3086--3086
[]\OT1/cmr/m/n/6 This is a com-
 []


Underfull \hbox (badness 10000) in paragraph at lines 3086--3086
\OT1/cmr/m/n/6 ment in EO,
 []


Underfull \hbox (badness 10000) in paragraph at lines 3086--3086
\OT1/cmr/m/n/6 left to the
 []


Underfull \hbox (badness 10000) in paragraph at lines 3086--3086
\OT1/cmr/m/n/6 reader, search
 []


Underfull \hbox (badness 1642) in paragraph at lines 3086--3086
\OT1/cmr/m/n/6 an ad-joint to a
 []


Underfull \hbox (badness 10000) in paragraph at lines 3086--3086
\OT1/cmr/m/n/6 mod-ule func-tor
 []


Underfull \hbox (badness 10000) in paragraph at lines 3086--3086
\OT1/cmr/m/n/6 has a nat-u-ral
 []


Underfull \hbox (badness 2221) in paragraph at lines 3086--3086
\OT1/cmr/m/n/6 struc-ture of the
 []


Underfull \hbox (badness 10000) in paragraph at lines 3093--3093
\OT1/cmr/m/n/6 seem to match
 []


Underfull \hbox (badness 10000) in paragraph at lines 3093--3093
\OT1/cmr/m/n/6 the for-mula.
 []


Underfull \hbox (badness 2512) in paragraph at lines 3094--3094
\OT1/cmr/m/n/6 now. In some
 []


Underfull \hbox (badness 4391) in paragraph at lines 3094--3094
\OT1/cmr/m/n/6 sense it ro-tates
 []


Underfull \hbox (badness 5119) in paragraph at lines 3094--3094
\OT1/cmr/m/n/6 in the op-po-site
 []


Underfull \hbox (badness 10000) in paragraph at lines 3094--3094
\OT1/cmr/m/n/6 di-rec-tion as
 []


Underfull \hbox (badness 10000) in paragraph at lines 3094--3094
\OT1/cmr/m/n/6 the pre-vi-ous
 []


Underfull \hbox (badness 3333) in paragraph at lines 3094--3094
\OT1/cmr/m/n/6 ended up do-ing
 []


Underfull \hbox (badness 10000) in paragraph at lines 3094--3094
\OT1/cmr/m/n/6 so they're the
 []


Underfull \hbox (badness 6725) in paragraph at lines 3094--3094
\OT1/cmr/m/n/6 same. Maybe
 []


Underfull \hbox (badness 10000) in paragraph at lines 3094--3094
\OT1/cmr/m/n/6 and we should
 []


Underfull \hbox (badness 10000) in paragraph at lines 3094--3094
\OT1/cmr/m/n/6 change one of
 []


LaTeX Warning: Marginpar on page 46 moved.

A tikzpicture has been optimized away. Use '/tikz/external/optimize=false' to d
isable this.
Missing character: There is no  in font cmr10!
Missing character: There is no  in font cmr10!

LaTeX Warning: Reference `thm:DelignePrdtOverATCExists' on page 47 undefined on
 input line 3179.


LaTeX Warning: Reference `thm:EGNO2.11.6' on page 47 undefined on input line 31
81.


LaTeX Warning: Reference `lma:Exact_checked_on_proj_gens' on page 47 undefined 
on input line 3181.


LaTeX Warning: Reference `thm:DelignePrdtOverATCExists' on page 47 undefined on
 input line 3191.


LaTeX Warning: Reference `Thm:ExactModCatOmnibus' on page 47 undefined on input
 line 3199.


LaTeX Warning: Reference `thm:EGNO2.11.6' on page 47 undefined on input line 32
08.


LaTeX Warning: Reference `fig:exact-mod-cat-exact' on page 47 undefined on inpu
t line 3212.

A tikzpicture has been optimized away. Use '/tikz/external/optimize=false' to d
isable this.
No file Pictures/DTCI-figure56.bbl.
\newlabel{tocindent-1}{0pt}
\newlabel{tocindent0}{14.69437pt}
\newlabel{tocindent1}{66.11127pt}
\newlabel{tocindent2}{32.33316pt}
\newlabel{tocindent3}{0pt}
Package atveryend Info: Empty hook `BeforeClearDocument' on input line 3254.
Package atveryend Info: Empty hook `AfterLastShipout' on input line 3254.
Package atveryend Info: Executing hook `AtVeryEndDocument' on input line 3254.
Package atveryend Info: Empty hook `AtEndAfterFileList' on input line 3254.

LaTeX Warning: There were undefined references.

Package atveryend Info: Empty hook `AtVeryVeryEnd' on input line 3254.
 ) 
Here is how much of TeX's memory you used:
 24811 strings out of 493488
 516546 string characters out of 3141326
 680887 words of memory out of 3000000
 27456 multiletter control sequences out of 15000+200000
 15107 words of font info for 61 fonts, out of 3000000 for 9000
 1118 hyphenation exceptions out of 8191
 68i,20n,76p,3291b,609s stack positions out of 5000i,500n,10000p,200000b,50000s
</usr/local/texlive/2012/texmf-dist/fonts/type1/public/amsfonts/cm/cmmi10.pfb
></usr/local/texlive/2012/texmf-dist/fonts/type1/public/amsfonts/cm/cmmi7.pfb><
/usr/local/texlive/2012/texmf-dist/fonts/type1/public/amsfonts/cm/cmr10.pfb></u
sr/local/texlive/2012/texmf-dist/fonts/type1/public/amsfonts/cm/cmsy10.pfb></us
r/local/texlive/2012/texmf-dist/fonts/type1/public/amsfonts/cm/cmsy5.pfb></usr/
local/texlive/2012/texmf-dist/fonts/type1/public/amsfonts/cm/cmsy7.pfb>
Output written on Pictures/DTCI-figure56.pdf (1 page, 46440 bytes).
PDF statistics:
 38 PDF objects out of 1000 (max. 8388607)
 26 compressed objects within 1 object stream
 0 named destinations out of 1000 (max. 500000)
 13 words of extra memory for PDF output out of 10000 (max. 10000000)

