This is pdfTeX, Version 3.14159265-2.6-1.40.17 (TeX Live 2016) (preloaded format=pdflatex 2016.5.22)  11 MAR 2018 09:07
entering extended mode
 \write18 enabled.
 file:line:error style messages enabled.
 %&-line parsing enabled.
**DTCI-arxiv.tex
(./DTCI-arxiv.tex
LaTeX2e <2016/03/31>
Babel <3.9r> and hyphenation patterns for 83 language(s) loaded.
(./memo-l.cls
Document Class: memo-l 2014/05/27 v3.23 MEMO Author Class
(/usr/local/texlive/2016/texmf-dist/tex/latex/amscls/amsbook.cls
Document Class: amsbook 2015/03/04 v2.20.2
\linespacing=\dimen102
\normalparindent=\dimen103
\normaltopskip=\skip41
(/usr/local/texlive/2016/texmf-dist/tex/latex/amsmath/amsmath.sty
Package: amsmath 2016/03/10 v2.15b AMS math features
\@mathmargin=\skip42

For additional information on amsmath, use the `?' option.
(/usr/local/texlive/2016/texmf-dist/tex/latex/amsmath/amstext.sty
Package: amstext 2000/06/29 v2.01 AMS text

(/usr/local/texlive/2016/texmf-dist/tex/latex/amsmath/amsgen.sty
File: amsgen.sty 1999/11/30 v2.0 generic functions
\@emptytoks=\toks14
\ex@=\dimen104
))
(/usr/local/texlive/2016/texmf-dist/tex/latex/amsmath/amsbsy.sty
Package: amsbsy 1999/11/29 v1.2d Bold Symbols
\pmbraise@=\dimen105
)
(/usr/local/texlive/2016/texmf-dist/tex/latex/amsmath/amsopn.sty
Package: amsopn 2016/03/08 v2.02 operator names
)
\inf@bad=\count79
LaTeX Info: Redefining \frac on input line 199.
\uproot@=\count80
\leftroot@=\count81
LaTeX Info: Redefining \overline on input line 297.
\classnum@=\count82
\DOTSCASE@=\count83
LaTeX Info: Redefining \ldots on input line 394.
LaTeX Info: Redefining \dots on input line 397.
LaTeX Info: Redefining \cdots on input line 518.
\Mathstrutbox@=\box26
\strutbox@=\box27
\big@size=\dimen106
LaTeX Font Info:    Redeclaring font encoding OML on input line 634.
LaTeX Font Info:    Redeclaring font encoding OMS on input line 635.
\macc@depth=\count84
\c@MaxMatrixCols=\count85
\dotsspace@=\muskip10
\c@parentequation=\count86
\dspbrk@lvl=\count87
\tag@help=\toks15
\row@=\count88
\column@=\count89
\maxfields@=\count90
\andhelp@=\toks16
\eqnshift@=\dimen107
\alignsep@=\dimen108
\tagshift@=\dimen109
\tagwidth@=\dimen110
\totwidth@=\dimen111
\lineht@=\dimen112
\@envbody=\toks17
\multlinegap=\skip43
\multlinetaggap=\skip44
\mathdisplay@stack=\toks18
LaTeX Info: Redefining \[ on input line 2739.
LaTeX Info: Redefining \] on input line 2740.
)
LaTeX Font Info:    Try loading font information for U+msa on input line 367.

(/usr/local/texlive/2016/texmf-dist/tex/latex/amsfonts/umsa.fd
File: umsa.fd 2013/01/14 v3.01 AMS symbols A
)
(/usr/local/texlive/2016/texmf-dist/tex/latex/amsfonts/amsfonts.sty
Package: amsfonts 2013/01/14 v3.01 Basic AMSFonts support
\symAMSa=\mathgroup4
\symAMSb=\mathgroup5
LaTeX Font Info:    Overwriting math alphabet `\mathfrak' in version `bold'
(Font)                  U/euf/m/n --> U/euf/b/n on input line 106.
)
\copyins=\insert199
\abstractbox=\box28
\listisep=\skip45
\c@part=\count91
\c@chapter=\count92
\c@section=\count93
\c@subsection=\count94
\c@subsubsection=\count95
\c@paragraph=\count96
\c@subparagraph=\count97
\c@figure=\count98
\c@table=\count99
\abovecaptionskip=\skip46
\belowcaptionskip=\skip47
\captionindent=\dimen113
\thm@style=\toks19
\thm@bodyfont=\toks20
\thm@headfont=\toks21
\thm@notefont=\toks22
\thm@headpunct=\toks23
\thm@preskip=\skip48
\thm@postskip=\skip49
\thm@headsep=\skip50
\dth@everypar=\toks24
))
\@input{DTC-arxiv-Preamble.aux}
\openout2 = `DTC-arxiv-Preamble.aux'.

(./DTC-arxiv-Preamble.tex
(/usr/local/texlive/2016/texmf-dist/tex/latex/amsfonts/amssymb.sty
Package: amssymb 2013/01/14 v3.01 AMS font symbols
)
(/usr/local/texlive/2016/texmf-dist/tex/generic/xypic/xy.sty
(/usr/local/texlive/2016/texmf-dist/tex/generic/xypic/xy.tex Bootstrap'ing:
catcodes, docmode,
(/usr/local/texlive/2016/texmf-dist/tex/generic/xypic/xyrecat.tex)
(/usr/local/texlive/2016/texmf-dist/tex/generic/xypic/xyidioms.tex)

 Xy-pic version 3.8.9 <2013/10/06>
 Copyright (c) 1991-2013 by Kristoffer H. Rose <krisrose@tug.org> and others
 Xy-pic is free software: see the User's Guide for details.

Loading kernel: messages; fonts; allocations: state,
\X@c=\dimen114
\Y@c=\dimen115
\U@c=\dimen116
\D@c=\dimen117
\L@c=\dimen118
\R@c=\dimen119
\Edge@c=\toks25
\X@p=\dimen120
\Y@p=\dimen121
\U@p=\dimen122
\D@p=\dimen123
\L@p=\dimen124
\R@p=\dimen125
\Edge@p=\toks26
\X@origin=\dimen126
\Y@origin=\dimen127
\X@xbase=\dimen128
\Y@xbase=\dimen129
\X@ybase=\dimen130
\Y@ybase=\dimen131
\X@min=\dimen132
\Y@min=\dimen133
\X@max=\dimen134
\Y@max=\dimen135
\lastobjectbox@=\box29
\zerodotbox@=\box30
\almostz@=\dimen136
 direction,
\d@X=\dimen137
\d@Y=\dimen138
\K@=\count100
\KK@=\count101
\Direction=\count102
\K@dXdY=\dimen139
\K@dYdX=\dimen140
\xyread@=\read1
\xywrite@=\write3
\csp@=\count103
\quotPTK@=\dimen141

utility macros; pictures: \xy, positions,
\swaptoks@@=\toks27
\connectobjectbox@@=\box31
 objects,
\styletoks@=\toks28
 decorations;
kernel objects: directionals, circles, text; options; algorithms: directions,
edges, connections;  Xy-pic loaded)
(/usr/local/texlive/2016/texmf-dist/tex/generic/oberdiek/ifpdf.sty
Package: ifpdf 2016/05/14 v3.1 Provides the ifpdf switch
)
Package: xy 2013/10/06 Xy-pic version 3.8.9

(/usr/local/texlive/2016/texmf-dist/tex/generic/xypic/xyall.tex
 Xy-pic option: All features v.3.8
(/usr/local/texlive/2016/texmf-dist/tex/generic/xypic/xycurve.tex
 Xy-pic option: Curve and Spline extension v.3.12 curve,
\crv@cnt@=\count104
\crvpts@=\toks29
\splinebox@=\box32
\splineval@=\dimen142
\splinedepth@=\dimen143
\splinetol@=\dimen144
\splinelength@=\dimen145
 circles,
\L@=\dimen146
 loaded)
(/usr/local/texlive/2016/texmf-dist/tex/generic/xypic/xyframe.tex
 Xy-pic option: Frame and Bracket extension v.3.14 loaded)
(/usr/local/texlive/2016/texmf-dist/tex/generic/xypic/xycmtip.tex
 Xy-pic option: Computer Modern tip extension v.3.7
(/usr/local/texlive/2016/texmf-dist/tex/generic/xypic/xytips.tex
 Xy-pic option: More Tips extension v.3.11 loaded) loaded)
(/usr/local/texlive/2016/texmf-dist/tex/generic/xypic/xyline.tex
 Xy-pic option: Line styles extension v.3.10
\xylinethick@=\dimen147
 loaded)
(/usr/local/texlive/2016/texmf-dist/tex/generic/xypic/xyrotate.tex
 Xy-pic option: Rotate and Scale extension v.3.8 loaded)
(/usr/local/texlive/2016/texmf-dist/tex/generic/xypic/xycolor.tex
 Xy-pic option: Colour extension v.3.11 loaded)
(/usr/local/texlive/2016/texmf-dist/tex/generic/xypic/xymatrix.tex
 Xy-pic option: Matrix feature v.3.14
\Row=\count105
\Col=\count106
\queue@=\toks30
\queue@@=\toks31
\qcount@=\count107
\qcount@@=\count108
\matrixsize@=\count109
 loaded)
(/usr/local/texlive/2016/texmf-dist/tex/generic/xypic/xyarrow.tex
 Xy-pic option: Arrow and Path feature v.3.9 path, \ar, loaded)
(/usr/local/texlive/2016/texmf-dist/tex/generic/xypic/xygraph.tex
 Xy-pic option: Graph feature v.3.11 loaded) loaded)
(/usr/local/texlive/2016/texmf-dist/tex/generic/xypic/xypdf.tex
 Xy-pic option: PDF driver v.1.7 Xy-pic pdf driver: `color' extension support
(/usr/local/texlive/2016/texmf-dist/tex/generic/xypic/xypdf-co.tex loaded)
Xy-pic pdf driver: `curve' extension support
(/usr/local/texlive/2016/texmf-dist/tex/generic/xypic/xypdf-cu.tex loaded)
Xy-pic pdf driver: `frame' extension support
(/usr/local/texlive/2016/texmf-dist/tex/generic/xypic/xypdf-fr.tex loaded)
Xy-pic pdf driver: `line' extension support
(/usr/local/texlive/2016/texmf-dist/tex/generic/xypic/xypdf-li.tex loaded)
Xy-pic pdf driver: `rotate' extension support
(/usr/local/texlive/2016/texmf-dist/tex/generic/xypic/xypdf-ro.tex loaded)
loaded)) (/usr/local/texlive/2016/texmf-dist/tex/latex/tools/xspace.sty
Package: xspace 2014/10/28 v1.13 Space after command names (DPC,MH)
)
(/usr/local/texlive/2016/texmf-dist/tex/latex/tools/calc.sty
Package: calc 2014/10/28 v4.3 Infix arithmetic (KKT,FJ)
\calc@Acount=\count110
\calc@Bcount=\count111
\calc@Adimen=\dimen148
\calc@Bdimen=\dimen149
\calc@Askip=\skip51
\calc@Bskip=\skip52
LaTeX Info: Redefining \setlength on input line 80.
LaTeX Info: Redefining \addtolength on input line 81.
\calc@Ccount=\count112
\calc@Cskip=\skip53
)
(/usr/local/texlive/2016/texmf-dist/tex/latex/comment/comment.sty
\CommentStream=\write4

Excluding comment 'comment')
(/usr/local/texlive/2016/texmf-dist/tex/latex/pgfplots/pgfplots.sty
(/usr/local/texlive/2016/texmf-dist/tex/generic/pgfplots/pgfplots.revision.tex)
Package: pgfplots 2016/01/06 v1.13 Data Visualization (1.13)
(/usr/local/texlive/2016/texmf-dist/tex/latex/pgf/frontendlayer/tikz.sty
(/usr/local/texlive/2016/texmf-dist/tex/latex/pgf/basiclayer/pgf.sty
(/usr/local/texlive/2016/texmf-dist/tex/latex/pgf/utilities/pgfrcs.sty
(/usr/local/texlive/2016/texmf-dist/tex/generic/pgf/utilities/pgfutil-common.te
x
\pgfutil@everybye=\toks32
\pgfutil@tempdima=\dimen150
\pgfutil@tempdimb=\dimen151

(/usr/local/texlive/2016/texmf-dist/tex/generic/pgf/utilities/pgfutil-common-li
sts.tex))
(/usr/local/texlive/2016/texmf-dist/tex/generic/pgf/utilities/pgfutil-latex.def
\pgfutil@abb=\box33
(/usr/local/texlive/2016/texmf-dist/tex/latex/ms/everyshi.sty
Package: everyshi 2001/05/15 v3.00 EveryShipout Package (MS)
))
(/usr/local/texlive/2016/texmf-dist/tex/generic/pgf/utilities/pgfrcs.code.tex
Package: pgfrcs 2015/08/07 v3.0.1a (rcs-revision 1.31)
))
Package: pgf 2015/08/07 v3.0.1a (rcs-revision 1.15)
(/usr/local/texlive/2016/texmf-dist/tex/latex/pgf/basiclayer/pgfcore.sty
(/usr/local/texlive/2016/texmf-dist/tex/latex/graphics/graphicx.sty
Package: graphicx 2014/10/28 v1.0g Enhanced LaTeX Graphics (DPC,SPQR)

(/usr/local/texlive/2016/texmf-dist/tex/latex/graphics/keyval.sty
Package: keyval 2014/10/28 v1.15 key=value parser (DPC)
\KV@toks@=\toks33
)
(/usr/local/texlive/2016/texmf-dist/tex/latex/graphics/graphics.sty
Package: graphics 2016/05/09 v1.0r Standard LaTeX Graphics (DPC,SPQR)

(/usr/local/texlive/2016/texmf-dist/tex/latex/graphics/trig.sty
Package: trig 2016/01/03 v1.10 sin cos tan (DPC)
)
(/usr/local/texlive/2016/texmf-dist/tex/latex/graphics-cfg/graphics.cfg
File: graphics.cfg 2016/01/02 v1.10 sample graphics configuration
)
Package graphics Info: Driver file: pdftex.def on input line 96.

(/usr/local/texlive/2016/texmf-dist/tex/latex/pdftex-def/pdftex.def
File: pdftex.def 2011/05/27 v0.06d Graphics/color for pdfTeX

(/usr/local/texlive/2016/texmf-dist/tex/generic/oberdiek/infwarerr.sty
Package: infwarerr 2016/05/16 v1.4 Providing info/warning/error messages (HO)
)
(/usr/local/texlive/2016/texmf-dist/tex/generic/oberdiek/ltxcmds.sty
Package: ltxcmds 2016/05/16 v1.23 LaTeX kernel commands for general use (HO)
)
\Gread@gobject=\count113
))
\Gin@req@height=\dimen152
\Gin@req@width=\dimen153
)
(/usr/local/texlive/2016/texmf-dist/tex/latex/pgf/systemlayer/pgfsys.sty
(/usr/local/texlive/2016/texmf-dist/tex/generic/pgf/systemlayer/pgfsys.code.tex
Package: pgfsys 2014/07/09 v3.0.1a (rcs-revision 1.48)
(/usr/local/texlive/2016/texmf-dist/tex/generic/pgf/utilities/pgfkeys.code.tex
\pgfkeys@pathtoks=\toks34
\pgfkeys@temptoks=\toks35

(/usr/local/texlive/2016/texmf-dist/tex/generic/pgf/utilities/pgfkeysfiltered.c
ode.tex
\pgfkeys@tmptoks=\toks36
))
\pgf@x=\dimen154
\pgf@y=\dimen155
\pgf@xa=\dimen156
\pgf@ya=\dimen157
\pgf@xb=\dimen158
\pgf@yb=\dimen159
\pgf@xc=\dimen160
\pgf@yc=\dimen161
\w@pgf@writea=\write5
\r@pgf@reada=\read2
\c@pgf@counta=\count114
\c@pgf@countb=\count115
\c@pgf@countc=\count116
\c@pgf@countd=\count117
\t@pgf@toka=\toks37
\t@pgf@tokb=\toks38
\t@pgf@tokc=\toks39

(/usr/local/texlive/2016/texmf-dist/tex/generic/pgf/systemlayer/pgf.cfg
File: pgf.cfg 2008/05/14  (rcs-revision 1.7)
)
Driver file for pgf: pgfsys-pdftex.def

(/usr/local/texlive/2016/texmf-dist/tex/generic/pgf/systemlayer/pgfsys-pdftex.d
ef
File: pgfsys-pdftex.def 2014/10/11  (rcs-revision 1.35)

(/usr/local/texlive/2016/texmf-dist/tex/generic/pgf/systemlayer/pgfsys-common-p
df.def
File: pgfsys-common-pdf.def 2013/10/10  (rcs-revision 1.13)
)))
(/usr/local/texlive/2016/texmf-dist/tex/generic/pgf/systemlayer/pgfsyssoftpath.
code.tex
File: pgfsyssoftpath.code.tex 2013/09/09  (rcs-revision 1.9)
\pgfsyssoftpath@smallbuffer@items=\count118
\pgfsyssoftpath@bigbuffer@items=\count119
)
(/usr/local/texlive/2016/texmf-dist/tex/generic/pgf/systemlayer/pgfsysprotocol.
code.tex
File: pgfsysprotocol.code.tex 2006/10/16  (rcs-revision 1.4)
)) (/usr/local/texlive/2016/texmf-dist/tex/latex/xcolor/xcolor.sty
Package: xcolor 2016/05/11 v2.12 LaTeX color extensions (UK)

(/usr/local/texlive/2016/texmf-dist/tex/latex/graphics-cfg/color.cfg
File: color.cfg 2016/01/02 v1.6 sample color configuration
)
Package xcolor Info: Driver file: pdftex.def on input line 225.
Package xcolor Info: Model `cmy' substituted by `cmy0' on input line 1348.
Package xcolor Info: Model `hsb' substituted by `rgb' on input line 1352.
Package xcolor Info: Model `RGB' extended on input line 1364.
Package xcolor Info: Model `HTML' substituted by `rgb' on input line 1366.
Package xcolor Info: Model `Hsb' substituted by `hsb' on input line 1367.
Package xcolor Info: Model `tHsb' substituted by `hsb' on input line 1368.
Package xcolor Info: Model `HSB' substituted by `hsb' on input line 1369.
Package xcolor Info: Model `Gray' substituted by `gray' on input line 1370.
Package xcolor Info: Model `wave' substituted by `hsb' on input line 1371.
)
(/usr/local/texlive/2016/texmf-dist/tex/generic/pgf/basiclayer/pgfcore.code.tex
Package: pgfcore 2010/04/11 v3.0.1a (rcs-revision 1.7)
(/usr/local/texlive/2016/texmf-dist/tex/generic/pgf/math/pgfmath.code.tex
(/usr/local/texlive/2016/texmf-dist/tex/generic/pgf/math/pgfmathcalc.code.tex
(/usr/local/texlive/2016/texmf-dist/tex/generic/pgf/math/pgfmathutil.code.tex)
(/usr/local/texlive/2016/texmf-dist/tex/generic/pgf/math/pgfmathparser.code.tex
\pgfmath@dimen=\dimen162
\pgfmath@count=\count120
\pgfmath@box=\box34
\pgfmath@toks=\toks40
\pgfmath@stack@operand=\toks41
\pgfmath@stack@operation=\toks42
)
(/usr/local/texlive/2016/texmf-dist/tex/generic/pgf/math/pgfmathfunctions.code.
tex
(/usr/local/texlive/2016/texmf-dist/tex/generic/pgf/math/pgfmathfunctions.basic
.code.tex)
(/usr/local/texlive/2016/texmf-dist/tex/generic/pgf/math/pgfmathfunctions.trigo
nometric.code.tex)
(/usr/local/texlive/2016/texmf-dist/tex/generic/pgf/math/pgfmathfunctions.rando
m.code.tex)
(/usr/local/texlive/2016/texmf-dist/tex/generic/pgf/math/pgfmathfunctions.compa
rison.code.tex)
(/usr/local/texlive/2016/texmf-dist/tex/generic/pgf/math/pgfmathfunctions.base.
code.tex)
(/usr/local/texlive/2016/texmf-dist/tex/generic/pgf/math/pgfmathfunctions.round
.code.tex)
(/usr/local/texlive/2016/texmf-dist/tex/generic/pgf/math/pgfmathfunctions.misc.
code.tex)
(/usr/local/texlive/2016/texmf-dist/tex/generic/pgf/math/pgfmathfunctions.integ
erarithmetics.code.tex)))
(/usr/local/texlive/2016/texmf-dist/tex/generic/pgf/math/pgfmathfloat.code.tex
\c@pgfmathroundto@lastzeros=\count121
))
(/usr/local/texlive/2016/texmf-dist/tex/generic/pgf/basiclayer/pgfcorepoints.co
de.tex
File: pgfcorepoints.code.tex 2013/10/07  (rcs-revision 1.27)
\pgf@picminx=\dimen163
\pgf@picmaxx=\dimen164
\pgf@picminy=\dimen165
\pgf@picmaxy=\dimen166
\pgf@pathminx=\dimen167
\pgf@pathmaxx=\dimen168
\pgf@pathminy=\dimen169
\pgf@pathmaxy=\dimen170
\pgf@xx=\dimen171
\pgf@xy=\dimen172
\pgf@yx=\dimen173
\pgf@yy=\dimen174
\pgf@zx=\dimen175
\pgf@zy=\dimen176
)
(/usr/local/texlive/2016/texmf-dist/tex/generic/pgf/basiclayer/pgfcorepathconst
ruct.code.tex
File: pgfcorepathconstruct.code.tex 2013/10/07  (rcs-revision 1.29)
\pgf@path@lastx=\dimen177
\pgf@path@lasty=\dimen178
)
(/usr/local/texlive/2016/texmf-dist/tex/generic/pgf/basiclayer/pgfcorepathusage
.code.tex
File: pgfcorepathusage.code.tex 2014/11/02  (rcs-revision 1.24)
\pgf@shorten@end@additional=\dimen179
\pgf@shorten@start@additional=\dimen180
)
(/usr/local/texlive/2016/texmf-dist/tex/generic/pgf/basiclayer/pgfcorescopes.co
de.tex
File: pgfcorescopes.code.tex 2015/05/08  (rcs-revision 1.46)
\pgfpic=\box35
\pgf@hbox=\box36
\pgf@layerbox@main=\box37
\pgf@picture@serial@count=\count122
)
(/usr/local/texlive/2016/texmf-dist/tex/generic/pgf/basiclayer/pgfcoregraphicst
ate.code.tex
File: pgfcoregraphicstate.code.tex 2014/11/02  (rcs-revision 1.12)
\pgflinewidth=\dimen181
)
(/usr/local/texlive/2016/texmf-dist/tex/generic/pgf/basiclayer/pgfcoretransform
ations.code.tex
File: pgfcoretransformations.code.tex 2015/08/07  (rcs-revision 1.20)
\pgf@pt@x=\dimen182
\pgf@pt@y=\dimen183
\pgf@pt@temp=\dimen184
)
(/usr/local/texlive/2016/texmf-dist/tex/generic/pgf/basiclayer/pgfcorequick.cod
e.tex
File: pgfcorequick.code.tex 2008/10/09  (rcs-revision 1.3)
)
(/usr/local/texlive/2016/texmf-dist/tex/generic/pgf/basiclayer/pgfcoreobjects.c
ode.tex
File: pgfcoreobjects.code.tex 2006/10/11  (rcs-revision 1.2)
)
(/usr/local/texlive/2016/texmf-dist/tex/generic/pgf/basiclayer/pgfcorepathproce
ssing.code.tex
File: pgfcorepathprocessing.code.tex 2013/09/09  (rcs-revision 1.9)
)
(/usr/local/texlive/2016/texmf-dist/tex/generic/pgf/basiclayer/pgfcorearrows.co
de.tex
File: pgfcorearrows.code.tex 2015/05/14  (rcs-revision 1.43)
\pgfarrowsep=\dimen185
)
(/usr/local/texlive/2016/texmf-dist/tex/generic/pgf/basiclayer/pgfcoreshade.cod
e.tex
File: pgfcoreshade.code.tex 2013/07/15  (rcs-revision 1.15)
\pgf@max=\dimen186
\pgf@sys@shading@range@num=\count123
)
(/usr/local/texlive/2016/texmf-dist/tex/generic/pgf/basiclayer/pgfcoreimage.cod
e.tex
File: pgfcoreimage.code.tex 2013/07/15  (rcs-revision 1.18)

(/usr/local/texlive/2016/texmf-dist/tex/generic/pgf/basiclayer/pgfcoreexternal.
code.tex
File: pgfcoreexternal.code.tex 2014/07/09  (rcs-revision 1.21)
\pgfexternal@startupbox=\box38
))
(/usr/local/texlive/2016/texmf-dist/tex/generic/pgf/basiclayer/pgfcorelayers.co
de.tex
File: pgfcorelayers.code.tex 2013/07/18  (rcs-revision 1.7)
)
(/usr/local/texlive/2016/texmf-dist/tex/generic/pgf/basiclayer/pgfcoretranspare
ncy.code.tex
File: pgfcoretransparency.code.tex 2013/09/30  (rcs-revision 1.5)
)
(/usr/local/texlive/2016/texmf-dist/tex/generic/pgf/basiclayer/pgfcorepatterns.
code.tex
File: pgfcorepatterns.code.tex 2013/11/07  (rcs-revision 1.5)
)))
(/usr/local/texlive/2016/texmf-dist/tex/generic/pgf/modules/pgfmoduleshapes.cod
e.tex
File: pgfmoduleshapes.code.tex 2014/03/21  (rcs-revision 1.35)
\pgfnodeparttextbox=\box39
)
(/usr/local/texlive/2016/texmf-dist/tex/generic/pgf/modules/pgfmoduleplot.code.
tex
File: pgfmoduleplot.code.tex 2015/08/03  (rcs-revision 1.13)
)
(/usr/local/texlive/2016/texmf-dist/tex/latex/pgf/compatibility/pgfcomp-version
-0-65.sty
Package: pgfcomp-version-0-65 2007/07/03 v3.0.1a (rcs-revision 1.7)
\pgf@nodesepstart=\dimen187
\pgf@nodesepend=\dimen188
)
(/usr/local/texlive/2016/texmf-dist/tex/latex/pgf/compatibility/pgfcomp-version
-1-18.sty
Package: pgfcomp-version-1-18 2007/07/23 v3.0.1a (rcs-revision 1.1)
))
(/usr/local/texlive/2016/texmf-dist/tex/latex/pgf/utilities/pgffor.sty
(/usr/local/texlive/2016/texmf-dist/tex/latex/pgf/utilities/pgfkeys.sty
(/usr/local/texlive/2016/texmf-dist/tex/generic/pgf/utilities/pgfkeys.code.tex)
) (/usr/local/texlive/2016/texmf-dist/tex/latex/pgf/math/pgfmath.sty
(/usr/local/texlive/2016/texmf-dist/tex/generic/pgf/math/pgfmath.code.tex))
(/usr/local/texlive/2016/texmf-dist/tex/generic/pgf/utilities/pgffor.code.tex
Package: pgffor 2013/12/13 v3.0.1a (rcs-revision 1.25)

(/usr/local/texlive/2016/texmf-dist/tex/generic/pgf/math/pgfmath.code.tex)
\pgffor@iter=\dimen189
\pgffor@skip=\dimen190
\pgffor@stack=\toks43
\pgffor@toks=\toks44
))
(/usr/local/texlive/2016/texmf-dist/tex/generic/pgf/frontendlayer/tikz/tikz.cod
e.tex
Package: tikz 2015/08/07 v3.0.1a (rcs-revision 1.151)

(/usr/local/texlive/2016/texmf-dist/tex/generic/pgf/libraries/pgflibraryplothan
dlers.code.tex
File: pgflibraryplothandlers.code.tex 2013/08/31 v3.0.1a (rcs-revision 1.20)
\pgf@plot@mark@count=\count124
\pgfplotmarksize=\dimen191
)
\tikz@lastx=\dimen192
\tikz@lasty=\dimen193
\tikz@lastxsaved=\dimen194
\tikz@lastysaved=\dimen195
\tikzleveldistance=\dimen196
\tikzsiblingdistance=\dimen197
\tikz@figbox=\box40
\tikz@figbox@bg=\box41
\tikz@tempbox=\box42
\tikz@tempbox@bg=\box43
\tikztreelevel=\count125
\tikznumberofchildren=\count126
\tikznumberofcurrentchild=\count127
\tikz@fig@count=\count128

(/usr/local/texlive/2016/texmf-dist/tex/generic/pgf/modules/pgfmodulematrix.cod
e.tex
File: pgfmodulematrix.code.tex 2013/09/17  (rcs-revision 1.8)
\pgfmatrixcurrentrow=\count129
\pgfmatrixcurrentcolumn=\count130
\pgf@matrix@numberofcolumns=\count131
)
\tikz@expandcount=\count132

(/usr/local/texlive/2016/texmf-dist/tex/generic/pgf/frontendlayer/tikz/librarie
s/tikzlibrarytopaths.code.tex
File: tikzlibrarytopaths.code.tex 2008/06/17 v3.0.1a (rcs-revision 1.2)
)))
(/usr/local/texlive/2016/texmf-dist/tex/generic/pgfplots/pgfplots.code.tex
(/usr/local/texlive/2016/texmf-dist/tex/generic/pgfplots/pgfplotscore.code.tex
\t@pgfplots@toka=\toks45
\t@pgfplots@tokb=\toks46
\t@pgfplots@tokc=\toks47
\pgfplots@tmpa=\dimen198
\c@pgfplots@coordindex=\count133
\c@pgfplots@scanlineindex=\count134

(/usr/local/texlive/2016/texmf-dist/tex/generic/pgfplots/sys/pgfplotssysgeneric
.code.tex))
(/usr/local/texlive/2016/texmf-dist/tex/generic/pgfplots/libs/pgfplotslibrary.c
ode.tex)
(/usr/local/texlive/2016/texmf-dist/tex/generic/pgfplots/oldpgfcompatib/pgfplot
soldpgfsupp_loader.code.tex
(/usr/local/texlive/2016/texmf-dist/tex/generic/pgf/libraries/pgflibraryfpu.cod
e.tex)
Package pgfplots: loading complementary arithmetics for your pgf version...

(/usr/local/texlive/2016/texmf-dist/tex/generic/pgfplots/oldpgfcompatib/pgfplot
soldpgfsupp_pgflibraryfpu.code.tex)
(/usr/local/texlive/2016/texmf-dist/tex/generic/pgfplots/oldpgfcompatib/pgfplot
soldpgfsupp_pgfmathfloat.code.tex
\c@pgfmathroundto@lastzeros=\count135
))
(/usr/local/texlive/2016/texmf-dist/tex/generic/pgfplots/util/pgfplotsutil.code
.tex
(/usr/local/texlive/2016/texmf-dist/tex/generic/pgfplots/liststructure/pgfplots
liststructure.code.tex)
(/usr/local/texlive/2016/texmf-dist/tex/generic/pgfplots/liststructure/pgfplots
liststructureext.code.tex)
(/usr/local/texlive/2016/texmf-dist/tex/generic/pgfplots/liststructure/pgfplots
array.code.tex
\c@pgfplotsarray@tmp=\count136
)
(/usr/local/texlive/2016/texmf-dist/tex/generic/pgfplots/liststructure/pgfplots
matrix.code.tex)
(/usr/local/texlive/2016/texmf-dist/tex/generic/pgfplots/numtable/pgfplotstable
shared.code.tex
\c@pgfplotstable@counta=\count137
\t@pgfplotstable@a=\toks48
)
(/usr/local/texlive/2016/texmf-dist/tex/generic/pgfplots/liststructure/pgfplots
deque.code.tex)
(/usr/local/texlive/2016/texmf-dist/tex/generic/pgfplots/util/pgfplotsbinary.co
de.tex
(/usr/local/texlive/2016/texmf-dist/tex/generic/pgfplots/util/pgfplotsbinary.da
ta.code.tex))
(/usr/local/texlive/2016/texmf-dist/tex/generic/pgfplots/util/pgfplotsutil.verb
.code.tex)
(/usr/local/texlive/2016/texmf-dist/tex/generic/pgfplots/libs/pgflibrarypgfplot
s.surfshading.code.tex
\c@pgfplotslibrarysurf@no=\count138

(/usr/local/texlive/2016/texmf-dist/tex/generic/pgfplots/sys/pgflibrarypgfplots
.surfshading.pgfsys-pdftex.def)))
(/usr/local/texlive/2016/texmf-dist/tex/generic/pgfplots/util/pgfplotscolormap.
code.tex
(/usr/local/texlive/2016/texmf-dist/tex/generic/pgfplots/util/pgfplotscolor.cod
e.tex))
(/usr/local/texlive/2016/texmf-dist/tex/generic/pgfplots/pgfplotsstackedplots.c
ode.tex)
(/usr/local/texlive/2016/texmf-dist/tex/generic/pgfplots/pgfplotsplothandlers.c
ode.tex
(/usr/local/texlive/2016/texmf-dist/tex/generic/pgfplots/pgfplotsmeshplothandle
r.code.tex
(/usr/local/texlive/2016/texmf-dist/tex/generic/pgfplots/pgfplotsmeshplotimage.
code.tex)))
(/usr/local/texlive/2016/texmf-dist/tex/generic/pgfplots/pgfplots.scaling.code.
tex)
(/usr/local/texlive/2016/texmf-dist/tex/generic/pgfplots/pgfplotscoordprocessin
g.code.tex)
(/usr/local/texlive/2016/texmf-dist/tex/generic/pgfplots/pgfplots.errorbars.cod
e.tex)
(/usr/local/texlive/2016/texmf-dist/tex/generic/pgfplots/pgfplots.markers.code.
tex)
(/usr/local/texlive/2016/texmf-dist/tex/generic/pgfplots/pgfplotsticks.code.tex
)
(/usr/local/texlive/2016/texmf-dist/tex/generic/pgfplots/pgfplots.paths.code.te
x)
(/usr/local/texlive/2016/texmf-dist/tex/generic/pgf/frontendlayer/tikz/librarie
s/tikzlibrarydecorations.code.tex
(/usr/local/texlive/2016/texmf-dist/tex/generic/pgf/modules/pgfmoduledecoration
s.code.tex
\pgfdecoratedcompleteddistance=\dimen256
\pgfdecoratedremainingdistance=\dimen257
\pgfdecoratedinputsegmentcompleteddistance=\dimen258
\pgfdecoratedinputsegmentremainingdistance=\dimen259
\pgf@decorate@distancetomove=\dimen260
\pgf@decorate@repeatstate=\count139
\pgfdecorationsegmentamplitude=\dimen261
\pgfdecorationsegmentlength=\dimen262
)
\tikz@lib@dec@box=\box44
)
(/usr/local/texlive/2016/texmf-dist/tex/generic/pgf/frontendlayer/tikz/librarie
s/tikzlibrarydecorations.pathmorphing.code.tex
(/usr/local/texlive/2016/texmf-dist/tex/generic/pgf/libraries/decorations/pgfli
brarydecorations.pathmorphing.code.tex))
(/usr/local/texlive/2016/texmf-dist/tex/generic/pgf/frontendlayer/tikz/librarie
s/tikzlibrarydecorations.pathreplacing.code.tex
(/usr/local/texlive/2016/texmf-dist/tex/generic/pgf/libraries/decorations/pgfli
brarydecorations.pathreplacing.code.tex))
\pgfplots@numplots=\count140
\pgfplots@xmin@reg=\dimen263
\pgfplots@xmax@reg=\dimen264
\pgfplots@ymin@reg=\dimen265
\pgfplots@ymax@reg=\dimen266
\pgfplots@zmin@reg=\dimen267
\pgfplots@zmax@reg=\dimen268
)
(/usr/local/texlive/2016/texmf-dist/tex/generic/pgf/frontendlayer/tikz/librarie
s/tikzlibraryplotmarks.code.tex
File: tikzlibraryplotmarks.code.tex 2008/01/09 v3.0.1a (rcs-revision 1.1)

(/usr/local/texlive/2016/texmf-dist/tex/generic/pgf/libraries/pgflibraryplotmar
ks.code.tex
File: pgflibraryplotmarks.code.tex 2015/08/03 v3.0.1a (rcs-revision 1.14)
)))
(/usr/local/texlive/2016/texmf-dist/tex/latex/mathtools/mathtools.sty
Package: mathtools 2015/11/12 v1.18 mathematical typesetting tools

(/usr/local/texlive/2016/texmf-dist/tex/latex/mathtools/mhsetup.sty
Package: mhsetup 2010/01/21 v1.2a programming setup (MH)
)
LaTeX Info: Thecontrolsequence`\('isalreadyrobust on input line 129.
LaTeX Info: Thecontrolsequence`\)'isalreadyrobust on input line 129.
LaTeX Info: Thecontrolsequence`\['isalreadyrobust on input line 129.
LaTeX Info: Thecontrolsequence`\]'isalreadyrobust on input line 129.
\g_MT_multlinerow_int=\count141
\l_MT_multwidth_dim=\dimen269
\origjot=\skip54
\l_MT_shortvdotswithinadjustabove_dim=\dimen270
\l_MT_shortvdotswithinadjustbelow_dim=\dimen271
\l_MT_above_intertext_sep=\dimen272
\l_MT_below_intertext_sep=\dimen273
\l_MT_above_shortintertext_sep=\dimen274
\l_MT_below_shortintertext_sep=\dimen275
)
(/usr/local/texlive/2016/texmf-dist/tex/latex/tools/tabularx.sty
Package: tabularx 2016/02/03 v2.11 `tabularx' package (DPC)

(/usr/local/texlive/2016/texmf-dist/tex/latex/tools/array.sty
Package: array 2014/10/28 v2.4c Tabular extension package (FMi)
\col@sep=\dimen276
\extrarowheight=\dimen277
\NC@list=\toks49
\extratabsurround=\skip55
\backup@length=\skip56
)
\TX@col@width=\dimen278
\TX@old@table=\dimen279
\TX@old@col=\dimen280
\TX@target=\dimen281
\TX@delta=\dimen282
\TX@cols=\count142
\TX@ftn=\toks50
)
(/usr/local/texlive/2016/texmf-dist/tex/latex/base/ifthen.sty
Package: ifthen 2014/09/29 v1.1c Standard LaTeX ifthen package (DPC)
)
(/usr/local/texlive/2016/texmf-dist/tex/latex/chngcntr/chngcntr.sty
Package: chngcntr 2009/09/02 v1.0a change counter resetting
)
(/usr/local/texlive/2016/texmf-dist/tex/generic/pgf/frontendlayer/tikz/librarie
s/tikzlibrarymatrix.code.tex
File: tikzlibrarymatrix.code.tex 2013/07/12 v3.0.1a (rcs-revision 1.4)
)
(/usr/local/texlive/2016/texmf-dist/tex/generic/pgf/frontendlayer/tikz/librarie
s/tikzlibraryarrows.code.tex
File: tikzlibraryarrows.code.tex 2008/01/09 v3.0.1a (rcs-revision 1.1)

(/usr/local/texlive/2016/texmf-dist/tex/generic/pgf/libraries/pgflibraryarrows.
code.tex
File: pgflibraryarrows.code.tex 2013/09/23 v3.0.1a (rcs-revision 1.16)
\arrowsize=\dimen283
))
(/usr/local/texlive/2016/texmf-dist/tex/generic/pgf/frontendlayer/tikz/librarie
s/tikzlibrarybackgrounds.code.tex
File: tikzlibrarybackgrounds.code.tex 2013/07/18 v3.0.1a (rcs-revision 1.3)
\pgf@layerbox@background=\box45
\pgf@layerboxsaved@background=\box46
)
(/usr/local/texlive/2016/texmf-dist/tex/generic/pgf/frontendlayer/tikz/librarie
s/tikzlibrarypatterns.code.tex
File: tikzlibrarypatterns.code.tex 2008/01/15 v3.0.1a (rcs-revision 1.2)

(/usr/local/texlive/2016/texmf-dist/tex/generic/pgf/libraries/pgflibrarypattern
s.code.tex
File: pgflibrarypatterns.code.tex 2008/03/03 v3.0.1a (rcs-revision 1.13)
))
(/usr/local/texlive/2016/texmf-dist/tex/generic/pgf/frontendlayer/tikz/librarie
s/tikzlibraryscopes.code.tex
File: tikzlibraryscopes.code.tex 2008/06/27 v3.0.1a (rcs-revision 1.2)
)
\fuzzwidth=\skip57
\arrowlength=\skip58
\arrowwidth=\skip59
\pointrad=\skip60
\linewid=\skip61
\circlerad=\skip62
\smcirclerad=\skip63
\smcircleradt=\skip64
\minirad=\skip65
\linewidthin=\skip66
\linewidthick=\skip67
\framebasewidth=\skip68
\framewidth=\skip69
\c@maintheorem=\count143
\c@theorem=\count144
\c@apptheorem=\count145
\c@conv=\count146
\c@convention=\count147
\symMnSyA=\mathgroup6
LaTeX Font Info:    Overwriting symbol font `MnSyA' in version `bold'
(Font)                  U/MnSymbolA/m/n --> U/MnSymbolA/b/n on input line 453.

(/usr/local/texlive/2016/texmf-dist/tex/latex/hyperref/hyperref.sty
Package: hyperref 2016/05/05 v6.83n Hypertext links for LaTeX

(/usr/local/texlive/2016/texmf-dist/tex/generic/oberdiek/hobsub-hyperref.sty
Package: hobsub-hyperref 2016/05/16 v1.14 Bundle oberdiek, subset hyperref (HO)


(/usr/local/texlive/2016/texmf-dist/tex/generic/oberdiek/hobsub-generic.sty
Package: hobsub-generic 2016/05/16 v1.14 Bundle oberdiek, subset generic (HO)
Package: hobsub 2016/05/16 v1.14 Construct package bundles (HO)
Package hobsub Info: Skipping package `infwarerr' (already loaded).
Package hobsub Info: Skipping package `ltxcmds' (already loaded).
Package: ifluatex 2016/05/16 v1.4 Provides the ifluatex switch (HO)
Package ifluatex Info: LuaTeX not detected.
Package: ifvtex 2016/05/16 v1.6 Detect VTeX and its facilities (HO)
Package ifvtex Info: VTeX not detected.
Package: intcalc 2016/05/16 v1.2 Expandable calculations with integers (HO)
Package hobsub Info: Skipping package `ifpdf' (already loaded).
Package: etexcmds 2016/05/16 v1.6 Avoid name clashes with e-TeX commands (HO)
Package etexcmds Info: Could not find \expanded.
(etexcmds)             That can mean that you are not using pdfTeX 1.50 or
(etexcmds)             that some package has redefined \expanded.
(etexcmds)             In the latter case, load this package earlier.
Package: kvsetkeys 2016/05/16 v1.17 Key value parser (HO)
Package: kvdefinekeys 2016/05/16 v1.4 Define keys (HO)
Package: pdftexcmds 2016/05/10 v0.21 Utility functions of pdfTeX for LuaTeX (HO
)
Package pdftexcmds Info: LuaTeX not detected.
Package pdftexcmds Info: \pdf@primitive is available.
Package pdftexcmds Info: \pdf@ifprimitive is available.
Package pdftexcmds Info: \pdfdraftmode found.
Package: pdfescape 2016/05/16 v1.14 Implements pdfTeX's escape features (HO)
Package: bigintcalc 2016/05/16 v1.4 Expandable calculations on big integers (HO
)
Package: bitset 2016/05/16 v1.2 Handle bit-vector datatype (HO)
Package: uniquecounter 2016/05/16 v1.3 Provide unlimited unique counter (HO)
)
Package hobsub Info: Skipping package `hobsub' (already loaded).
Package: letltxmacro 2016/05/16 v1.5 Let assignment for LaTeX macros (HO)
Package: hopatch 2016/05/16 v1.3 Wrapper for package hooks (HO)
Package: xcolor-patch 2016/05/16 xcolor patch
Package: atveryend 2016/05/16 v1.9 Hooks at the very end of document (HO)
Package atveryend Info: \enddocument detected (standard20110627).
Package: atbegshi 2016/05/16 v1.17 At begin shipout hook (HO)
Package: refcount 2016/05/16 v3.5 Data extraction from label references (HO)
Package: hycolor 2016/05/16 v1.8 Color options for hyperref/bookmark (HO)
)
(/usr/local/texlive/2016/texmf-dist/tex/generic/ifxetex/ifxetex.sty
Package: ifxetex 2010/09/12 v0.6 Provides ifxetex conditional
)
(/usr/local/texlive/2016/texmf-dist/tex/latex/oberdiek/auxhook.sty
Package: auxhook 2016/05/16 v1.4 Hooks for auxiliary files (HO)
)
(/usr/local/texlive/2016/texmf-dist/tex/latex/oberdiek/kvoptions.sty
Package: kvoptions 2016/05/16 v3.12 Key value format for package options (HO)
)
\@linkdim=\dimen284
\Hy@linkcounter=\count148
\Hy@pagecounter=\count149

(/usr/local/texlive/2016/texmf-dist/tex/latex/hyperref/pd1enc.def
File: pd1enc.def 2016/05/05 v6.83n Hyperref: PDFDocEncoding definition (HO)
)
\Hy@SavedSpaceFactor=\count150

(/usr/local/texlive/2016/texmf-dist/tex/latex/latexconfig/hyperref.cfg
File: hyperref.cfg 2002/06/06 v1.2 hyperref configuration of TeXLive
)
Package hyperref Info: Option `colorlinks' set `true' on input line 4322.
Package hyperref Info: Option `hypertexnames' set `false' on input line 4322.
Package hyperref Info: Hyper figures OFF on input line 4446.
Package hyperref Info: Link nesting OFF on input line 4451.
Package hyperref Info: Hyper index ON on input line 4454.
Package hyperref Info: Plain pages OFF on input line 4461.
Package hyperref Info: Backreferencing OFF on input line 4466.
Package hyperref Info: Implicit mode ON; LaTeX internals redefined.
Package hyperref Info: Bookmarks ON on input line 4691.
\c@Hy@tempcnt=\count151

(/usr/local/texlive/2016/texmf-dist/tex/latex/url/url.sty
\Urlmuskip=\muskip11
Package: url 2013/09/16  ver 3.4  Verb mode for urls, etc.
)
LaTeX Info: Redefining \url on input line 5044.
\XeTeXLinkMargin=\dimen285
\Fld@menulength=\count152
\Field@Width=\dimen286
\Fld@charsize=\dimen287
Package hyperref Info: Hyper figures OFF on input line 6298.
Package hyperref Info: Link nesting OFF on input line 6303.
Package hyperref Info: Hyper index ON on input line 6306.
Package hyperref Info: backreferencing OFF on input line 6313.
Package hyperref Info: Link coloring ON on input line 6316.
Package hyperref Info: Link coloring with OCG OFF on input line 6323.
Package hyperref Info: PDF/A mode OFF on input line 6328.
LaTeX Info: Redefining \ref on input line 6368.
LaTeX Info: Redefining \pageref on input line 6372.
\Hy@abspage=\count153
\c@Item=\count154
\c@Hfootnote=\count155
)

Package hyperref Message: Driver: hpdftex.

(/usr/local/texlive/2016/texmf-dist/tex/latex/hyperref/hpdftex.def
File: hpdftex.def 2016/05/05 v6.83n Hyperref driver for pdfTeX
\Fld@listcount=\count156
\c@bookmark@seq@number=\count157

(/usr/local/texlive/2016/texmf-dist/tex/latex/oberdiek/rerunfilecheck.sty
Package: rerunfilecheck 2016/05/16 v1.8 Rerun checks for auxiliary files (HO)
Package uniquecounter Info: New unique counter `rerunfilecheck' on input line 2
82.
)
\Hy@SectionHShift=\skip70
))
(./DTCI-arxiv.aux)
\openout1 = `DTCI-arxiv.aux'.

LaTeX Font Info:    Checking defaults for OML/cmm/m/it on input line 5.
LaTeX Font Info:    ... okay on input line 5.
LaTeX Font Info:    Checking defaults for T1/cmr/m/n on input line 5.
LaTeX Font Info:    ... okay on input line 5.
LaTeX Font Info:    Checking defaults for OT1/cmr/m/n on input line 5.
LaTeX Font Info:    ... okay on input line 5.
LaTeX Font Info:    Checking defaults for OMS/cmsy/m/n on input line 5.
LaTeX Font Info:    ... okay on input line 5.
LaTeX Font Info:    Checking defaults for OMX/cmex/m/n on input line 5.
LaTeX Font Info:    ... okay on input line 5.
LaTeX Font Info:    Checking defaults for U/cmr/m/n on input line 5.
LaTeX Font Info:    ... okay on input line 5.
LaTeX Font Info:    Checking defaults for PD1/pdf/m/n on input line 5.
LaTeX Font Info:    ... okay on input line 5.
LaTeX Font Info:    Try loading font information for U+msa on input line 5.

(/usr/local/texlive/2016/texmf-dist/tex/latex/amsfonts/umsa.fd
File: umsa.fd 2013/01/14 v3.01 AMS symbols A
)
LaTeX Font Info:    Try loading font information for U+msb on input line 5.

(/usr/local/texlive/2016/texmf-dist/tex/latex/amsfonts/umsb.fd
File: umsb.fd 2013/01/14 v3.01 AMS symbols B
)
Package xypdf Info: Line width: 0.39998pt on input line 5.

ABD: EveryShipout initializing macros
(/usr/local/texlive/2016/texmf-dist/tex/context/base/mkii/supp-pdf.mkii
[Loading MPS to PDF converter (version 2006.09.02).]
\scratchcounter=\count158
\scratchdimen=\dimen288
\scratchbox=\box47
\nofMPsegments=\count159
\nofMParguments=\count160
\everyMPshowfont=\toks51
\MPscratchCnt=\count161
\MPscratchDim=\dimen289
\MPnumerator=\count162
\makeMPintoPDFobject=\count163
\everyMPtoPDFconversion=\toks52
) (/usr/local/texlive/2016/texmf-dist/tex/latex/oberdiek/epstopdf-base.sty
Package: epstopdf-base 2016/05/15 v2.6 Base part for package epstopdf

(/usr/local/texlive/2016/texmf-dist/tex/latex/oberdiek/grfext.sty
Package: grfext 2016/05/16 v1.2 Manage graphics extensions (HO)
)
Package grfext Info: Graphics extension search list:
(grfext)             [.png,.pdf,.jpg,.mps,.jpeg,.jbig2,.jb2,.PNG,.PDF,.JPG,.JPE
G,.JBIG2,.JB2,.eps]
(grfext)             \AppendGraphicsExtensions on input line 456.

(/usr/local/texlive/2016/texmf-dist/tex/latex/latexconfig/epstopdf-sys.cfg
File: epstopdf-sys.cfg 2010/07/13 v1.3 Configuration of (r)epstopdf for TeX Liv
e
))

Package pgfplots Warning: running in backwards compatibility mode (unsuitable t
ick labels; missing features). Consider writing \pgfplotsset{compat=1.13} into 
your preamble.
 on input line 5.

\AtBeginShipoutBox=\box48
Package hyperref Info: Link coloring ON on input line 5.
(/usr/local/texlive/2016/texmf-dist/tex/latex/hyperref/nameref.sty
Package: nameref 2012/10/27 v2.43 Cross-referencing by name of section

(/usr/local/texlive/2016/texmf-dist/tex/generic/oberdiek/gettitlestring.sty
Package: gettitlestring 2016/05/16 v1.5 Cleanup title references (HO)
)
\c@section@level=\count164
)
LaTeX Info: Redefining \ref on input line 5.
LaTeX Info: Redefining \pageref on input line 5.
LaTeX Info: Redefining \nameref on input line 5.

(./DTCI-arxiv.out) (./DTCI-arxiv.out)
\@outlinefile=\write6
\openout6 = `DTCI-arxiv.out'.

 [1




{/usr/local/texlive/2016/texmf-var/fonts/map/pdftex/updmap/pdftex.map}] [2


]
Contents
(./DTCI-arxiv.toc [3


])
\tf@toc=\write7
\openout7 = `DTCI-arxiv.toc'.

 [4]
Abstract
[5


memo-l abstract page: 5
] [6



]
Acknowledgments
[7] [8


]
Introduction

LaTeX Warning: Citation `MR1001453' on page 1 undefined on input line 62.


LaTeX Warning: Citation `Segal' on page 1 undefined on input line 62.


LaTeX Warning: Citation `MR1191386' on page 1 undefined on input line 62.


LaTeX Warning: Citation `MR1292673' on page 1 undefined on input line 62.


LaTeX Warning: Citation `MR990772' on page 1 undefined on input line 62.


LaTeX Warning: Citation `MR1091619' on page 1 undefined on input line 62.


LaTeX Warning: Citation `floer' on page 1 undefined on input line 62.


LaTeX Warning: Citation `donaldsonym' on page 1 undefined on input line 62.


LaTeX Warning: Citation `atiyah88' on page 1 undefined on input line 62.


LaTeX Warning: Citation `witten88' on page 1 undefined on input line 62.


LaTeX Warning: Citation `cranefrenkel' on page 1 undefined on input line 62.


LaTeX Warning: Citation `kronmrowka' on page 1 undefined on input line 62.


LaTeX Warning: Citation `os04' on page 1 undefined on input line 62.


LaTeX Warning: Citation `os06' on page 1 undefined on input line 62.


LaTeX Warning: Citation `khovanov' on page 1 undefined on input line 62.


Underfull \vbox (badness 10000) has occurred while \output is active []

 [1


]

LaTeX Warning: Citation `MR1355899' on page 2 undefined on input line 66.


LaTeX Warning: Citation `lurie-ch' on page 2 undefined on input line 66.


LaTeX Warning: Citation `jfs' on page 2 undefined on input line 70.


LaTeX Warning: Citation `0904.1247' on page 2 undefined on input line 70.


LaTeX Warning: Citation `FT' on page 2 undefined on input line 70.


LaTeX Warning: Citation `bdh' on page 2 undefined on input line 70.

[2]
Underfull \vbox (badness 10000) has occurred while \output is active []

 [3]

LaTeX Warning: Citation `MR2097289' on page 4 undefined on input line 171.


LaTeX Warning: Citation `MR2183279' on page 4 undefined on input line 171.


LaTeX Warning: Citation `MR0407069' on page 4 undefined on input line 171.

[4]

LaTeX Warning: Citation `MR1191386' on page 5 undefined on input line 193.


LaTeX Warning: Citation `MR1292673' on page 5 undefined on input line 193.


LaTeX Warning: Citation `MR1317353' on page 5 undefined on input line 193.


LaTeX Warning: Citation `bw-invariants' on page 5 undefined on input line 193.


LaTeX Warning: Citation `MR1686423' on page 5 undefined on input line 193.


LaTeX Warning: Citation `1004.1533' on page 5 undefined on input line 193.


LaTeX Warning: Citation `1010.1222' on page 5 undefined on input line 193.


LaTeX Warning: Citation `1012.0560' on page 5 undefined on input line 193.


LaTeX Warning: Citation `kw:tqft' on page 5 undefined on input line 193.


LaTeX Warning: Citation `1009.5025' on page 5 undefined on input line 193.


LaTeX Warning: Citation `MR1117149' on page 5 undefined on input line 193.


LaTeX Warning: Citation `MR1171303' on page 5 undefined on input line 193.


LaTeX Warning: Citation `MR1387228' on page 5 undefined on input line 193.


LaTeX Warning: Citation `MR1880321' on page 5 undefined on input line 193.


LaTeX Warning: Citation `ffrs-duality' on page 5 undefined on input line 199.


LaTeX Warning: Citation `frs-fusion' on page 5 undefined on input line 199.


LaTeX Warning: Citation `kapustinsaulina' on page 5 undefined on input line 199
.


LaTeX Warning: Citation `kitaevkong' on page 5 undefined on input line 199.


LaTeX Warning: Citation `fsv' on page 5 undefined on input line 199.


Overfull \hbox (1.1266pt too wide) in paragraph at lines 204--205
 \OT1/cmr/bx/n/10 I.3.2.On cat-e-gori-fied 2-dimensional field the-o-ries.[][] 
\OT1/cmr/m/n/10 The sep-a-ra-bil-ity con-
 []

[5]

LaTeX Warning: Citation `Segal' on page 6 undefined on input line 214.


LaTeX Warning: Citation `MR1159969' on page 6 undefined on input line 214.


LaTeX Warning: Citation `MR1797619' on page 6 undefined on input line 214.


LaTeX Warning: Citation `MR1394749' on page 6 undefined on input line 214.


LaTeX Warning: Citation `hennings' on page 6 undefined on input line 214.


LaTeX Warning: Citation `kauffrad' on page 6 undefined on input line 214.


LaTeX Warning: Citation `MR1862634' on page 6 undefined on input line 214.


LaTeX Warning: Citation `fuchsschweigert' on page 6 undefined on input line 214
.

[6]

LaTeX Warning: Citation `MR0407069' on page 7 undefined on input line 229.


LaTeX Warning: Citation `MR2097289' on page 7 undefined on input line 229.


LaTeX Warning: Citation `MR2183279' on page 7 undefined on input line 229.


LaTeX Warning: Citation `MR1394749' on page 7 undefined on input line 229.


LaTeX Warning: Citation `MR2559711' on page 7 undefined on input line 229.


LaTeX Warning: Citation `0901.3975' on page 7 undefined on input line 229.


LaTeX Warning: Citation `egno-book' on page 7 undefined on input line 240.


LaTeX Warning: Citation `EO-ftc' on page 7 undefined on input line 240.


LaTeX Warning: Citation `MR2183279' on page 7 undefined on input line 240.


LaTeX Warning: Citation `MR2097289' on page 7 undefined on input line 240.


LaTeX Warning: Citation `0909.3140' on page 7 undefined on input line 240.

[7]

LaTeX Warning: Citation `BTP' on page 8 undefined on input line 246.


LaTeX Warning: Citation `jfs' on page 8 undefined on input line 246.


LaTeX Warning: Citation `EO-ftc' on page 8 undefined on input line 248.


LaTeX Warning: Citation `MR1966525' on page 8 undefined on input line 258.


LaTeX Warning: Citation `MR2183279' on page 8 undefined on input line 264.

[8]

LaTeX Warning: Citation `MR3079759' on page 9 undefined on input line 270.

[9] [10]

LaTeX Warning: Citation `luriehtt' on page 11 undefined on input line 312.


LaTeX Warning: Citation `lurieinf2' on page 11 undefined on input line 312.


LaTeX Warning: Citation `rezkcart' on page 11 undefined on input line 312.


LaTeX Warning: Citation `barkan' on page 11 undefined on input line 312.


LaTeX Warning: Citation `unicity' on page 11 undefined on input line 312.


LaTeX Warning: Citation `MR2742424' on page 11 undefined on input line 312.


LaTeX Warning: Citation `simpson' on page 11 undefined on input line 312.


LaTeX Warning: Citation `bergrezk' on page 11 undefined on input line 312.


LaTeX Warning: Citation `1308.3574' on page 11 undefined on input line 312.


Underfull \vbox (badness 10000) has occurred while \output is active []

 [11]
[12]
Chapter 1

LaTeX Warning: Citation `MR1355899' on page 13 undefined on input line 335.


LaTeX Warning: Citation `lurie-ch' on page 13 undefined on input line 335.

[13


]

LaTeX Warning: Citation `MR2994995' on page 14 undefined on input line 355.


Package hyperref Warning: Token not allowed in a PDF string (PDFDocEncoding):
(hyperref)                removing `math shift' on input line 357.


Package hyperref Warning: Token not allowed in a PDF string (PDFDocEncoding):
(hyperref)                removing `math shift' on input line 357.


Package hyperref Warning: Token not allowed in a PDF string (PDFDocEncoding):
(hyperref)                removing `math shift' on input line 357.


Package hyperref Warning: Token not allowed in a PDF string (PDFDocEncoding):
(hyperref)                removing `math shift' on input line 357.


Package hyperref Warning: Token not allowed in a PDF string (PDFDocEncoding):
(hyperref)                removing `math shift' on input line 364.


Package hyperref Warning: Token not allowed in a PDF string (PDFDocEncoding):
(hyperref)                removing `math shift' on input line 364.

[14]

LaTeX Warning: Citation `MR0119214' on page 15 undefined on input line 511.


LaTeX Warning: Citation `MR0105117' on page 15 undefined on input line 511.


Package hyperref Warning: Token not allowed in a PDF string (PDFDocEncoding):
(hyperref)                removing `math shift' on input line 523.


Package hyperref Warning: Token not allowed in a PDF string (PDFDocEncoding):
(hyperref)                removing `math shift' on input line 523.

[15]

Package hyperref Warning: Token not allowed in a PDF string (PDFDocEncoding):
(hyperref)                removing `math shift' on input line 533.


Package hyperref Warning: Token not allowed in a PDF string (PDFDocEncoding):
(hyperref)                removing `math shift' on input line 533.

[16]

LaTeX Warning: Citation `schommer-pries-thesis' on page 17 undefined on input l
ine 711.

[17] [18] [19]

LaTeX Warning: Citation `lurie-ch' on page 20 undefined on input line 1259.

[20] [21]
Underfull \vbox (badness 1997) has occurred while \output is active []

 [22]

LaTeX Warning: Citation `lurie-ch' on page 23 undefined on input line 1537.

[23] [24]
Overfull \hbox (1.06287pt too wide) in paragraph at lines 1590--1594
[]\OML/cmm/m/it/10 ; []\OT1/cmr/m/n/10 )$ and $([][] \OMS/cmsy/m/n/10 a [][]\OM
L/cmm/m/it/10 ; u[]; v[]\OT1/cmr/m/n/10 )$. By the 2-morphism op-po-site ver-si
on of Lemma [][]1.4.4[][],
 []

[25] [26


]
Chapter 2

LaTeX Warning: Citation `MR1976459' on page 27 undefined on input line 1607.


LaTeX Warning: Citation `MR2183279' on page 27 undefined on input line 1607.


LaTeX Warning: Citation `MR2097289' on page 27 undefined on input line 1607.


LaTeX Warning: Citation `0909.3140' on page 27 undefined on input line 1607.


LaTeX Warning: Citation `egno-book' on page 27 undefined on input line 1607.


LaTeX Warning: Citation `0909.3140' on page 27 undefined on input line 1607.


LaTeX Warning: Citation `BTP' on page 27 undefined on input line 1607.


LaTeX Warning: Citation `jfs' on page 27 undefined on input line 1607.


LaTeX Warning: Citation `EO-ftc' on page 27 undefined on input line 1607.


LaTeX Warning: Citation `BTP' on page 27 undefined on input line 1611.


Underfull \vbox (badness 10000) has occurred while \output is active []

 [27]
[28]

LaTeX Warning: Citation `MR1797619' on page 29 undefined on input line 1646.


LaTeX Warning: Citation `EGNO' on page 29 undefined on input line 1646.


LaTeX Warning: Citation `MR1321145' on page 29 undefined on input line 1646.


LaTeX Warning: Citation `MR1358358' on page 29 undefined on input line 1646.


LaTeX Warning: Citation `egno-book' on page 29 undefined on input line 1646.


LaTeX Warning: Citation `egno-book' on page 29 undefined on input line 1678.


LaTeX Warning: Citation `BTP' on page 29 undefined on input line 1678.


LaTeX Warning: Citation `jfs' on page 29 undefined on input line 1678.

[29]

LaTeX Warning: Citation `BTP' on page 30 undefined on input line 1708.

[30] [31]

LaTeX Warning: Citation `egno-book' on page 32 undefined on input line 1766.


LaTeX Warning: Citation `MR1976459' on page 32 undefined on input line 1766.


LaTeX Warning: Citation `BTP' on page 32 undefined on input line 1766.


LaTeX Warning: Citation `MR1976459' on page 32 undefined on input line 1770.


LaTeX Warning: Citation `EO-ftc' on page 32 undefined on input line 1770.


LaTeX Warning: Citation `BTP' on page 32 undefined on input line 1770.

[32]

LaTeX Warning: Citation `EO-ftc' on page 33 undefined on input line 1776.


LaTeX Warning: Citation `BTP' on page 33 undefined on input line 1776.


LaTeX Warning: Citation `BTP' on page 33 undefined on input line 1779.

[33]

LaTeX Warning: Citation `BTP' on page 34 undefined on input line 1802.


LaTeX Warning: Citation `deligne' on page 34 undefined on input line 1813.


LaTeX Warning: Citation `tambara' on page 34 undefined on input line 1816.


LaTeX Warning: Citation `0909.3140' on page 34 undefined on input line 1816.


LaTeX Warning: Citation `deligne' on page 34 undefined on input line 1818.


LaTeX Warning: Citation `jfs' on page 34 undefined on input line 1820.


LaTeX Warning: Citation `jfs' on page 34 undefined on input line 1824.


LaTeX Warning: Citation `0909.3140' on page 34 undefined on input line 1825.


LaTeX Warning: Citation `0911.4979' on page 34 undefined on input line 1825.


LaTeX Warning: Citation `dh-ib' on page 34 undefined on input line 1825.


LaTeX Warning: Citation `Schaumann-PhD' on page 34 undefined on input line 1825
.

[34]

LaTeX Warning: Citation `EO-ftc' on page 35 undefined on input line 1831.


LaTeX Warning: Citation `EO-ftc' on page 35 undefined on input line 1852.


LaTeX Warning: Citation `egno-book' on page 35 undefined on input line 1852.


LaTeX Warning: Citation `EO-ftc' on page 35 undefined on input line 1857.


LaTeX Warning: Citation `egno-book' on page 35 undefined on input line 1857.

[35]

LaTeX Warning: Citation `EO-ftc' on page 36 undefined on input line 1860.


LaTeX Warning: Citation `egno-book' on page 36 undefined on input line 1860.


LaTeX Warning: Citation `EO-ftc' on page 36 undefined on input line 1861.


LaTeX Warning: Citation `egno-book' on page 36 undefined on input line 1861.


LaTeX Warning: Citation `egno-book' on page 36 undefined on input line 1862.


LaTeX Warning: Citation `EO-ftc' on page 36 undefined on input line 1863.


LaTeX Warning: Citation `egno-book' on page 36 undefined on input line 1863.


Overfull \hbox (1.8593pt too wide) in paragraph at lines 1863--1864
[]\OT1/cmr/m/it/10 The com-po-si-tion func-tor $[][]\OT1/cmr/m/n/10 (\OMS/cmsy/
m/n/10 M\OML/cmm/m/it/10 ; \OMS/cmsy/m/n/10 M[]\OT1/cmr/m/n/10 ) \OMS/cmsy/m/n/
10 ^^B [][]\OT1/cmr/m/n/10 (\OMS/cmsy/m/n/10 M[]\OML/cmm/m/it/10 ; \OMS/cmsy/m/
n/10 M[]\OT1/cmr/m/n/10 ) \OMS/cmsy/m/n/10 ! [][]\OT1/cmr/m/n/10 (\OMS/cmsy/m/n
/10 M\OML/cmm/m/it/10 ; \OMS/cmsy/m/n/10 M[]\OT1/cmr/m/n/10 )$
 []


LaTeX Warning: Citation `EO-ftc' on page 36 undefined on input line 1865.


LaTeX Warning: Citation `EO-ftc' on page 36 undefined on input line 1871.


LaTeX Warning: Citation `egno-book' on page 36 undefined on input line 1871.

Missing character: There is no ; in font nullfont!
Missing character: There is no ; in font nullfont!
Missing character: There is no ; in font nullfont!
Missing character: There is no ; in font nullfont!
Missing character: There is no ; in font nullfont!
Missing character: There is no ; in font nullfont!
Missing character: There is no ; in font nullfont!
Missing character: There is no ; in font nullfont!
[36] [37]

LaTeX Warning: Citation `EO-ftc' on page 38 undefined on input line 1951.

[38] [39] [40]
LaTeX Font Info:    Try loading font information for U+euf on input line 2041.
 (/usr/local/texlive/2016/texmf-dist/tex/latex/amsfonts/ueuf.fd
File: ueuf.fd 2013/01/14 v3.01 Euler Fraktur
)
[41] [42]

LaTeX Warning: Citation `0909.3140' on page 43 undefined on input line 2099.


LaTeX Warning: Citation `0911.4979' on page 43 undefined on input line 2099.


LaTeX Warning: Citation `egno-book' on page 43 undefined on input line 2114.

[43]

LaTeX Warning: Citation `0909.3140' on page 44 undefined on input line 2136.


LaTeX Warning: Citation `0911.4979' on page 44 undefined on input line 2136.


LaTeX Warning: Citation `0911.4979' on page 44 undefined on input line 2136.


LaTeX Warning: Citation `0911.4979' on page 44 undefined on input line 2136.


LaTeX Warning: Citation `MR2097289' on page 44 undefined on input line 2142.

LaTeX Font Info:    Try loading font information for OMS+cmr on input line 2142
.
(/usr/local/texlive/2016/texmf-dist/tex/latex/base/omscmr.fd
File: omscmr.fd 2014/09/29 v2.5h Standard LaTeX font definitions
)
LaTeX Font Info:    Font shape `OMS/cmr/m/n' in size <10> not available
(Font)              Font shape `OMS/cmsy/m/n' tried instead on input line 2142.

 [44]

LaTeX Warning: Citation `MR2183279' on page 45 undefined on input line 2186.


LaTeX Warning: Citation `MR1966525' on page 45 undefined on input line 2186.


LaTeX Warning: Citation `MR3039775' on page 45 undefined on input line 2186.

[45]

LaTeX Warning: Citation `MR0280479' on page 46 undefined on input line 2190.

[46]

LaTeX Warning: Citation `MR2183279' on page 47 undefined on input line 2221.


LaTeX Warning: Citation `MR1995781' on page 47 undefined on input line 2221.

LaTeX Font Info:    Font shape `OMS/cmr/m/n' in size <8> not available
(Font)              Font shape `OMS/cmsy/m/n' tried instead on input line 2221.

[47] [48]

LaTeX Warning: Citation `egno-book' on page 49 undefined on input line 2286.


LaTeX Warning: Citation `scha' on page 49 undefined on input line 2286.


LaTeX Warning: Citation `EO-ftc' on page 49 undefined on input line 2286.


LaTeX Warning: Citation `maschke' on page 49 undefined on input line 2301.

[49]

LaTeX Warning: Citation `MR1966525' on page 50 undefined on input line 2303.


LaTeX Warning: Citation `MR2183279' on page 50 undefined on input line 2303.


LaTeX Warning: Citation `MR3079759' on page 50 undefined on input line 2303.


LaTeX Warning: Citation `MR1966524' on page 50 undefined on input line 2307.

[50] [51]

LaTeX Warning: Citation `MR2097289' on page 52 undefined on input line 2350.


LaTeX Warning: Citation `MR1966524' on page 52 undefined on input line 2350.


LaTeX Warning: Citation `MR1976459' on page 52 undefined on input line 2354.


LaTeX Warning: Citation `EO-ftc' on page 52 undefined on input line 2354.


LaTeX Warning: Citation `egno-book' on page 52 undefined on input line 2354.


LaTeX Warning: Citation `BTP' on page 52 undefined on input line 2354.


LaTeX Warning: Citation `MR2097289' on page 52 undefined on input line 2364.

[52]

LaTeX Warning: Citation `MR1966525' on page 53 undefined on input line 2394.

[53] [54]

LaTeX Warning: Citation `MR2183279' on page 55 undefined on input line 2453.


LaTeX Warning: Citation `MR2183279' on page 55 undefined on input line 2453.


LaTeX Warning: Citation `1002.0168' on page 55 undefined on input line 2453.


LaTeX Warning: Citation `MR2183279' on page 55 undefined on input line 2465.

[55] [56]
Chapter 3

Underfull \vbox (badness 10000) has occurred while \output is active []

 [57


]
Overfull \hbox (1.70276pt too wide) in paragraph at lines 2501--2503
\OT1/cmr/m/it/10 Here the left fac-tor is $\OT1/cmr/m/n/10 ([][]\OMS/cmsy/m/n/1
0 M[]\OT1/cmr/m/n/10 ) \U/msa/m/n/10 ^^B \OT1/cmr/m/n/10 ([][][][])$ \OT1/cmr/m
/it/10 and the right fac-tor is $\OT1/cmr/m/n/10 ([][]\OMS/cmsy/m/n/10 D[]\OT1/
cmr/m/n/10 )
 []

[58] [59]

LaTeX Warning: Citation `bzfn' on page 60 undefined on input line 2614.

[60] [61] [62] [63] [64] [65]

LaTeX Warning: Citation `MR2298823' on page 66 undefined on input line 3074.


LaTeX Warning: Citation `lurie-ch' on page 66 undefined on input line 3074.

[66]

LaTeX Warning: Citation `MR0407069' on page 67 undefined on input line 3078.


LaTeX Warning: Citation `MR2097289' on page 67 undefined on input line 3078.

[67] [68]

LaTeX Warning: Citation `MR0407069' on page 69 undefined on input line 3136.


LaTeX Warning: Citation `MR2097289' on page 69 undefined on input line 3136.

[69]
Underfull \hbox (badness 1496) in paragraph at lines 3212--3213
[][][]\OT1/cmr/m/sc/10 Proposition \OT1/cmr/m/n/10 3.3.5\OT1/cmr/m/sc/10 . []\O
T1/cmr/m/it/10 Let $\OMS/cmsy/m/n/10 C$ \OT1/cmr/m/it/10 be a fi-nite ten-sor c
at-e-gory, and let $\OML/cmm/m/it/10 A \OT1/cmr/m/n/10 :=
 []


Overfull \hbox (51.25328pt too wide) detected at line 3236
[]
 []

[70]
Overfull \hbox (59.94774pt too wide) detected at line 3265
[]
 []


LaTeX Warning: Citation `MR2097289' on page 71 undefined on input line 3295.

[71]

LaTeX Warning: Citation `BTP' on page 72 undefined on input line 3316.


LaTeX Warning: Citation `Schaumann-PhD' on page 72 undefined on input line 3331
.

[72]

LaTeX Warning: Citation `EO-ftc' on page 73 undefined on input line 3365.

[73]

LaTeX Warning: Citation `EO-ftc' on page 74 undefined on input line 3378.


LaTeX Warning: Citation `kapustinsaulina' on page 74 undefined on input line 33
82.


LaTeX Warning: Citation `kitaevkong' on page 74 undefined on input line 3382.


LaTeX Warning: Citation `fsv' on page 74 undefined on input line 3382.


LaTeX Warning: Citation `ffrs-duality' on page 74 undefined on input line 3382.



LaTeX Warning: Citation `frs-fusion' on page 74 undefined on input line 3382.

[74] [75]
Underfull \vbox (badness 10000) has occurred while \output is active []

 [76]

LaTeX Warning: Citation `MR2097289' on page 77 undefined on input line 3434.


LaTeX Warning: Citation `0908.3347' on page 77 undefined on input line 3435.


LaTeX Warning: Citation `rivano' undefined on input line 3435.


LaTeX Warning: Citation `MR2097289' on page 77 undefined on input line 3448.


LaTeX Warning: Citation `MR1686423' on page 77 undefined on input line 3450.

[77]

LaTeX Warning: Citation `MR2097289' on page 78 undefined on input line 3457.


LaTeX Warning: Citation `MR1394749' on page 78 undefined on input line 3461.

[78]

LaTeX Warning: Citation `1204.5807' on page 79 undefined on input line 3486.

[79] [80


]
Appendix A

LaTeX Warning: Citation `MR1355899' on page 81 undefined on input line 3493.


LaTeX Warning: Citation `lurie-ch' on page 81 undefined on input line 3493.

[81]

LaTeX Warning: Citation `lurie-ch' on page 82 undefined on input line 3529.


LaTeX Warning: Citation `lurie-ch' on page 82 undefined on input line 3533.

[82]

LaTeX Warning: Citation `lurie-ch' on page 83 undefined on input line 3546.

[83] [84


] (./DTCI-arxiv.bbl
Bibliography

Underfull \vbox (badness 10000) has occurred while \output is active []

 [85


]
Underfull \hbox (badness 1371) in paragraph at lines 125--128
\OT1/cmr/m/n/8 Progr. Math., vol. 87, Birkh^^?auser Boston, Boston, MA, 1990, p
p. 111--195.
 []


Underfull \vbox (badness 10000) has occurred while \output is active []

 [86]
Underfull \vbox (badness 10000) has occurred while \output is active []

 [87])
[88]
Package atveryend Info: Empty hook `BeforeClearDocument' on input line 3558.
Package atveryend Info: Empty hook `AfterLastShipout' on input line 3558.
 (./DTCI-arxiv.aux)
Package atveryend Info: Executing hook `AtVeryEndDocument' on input line 3558.
Package atveryend Info: Executing hook `AtEndAfterFileList' on input line 3558.



Package rerunfilecheck Warning: File `DTCI-arxiv.out' has changed.
(rerunfilecheck)                Rerun to get outlines right
(rerunfilecheck)                or use package `bookmark'.

Package rerunfilecheck Info: Checksums for `DTCI-arxiv.out':
(rerunfilecheck)             Before: 970D2C5DD38BE62191E06AF92A6A0F1D;6232
(rerunfilecheck)             After:  1FF0F4EB50949937CBE720B04221F6E9;6284.

LaTeX Warning: There were undefined references.


LaTeX Warning: Label(s) may have changed. Rerun to get cross-references right.

Package atveryend Info: Empty hook `AtVeryVeryEnd' on input line 3558.
 ) 
Here is how much of TeX's memory you used:
 48230 strings out of 493014
 1070052 string characters out of 6133351
 1285462 words of memory out of 5000000
 50620 multiletter control sequences out of 15000+600000
 16584 words of font info for 66 fonts, out of 8000000 for 9000
 1304 hyphenation exceptions out of 8191
 66i,21n,79p,3269b,13941s stack positions out of 5000i,500n,10000p,200000b,80000s
{/usr/local/texlive/2016/texmf-dist/fonts/enc/dvips/mnsymbol/MnSymbolA.enc}</
usr/local/texlive/2016/texmf-dist/fonts/type1/public/mnsymbol/MnSymbol10.pfb></
usr/local/texlive/2016/texmf-dist/fonts/type1/public/amsfonts/cm/cmbx10.pfb></u
sr/local/texlive/2016/texmf-dist/fonts/type1/public/amsfonts/cm/cmbx12.pfb></us
r/local/texlive/2016/texmf-dist/fonts/type1/public/amsfonts/cm/cmbx8.pfb></usr/
local/texlive/2016/texmf-dist/fonts/type1/public/amsfonts/cm/cmcsc10.pfb></usr/
local/texlive/2016/texmf-dist/fonts/type1/public/amsfonts/cm/cmex10.pfb></usr/l
ocal/texlive/2016/texmf-dist/fonts/type1/public/amsfonts/cm/cmmi10.pfb></usr/lo
cal/texlive/2016/texmf-dist/fonts/type1/public/amsfonts/cm/cmmi5.pfb></usr/loca
l/texlive/2016/texmf-dist/fonts/type1/public/amsfonts/cm/cmmi6.pfb></usr/local/
texlive/2016/texmf-dist/fonts/type1/public/amsfonts/cm/cmmi7.pfb></usr/local/te
xlive/2016/texmf-dist/fonts/type1/public/amsfonts/cm/cmmi8.pfb></usr/local/texl
ive/2016/texmf-dist/fonts/type1/public/amsfonts/cm/cmr10.pfb></usr/local/texliv
e/2016/texmf-dist/fonts/type1/public/amsfonts/cm/cmr12.pfb></usr/local/texlive/
2016/texmf-dist/fonts/type1/public/amsfonts/cm/cmr5.pfb></usr/local/texlive/201
6/texmf-dist/fonts/type1/public/amsfonts/cm/cmr6.pfb></usr/local/texlive/2016/t
exmf-dist/fonts/type1/public/amsfonts/cm/cmr7.pfb></usr/local/texlive/2016/texm
f-dist/fonts/type1/public/amsfonts/cm/cmr8.pfb></usr/local/texlive/2016/texmf-d
ist/fonts/type1/public/amsfonts/cm/cmsy10.pfb></usr/local/texlive/2016/texmf-di
st/fonts/type1/public/amsfonts/cm/cmsy5.pfb></usr/local/texlive/2016/texmf-dist
/fonts/type1/public/amsfonts/cm/cmsy6.pfb></usr/local/texlive/2016/texmf-dist/f
onts/type1/public/amsfonts/cm/cmsy7.pfb></usr/local/texlive/2016/texmf-dist/fon
ts/type1/public/amsfonts/cm/cmsy8.pfb></usr/local/texlive/2016/texmf-dist/fonts
/type1/public/amsfonts/cm/cmti10.pfb></usr/local/texlive/2016/texmf-dist/fonts/
type1/public/amsfonts/cm/cmti7.pfb></usr/local/texlive/2016/texmf-dist/fonts/ty
pe1/public/amsfonts/cm/cmti8.pfb></usr/local/texlive/2016/texmf-dist/fonts/type
1/public/amsfonts/cm/cmtt10.pfb></usr/local/texlive/2016/texmf-dist/fonts/type1
/public/amsfonts/cm/cmtt8.pfb></usr/local/texlive/2016/texmf-dist/fonts/type1/p
ublic/amsfonts/euler/eufm10.pfb></usr/local/texlive/2016/texmf-dist/fonts/type1
/public/amsfonts/euler/eufm7.pfb></usr/local/texlive/2016/texmf-dist/fonts/type
1/public/amsfonts/symbols/msam10.pfb></usr/local/texlive/2016/texmf-dist/fonts/
type1/public/amsfonts/symbols/msam7.pfb></usr/local/texlive/2016/texmf-dist/fon
ts/type1/public/amsfonts/symbols/msbm10.pfb></usr/local/texlive/2016/texmf-dist
/fonts/type1/public/amsfonts/symbols/msbm7.pfb>
Output written on DTCI-arxiv.pdf (96 pages, 1020154 bytes).
PDF statistics:
 1634 PDF objects out of 1728 (max. 8388607)
 1488 compressed objects within 15 object streams
 439 named destinations out of 1000 (max. 500000)
 525 words of extra memory for PDF output out of 10000 (max. 10000000)

