\BOOKMARK [0][-]{chapter*.1}{Acknowledgments}{}% 1
\BOOKMARK [0][-]{chapter*.2}{Introduction}{}% 2
\BOOKMARK [1][-]{section.3}{I.1. Local topological field theory}{chapter*.2}% 3
\BOOKMARK [1][-]{section.4}{I.2. Three-dimensional topology and three-dimensional algebra}{chapter*.2}% 4
\BOOKMARK [2][-]{subsection.5}{I.2.1. From algebra to topology}{section.4}% 5
\BOOKMARK [2][-]{subsection.6}{I.2.2. From topology to algebra}{section.4}% 6
\BOOKMARK [1][-]{section.7}{I.3. Results}{chapter*.2}% 7
\BOOKMARK [2][-]{subsection.8}{I.3.1. On 3-dualizability}{section.7}% 8
\BOOKMARK [2][-]{subsection.12}{I.3.2. On categorified 2-dimensional field theories}{section.7}% 9
\BOOKMARK [2][-]{subsection.15}{I.3.3. On quadruple duals}{section.7}% 10
\BOOKMARK [2][-]{subsection.19}{I.3.4. On tensor and bimodule categories}{section.7}% 11
\BOOKMARK [1][-]{section.25}{I.4. Outlook}{chapter*.2}% 12
\BOOKMARK [1][-]{section.29}{I.5. Overview}{chapter*.2}% 13
\BOOKMARK [0][-]{chapter.30}{Chapter 1. The algebra of 3-framed bordisms}{}% 14
\BOOKMARK [1][-]{section.31}{1.1. n-framed manifolds and n-framed bordisms}{chapter.30}% 15
\BOOKMARK [2][-]{subsection.32}{1.1.1. n-framings from normally framed immersions}{section.31}% 16
\BOOKMARK [2][-]{subsection.37}{1.1.2. n-framings with boundary and corners}{section.31}% 17
\BOOKMARK [2][-]{subsection.38}{1.1.3. Low-dimensional examples of n-framed bordisms}{section.31}% 18
\BOOKMARK [1][-]{section.44}{1.2. Duality in the 2-framed bordism category}{chapter.30}% 19
\BOOKMARK [1][-]{section.48}{1.3. The Serre bordism and the Serre automorphism}{chapter.30}% 20
\BOOKMARK [1][-]{section.53}{1.4. The Radford bordism and the Radford equivalence}{chapter.30}% 21
\BOOKMARK [2][-]{figure.55}{1.4.1. A decomposition of the Radford bordism}{section.53}% 22
\BOOKMARK [2][-]{subsection.56}{1.4.2. A categorical formula for the Radford equivalence}{section.53}% 23
\BOOKMARK [0][-]{chapter.63}{Chapter 2. Tensor categories}{}% 24
\BOOKMARK [1][-]{section.64}{2.1. Conventions for duality}{chapter.63}% 25
\BOOKMARK [1][-]{section.70}{2.2. Tensor categories, bimodule categories, and the Deligne tensor product}{chapter.63}% 26
\BOOKMARK [2][-]{subsection.71}{2.2.1. Linear categories, finite categories, monoidal categories, rigid categories}{section.70}% 27
\BOOKMARK [2][-]{subsection.77}{2.2.2. Module categories, functors, and transformations}{section.70}% 28
\BOOKMARK [2][-]{subsection.87}{2.2.3. Balanced tensor products and the 3-category of finite tensor categories}{section.70}% 29
\BOOKMARK [1][-]{section.99}{2.3. Exact module categories}{chapter.63}% 30
\BOOKMARK [2][-]{subsection.100}{2.3.1. Properties of exact module categories over finite tensor categories}{section.99}% 31
\BOOKMARK [2][-]{subsection.112}{2.3.2. The tensor product of exact module categories is exact}{section.99}% 32
\BOOKMARK [1][-]{section.118}{2.4. Dual and functor bimodule categories}{chapter.63}% 33
\BOOKMARK [2][-]{subsection.119}{2.4.1. Flips and twists of bimodule categories}{section.118}% 34
\BOOKMARK [2][-]{subsection.123}{2.4.2. Duals of bimodule categories}{section.118}% 35
\BOOKMARK [2][-]{subsection.128}{2.4.3. The dual bimodule category is the functor dual}{section.118}% 36
\BOOKMARK [2][-]{subsection.131}{2.4.4. The relative Deligne tensor product as a functor category}{section.118}% 37
\BOOKMARK [2][-]{subsection.136}{2.4.5. Dual bimodule categories as modules over a double dual}{section.118}% 38
\BOOKMARK [1][-]{section.139}{2.5. Separable module categories and separable tensor categories}{chapter.63}% 39
\BOOKMARK [2][-]{subsection.142}{2.5.1. Separability and semisimplicity}{section.139}% 40
\BOOKMARK [2][-]{subsection.148}{2.5.2. Separable bimodules compose}{section.139}% 41
\BOOKMARK [1][-]{section.159}{2.6. Separability and global dimension}{chapter.63}% 42
\BOOKMARK [2][-]{subsection.161}{2.6.1. Global dimension via quantum trace}{section.159}% 43
\BOOKMARK [2][-]{subsection.166}{2.6.2. The algebra of enriched endomorphisms of the unit}{section.159}% 44
\BOOKMARK [2][-]{subsection.168}{2.6.3. Fusion categories are modules over a Frobenius algebra}{section.159}% 45
\BOOKMARK [2][-]{subsection.170}{2.6.4. The window element of the representing Frobenius algebra}{section.159}% 46
\BOOKMARK [0][-]{chapter.176}{Chapter 3. Dualizability}{}% 47
\BOOKMARK [1][-]{section.177}{3.1. Duals of tensor categories and invariants of 1-framed bordisms}{chapter.176}% 48
\BOOKMARK [2][-]{subsection.178}{3.1.1. The dual tensor category is the monoidal opposite}{section.177}% 49
\BOOKMARK [2][-]{subsection.181}{3.1.2. The twice categorified 1-dimensional field theory associated to a tensor category}{section.177}% 50
\BOOKMARK [1][-]{section.190}{3.2. Adjoints of bimodule categories and invariants of 2-framed bordisms}{chapter.176}% 51
\BOOKMARK [2][-]{subsection.191}{3.2.1. The adjoint bimodule category is the functor dual}{section.190}% 52
\BOOKMARK [2][-]{subsection.193}{3.2.2. The categorified 2-dimensional field theory associated to a finite tensor category}{section.190}% 53
\BOOKMARK [1][-]{section.203}{3.3. The Radford adjoints and the quadruple dual}{chapter.176}% 54
\BOOKMARK [2][-]{subsection.204}{3.3.1. Finite tensor categories are Radford objects}{section.203}% 55
\BOOKMARK [2][-]{subsection.208}{3.3.2. A topological proof of the quadruple dual theorem}{section.203}% 56
\BOOKMARK [2][-]{subsection.210}{3.3.3. A computation of the Radford equivalence}{section.203}% 57
\BOOKMARK [1][-]{section.214}{3.4. Adjoints of bimodule functors: separable tensor categories are fully dualizable}{chapter.176}% 58
\BOOKMARK [1][-]{section.227}{3.5. Spherical structures and structured field theories}{chapter.176}% 59
\BOOKMARK [2][-]{subsection.228}{3.5.1. Pivotal structures and trivializations of the Serre automorphism}{section.227}% 60
\BOOKMARK [2][-]{subsection.230}{3.5.2. Spherical structures as square roots of the Radford equivalence}{section.227}% 61
\BOOKMARK [2][-]{subsection.232}{3.5.3. Semisimple sphericality as a trace condition}{section.227}% 62
\BOOKMARK [2][-]{subsection.238}{3.5.4. Oriented, combed, and spin field theory descent conjectures}{section.227}% 63
\BOOKMARK [0][-]{appendix.244}{Appendix A. The cobordism hypothesis}{}% 64
\BOOKMARK [0][-]{appendix*.252}{Bibliography}{}% 65
